[2025-08-18 21:00:06,540] {taskinstance.py:1159} INFO - Dependencies all met for <TaskInstance: meu_primeiro_dag.cria_pasta scheduled__2025-08-18T00:00:00+00:00 [queued]>
[2025-08-18 21:00:06,546] {taskinstance.py:1159} INFO - Dependencies all met for <TaskInstance: meu_primeiro_dag.cria_pasta scheduled__2025-08-18T00:00:00+00:00 [queued]>
[2025-08-18 21:00:06,547] {taskinstance.py:1356} INFO - 
--------------------------------------------------------------------------------
[2025-08-18 21:00:06,547] {taskinstance.py:1357} INFO - Starting attempt 1 of 1
[2025-08-18 21:00:06,547] {taskinstance.py:1358} INFO - 
--------------------------------------------------------------------------------
[2025-08-18 21:00:06,562] {taskinstance.py:1377} INFO - Executing <Task(BashOperator): cria_pasta> on 2025-08-18 00:00:00+00:00
[2025-08-18 21:00:06,565] {standard_task_runner.py:52} INFO - Started process 2215596 to run task
[2025-08-18 21:00:06,568] {standard_task_runner.py:79} INFO - Running: ['airflow', 'tasks', 'run', 'meu_primeiro_dag', 'cria_pasta', 'scheduled__2025-08-18T00:00:00+00:00', '--job-id', '185', '--raw', '--subdir', 'DAGS_FOLDER/meu_primeiro_dag.py', '--cfg-path', '/tmp/tmpcik964ux', '--error-file', '/tmp/tmp1qq5bq0u']
[2025-08-18 21:00:06,569] {standard_task_runner.py:80} INFO - Job 185: Subtask cria_pasta
[2025-08-18 21:00:06,610] {task_command.py:370} INFO - Running <TaskInstance: meu_primeiro_dag.cria_pasta scheduled__2025-08-18T00:00:00+00:00 [running]> on host itoneptl
[2025-08-18 21:00:06,658] {taskinstance.py:1569} INFO - Exporting the following env vars:
AIRFLOW_CTX_DAG_OWNER=airflow
AIRFLOW_CTX_DAG_ID=meu_primeiro_dag
AIRFLOW_CTX_TASK_ID=cria_pasta
AIRFLOW_CTX_EXECUTION_DATE=2025-08-18T00:00:00+00:00
AIRFLOW_CTX_TRY_NUMBER=1
AIRFLOW_CTX_DAG_RUN_ID=scheduled__2025-08-18T00:00:00+00:00
[2025-08-18 21:00:06,659] {subprocess.py:62} INFO - Tmp dir root location: 
 /tmp
[2025-08-18 21:00:06,659] {subprocess.py:74} INFO - Running command: ['bash', '-c', 'mkdir -p "/root/Documents/airflow/pasta"']
[2025-08-18 21:00:06,664] {subprocess.py:85} INFO - Output:
[2025-08-18 21:00:06,668] {subprocess.py:96} INFO - Command exited with return code 0
[2025-08-18 21:00:06,687] {taskinstance.py:1395} INFO - Marking task as SUCCESS. dag_id=meu_primeiro_dag, task_id=cria_pasta, execution_date=20250818T000000, start_date=20250819T000006, end_date=20250819T000006
[2025-08-18 21:00:06,700] {local_task_job.py:156} INFO - Task exited with return code 0
[2025-08-18 21:00:06,717] {local_task_job.py:273} INFO - 0 downstream tasks scheduled from follow-on schedule check
