[2025-08-25 13:00:56,286] {processor.py:153} INFO - Started process (PID=2795418) to work on /root/Documents/airflow/venv/lib64/python3.9/site-packages/airflow/example_dags/example_branch_python_dop_operator_3.py
[2025-08-25 13:00:56,287] {processor.py:641} INFO - Processing file /root/Documents/airflow/venv/lib64/python3.9/site-packages/airflow/example_dags/example_branch_python_dop_operator_3.py for tasks to queue
[2025-08-25 13:00:56,287] {logging_mixin.py:115} INFO - [2025-08-25 13:00:56,287] {dagbag.py:507} INFO - Filling up the DagBag from /root/Documents/airflow/venv/lib64/python3.9/site-packages/airflow/example_dags/example_branch_python_dop_operator_3.py
[2025-08-25 13:00:56,331] {processor.py:651} INFO - DAG(s) dict_keys(['example_branch_dop_operator_v3']) retrieved from /root/Documents/airflow/venv/lib64/python3.9/site-packages/airflow/example_dags/example_branch_python_dop_operator_3.py
[2025-08-25 13:00:56,395] {logging_mixin.py:115} INFO - [2025-08-25 13:00:56,384] {dag.py:2379} INFO - Sync 1 DAGs
[2025-08-25 13:00:56,452] {logging_mixin.py:115} INFO - [2025-08-25 13:00:56,452] {dag.py:2927} INFO - Setting next_dagrun for example_branch_dop_operator_v3 to 2025-08-25T16:00:00+00:00, run_after=2025-08-25T16:01:00+00:00
[2025-08-25 13:00:56,588] {processor.py:161} INFO - Processing /root/Documents/airflow/venv/lib64/python3.9/site-packages/airflow/example_dags/example_branch_python_dop_operator_3.py took 0.305 seconds
[2025-08-25 13:01:43,135] {processor.py:153} INFO - Started process (PID=2795607) to work on /root/Documents/airflow/venv/lib64/python3.9/site-packages/airflow/example_dags/example_branch_python_dop_operator_3.py
[2025-08-25 13:01:43,166] {processor.py:641} INFO - Processing file /root/Documents/airflow/venv/lib64/python3.9/site-packages/airflow/example_dags/example_branch_python_dop_operator_3.py for tasks to queue
[2025-08-25 13:01:43,167] {logging_mixin.py:115} INFO - [2025-08-25 13:01:43,167] {dagbag.py:507} INFO - Filling up the DagBag from /root/Documents/airflow/venv/lib64/python3.9/site-packages/airflow/example_dags/example_branch_python_dop_operator_3.py
[2025-08-25 13:01:43,189] {processor.py:651} INFO - DAG(s) dict_keys(['example_branch_dop_operator_v3']) retrieved from /root/Documents/airflow/venv/lib64/python3.9/site-packages/airflow/example_dags/example_branch_python_dop_operator_3.py
[2025-08-25 13:01:43,231] {logging_mixin.py:115} INFO - [2025-08-25 13:01:43,231] {dag.py:2379} INFO - Sync 1 DAGs
[2025-08-25 13:01:43,322] {logging_mixin.py:115} INFO - [2025-08-25 13:01:43,322] {dag.py:2927} INFO - Setting next_dagrun for example_branch_dop_operator_v3 to 2025-08-25T16:01:00+00:00, run_after=2025-08-25T16:02:00+00:00
[2025-08-25 13:01:43,420] {processor.py:161} INFO - Processing /root/Documents/airflow/venv/lib64/python3.9/site-packages/airflow/example_dags/example_branch_python_dop_operator_3.py took 0.288 seconds
[2025-08-25 13:02:37,403] {processor.py:153} INFO - Started process (PID=2795791) to work on /root/Documents/airflow/venv/lib64/python3.9/site-packages/airflow/example_dags/example_branch_python_dop_operator_3.py
[2025-08-25 13:02:37,413] {processor.py:641} INFO - Processing file /root/Documents/airflow/venv/lib64/python3.9/site-packages/airflow/example_dags/example_branch_python_dop_operator_3.py for tasks to queue
[2025-08-25 13:02:37,414] {logging_mixin.py:115} INFO - [2025-08-25 13:02:37,414] {dagbag.py:507} INFO - Filling up the DagBag from /root/Documents/airflow/venv/lib64/python3.9/site-packages/airflow/example_dags/example_branch_python_dop_operator_3.py
[2025-08-25 13:02:37,447] {processor.py:651} INFO - DAG(s) dict_keys(['example_branch_dop_operator_v3']) retrieved from /root/Documents/airflow/venv/lib64/python3.9/site-packages/airflow/example_dags/example_branch_python_dop_operator_3.py
[2025-08-25 13:02:37,506] {logging_mixin.py:115} INFO - [2025-08-25 13:02:37,506] {dag.py:2379} INFO - Sync 1 DAGs
[2025-08-25 13:02:37,573] {logging_mixin.py:115} INFO - [2025-08-25 13:02:37,573] {dag.py:2927} INFO - Setting next_dagrun for example_branch_dop_operator_v3 to 2025-08-25T16:02:00+00:00, run_after=2025-08-25T16:03:00+00:00
[2025-08-25 13:02:37,627] {processor.py:161} INFO - Processing /root/Documents/airflow/venv/lib64/python3.9/site-packages/airflow/example_dags/example_branch_python_dop_operator_3.py took 0.227 seconds
[2025-08-25 13:03:33,215] {processor.py:153} INFO - Started process (PID=2795979) to work on /root/Documents/airflow/venv/lib64/python3.9/site-packages/airflow/example_dags/example_branch_python_dop_operator_3.py
[2025-08-25 13:03:33,226] {processor.py:641} INFO - Processing file /root/Documents/airflow/venv/lib64/python3.9/site-packages/airflow/example_dags/example_branch_python_dop_operator_3.py for tasks to queue
[2025-08-25 13:03:33,227] {logging_mixin.py:115} INFO - [2025-08-25 13:03:33,227] {dagbag.py:507} INFO - Filling up the DagBag from /root/Documents/airflow/venv/lib64/python3.9/site-packages/airflow/example_dags/example_branch_python_dop_operator_3.py
[2025-08-25 13:03:33,270] {processor.py:651} INFO - DAG(s) dict_keys(['example_branch_dop_operator_v3']) retrieved from /root/Documents/airflow/venv/lib64/python3.9/site-packages/airflow/example_dags/example_branch_python_dop_operator_3.py
[2025-08-25 13:03:33,313] {logging_mixin.py:115} INFO - [2025-08-25 13:03:33,312] {dag.py:2379} INFO - Sync 1 DAGs
[2025-08-25 13:03:33,413] {logging_mixin.py:115} INFO - [2025-08-25 13:03:33,413] {dag.py:2927} INFO - Setting next_dagrun for example_branch_dop_operator_v3 to 2025-08-25T16:03:00+00:00, run_after=2025-08-25T16:04:00+00:00
[2025-08-25 13:03:33,474] {processor.py:161} INFO - Processing /root/Documents/airflow/venv/lib64/python3.9/site-packages/airflow/example_dags/example_branch_python_dop_operator_3.py took 0.262 seconds
[2025-08-25 13:05:52,654] {processor.py:153} INFO - Started process (PID=2796524) to work on /root/Documents/airflow/venv/lib64/python3.9/site-packages/airflow/example_dags/example_branch_python_dop_operator_3.py
[2025-08-25 13:05:52,665] {processor.py:641} INFO - Processing file /root/Documents/airflow/venv/lib64/python3.9/site-packages/airflow/example_dags/example_branch_python_dop_operator_3.py for tasks to queue
[2025-08-25 13:05:52,666] {logging_mixin.py:115} INFO - [2025-08-25 13:05:52,666] {dagbag.py:507} INFO - Filling up the DagBag from /root/Documents/airflow/venv/lib64/python3.9/site-packages/airflow/example_dags/example_branch_python_dop_operator_3.py
[2025-08-25 13:05:52,678] {processor.py:651} INFO - DAG(s) dict_keys(['example_branch_dop_operator_v3']) retrieved from /root/Documents/airflow/venv/lib64/python3.9/site-packages/airflow/example_dags/example_branch_python_dop_operator_3.py
[2025-08-25 13:05:52,760] {logging_mixin.py:115} INFO - [2025-08-25 13:05:52,760] {dag.py:2379} INFO - Sync 1 DAGs
[2025-08-25 13:05:52,852] {logging_mixin.py:115} INFO - [2025-08-25 13:05:52,852] {dag.py:2927} INFO - Setting next_dagrun for example_branch_dop_operator_v3 to 2025-08-25T16:05:00+00:00, run_after=2025-08-25T16:06:00+00:00
[2025-08-25 13:05:52,929] {processor.py:161} INFO - Processing /root/Documents/airflow/venv/lib64/python3.9/site-packages/airflow/example_dags/example_branch_python_dop_operator_3.py took 0.279 seconds
[2025-08-25 13:06:41,849] {processor.py:153} INFO - Started process (PID=2796671) to work on /root/Documents/airflow/venv/lib64/python3.9/site-packages/airflow/example_dags/example_branch_python_dop_operator_3.py
[2025-08-25 13:06:41,862] {processor.py:641} INFO - Processing file /root/Documents/airflow/venv/lib64/python3.9/site-packages/airflow/example_dags/example_branch_python_dop_operator_3.py for tasks to queue
[2025-08-25 13:06:41,863] {logging_mixin.py:115} INFO - [2025-08-25 13:06:41,863] {dagbag.py:507} INFO - Filling up the DagBag from /root/Documents/airflow/venv/lib64/python3.9/site-packages/airflow/example_dags/example_branch_python_dop_operator_3.py
[2025-08-25 13:06:41,899] {processor.py:651} INFO - DAG(s) dict_keys(['example_branch_dop_operator_v3']) retrieved from /root/Documents/airflow/venv/lib64/python3.9/site-packages/airflow/example_dags/example_branch_python_dop_operator_3.py
[2025-08-25 13:06:41,931] {logging_mixin.py:115} INFO - [2025-08-25 13:06:41,931] {dag.py:2379} INFO - Sync 1 DAGs
[2025-08-25 13:06:42,647] {logging_mixin.py:115} INFO - [2025-08-25 13:06:42,647] {dag.py:2927} INFO - Setting next_dagrun for example_branch_dop_operator_v3 to 2025-08-25T16:06:00+00:00, run_after=2025-08-25T16:07:00+00:00
[2025-08-25 13:06:42,712] {processor.py:161} INFO - Processing /root/Documents/airflow/venv/lib64/python3.9/site-packages/airflow/example_dags/example_branch_python_dop_operator_3.py took 0.867 seconds
[2025-08-25 13:08:48,524] {processor.py:153} INFO - Started process (PID=2797175) to work on /root/Documents/airflow/venv/lib64/python3.9/site-packages/airflow/example_dags/example_branch_python_dop_operator_3.py
[2025-08-25 13:08:48,535] {processor.py:641} INFO - Processing file /root/Documents/airflow/venv/lib64/python3.9/site-packages/airflow/example_dags/example_branch_python_dop_operator_3.py for tasks to queue
[2025-08-25 13:08:48,536] {logging_mixin.py:115} INFO - [2025-08-25 13:08:48,536] {dagbag.py:507} INFO - Filling up the DagBag from /root/Documents/airflow/venv/lib64/python3.9/site-packages/airflow/example_dags/example_branch_python_dop_operator_3.py
[2025-08-25 13:08:48,569] {processor.py:651} INFO - DAG(s) dict_keys(['example_branch_dop_operator_v3']) retrieved from /root/Documents/airflow/venv/lib64/python3.9/site-packages/airflow/example_dags/example_branch_python_dop_operator_3.py
[2025-08-25 13:08:48,635] {logging_mixin.py:115} INFO - [2025-08-25 13:08:48,634] {dag.py:2379} INFO - Sync 1 DAGs
[2025-08-25 13:08:48,704] {logging_mixin.py:115} INFO - [2025-08-25 13:08:48,704] {dag.py:2927} INFO - Setting next_dagrun for example_branch_dop_operator_v3 to 2025-08-25T16:08:00+00:00, run_after=2025-08-25T16:09:00+00:00
[2025-08-25 13:08:48,783] {processor.py:161} INFO - Processing /root/Documents/airflow/venv/lib64/python3.9/site-packages/airflow/example_dags/example_branch_python_dop_operator_3.py took 0.262 seconds
[2025-08-25 13:14:16,149] {processor.py:153} INFO - Started process (PID=2798222) to work on /root/Documents/airflow/venv/lib64/python3.9/site-packages/airflow/example_dags/example_branch_python_dop_operator_3.py
[2025-08-25 13:14:16,160] {processor.py:641} INFO - Processing file /root/Documents/airflow/venv/lib64/python3.9/site-packages/airflow/example_dags/example_branch_python_dop_operator_3.py for tasks to queue
[2025-08-25 13:14:16,161] {logging_mixin.py:115} INFO - [2025-08-25 13:14:16,161] {dagbag.py:507} INFO - Filling up the DagBag from /root/Documents/airflow/venv/lib64/python3.9/site-packages/airflow/example_dags/example_branch_python_dop_operator_3.py
[2025-08-25 13:14:16,173] {processor.py:651} INFO - DAG(s) dict_keys(['example_branch_dop_operator_v3']) retrieved from /root/Documents/airflow/venv/lib64/python3.9/site-packages/airflow/example_dags/example_branch_python_dop_operator_3.py
[2025-08-25 13:14:16,213] {logging_mixin.py:115} INFO - [2025-08-25 13:14:16,213] {dag.py:2379} INFO - Sync 1 DAGs
[2025-08-25 13:14:16,270] {logging_mixin.py:115} INFO - [2025-08-25 13:14:16,269] {dag.py:2927} INFO - Setting next_dagrun for example_branch_dop_operator_v3 to 2025-08-25T16:14:00+00:00, run_after=2025-08-25T16:15:00+00:00
[2025-08-25 13:14:16,324] {processor.py:161} INFO - Processing /root/Documents/airflow/venv/lib64/python3.9/site-packages/airflow/example_dags/example_branch_python_dop_operator_3.py took 0.179 seconds
[2025-08-25 13:15:07,567] {processor.py:153} INFO - Started process (PID=2798341) to work on /root/Documents/airflow/venv/lib64/python3.9/site-packages/airflow/example_dags/example_branch_python_dop_operator_3.py
[2025-08-25 13:15:07,578] {processor.py:641} INFO - Processing file /root/Documents/airflow/venv/lib64/python3.9/site-packages/airflow/example_dags/example_branch_python_dop_operator_3.py for tasks to queue
[2025-08-25 13:15:07,579] {logging_mixin.py:115} INFO - [2025-08-25 13:15:07,579] {dagbag.py:507} INFO - Filling up the DagBag from /root/Documents/airflow/venv/lib64/python3.9/site-packages/airflow/example_dags/example_branch_python_dop_operator_3.py
[2025-08-25 13:15:07,590] {processor.py:651} INFO - DAG(s) dict_keys(['example_branch_dop_operator_v3']) retrieved from /root/Documents/airflow/venv/lib64/python3.9/site-packages/airflow/example_dags/example_branch_python_dop_operator_3.py
[2025-08-25 13:15:07,619] {logging_mixin.py:115} INFO - [2025-08-25 13:15:07,619] {dag.py:2379} INFO - Sync 1 DAGs
[2025-08-25 13:15:07,665] {logging_mixin.py:115} INFO - [2025-08-25 13:15:07,665] {dag.py:2927} INFO - Setting next_dagrun for example_branch_dop_operator_v3 to 2025-08-25T16:15:00+00:00, run_after=2025-08-25T16:16:00+00:00
[2025-08-25 13:15:07,728] {processor.py:161} INFO - Processing /root/Documents/airflow/venv/lib64/python3.9/site-packages/airflow/example_dags/example_branch_python_dop_operator_3.py took 0.164 seconds
[2025-08-25 13:15:49,127] {processor.py:153} INFO - Started process (PID=2798441) to work on /root/Documents/airflow/venv/lib64/python3.9/site-packages/airflow/example_dags/example_branch_python_dop_operator_3.py
[2025-08-25 13:15:49,160] {processor.py:641} INFO - Processing file /root/Documents/airflow/venv/lib64/python3.9/site-packages/airflow/example_dags/example_branch_python_dop_operator_3.py for tasks to queue
[2025-08-25 13:15:49,161] {logging_mixin.py:115} INFO - [2025-08-25 13:15:49,161] {dagbag.py:507} INFO - Filling up the DagBag from /root/Documents/airflow/venv/lib64/python3.9/site-packages/airflow/example_dags/example_branch_python_dop_operator_3.py
[2025-08-25 13:15:49,206] {processor.py:651} INFO - DAG(s) dict_keys(['example_branch_dop_operator_v3']) retrieved from /root/Documents/airflow/venv/lib64/python3.9/site-packages/airflow/example_dags/example_branch_python_dop_operator_3.py
[2025-08-25 13:15:49,256] {logging_mixin.py:115} INFO - [2025-08-25 13:15:49,256] {dag.py:2379} INFO - Sync 1 DAGs
[2025-08-25 13:15:49,349] {logging_mixin.py:115} INFO - [2025-08-25 13:15:49,348] {dag.py:2927} INFO - Setting next_dagrun for example_branch_dop_operator_v3 to 2025-08-25T16:15:00+00:00, run_after=2025-08-25T16:16:00+00:00
[2025-08-25 13:15:49,459] {processor.py:161} INFO - Processing /root/Documents/airflow/venv/lib64/python3.9/site-packages/airflow/example_dags/example_branch_python_dop_operator_3.py took 0.336 seconds
[2025-08-25 13:16:42,369] {processor.py:153} INFO - Started process (PID=2798599) to work on /root/Documents/airflow/venv/lib64/python3.9/site-packages/airflow/example_dags/example_branch_python_dop_operator_3.py
[2025-08-25 13:16:42,380] {processor.py:641} INFO - Processing file /root/Documents/airflow/venv/lib64/python3.9/site-packages/airflow/example_dags/example_branch_python_dop_operator_3.py for tasks to queue
[2025-08-25 13:16:42,381] {logging_mixin.py:115} INFO - [2025-08-25 13:16:42,381] {dagbag.py:507} INFO - Filling up the DagBag from /root/Documents/airflow/venv/lib64/python3.9/site-packages/airflow/example_dags/example_branch_python_dop_operator_3.py
[2025-08-25 13:16:42,403] {processor.py:651} INFO - DAG(s) dict_keys(['example_branch_dop_operator_v3']) retrieved from /root/Documents/airflow/venv/lib64/python3.9/site-packages/airflow/example_dags/example_branch_python_dop_operator_3.py
[2025-08-25 13:16:42,431] {logging_mixin.py:115} INFO - [2025-08-25 13:16:42,431] {dag.py:2379} INFO - Sync 1 DAGs
[2025-08-25 13:16:42,485] {logging_mixin.py:115} INFO - [2025-08-25 13:16:42,485] {dag.py:2927} INFO - Setting next_dagrun for example_branch_dop_operator_v3 to 2025-08-25T16:16:00+00:00, run_after=2025-08-25T16:17:00+00:00
[2025-08-25 13:16:42,538] {processor.py:161} INFO - Processing /root/Documents/airflow/venv/lib64/python3.9/site-packages/airflow/example_dags/example_branch_python_dop_operator_3.py took 0.173 seconds
[2025-08-25 13:17:36,356] {processor.py:153} INFO - Started process (PID=2798755) to work on /root/Documents/airflow/venv/lib64/python3.9/site-packages/airflow/example_dags/example_branch_python_dop_operator_3.py
[2025-08-25 13:17:36,368] {processor.py:641} INFO - Processing file /root/Documents/airflow/venv/lib64/python3.9/site-packages/airflow/example_dags/example_branch_python_dop_operator_3.py for tasks to queue
[2025-08-25 13:17:36,368] {logging_mixin.py:115} INFO - [2025-08-25 13:17:36,368] {dagbag.py:507} INFO - Filling up the DagBag from /root/Documents/airflow/venv/lib64/python3.9/site-packages/airflow/example_dags/example_branch_python_dop_operator_3.py
[2025-08-25 13:17:36,379] {processor.py:651} INFO - DAG(s) dict_keys(['example_branch_dop_operator_v3']) retrieved from /root/Documents/airflow/venv/lib64/python3.9/site-packages/airflow/example_dags/example_branch_python_dop_operator_3.py
[2025-08-25 13:17:36,406] {logging_mixin.py:115} INFO - [2025-08-25 13:17:36,406] {dag.py:2379} INFO - Sync 1 DAGs
[2025-08-25 13:17:36,485] {logging_mixin.py:115} INFO - [2025-08-25 13:17:36,484] {dag.py:2927} INFO - Setting next_dagrun for example_branch_dop_operator_v3 to 2025-08-25T16:17:00+00:00, run_after=2025-08-25T16:18:00+00:00
[2025-08-25 13:17:36,530] {processor.py:161} INFO - Processing /root/Documents/airflow/venv/lib64/python3.9/site-packages/airflow/example_dags/example_branch_python_dop_operator_3.py took 0.177 seconds
[2025-08-25 13:18:22,555] {processor.py:153} INFO - Started process (PID=2798901) to work on /root/Documents/airflow/venv/lib64/python3.9/site-packages/airflow/example_dags/example_branch_python_dop_operator_3.py
[2025-08-25 13:18:22,576] {processor.py:641} INFO - Processing file /root/Documents/airflow/venv/lib64/python3.9/site-packages/airflow/example_dags/example_branch_python_dop_operator_3.py for tasks to queue
[2025-08-25 13:18:22,577] {logging_mixin.py:115} INFO - [2025-08-25 13:18:22,577] {dagbag.py:507} INFO - Filling up the DagBag from /root/Documents/airflow/venv/lib64/python3.9/site-packages/airflow/example_dags/example_branch_python_dop_operator_3.py
[2025-08-25 13:18:22,599] {processor.py:651} INFO - DAG(s) dict_keys(['example_branch_dop_operator_v3']) retrieved from /root/Documents/airflow/venv/lib64/python3.9/site-packages/airflow/example_dags/example_branch_python_dop_operator_3.py
[2025-08-25 13:18:22,638] {logging_mixin.py:115} INFO - [2025-08-25 13:18:22,637] {dag.py:2379} INFO - Sync 1 DAGs
[2025-08-25 13:18:22,766] {logging_mixin.py:115} INFO - [2025-08-25 13:18:22,766] {dag.py:2927} INFO - Setting next_dagrun for example_branch_dop_operator_v3 to 2025-08-25T16:18:00+00:00, run_after=2025-08-25T16:19:00+00:00
[2025-08-25 13:18:22,806] {processor.py:161} INFO - Processing /root/Documents/airflow/venv/lib64/python3.9/site-packages/airflow/example_dags/example_branch_python_dop_operator_3.py took 0.254 seconds
[2025-08-25 13:19:08,788] {processor.py:153} INFO - Started process (PID=2799059) to work on /root/Documents/airflow/venv/lib64/python3.9/site-packages/airflow/example_dags/example_branch_python_dop_operator_3.py
[2025-08-25 13:19:08,825] {processor.py:641} INFO - Processing file /root/Documents/airflow/venv/lib64/python3.9/site-packages/airflow/example_dags/example_branch_python_dop_operator_3.py for tasks to queue
[2025-08-25 13:19:08,826] {logging_mixin.py:115} INFO - [2025-08-25 13:19:08,826] {dagbag.py:507} INFO - Filling up the DagBag from /root/Documents/airflow/venv/lib64/python3.9/site-packages/airflow/example_dags/example_branch_python_dop_operator_3.py
[2025-08-25 13:19:08,870] {processor.py:651} INFO - DAG(s) dict_keys(['example_branch_dop_operator_v3']) retrieved from /root/Documents/airflow/venv/lib64/python3.9/site-packages/airflow/example_dags/example_branch_python_dop_operator_3.py
[2025-08-25 13:19:08,920] {logging_mixin.py:115} INFO - [2025-08-25 13:19:08,920] {dag.py:2379} INFO - Sync 1 DAGs
[2025-08-25 13:19:09,031] {logging_mixin.py:115} INFO - [2025-08-25 13:19:09,031] {dag.py:2927} INFO - Setting next_dagrun for example_branch_dop_operator_v3 to 2025-08-25T16:19:00+00:00, run_after=2025-08-25T16:20:00+00:00
[2025-08-25 13:19:09,125] {processor.py:161} INFO - Processing /root/Documents/airflow/venv/lib64/python3.9/site-packages/airflow/example_dags/example_branch_python_dop_operator_3.py took 0.340 seconds
[2025-08-25 13:19:57,328] {processor.py:153} INFO - Started process (PID=2799186) to work on /root/Documents/airflow/venv/lib64/python3.9/site-packages/airflow/example_dags/example_branch_python_dop_operator_3.py
[2025-08-25 13:19:57,340] {processor.py:641} INFO - Processing file /root/Documents/airflow/venv/lib64/python3.9/site-packages/airflow/example_dags/example_branch_python_dop_operator_3.py for tasks to queue
[2025-08-25 13:19:57,340] {logging_mixin.py:115} INFO - [2025-08-25 13:19:57,340] {dagbag.py:507} INFO - Filling up the DagBag from /root/Documents/airflow/venv/lib64/python3.9/site-packages/airflow/example_dags/example_branch_python_dop_operator_3.py
[2025-08-25 13:19:57,350] {processor.py:651} INFO - DAG(s) dict_keys(['example_branch_dop_operator_v3']) retrieved from /root/Documents/airflow/venv/lib64/python3.9/site-packages/airflow/example_dags/example_branch_python_dop_operator_3.py
[2025-08-25 13:19:57,378] {logging_mixin.py:115} INFO - [2025-08-25 13:19:57,378] {dag.py:2379} INFO - Sync 1 DAGs
[2025-08-25 13:19:57,446] {logging_mixin.py:115} INFO - [2025-08-25 13:19:57,446] {dag.py:2927} INFO - Setting next_dagrun for example_branch_dop_operator_v3 to 2025-08-25T16:19:00+00:00, run_after=2025-08-25T16:20:00+00:00
[2025-08-25 13:19:57,493] {processor.py:161} INFO - Processing /root/Documents/airflow/venv/lib64/python3.9/site-packages/airflow/example_dags/example_branch_python_dop_operator_3.py took 0.168 seconds
[2025-08-25 13:20:46,969] {processor.py:153} INFO - Started process (PID=2799363) to work on /root/Documents/airflow/venv/lib64/python3.9/site-packages/airflow/example_dags/example_branch_python_dop_operator_3.py
[2025-08-25 13:20:46,991] {processor.py:641} INFO - Processing file /root/Documents/airflow/venv/lib64/python3.9/site-packages/airflow/example_dags/example_branch_python_dop_operator_3.py for tasks to queue
[2025-08-25 13:20:46,992] {logging_mixin.py:115} INFO - [2025-08-25 13:20:46,992] {dagbag.py:507} INFO - Filling up the DagBag from /root/Documents/airflow/venv/lib64/python3.9/site-packages/airflow/example_dags/example_branch_python_dop_operator_3.py
[2025-08-25 13:20:47,024] {processor.py:651} INFO - DAG(s) dict_keys(['example_branch_dop_operator_v3']) retrieved from /root/Documents/airflow/venv/lib64/python3.9/site-packages/airflow/example_dags/example_branch_python_dop_operator_3.py
[2025-08-25 13:20:47,064] {logging_mixin.py:115} INFO - [2025-08-25 13:20:47,064] {dag.py:2379} INFO - Sync 1 DAGs
[2025-08-25 13:20:47,138] {logging_mixin.py:115} INFO - [2025-08-25 13:20:47,138] {dag.py:2927} INFO - Setting next_dagrun for example_branch_dop_operator_v3 to 2025-08-25T16:20:00+00:00, run_after=2025-08-25T16:21:00+00:00
[2025-08-25 13:20:47,204] {processor.py:161} INFO - Processing /root/Documents/airflow/venv/lib64/python3.9/site-packages/airflow/example_dags/example_branch_python_dop_operator_3.py took 0.239 seconds
[2025-08-25 13:21:36,060] {processor.py:153} INFO - Started process (PID=2799514) to work on /root/Documents/airflow/venv/lib64/python3.9/site-packages/airflow/example_dags/example_branch_python_dop_operator_3.py
[2025-08-25 13:21:36,072] {processor.py:641} INFO - Processing file /root/Documents/airflow/venv/lib64/python3.9/site-packages/airflow/example_dags/example_branch_python_dop_operator_3.py for tasks to queue
[2025-08-25 13:21:36,073] {logging_mixin.py:115} INFO - [2025-08-25 13:21:36,073] {dagbag.py:507} INFO - Filling up the DagBag from /root/Documents/airflow/venv/lib64/python3.9/site-packages/airflow/example_dags/example_branch_python_dop_operator_3.py
[2025-08-25 13:21:36,083] {processor.py:651} INFO - DAG(s) dict_keys(['example_branch_dop_operator_v3']) retrieved from /root/Documents/airflow/venv/lib64/python3.9/site-packages/airflow/example_dags/example_branch_python_dop_operator_3.py
[2025-08-25 13:21:36,123] {logging_mixin.py:115} INFO - [2025-08-25 13:21:36,123] {dag.py:2379} INFO - Sync 1 DAGs
[2025-08-25 13:21:36,242] {logging_mixin.py:115} INFO - [2025-08-25 13:21:36,242] {dag.py:2927} INFO - Setting next_dagrun for example_branch_dop_operator_v3 to 2025-08-25T16:21:00+00:00, run_after=2025-08-25T16:22:00+00:00
[2025-08-25 13:21:36,296] {processor.py:161} INFO - Processing /root/Documents/airflow/venv/lib64/python3.9/site-packages/airflow/example_dags/example_branch_python_dop_operator_3.py took 0.239 seconds
[2025-08-25 13:22:26,837] {processor.py:153} INFO - Started process (PID=2799692) to work on /root/Documents/airflow/venv/lib64/python3.9/site-packages/airflow/example_dags/example_branch_python_dop_operator_3.py
[2025-08-25 13:22:26,848] {processor.py:641} INFO - Processing file /root/Documents/airflow/venv/lib64/python3.9/site-packages/airflow/example_dags/example_branch_python_dop_operator_3.py for tasks to queue
[2025-08-25 13:22:26,848] {logging_mixin.py:115} INFO - [2025-08-25 13:22:26,848] {dagbag.py:507} INFO - Filling up the DagBag from /root/Documents/airflow/venv/lib64/python3.9/site-packages/airflow/example_dags/example_branch_python_dop_operator_3.py
[2025-08-25 13:22:26,859] {processor.py:651} INFO - DAG(s) dict_keys(['example_branch_dop_operator_v3']) retrieved from /root/Documents/airflow/venv/lib64/python3.9/site-packages/airflow/example_dags/example_branch_python_dop_operator_3.py
[2025-08-25 13:22:26,877] {logging_mixin.py:115} INFO - [2025-08-25 13:22:26,877] {dag.py:2379} INFO - Sync 1 DAGs
[2025-08-25 13:22:26,901] {logging_mixin.py:115} INFO - [2025-08-25 13:22:26,901] {dag.py:2927} INFO - Setting next_dagrun for example_branch_dop_operator_v3 to 2025-08-25T16:22:00+00:00, run_after=2025-08-25T16:23:00+00:00
[2025-08-25 13:22:26,914] {processor.py:161} INFO - Processing /root/Documents/airflow/venv/lib64/python3.9/site-packages/airflow/example_dags/example_branch_python_dop_operator_3.py took 0.081 seconds
[2025-08-25 13:23:15,169] {processor.py:153} INFO - Started process (PID=2799842) to work on /root/Documents/airflow/venv/lib64/python3.9/site-packages/airflow/example_dags/example_branch_python_dop_operator_3.py
[2025-08-25 13:23:15,180] {processor.py:641} INFO - Processing file /root/Documents/airflow/venv/lib64/python3.9/site-packages/airflow/example_dags/example_branch_python_dop_operator_3.py for tasks to queue
[2025-08-25 13:23:15,181] {logging_mixin.py:115} INFO - [2025-08-25 13:23:15,181] {dagbag.py:507} INFO - Filling up the DagBag from /root/Documents/airflow/venv/lib64/python3.9/site-packages/airflow/example_dags/example_branch_python_dop_operator_3.py
[2025-08-25 13:23:15,220] {processor.py:651} INFO - DAG(s) dict_keys(['example_branch_dop_operator_v3']) retrieved from /root/Documents/airflow/venv/lib64/python3.9/site-packages/airflow/example_dags/example_branch_python_dop_operator_3.py
[2025-08-25 13:23:15,258] {logging_mixin.py:115} INFO - [2025-08-25 13:23:15,258] {dag.py:2379} INFO - Sync 1 DAGs
[2025-08-25 13:23:15,330] {logging_mixin.py:115} INFO - [2025-08-25 13:23:15,329] {dag.py:2927} INFO - Setting next_dagrun for example_branch_dop_operator_v3 to 2025-08-25T16:23:00+00:00, run_after=2025-08-25T16:24:00+00:00
[2025-08-25 13:23:15,407] {processor.py:161} INFO - Processing /root/Documents/airflow/venv/lib64/python3.9/site-packages/airflow/example_dags/example_branch_python_dop_operator_3.py took 0.241 seconds
[2025-08-25 13:24:09,150] {processor.py:153} INFO - Started process (PID=2800013) to work on /root/Documents/airflow/venv/lib64/python3.9/site-packages/airflow/example_dags/example_branch_python_dop_operator_3.py
[2025-08-25 13:24:09,161] {processor.py:641} INFO - Processing file /root/Documents/airflow/venv/lib64/python3.9/site-packages/airflow/example_dags/example_branch_python_dop_operator_3.py for tasks to queue
[2025-08-25 13:24:09,162] {logging_mixin.py:115} INFO - [2025-08-25 13:24:09,162] {dagbag.py:507} INFO - Filling up the DagBag from /root/Documents/airflow/venv/lib64/python3.9/site-packages/airflow/example_dags/example_branch_python_dop_operator_3.py
[2025-08-25 13:24:09,197] {processor.py:651} INFO - DAG(s) dict_keys(['example_branch_dop_operator_v3']) retrieved from /root/Documents/airflow/venv/lib64/python3.9/site-packages/airflow/example_dags/example_branch_python_dop_operator_3.py
[2025-08-25 13:24:09,236] {logging_mixin.py:115} INFO - [2025-08-25 13:24:09,236] {dag.py:2379} INFO - Sync 1 DAGs
[2025-08-25 13:24:09,304] {logging_mixin.py:115} INFO - [2025-08-25 13:24:09,304] {dag.py:2927} INFO - Setting next_dagrun for example_branch_dop_operator_v3 to 2025-08-25T16:24:00+00:00, run_after=2025-08-25T16:25:00+00:00
[2025-08-25 13:24:09,320] {processor.py:161} INFO - Processing /root/Documents/airflow/venv/lib64/python3.9/site-packages/airflow/example_dags/example_branch_python_dop_operator_3.py took 0.173 seconds
[2025-08-25 13:25:09,887] {processor.py:153} INFO - Started process (PID=2800221) to work on /root/Documents/airflow/venv/lib64/python3.9/site-packages/airflow/example_dags/example_branch_python_dop_operator_3.py
[2025-08-25 13:25:09,899] {processor.py:641} INFO - Processing file /root/Documents/airflow/venv/lib64/python3.9/site-packages/airflow/example_dags/example_branch_python_dop_operator_3.py for tasks to queue
[2025-08-25 13:25:09,900] {logging_mixin.py:115} INFO - [2025-08-25 13:25:09,900] {dagbag.py:507} INFO - Filling up the DagBag from /root/Documents/airflow/venv/lib64/python3.9/site-packages/airflow/example_dags/example_branch_python_dop_operator_3.py
[2025-08-25 13:25:09,911] {processor.py:651} INFO - DAG(s) dict_keys(['example_branch_dop_operator_v3']) retrieved from /root/Documents/airflow/venv/lib64/python3.9/site-packages/airflow/example_dags/example_branch_python_dop_operator_3.py
[2025-08-25 13:25:09,975] {logging_mixin.py:115} INFO - [2025-08-25 13:25:09,975] {dag.py:2379} INFO - Sync 1 DAGs
[2025-08-25 13:25:10,125] {logging_mixin.py:115} INFO - [2025-08-25 13:25:10,125] {dag.py:2927} INFO - Setting next_dagrun for example_branch_dop_operator_v3 to 2025-08-25T16:25:00+00:00, run_after=2025-08-25T16:26:00+00:00
[2025-08-25 13:25:10,189] {processor.py:161} INFO - Processing /root/Documents/airflow/venv/lib64/python3.9/site-packages/airflow/example_dags/example_branch_python_dop_operator_3.py took 0.306 seconds
