[2025-08-25 13:00:54,903] {processor.py:153} INFO - Started process (PID=2795417) to work on /root/Documents/airflow/venv/lib64/python3.9/site-packages/airflow/example_dags/example_branch_operator_decorator.py
[2025-08-25 13:00:54,903] {processor.py:641} INFO - Processing file /root/Documents/airflow/venv/lib64/python3.9/site-packages/airflow/example_dags/example_branch_operator_decorator.py for tasks to queue
[2025-08-25 13:00:54,904] {logging_mixin.py:115} INFO - [2025-08-25 13:00:54,904] {dagbag.py:507} INFO - Filling up the DagBag from /root/Documents/airflow/venv/lib64/python3.9/site-packages/airflow/example_dags/example_branch_operator_decorator.py
[2025-08-25 13:00:54,983] {processor.py:651} INFO - DAG(s) dict_keys(['example_branch_python_operator_decorator']) retrieved from /root/Documents/airflow/venv/lib64/python3.9/site-packages/airflow/example_dags/example_branch_operator_decorator.py
[2025-08-25 13:00:55,023] {logging_mixin.py:115} INFO - [2025-08-25 13:00:55,023] {dag.py:2379} INFO - Sync 1 DAGs
[2025-08-25 13:00:55,099] {logging_mixin.py:115} INFO - [2025-08-25 13:00:55,099] {dag.py:2927} INFO - Setting next_dagrun for example_branch_python_operator_decorator to 2025-08-24T00:00:00+00:00, run_after=2025-08-25T00:00:00+00:00
[2025-08-25 13:00:55,152] {processor.py:161} INFO - Processing /root/Documents/airflow/venv/lib64/python3.9/site-packages/airflow/example_dags/example_branch_operator_decorator.py took 0.253 seconds
[2025-08-25 13:01:42,108] {processor.py:153} INFO - Started process (PID=2795603) to work on /root/Documents/airflow/venv/lib64/python3.9/site-packages/airflow/example_dags/example_branch_operator_decorator.py
[2025-08-25 13:01:42,119] {processor.py:641} INFO - Processing file /root/Documents/airflow/venv/lib64/python3.9/site-packages/airflow/example_dags/example_branch_operator_decorator.py for tasks to queue
[2025-08-25 13:01:42,120] {logging_mixin.py:115} INFO - [2025-08-25 13:01:42,120] {dagbag.py:507} INFO - Filling up the DagBag from /root/Documents/airflow/venv/lib64/python3.9/site-packages/airflow/example_dags/example_branch_operator_decorator.py
[2025-08-25 13:01:42,190] {processor.py:651} INFO - DAG(s) dict_keys(['example_branch_python_operator_decorator']) retrieved from /root/Documents/airflow/venv/lib64/python3.9/site-packages/airflow/example_dags/example_branch_operator_decorator.py
[2025-08-25 13:01:42,240] {logging_mixin.py:115} INFO - [2025-08-25 13:01:42,240] {dag.py:2379} INFO - Sync 1 DAGs
[2025-08-25 13:01:42,281] {logging_mixin.py:115} INFO - [2025-08-25 13:01:42,281] {dag.py:2927} INFO - Setting next_dagrun for example_branch_python_operator_decorator to 2025-08-24T00:00:00+00:00, run_after=2025-08-25T00:00:00+00:00
[2025-08-25 13:01:42,373] {processor.py:161} INFO - Processing /root/Documents/airflow/venv/lib64/python3.9/site-packages/airflow/example_dags/example_branch_operator_decorator.py took 0.268 seconds
[2025-08-25 13:02:36,026] {processor.py:153} INFO - Started process (PID=2795787) to work on /root/Documents/airflow/venv/lib64/python3.9/site-packages/airflow/example_dags/example_branch_operator_decorator.py
[2025-08-25 13:02:36,036] {processor.py:641} INFO - Processing file /root/Documents/airflow/venv/lib64/python3.9/site-packages/airflow/example_dags/example_branch_operator_decorator.py for tasks to queue
[2025-08-25 13:02:36,037] {logging_mixin.py:115} INFO - [2025-08-25 13:02:36,037] {dagbag.py:507} INFO - Filling up the DagBag from /root/Documents/airflow/venv/lib64/python3.9/site-packages/airflow/example_dags/example_branch_operator_decorator.py
[2025-08-25 13:02:36,104] {processor.py:651} INFO - DAG(s) dict_keys(['example_branch_python_operator_decorator']) retrieved from /root/Documents/airflow/venv/lib64/python3.9/site-packages/airflow/example_dags/example_branch_operator_decorator.py
[2025-08-25 13:02:36,133] {logging_mixin.py:115} INFO - [2025-08-25 13:02:36,133] {dag.py:2379} INFO - Sync 1 DAGs
[2025-08-25 13:02:36,176] {logging_mixin.py:115} INFO - [2025-08-25 13:02:36,176] {dag.py:2927} INFO - Setting next_dagrun for example_branch_python_operator_decorator to 2025-08-24T00:00:00+00:00, run_after=2025-08-25T00:00:00+00:00
[2025-08-25 13:02:36,280] {processor.py:161} INFO - Processing /root/Documents/airflow/venv/lib64/python3.9/site-packages/airflow/example_dags/example_branch_operator_decorator.py took 0.258 seconds
[2025-08-25 13:03:32,391] {processor.py:153} INFO - Started process (PID=2795977) to work on /root/Documents/airflow/venv/lib64/python3.9/site-packages/airflow/example_dags/example_branch_operator_decorator.py
[2025-08-25 13:03:32,413] {processor.py:641} INFO - Processing file /root/Documents/airflow/venv/lib64/python3.9/site-packages/airflow/example_dags/example_branch_operator_decorator.py for tasks to queue
[2025-08-25 13:03:32,414] {logging_mixin.py:115} INFO - [2025-08-25 13:03:32,414] {dagbag.py:507} INFO - Filling up the DagBag from /root/Documents/airflow/venv/lib64/python3.9/site-packages/airflow/example_dags/example_branch_operator_decorator.py
[2025-08-25 13:03:32,481] {processor.py:651} INFO - DAG(s) dict_keys(['example_branch_python_operator_decorator']) retrieved from /root/Documents/airflow/venv/lib64/python3.9/site-packages/airflow/example_dags/example_branch_operator_decorator.py
[2025-08-25 13:03:32,532] {logging_mixin.py:115} INFO - [2025-08-25 13:03:32,531] {dag.py:2379} INFO - Sync 1 DAGs
[2025-08-25 13:03:32,611] {logging_mixin.py:115} INFO - [2025-08-25 13:03:32,610] {dag.py:2927} INFO - Setting next_dagrun for example_branch_python_operator_decorator to 2025-08-24T00:00:00+00:00, run_after=2025-08-25T00:00:00+00:00
[2025-08-25 13:03:32,670] {processor.py:161} INFO - Processing /root/Documents/airflow/venv/lib64/python3.9/site-packages/airflow/example_dags/example_branch_operator_decorator.py took 0.282 seconds
[2025-08-25 13:05:51,264] {processor.py:153} INFO - Started process (PID=2796523) to work on /root/Documents/airflow/venv/lib64/python3.9/site-packages/airflow/example_dags/example_branch_operator_decorator.py
[2025-08-25 13:05:51,275] {processor.py:641} INFO - Processing file /root/Documents/airflow/venv/lib64/python3.9/site-packages/airflow/example_dags/example_branch_operator_decorator.py for tasks to queue
[2025-08-25 13:05:51,276] {logging_mixin.py:115} INFO - [2025-08-25 13:05:51,276] {dagbag.py:507} INFO - Filling up the DagBag from /root/Documents/airflow/venv/lib64/python3.9/site-packages/airflow/example_dags/example_branch_operator_decorator.py
[2025-08-25 13:05:51,346] {processor.py:651} INFO - DAG(s) dict_keys(['example_branch_python_operator_decorator']) retrieved from /root/Documents/airflow/venv/lib64/python3.9/site-packages/airflow/example_dags/example_branch_operator_decorator.py
[2025-08-25 13:05:51,403] {logging_mixin.py:115} INFO - [2025-08-25 13:05:51,403] {dag.py:2379} INFO - Sync 1 DAGs
[2025-08-25 13:05:51,436] {logging_mixin.py:115} INFO - [2025-08-25 13:05:51,435] {dag.py:2927} INFO - Setting next_dagrun for example_branch_python_operator_decorator to 2025-08-24T00:00:00+00:00, run_after=2025-08-25T00:00:00+00:00
[2025-08-25 13:05:51,474] {processor.py:161} INFO - Processing /root/Documents/airflow/venv/lib64/python3.9/site-packages/airflow/example_dags/example_branch_operator_decorator.py took 0.213 seconds
[2025-08-25 13:06:41,286] {processor.py:153} INFO - Started process (PID=2796670) to work on /root/Documents/airflow/venv/lib64/python3.9/site-packages/airflow/example_dags/example_branch_operator_decorator.py
[2025-08-25 13:06:41,308] {processor.py:641} INFO - Processing file /root/Documents/airflow/venv/lib64/python3.9/site-packages/airflow/example_dags/example_branch_operator_decorator.py for tasks to queue
[2025-08-25 13:06:41,309] {logging_mixin.py:115} INFO - [2025-08-25 13:06:41,309] {dagbag.py:507} INFO - Filling up the DagBag from /root/Documents/airflow/venv/lib64/python3.9/site-packages/airflow/example_dags/example_branch_operator_decorator.py
[2025-08-25 13:06:41,379] {processor.py:651} INFO - DAG(s) dict_keys(['example_branch_python_operator_decorator']) retrieved from /root/Documents/airflow/venv/lib64/python3.9/site-packages/airflow/example_dags/example_branch_operator_decorator.py
[2025-08-25 13:06:41,441] {logging_mixin.py:115} INFO - [2025-08-25 13:06:41,441] {dag.py:2379} INFO - Sync 1 DAGs
[2025-08-25 13:06:41,483] {logging_mixin.py:115} INFO - [2025-08-25 13:06:41,483] {dag.py:2927} INFO - Setting next_dagrun for example_branch_python_operator_decorator to 2025-08-24T00:00:00+00:00, run_after=2025-08-25T00:00:00+00:00
[2025-08-25 13:06:41,571] {processor.py:161} INFO - Processing /root/Documents/airflow/venv/lib64/python3.9/site-packages/airflow/example_dags/example_branch_operator_decorator.py took 0.289 seconds
[2025-08-25 13:08:47,133] {processor.py:153} INFO - Started process (PID=2797173) to work on /root/Documents/airflow/venv/lib64/python3.9/site-packages/airflow/example_dags/example_branch_operator_decorator.py
[2025-08-25 13:08:47,144] {processor.py:641} INFO - Processing file /root/Documents/airflow/venv/lib64/python3.9/site-packages/airflow/example_dags/example_branch_operator_decorator.py for tasks to queue
[2025-08-25 13:08:47,145] {logging_mixin.py:115} INFO - [2025-08-25 13:08:47,145] {dagbag.py:507} INFO - Filling up the DagBag from /root/Documents/airflow/venv/lib64/python3.9/site-packages/airflow/example_dags/example_branch_operator_decorator.py
[2025-08-25 13:08:47,225] {processor.py:651} INFO - DAG(s) dict_keys(['example_branch_python_operator_decorator']) retrieved from /root/Documents/airflow/venv/lib64/python3.9/site-packages/airflow/example_dags/example_branch_operator_decorator.py
[2025-08-25 13:08:47,284] {logging_mixin.py:115} INFO - [2025-08-25 13:08:47,284] {dag.py:2379} INFO - Sync 1 DAGs
[2025-08-25 13:08:47,316] {logging_mixin.py:115} INFO - [2025-08-25 13:08:47,316] {dag.py:2927} INFO - Setting next_dagrun for example_branch_python_operator_decorator to 2025-08-24T00:00:00+00:00, run_after=2025-08-25T00:00:00+00:00
[2025-08-25 13:08:47,393] {processor.py:161} INFO - Processing /root/Documents/airflow/venv/lib64/python3.9/site-packages/airflow/example_dags/example_branch_operator_decorator.py took 0.263 seconds
[2025-08-25 13:14:14,942] {processor.py:153} INFO - Started process (PID=2798219) to work on /root/Documents/airflow/venv/lib64/python3.9/site-packages/airflow/example_dags/example_branch_operator_decorator.py
[2025-08-25 13:14:14,944] {processor.py:641} INFO - Processing file /root/Documents/airflow/venv/lib64/python3.9/site-packages/airflow/example_dags/example_branch_operator_decorator.py for tasks to queue
[2025-08-25 13:14:14,945] {logging_mixin.py:115} INFO - [2025-08-25 13:14:14,945] {dagbag.py:507} INFO - Filling up the DagBag from /root/Documents/airflow/venv/lib64/python3.9/site-packages/airflow/example_dags/example_branch_operator_decorator.py
[2025-08-25 13:14:14,978] {processor.py:651} INFO - DAG(s) dict_keys(['example_branch_python_operator_decorator']) retrieved from /root/Documents/airflow/venv/lib64/python3.9/site-packages/airflow/example_dags/example_branch_operator_decorator.py
[2025-08-25 13:14:15,061] {logging_mixin.py:115} INFO - [2025-08-25 13:14:15,061] {dag.py:2379} INFO - Sync 1 DAGs
[2025-08-25 13:14:15,094] {logging_mixin.py:115} INFO - [2025-08-25 13:14:15,094] {dag.py:2927} INFO - Setting next_dagrun for example_branch_python_operator_decorator to 2025-08-24T00:00:00+00:00, run_after=2025-08-25T00:00:00+00:00
[2025-08-25 13:14:15,197] {processor.py:161} INFO - Processing /root/Documents/airflow/venv/lib64/python3.9/site-packages/airflow/example_dags/example_branch_operator_decorator.py took 0.258 seconds
[2025-08-25 13:15:06,188] {processor.py:153} INFO - Started process (PID=2798340) to work on /root/Documents/airflow/venv/lib64/python3.9/site-packages/airflow/example_dags/example_branch_operator_decorator.py
[2025-08-25 13:15:06,211] {processor.py:641} INFO - Processing file /root/Documents/airflow/venv/lib64/python3.9/site-packages/airflow/example_dags/example_branch_operator_decorator.py for tasks to queue
[2025-08-25 13:15:06,211] {logging_mixin.py:115} INFO - [2025-08-25 13:15:06,211] {dagbag.py:507} INFO - Filling up the DagBag from /root/Documents/airflow/venv/lib64/python3.9/site-packages/airflow/example_dags/example_branch_operator_decorator.py
[2025-08-25 13:15:06,291] {processor.py:651} INFO - DAG(s) dict_keys(['example_branch_python_operator_decorator']) retrieved from /root/Documents/airflow/venv/lib64/python3.9/site-packages/airflow/example_dags/example_branch_operator_decorator.py
[2025-08-25 13:15:06,316] {logging_mixin.py:115} INFO - [2025-08-25 13:15:06,316] {dag.py:2379} INFO - Sync 1 DAGs
[2025-08-25 13:15:06,411] {logging_mixin.py:115} INFO - [2025-08-25 13:15:06,411] {dag.py:2927} INFO - Setting next_dagrun for example_branch_python_operator_decorator to 2025-08-24T00:00:00+00:00, run_after=2025-08-25T00:00:00+00:00
[2025-08-25 13:15:06,473] {processor.py:161} INFO - Processing /root/Documents/airflow/venv/lib64/python3.9/site-packages/airflow/example_dags/example_branch_operator_decorator.py took 0.288 seconds
[2025-08-25 13:15:48,128] {processor.py:153} INFO - Started process (PID=2798440) to work on /root/Documents/airflow/venv/lib64/python3.9/site-packages/airflow/example_dags/example_branch_operator_decorator.py
[2025-08-25 13:15:48,139] {processor.py:641} INFO - Processing file /root/Documents/airflow/venv/lib64/python3.9/site-packages/airflow/example_dags/example_branch_operator_decorator.py for tasks to queue
[2025-08-25 13:15:48,140] {logging_mixin.py:115} INFO - [2025-08-25 13:15:48,140] {dagbag.py:507} INFO - Filling up the DagBag from /root/Documents/airflow/venv/lib64/python3.9/site-packages/airflow/example_dags/example_branch_operator_decorator.py
[2025-08-25 13:15:48,227] {processor.py:651} INFO - DAG(s) dict_keys(['example_branch_python_operator_decorator']) retrieved from /root/Documents/airflow/venv/lib64/python3.9/site-packages/airflow/example_dags/example_branch_operator_decorator.py
[2025-08-25 13:15:48,278] {logging_mixin.py:115} INFO - [2025-08-25 13:15:48,278] {dag.py:2379} INFO - Sync 1 DAGs
[2025-08-25 13:15:48,365] {logging_mixin.py:115} INFO - [2025-08-25 13:15:48,365] {dag.py:2927} INFO - Setting next_dagrun for example_branch_python_operator_decorator to 2025-08-24T00:00:00+00:00, run_after=2025-08-25T00:00:00+00:00
[2025-08-25 13:15:48,439] {processor.py:161} INFO - Processing /root/Documents/airflow/venv/lib64/python3.9/site-packages/airflow/example_dags/example_branch_operator_decorator.py took 0.314 seconds
[2025-08-25 13:16:41,066] {processor.py:153} INFO - Started process (PID=2798598) to work on /root/Documents/airflow/venv/lib64/python3.9/site-packages/airflow/example_dags/example_branch_operator_decorator.py
[2025-08-25 13:16:41,109] {processor.py:641} INFO - Processing file /root/Documents/airflow/venv/lib64/python3.9/site-packages/airflow/example_dags/example_branch_operator_decorator.py for tasks to queue
[2025-08-25 13:16:41,110] {logging_mixin.py:115} INFO - [2025-08-25 13:16:41,110] {dagbag.py:507} INFO - Filling up the DagBag from /root/Documents/airflow/venv/lib64/python3.9/site-packages/airflow/example_dags/example_branch_operator_decorator.py
[2025-08-25 13:16:41,187] {processor.py:651} INFO - DAG(s) dict_keys(['example_branch_python_operator_decorator']) retrieved from /root/Documents/airflow/venv/lib64/python3.9/site-packages/airflow/example_dags/example_branch_operator_decorator.py
[2025-08-25 13:16:41,238] {logging_mixin.py:115} INFO - [2025-08-25 13:16:41,238] {dag.py:2379} INFO - Sync 1 DAGs
[2025-08-25 13:16:41,314] {logging_mixin.py:115} INFO - [2025-08-25 13:16:41,314] {dag.py:2927} INFO - Setting next_dagrun for example_branch_python_operator_decorator to 2025-08-24T00:00:00+00:00, run_after=2025-08-25T00:00:00+00:00
[2025-08-25 13:16:41,379] {processor.py:161} INFO - Processing /root/Documents/airflow/venv/lib64/python3.9/site-packages/airflow/example_dags/example_branch_operator_decorator.py took 0.316 seconds
[2025-08-25 13:17:35,095] {processor.py:153} INFO - Started process (PID=2798753) to work on /root/Documents/airflow/venv/lib64/python3.9/site-packages/airflow/example_dags/example_branch_operator_decorator.py
[2025-08-25 13:17:35,123] {processor.py:641} INFO - Processing file /root/Documents/airflow/venv/lib64/python3.9/site-packages/airflow/example_dags/example_branch_operator_decorator.py for tasks to queue
[2025-08-25 13:17:35,124] {logging_mixin.py:115} INFO - [2025-08-25 13:17:35,124] {dagbag.py:507} INFO - Filling up the DagBag from /root/Documents/airflow/venv/lib64/python3.9/site-packages/airflow/example_dags/example_branch_operator_decorator.py
[2025-08-25 13:17:35,151] {processor.py:651} INFO - DAG(s) dict_keys(['example_branch_python_operator_decorator']) retrieved from /root/Documents/airflow/venv/lib64/python3.9/site-packages/airflow/example_dags/example_branch_operator_decorator.py
[2025-08-25 13:17:35,180] {logging_mixin.py:115} INFO - [2025-08-25 13:17:35,179] {dag.py:2379} INFO - Sync 1 DAGs
[2025-08-25 13:17:35,211] {logging_mixin.py:115} INFO - [2025-08-25 13:17:35,211] {dag.py:2927} INFO - Setting next_dagrun for example_branch_python_operator_decorator to 2025-08-24T00:00:00+00:00, run_after=2025-08-25T00:00:00+00:00
[2025-08-25 13:17:35,296] {processor.py:161} INFO - Processing /root/Documents/airflow/venv/lib64/python3.9/site-packages/airflow/example_dags/example_branch_operator_decorator.py took 0.204 seconds
[2025-08-25 13:18:21,256] {processor.py:153} INFO - Started process (PID=2798899) to work on /root/Documents/airflow/venv/lib64/python3.9/site-packages/airflow/example_dags/example_branch_operator_decorator.py
[2025-08-25 13:18:21,257] {processor.py:641} INFO - Processing file /root/Documents/airflow/venv/lib64/python3.9/site-packages/airflow/example_dags/example_branch_operator_decorator.py for tasks to queue
[2025-08-25 13:18:21,258] {logging_mixin.py:115} INFO - [2025-08-25 13:18:21,258] {dagbag.py:507} INFO - Filling up the DagBag from /root/Documents/airflow/venv/lib64/python3.9/site-packages/airflow/example_dags/example_branch_operator_decorator.py
[2025-08-25 13:18:21,278] {processor.py:651} INFO - DAG(s) dict_keys(['example_branch_python_operator_decorator']) retrieved from /root/Documents/airflow/venv/lib64/python3.9/site-packages/airflow/example_dags/example_branch_operator_decorator.py
[2025-08-25 13:18:21,365] {logging_mixin.py:115} INFO - [2025-08-25 13:18:21,354] {dag.py:2379} INFO - Sync 1 DAGs
[2025-08-25 13:18:21,385] {logging_mixin.py:115} INFO - [2025-08-25 13:18:21,385] {dag.py:2927} INFO - Setting next_dagrun for example_branch_python_operator_decorator to 2025-08-24T00:00:00+00:00, run_after=2025-08-25T00:00:00+00:00
[2025-08-25 13:18:21,429] {processor.py:161} INFO - Processing /root/Documents/airflow/venv/lib64/python3.9/site-packages/airflow/example_dags/example_branch_operator_decorator.py took 0.176 seconds
[2025-08-25 13:19:07,149] {processor.py:153} INFO - Started process (PID=2799043) to work on /root/Documents/airflow/venv/lib64/python3.9/site-packages/airflow/example_dags/example_branch_operator_decorator.py
[2025-08-25 13:19:07,151] {processor.py:641} INFO - Processing file /root/Documents/airflow/venv/lib64/python3.9/site-packages/airflow/example_dags/example_branch_operator_decorator.py for tasks to queue
[2025-08-25 13:19:07,152] {logging_mixin.py:115} INFO - [2025-08-25 13:19:07,152] {dagbag.py:507} INFO - Filling up the DagBag from /root/Documents/airflow/venv/lib64/python3.9/site-packages/airflow/example_dags/example_branch_operator_decorator.py
[2025-08-25 13:19:07,290] {processor.py:651} INFO - DAG(s) dict_keys(['example_branch_python_operator_decorator']) retrieved from /root/Documents/airflow/venv/lib64/python3.9/site-packages/airflow/example_dags/example_branch_operator_decorator.py
[2025-08-25 13:19:07,324] {logging_mixin.py:115} INFO - [2025-08-25 13:19:07,324] {dag.py:2379} INFO - Sync 1 DAGs
[2025-08-25 13:19:07,399] {logging_mixin.py:115} INFO - [2025-08-25 13:19:07,399] {dag.py:2927} INFO - Setting next_dagrun for example_branch_python_operator_decorator to 2025-08-24T00:00:00+00:00, run_after=2025-08-25T00:00:00+00:00
[2025-08-25 13:19:07,487] {processor.py:161} INFO - Processing /root/Documents/airflow/venv/lib64/python3.9/site-packages/airflow/example_dags/example_branch_operator_decorator.py took 0.342 seconds
[2025-08-25 13:19:55,971] {processor.py:153} INFO - Started process (PID=2799184) to work on /root/Documents/airflow/venv/lib64/python3.9/site-packages/airflow/example_dags/example_branch_operator_decorator.py
[2025-08-25 13:19:55,994] {processor.py:641} INFO - Processing file /root/Documents/airflow/venv/lib64/python3.9/site-packages/airflow/example_dags/example_branch_operator_decorator.py for tasks to queue
[2025-08-25 13:19:55,994] {logging_mixin.py:115} INFO - [2025-08-25 13:19:55,994] {dagbag.py:507} INFO - Filling up the DagBag from /root/Documents/airflow/venv/lib64/python3.9/site-packages/airflow/example_dags/example_branch_operator_decorator.py
[2025-08-25 13:19:56,060] {processor.py:651} INFO - DAG(s) dict_keys(['example_branch_python_operator_decorator']) retrieved from /root/Documents/airflow/venv/lib64/python3.9/site-packages/airflow/example_dags/example_branch_operator_decorator.py
[2025-08-25 13:19:56,094] {logging_mixin.py:115} INFO - [2025-08-25 13:19:56,093] {dag.py:2379} INFO - Sync 1 DAGs
[2025-08-25 13:19:56,158] {logging_mixin.py:115} INFO - [2025-08-25 13:19:56,158] {dag.py:2927} INFO - Setting next_dagrun for example_branch_python_operator_decorator to 2025-08-24T00:00:00+00:00, run_after=2025-08-25T00:00:00+00:00
[2025-08-25 13:19:56,224] {processor.py:161} INFO - Processing /root/Documents/airflow/venv/lib64/python3.9/site-packages/airflow/example_dags/example_branch_operator_decorator.py took 0.256 seconds
[2025-08-25 13:20:45,620] {processor.py:153} INFO - Started process (PID=2799362) to work on /root/Documents/airflow/venv/lib64/python3.9/site-packages/airflow/example_dags/example_branch_operator_decorator.py
[2025-08-25 13:20:45,631] {processor.py:641} INFO - Processing file /root/Documents/airflow/venv/lib64/python3.9/site-packages/airflow/example_dags/example_branch_operator_decorator.py for tasks to queue
[2025-08-25 13:20:45,632] {logging_mixin.py:115} INFO - [2025-08-25 13:20:45,632] {dagbag.py:507} INFO - Filling up the DagBag from /root/Documents/airflow/venv/lib64/python3.9/site-packages/airflow/example_dags/example_branch_operator_decorator.py
[2025-08-25 13:20:45,698] {processor.py:651} INFO - DAG(s) dict_keys(['example_branch_python_operator_decorator']) retrieved from /root/Documents/airflow/venv/lib64/python3.9/site-packages/airflow/example_dags/example_branch_operator_decorator.py
[2025-08-25 13:20:45,738] {logging_mixin.py:115} INFO - [2025-08-25 13:20:45,738] {dag.py:2379} INFO - Sync 1 DAGs
[2025-08-25 13:20:45,803] {logging_mixin.py:115} INFO - [2025-08-25 13:20:45,803] {dag.py:2927} INFO - Setting next_dagrun for example_branch_python_operator_decorator to 2025-08-24T00:00:00+00:00, run_after=2025-08-25T00:00:00+00:00
[2025-08-25 13:20:45,856] {processor.py:161} INFO - Processing /root/Documents/airflow/venv/lib64/python3.9/site-packages/airflow/example_dags/example_branch_operator_decorator.py took 0.239 seconds
[2025-08-25 13:21:34,678] {processor.py:153} INFO - Started process (PID=2799509) to work on /root/Documents/airflow/venv/lib64/python3.9/site-packages/airflow/example_dags/example_branch_operator_decorator.py
[2025-08-25 13:21:34,690] {processor.py:641} INFO - Processing file /root/Documents/airflow/venv/lib64/python3.9/site-packages/airflow/example_dags/example_branch_operator_decorator.py for tasks to queue
[2025-08-25 13:21:34,690] {logging_mixin.py:115} INFO - [2025-08-25 13:21:34,690] {dagbag.py:507} INFO - Filling up the DagBag from /root/Documents/airflow/venv/lib64/python3.9/site-packages/airflow/example_dags/example_branch_operator_decorator.py
[2025-08-25 13:21:34,765] {processor.py:651} INFO - DAG(s) dict_keys(['example_branch_python_operator_decorator']) retrieved from /root/Documents/airflow/venv/lib64/python3.9/site-packages/airflow/example_dags/example_branch_operator_decorator.py
[2025-08-25 13:21:34,817] {logging_mixin.py:115} INFO - [2025-08-25 13:21:34,817] {dag.py:2379} INFO - Sync 1 DAGs
[2025-08-25 13:21:34,848] {logging_mixin.py:115} INFO - [2025-08-25 13:21:34,848] {dag.py:2927} INFO - Setting next_dagrun for example_branch_python_operator_decorator to 2025-08-24T00:00:00+00:00, run_after=2025-08-25T00:00:00+00:00
[2025-08-25 13:21:34,931] {processor.py:161} INFO - Processing /root/Documents/airflow/venv/lib64/python3.9/site-packages/airflow/example_dags/example_branch_operator_decorator.py took 0.255 seconds
[2025-08-25 13:22:25,483] {processor.py:153} INFO - Started process (PID=2799690) to work on /root/Documents/airflow/venv/lib64/python3.9/site-packages/airflow/example_dags/example_branch_operator_decorator.py
[2025-08-25 13:22:25,495] {processor.py:641} INFO - Processing file /root/Documents/airflow/venv/lib64/python3.9/site-packages/airflow/example_dags/example_branch_operator_decorator.py for tasks to queue
[2025-08-25 13:22:25,495] {logging_mixin.py:115} INFO - [2025-08-25 13:22:25,495] {dagbag.py:507} INFO - Filling up the DagBag from /root/Documents/airflow/venv/lib64/python3.9/site-packages/airflow/example_dags/example_branch_operator_decorator.py
[2025-08-25 13:22:25,527] {processor.py:651} INFO - DAG(s) dict_keys(['example_branch_python_operator_decorator']) retrieved from /root/Documents/airflow/venv/lib64/python3.9/site-packages/airflow/example_dags/example_branch_operator_decorator.py
[2025-08-25 13:22:25,592] {logging_mixin.py:115} INFO - [2025-08-25 13:22:25,592] {dag.py:2379} INFO - Sync 1 DAGs
[2025-08-25 13:22:25,656] {logging_mixin.py:115} INFO - [2025-08-25 13:22:25,656] {dag.py:2927} INFO - Setting next_dagrun for example_branch_python_operator_decorator to 2025-08-24T00:00:00+00:00, run_after=2025-08-25T00:00:00+00:00
[2025-08-25 13:22:25,709] {processor.py:161} INFO - Processing /root/Documents/airflow/venv/lib64/python3.9/site-packages/airflow/example_dags/example_branch_operator_decorator.py took 0.229 seconds
[2025-08-25 13:23:14,054] {processor.py:153} INFO - Started process (PID=2799840) to work on /root/Documents/airflow/venv/lib64/python3.9/site-packages/airflow/example_dags/example_branch_operator_decorator.py
[2025-08-25 13:23:14,064] {processor.py:641} INFO - Processing file /root/Documents/airflow/venv/lib64/python3.9/site-packages/airflow/example_dags/example_branch_operator_decorator.py for tasks to queue
[2025-08-25 13:23:14,065] {logging_mixin.py:115} INFO - [2025-08-25 13:23:14,065] {dagbag.py:507} INFO - Filling up the DagBag from /root/Documents/airflow/venv/lib64/python3.9/site-packages/airflow/example_dags/example_branch_operator_decorator.py
[2025-08-25 13:23:14,152] {processor.py:651} INFO - DAG(s) dict_keys(['example_branch_python_operator_decorator']) retrieved from /root/Documents/airflow/venv/lib64/python3.9/site-packages/airflow/example_dags/example_branch_operator_decorator.py
[2025-08-25 13:23:14,203] {logging_mixin.py:115} INFO - [2025-08-25 13:23:14,203] {dag.py:2379} INFO - Sync 1 DAGs
[2025-08-25 13:23:14,279] {logging_mixin.py:115} INFO - [2025-08-25 13:23:14,279] {dag.py:2927} INFO - Setting next_dagrun for example_branch_python_operator_decorator to 2025-08-24T00:00:00+00:00, run_after=2025-08-25T00:00:00+00:00
[2025-08-25 13:23:14,367] {processor.py:161} INFO - Processing /root/Documents/airflow/venv/lib64/python3.9/site-packages/airflow/example_dags/example_branch_operator_decorator.py took 0.316 seconds
[2025-08-25 13:24:07,732] {processor.py:153} INFO - Started process (PID=2799997) to work on /root/Documents/airflow/venv/lib64/python3.9/site-packages/airflow/example_dags/example_branch_operator_decorator.py
[2025-08-25 13:24:07,775] {processor.py:641} INFO - Processing file /root/Documents/airflow/venv/lib64/python3.9/site-packages/airflow/example_dags/example_branch_operator_decorator.py for tasks to queue
[2025-08-25 13:24:07,775] {logging_mixin.py:115} INFO - [2025-08-25 13:24:07,775] {dagbag.py:507} INFO - Filling up the DagBag from /root/Documents/airflow/venv/lib64/python3.9/site-packages/airflow/example_dags/example_branch_operator_decorator.py
[2025-08-25 13:24:07,823] {processor.py:651} INFO - DAG(s) dict_keys(['example_branch_python_operator_decorator']) retrieved from /root/Documents/airflow/venv/lib64/python3.9/site-packages/airflow/example_dags/example_branch_operator_decorator.py
[2025-08-25 13:24:07,851] {logging_mixin.py:115} INFO - [2025-08-25 13:24:07,851] {dag.py:2379} INFO - Sync 1 DAGs
[2025-08-25 13:24:07,913] {logging_mixin.py:115} INFO - [2025-08-25 13:24:07,913] {dag.py:2927} INFO - Setting next_dagrun for example_branch_python_operator_decorator to 2025-08-24T00:00:00+00:00, run_after=2025-08-25T00:00:00+00:00
[2025-08-25 13:24:07,954] {processor.py:161} INFO - Processing /root/Documents/airflow/venv/lib64/python3.9/site-packages/airflow/example_dags/example_branch_operator_decorator.py took 0.225 seconds
[2025-08-25 13:25:08,835] {processor.py:153} INFO - Started process (PID=2800213) to work on /root/Documents/airflow/venv/lib64/python3.9/site-packages/airflow/example_dags/example_branch_operator_decorator.py
[2025-08-25 13:25:08,846] {processor.py:641} INFO - Processing file /root/Documents/airflow/venv/lib64/python3.9/site-packages/airflow/example_dags/example_branch_operator_decorator.py for tasks to queue
[2025-08-25 13:25:08,847] {logging_mixin.py:115} INFO - [2025-08-25 13:25:08,847] {dagbag.py:507} INFO - Filling up the DagBag from /root/Documents/airflow/venv/lib64/python3.9/site-packages/airflow/example_dags/example_branch_operator_decorator.py
[2025-08-25 13:25:08,879] {processor.py:651} INFO - DAG(s) dict_keys(['example_branch_python_operator_decorator']) retrieved from /root/Documents/airflow/venv/lib64/python3.9/site-packages/airflow/example_dags/example_branch_operator_decorator.py
[2025-08-25 13:25:08,919] {logging_mixin.py:115} INFO - [2025-08-25 13:25:08,919] {dag.py:2379} INFO - Sync 1 DAGs
[2025-08-25 13:25:08,964] {logging_mixin.py:115} INFO - [2025-08-25 13:25:08,964] {dag.py:2927} INFO - Setting next_dagrun for example_branch_python_operator_decorator to 2025-08-24T00:00:00+00:00, run_after=2025-08-25T00:00:00+00:00
[2025-08-25 13:25:09,018] {processor.py:161} INFO - Processing /root/Documents/airflow/venv/lib64/python3.9/site-packages/airflow/example_dags/example_branch_operator_decorator.py took 0.187 seconds
