[2025-08-25 13:00:28,924] {processor.py:153} INFO - Started process (PID=2795343) to work on /root/Documents/airflow/venv/lib64/python3.9/site-packages/airflow/example_dags/example_trigger_controller_dag.py
[2025-08-25 13:00:28,924] {processor.py:641} INFO - Processing file /root/Documents/airflow/venv/lib64/python3.9/site-packages/airflow/example_dags/example_trigger_controller_dag.py for tasks to queue
[2025-08-25 13:00:28,925] {logging_mixin.py:115} INFO - [2025-08-25 13:00:28,925] {dagbag.py:507} INFO - Filling up the DagBag from /root/Documents/airflow/venv/lib64/python3.9/site-packages/airflow/example_dags/example_trigger_controller_dag.py
[2025-08-25 13:00:28,933] {processor.py:651} INFO - DAG(s) dict_keys(['example_trigger_controller_dag']) retrieved from /root/Documents/airflow/venv/lib64/python3.9/site-packages/airflow/example_dags/example_trigger_controller_dag.py
[2025-08-25 13:00:28,963] {logging_mixin.py:115} INFO - [2025-08-25 13:00:28,963] {dag.py:2379} INFO - Sync 1 DAGs
[2025-08-25 13:00:29,074] {logging_mixin.py:115} INFO - [2025-08-25 13:00:29,074] {dag.py:2927} INFO - Setting next_dagrun for example_trigger_controller_dag to 2021-01-01T00:00:00+00:00, run_after=2021-01-01T00:00:00+00:00
[2025-08-25 13:00:29,146] {processor.py:161} INFO - Processing /root/Documents/airflow/venv/lib64/python3.9/site-packages/airflow/example_dags/example_trigger_controller_dag.py took 0.226 seconds
[2025-08-25 13:01:16,388] {processor.py:153} INFO - Started process (PID=2795557) to work on /root/Documents/airflow/venv/lib64/python3.9/site-packages/airflow/example_dags/example_trigger_controller_dag.py
[2025-08-25 13:01:16,398] {processor.py:641} INFO - Processing file /root/Documents/airflow/venv/lib64/python3.9/site-packages/airflow/example_dags/example_trigger_controller_dag.py for tasks to queue
[2025-08-25 13:01:16,399] {logging_mixin.py:115} INFO - [2025-08-25 13:01:16,399] {dagbag.py:507} INFO - Filling up the DagBag from /root/Documents/airflow/venv/lib64/python3.9/site-packages/airflow/example_dags/example_trigger_controller_dag.py
[2025-08-25 13:01:16,402] {processor.py:651} INFO - DAG(s) dict_keys(['example_trigger_controller_dag']) retrieved from /root/Documents/airflow/venv/lib64/python3.9/site-packages/airflow/example_dags/example_trigger_controller_dag.py
[2025-08-25 13:01:16,441] {logging_mixin.py:115} INFO - [2025-08-25 13:01:16,441] {dag.py:2379} INFO - Sync 1 DAGs
[2025-08-25 13:01:16,485] {logging_mixin.py:115} INFO - [2025-08-25 13:01:16,484] {dag.py:2927} INFO - Setting next_dagrun for example_trigger_controller_dag to 2021-01-01T00:00:00+00:00, run_after=2021-01-01T00:00:00+00:00
[2025-08-25 13:01:16,539] {processor.py:161} INFO - Processing /root/Documents/airflow/venv/lib64/python3.9/site-packages/airflow/example_dags/example_trigger_controller_dag.py took 0.155 seconds
[2025-08-25 13:01:58,654] {processor.py:153} INFO - Started process (PID=2795630) to work on /root/Documents/airflow/venv/lib64/python3.9/site-packages/airflow/example_dags/example_trigger_controller_dag.py
[2025-08-25 13:01:58,666] {processor.py:641} INFO - Processing file /root/Documents/airflow/venv/lib64/python3.9/site-packages/airflow/example_dags/example_trigger_controller_dag.py for tasks to queue
[2025-08-25 13:01:58,666] {logging_mixin.py:115} INFO - [2025-08-25 13:01:58,666] {dagbag.py:507} INFO - Filling up the DagBag from /root/Documents/airflow/venv/lib64/python3.9/site-packages/airflow/example_dags/example_trigger_controller_dag.py
[2025-08-25 13:01:58,670] {processor.py:651} INFO - DAG(s) dict_keys(['example_trigger_controller_dag']) retrieved from /root/Documents/airflow/venv/lib64/python3.9/site-packages/airflow/example_dags/example_trigger_controller_dag.py
[2025-08-25 13:01:58,716] {logging_mixin.py:115} INFO - [2025-08-25 13:01:58,716] {dag.py:2379} INFO - Sync 1 DAGs
[2025-08-25 13:01:58,770] {logging_mixin.py:115} INFO - [2025-08-25 13:01:58,769] {dag.py:2927} INFO - Setting next_dagrun for example_trigger_controller_dag to 2021-01-01T00:00:00+00:00, run_after=2021-01-01T00:00:00+00:00
[2025-08-25 13:01:58,831] {processor.py:161} INFO - Processing /root/Documents/airflow/venv/lib64/python3.9/site-packages/airflow/example_dags/example_trigger_controller_dag.py took 0.181 seconds
[2025-08-25 13:02:48,980] {processor.py:153} INFO - Started process (PID=2795810) to work on /root/Documents/airflow/venv/lib64/python3.9/site-packages/airflow/example_dags/example_trigger_controller_dag.py
[2025-08-25 13:02:48,991] {processor.py:641} INFO - Processing file /root/Documents/airflow/venv/lib64/python3.9/site-packages/airflow/example_dags/example_trigger_controller_dag.py for tasks to queue
[2025-08-25 13:02:48,992] {logging_mixin.py:115} INFO - [2025-08-25 13:02:48,992] {dagbag.py:507} INFO - Filling up the DagBag from /root/Documents/airflow/venv/lib64/python3.9/site-packages/airflow/example_dags/example_trigger_controller_dag.py
[2025-08-25 13:02:48,995] {processor.py:651} INFO - DAG(s) dict_keys(['example_trigger_controller_dag']) retrieved from /root/Documents/airflow/venv/lib64/python3.9/site-packages/airflow/example_dags/example_trigger_controller_dag.py
[2025-08-25 13:02:49,057] {logging_mixin.py:115} INFO - [2025-08-25 13:02:49,035] {dag.py:2379} INFO - Sync 1 DAGs
[2025-08-25 13:02:49,100] {logging_mixin.py:115} INFO - [2025-08-25 13:02:49,100] {dag.py:2927} INFO - Setting next_dagrun for example_trigger_controller_dag to 2021-01-01T00:00:00+00:00, run_after=2021-01-01T00:00:00+00:00
[2025-08-25 13:02:49,169] {processor.py:161} INFO - Processing /root/Documents/airflow/venv/lib64/python3.9/site-packages/airflow/example_dags/example_trigger_controller_dag.py took 0.192 seconds
[2025-08-25 13:03:24,954] {processor.py:153} INFO - Started process (PID=2795964) to work on /root/Documents/airflow/venv/lib64/python3.9/site-packages/airflow/example_dags/example_trigger_controller_dag.py
[2025-08-25 13:03:24,967] {processor.py:641} INFO - Processing file /root/Documents/airflow/venv/lib64/python3.9/site-packages/airflow/example_dags/example_trigger_controller_dag.py for tasks to queue
[2025-08-25 13:03:24,967] {logging_mixin.py:115} INFO - [2025-08-25 13:03:24,967] {dagbag.py:507} INFO - Filling up the DagBag from /root/Documents/airflow/venv/lib64/python3.9/site-packages/airflow/example_dags/example_trigger_controller_dag.py
[2025-08-25 13:03:24,971] {processor.py:651} INFO - DAG(s) dict_keys(['example_trigger_controller_dag']) retrieved from /root/Documents/airflow/venv/lib64/python3.9/site-packages/airflow/example_dags/example_trigger_controller_dag.py
[2025-08-25 13:03:25,033] {logging_mixin.py:115} INFO - [2025-08-25 13:03:25,033] {dag.py:2379} INFO - Sync 1 DAGs
[2025-08-25 13:03:25,096] {logging_mixin.py:115} INFO - [2025-08-25 13:03:25,095] {dag.py:2927} INFO - Setting next_dagrun for example_trigger_controller_dag to 2021-01-01T00:00:00+00:00, run_after=2021-01-01T00:00:00+00:00
[2025-08-25 13:03:25,127] {processor.py:161} INFO - Processing /root/Documents/airflow/venv/lib64/python3.9/site-packages/airflow/example_dags/example_trigger_controller_dag.py took 0.176 seconds
[2025-08-25 13:05:24,957] {processor.py:153} INFO - Started process (PID=2796462) to work on /root/Documents/airflow/venv/lib64/python3.9/site-packages/airflow/example_dags/example_trigger_controller_dag.py
[2025-08-25 13:05:24,968] {processor.py:641} INFO - Processing file /root/Documents/airflow/venv/lib64/python3.9/site-packages/airflow/example_dags/example_trigger_controller_dag.py for tasks to queue
[2025-08-25 13:05:24,969] {logging_mixin.py:115} INFO - [2025-08-25 13:05:24,969] {dagbag.py:507} INFO - Filling up the DagBag from /root/Documents/airflow/venv/lib64/python3.9/site-packages/airflow/example_dags/example_trigger_controller_dag.py
[2025-08-25 13:05:24,973] {processor.py:651} INFO - DAG(s) dict_keys(['example_trigger_controller_dag']) retrieved from /root/Documents/airflow/venv/lib64/python3.9/site-packages/airflow/example_dags/example_trigger_controller_dag.py
[2025-08-25 13:05:24,993] {logging_mixin.py:115} INFO - [2025-08-25 13:05:24,993] {dag.py:2379} INFO - Sync 1 DAGs
[2025-08-25 13:05:25,039] {logging_mixin.py:115} INFO - [2025-08-25 13:05:25,039] {dag.py:2927} INFO - Setting next_dagrun for example_trigger_controller_dag to 2021-01-01T00:00:00+00:00, run_after=2021-01-01T00:00:00+00:00
[2025-08-25 13:05:25,113] {processor.py:161} INFO - Processing /root/Documents/airflow/venv/lib64/python3.9/site-packages/airflow/example_dags/example_trigger_controller_dag.py took 0.159 seconds
[2025-08-25 13:06:12,543] {processor.py:153} INFO - Started process (PID=2796624) to work on /root/Documents/airflow/venv/lib64/python3.9/site-packages/airflow/example_dags/example_trigger_controller_dag.py
[2025-08-25 13:06:12,544] {processor.py:641} INFO - Processing file /root/Documents/airflow/venv/lib64/python3.9/site-packages/airflow/example_dags/example_trigger_controller_dag.py for tasks to queue
[2025-08-25 13:06:12,544] {logging_mixin.py:115} INFO - [2025-08-25 13:06:12,544] {dagbag.py:507} INFO - Filling up the DagBag from /root/Documents/airflow/venv/lib64/python3.9/site-packages/airflow/example_dags/example_trigger_controller_dag.py
[2025-08-25 13:06:12,548] {processor.py:651} INFO - DAG(s) dict_keys(['example_trigger_controller_dag']) retrieved from /root/Documents/airflow/venv/lib64/python3.9/site-packages/airflow/example_dags/example_trigger_controller_dag.py
[2025-08-25 13:06:12,609] {logging_mixin.py:115} INFO - [2025-08-25 13:06:12,609] {dag.py:2379} INFO - Sync 1 DAGs
[2025-08-25 13:06:12,689] {logging_mixin.py:115} INFO - [2025-08-25 13:06:12,689] {dag.py:2927} INFO - Setting next_dagrun for example_trigger_controller_dag to 2021-01-01T00:00:00+00:00, run_after=2021-01-01T00:00:00+00:00
[2025-08-25 13:06:12,760] {processor.py:161} INFO - Processing /root/Documents/airflow/venv/lib64/python3.9/site-packages/airflow/example_dags/example_trigger_controller_dag.py took 0.220 seconds
[2025-08-25 13:06:56,582] {processor.py:153} INFO - Started process (PID=2796696) to work on /root/Documents/airflow/venv/lib64/python3.9/site-packages/airflow/example_dags/example_trigger_controller_dag.py
[2025-08-25 13:06:56,593] {processor.py:641} INFO - Processing file /root/Documents/airflow/venv/lib64/python3.9/site-packages/airflow/example_dags/example_trigger_controller_dag.py for tasks to queue
[2025-08-25 13:06:56,594] {logging_mixin.py:115} INFO - [2025-08-25 13:06:56,594] {dagbag.py:507} INFO - Filling up the DagBag from /root/Documents/airflow/venv/lib64/python3.9/site-packages/airflow/example_dags/example_trigger_controller_dag.py
[2025-08-25 13:06:56,597] {processor.py:651} INFO - DAG(s) dict_keys(['example_trigger_controller_dag']) retrieved from /root/Documents/airflow/venv/lib64/python3.9/site-packages/airflow/example_dags/example_trigger_controller_dag.py
[2025-08-25 13:06:56,649] {logging_mixin.py:115} INFO - [2025-08-25 13:06:56,649] {dag.py:2379} INFO - Sync 1 DAGs
[2025-08-25 13:06:56,767] {logging_mixin.py:115} INFO - [2025-08-25 13:06:56,767] {dag.py:2927} INFO - Setting next_dagrun for example_trigger_controller_dag to 2021-01-01T00:00:00+00:00, run_after=2021-01-01T00:00:00+00:00
[2025-08-25 13:06:56,824] {processor.py:161} INFO - Processing /root/Documents/airflow/venv/lib64/python3.9/site-packages/airflow/example_dags/example_trigger_controller_dag.py took 0.246 seconds
[2025-08-25 13:08:20,532] {processor.py:153} INFO - Started process (PID=2797131) to work on /root/Documents/airflow/venv/lib64/python3.9/site-packages/airflow/example_dags/example_trigger_controller_dag.py
[2025-08-25 13:08:20,543] {processor.py:641} INFO - Processing file /root/Documents/airflow/venv/lib64/python3.9/site-packages/airflow/example_dags/example_trigger_controller_dag.py for tasks to queue
[2025-08-25 13:08:20,544] {logging_mixin.py:115} INFO - [2025-08-25 13:08:20,544] {dagbag.py:507} INFO - Filling up the DagBag from /root/Documents/airflow/venv/lib64/python3.9/site-packages/airflow/example_dags/example_trigger_controller_dag.py
[2025-08-25 13:08:20,548] {processor.py:651} INFO - DAG(s) dict_keys(['example_trigger_controller_dag']) retrieved from /root/Documents/airflow/venv/lib64/python3.9/site-packages/airflow/example_dags/example_trigger_controller_dag.py
[2025-08-25 13:08:20,621] {logging_mixin.py:115} INFO - [2025-08-25 13:08:20,621] {dag.py:2379} INFO - Sync 1 DAGs
[2025-08-25 13:08:20,688] {logging_mixin.py:115} INFO - [2025-08-25 13:08:20,688] {dag.py:2927} INFO - Setting next_dagrun for example_trigger_controller_dag to 2021-01-01T00:00:00+00:00, run_after=2021-01-01T00:00:00+00:00
[2025-08-25 13:08:20,727] {processor.py:161} INFO - Processing /root/Documents/airflow/venv/lib64/python3.9/site-packages/airflow/example_dags/example_trigger_controller_dag.py took 0.198 seconds
[2025-08-25 13:13:44,422] {processor.py:153} INFO - Started process (PID=2798088) to work on /root/Documents/airflow/venv/lib64/python3.9/site-packages/airflow/example_dags/example_trigger_controller_dag.py
[2025-08-25 13:13:44,433] {processor.py:641} INFO - Processing file /root/Documents/airflow/venv/lib64/python3.9/site-packages/airflow/example_dags/example_trigger_controller_dag.py for tasks to queue
[2025-08-25 13:13:44,434] {logging_mixin.py:115} INFO - [2025-08-25 13:13:44,434] {dagbag.py:507} INFO - Filling up the DagBag from /root/Documents/airflow/venv/lib64/python3.9/site-packages/airflow/example_dags/example_trigger_controller_dag.py
[2025-08-25 13:13:44,438] {processor.py:651} INFO - DAG(s) dict_keys(['example_trigger_controller_dag']) retrieved from /root/Documents/airflow/venv/lib64/python3.9/site-packages/airflow/example_dags/example_trigger_controller_dag.py
[2025-08-25 13:13:44,477] {logging_mixin.py:115} INFO - [2025-08-25 13:13:44,477] {dag.py:2379} INFO - Sync 1 DAGs
[2025-08-25 13:13:44,496] {logging_mixin.py:115} INFO - [2025-08-25 13:13:44,495] {dag.py:2927} INFO - Setting next_dagrun for example_trigger_controller_dag to 2021-01-01T00:00:00+00:00, run_after=2021-01-01T00:00:00+00:00
[2025-08-25 13:13:44,582] {processor.py:161} INFO - Processing /root/Documents/airflow/venv/lib64/python3.9/site-packages/airflow/example_dags/example_trigger_controller_dag.py took 0.164 seconds
[2025-08-25 13:14:32,750] {processor.py:153} INFO - Started process (PID=2798249) to work on /root/Documents/airflow/venv/lib64/python3.9/site-packages/airflow/example_dags/example_trigger_controller_dag.py
[2025-08-25 13:14:32,772] {processor.py:641} INFO - Processing file /root/Documents/airflow/venv/lib64/python3.9/site-packages/airflow/example_dags/example_trigger_controller_dag.py for tasks to queue
[2025-08-25 13:14:32,773] {logging_mixin.py:115} INFO - [2025-08-25 13:14:32,773] {dagbag.py:507} INFO - Filling up the DagBag from /root/Documents/airflow/venv/lib64/python3.9/site-packages/airflow/example_dags/example_trigger_controller_dag.py
[2025-08-25 13:14:32,777] {processor.py:651} INFO - DAG(s) dict_keys(['example_trigger_controller_dag']) retrieved from /root/Documents/airflow/venv/lib64/python3.9/site-packages/airflow/example_dags/example_trigger_controller_dag.py
[2025-08-25 13:14:32,839] {logging_mixin.py:115} INFO - [2025-08-25 13:14:32,839] {dag.py:2379} INFO - Sync 1 DAGs
[2025-08-25 13:14:32,879] {logging_mixin.py:115} INFO - [2025-08-25 13:14:32,879] {dag.py:2927} INFO - Setting next_dagrun for example_trigger_controller_dag to 2021-01-01T00:00:00+00:00, run_after=2021-01-01T00:00:00+00:00
[2025-08-25 13:14:32,969] {processor.py:161} INFO - Processing /root/Documents/airflow/venv/lib64/python3.9/site-packages/airflow/example_dags/example_trigger_controller_dag.py took 0.222 seconds
[2025-08-25 13:15:18,313] {processor.py:153} INFO - Started process (PID=2798389) to work on /root/Documents/airflow/venv/lib64/python3.9/site-packages/airflow/example_dags/example_trigger_controller_dag.py
[2025-08-25 13:15:18,324] {processor.py:641} INFO - Processing file /root/Documents/airflow/venv/lib64/python3.9/site-packages/airflow/example_dags/example_trigger_controller_dag.py for tasks to queue
[2025-08-25 13:15:18,325] {logging_mixin.py:115} INFO - [2025-08-25 13:15:18,325] {dagbag.py:507} INFO - Filling up the DagBag from /root/Documents/airflow/venv/lib64/python3.9/site-packages/airflow/example_dags/example_trigger_controller_dag.py
[2025-08-25 13:15:18,329] {processor.py:651} INFO - DAG(s) dict_keys(['example_trigger_controller_dag']) retrieved from /root/Documents/airflow/venv/lib64/python3.9/site-packages/airflow/example_dags/example_trigger_controller_dag.py
[2025-08-25 13:15:18,429] {logging_mixin.py:115} INFO - [2025-08-25 13:15:18,429] {dag.py:2379} INFO - Sync 1 DAGs
[2025-08-25 13:15:18,507] {logging_mixin.py:115} INFO - [2025-08-25 13:15:18,480] {dag.py:2927} INFO - Setting next_dagrun for example_trigger_controller_dag to 2021-01-01T00:00:00+00:00, run_after=2021-01-01T00:00:00+00:00
[2025-08-25 13:15:18,546] {processor.py:161} INFO - Processing /root/Documents/airflow/venv/lib64/python3.9/site-packages/airflow/example_dags/example_trigger_controller_dag.py took 0.236 seconds
[2025-08-25 13:16:06,205] {processor.py:153} INFO - Started process (PID=2798506) to work on /root/Documents/airflow/venv/lib64/python3.9/site-packages/airflow/example_dags/example_trigger_controller_dag.py
[2025-08-25 13:16:06,216] {processor.py:641} INFO - Processing file /root/Documents/airflow/venv/lib64/python3.9/site-packages/airflow/example_dags/example_trigger_controller_dag.py for tasks to queue
[2025-08-25 13:16:06,217] {logging_mixin.py:115} INFO - [2025-08-25 13:16:06,217] {dagbag.py:507} INFO - Filling up the DagBag from /root/Documents/airflow/venv/lib64/python3.9/site-packages/airflow/example_dags/example_trigger_controller_dag.py
[2025-08-25 13:16:06,220] {processor.py:651} INFO - DAG(s) dict_keys(['example_trigger_controller_dag']) retrieved from /root/Documents/airflow/venv/lib64/python3.9/site-packages/airflow/example_dags/example_trigger_controller_dag.py
[2025-08-25 13:16:06,239] {logging_mixin.py:115} INFO - [2025-08-25 13:16:06,239] {dag.py:2379} INFO - Sync 1 DAGs
[2025-08-25 13:16:06,258] {logging_mixin.py:115} INFO - [2025-08-25 13:16:06,258] {dag.py:2927} INFO - Setting next_dagrun for example_trigger_controller_dag to 2021-01-01T00:00:00+00:00, run_after=2021-01-01T00:00:00+00:00
[2025-08-25 13:16:06,272] {processor.py:161} INFO - Processing /root/Documents/airflow/venv/lib64/python3.9/site-packages/airflow/example_dags/example_trigger_controller_dag.py took 0.070 seconds
[2025-08-25 13:16:52,690] {processor.py:153} INFO - Started process (PID=2798617) to work on /root/Documents/airflow/venv/lib64/python3.9/site-packages/airflow/example_dags/example_trigger_controller_dag.py
[2025-08-25 13:16:52,702] {processor.py:641} INFO - Processing file /root/Documents/airflow/venv/lib64/python3.9/site-packages/airflow/example_dags/example_trigger_controller_dag.py for tasks to queue
[2025-08-25 13:16:52,703] {logging_mixin.py:115} INFO - [2025-08-25 13:16:52,703] {dagbag.py:507} INFO - Filling up the DagBag from /root/Documents/airflow/venv/lib64/python3.9/site-packages/airflow/example_dags/example_trigger_controller_dag.py
[2025-08-25 13:16:52,706] {processor.py:651} INFO - DAG(s) dict_keys(['example_trigger_controller_dag']) retrieved from /root/Documents/airflow/venv/lib64/python3.9/site-packages/airflow/example_dags/example_trigger_controller_dag.py
[2025-08-25 13:16:52,786] {logging_mixin.py:115} INFO - [2025-08-25 13:16:52,786] {dag.py:2379} INFO - Sync 1 DAGs
[2025-08-25 13:16:52,854] {logging_mixin.py:115} INFO - [2025-08-25 13:16:52,854] {dag.py:2927} INFO - Setting next_dagrun for example_trigger_controller_dag to 2021-01-01T00:00:00+00:00, run_after=2021-01-01T00:00:00+00:00
[2025-08-25 13:16:52,937] {processor.py:161} INFO - Processing /root/Documents/airflow/venv/lib64/python3.9/site-packages/airflow/example_dags/example_trigger_controller_dag.py took 0.250 seconds
[2025-08-25 13:17:29,576] {processor.py:153} INFO - Started process (PID=2798745) to work on /root/Documents/airflow/venv/lib64/python3.9/site-packages/airflow/example_dags/example_trigger_controller_dag.py
[2025-08-25 13:17:29,587] {processor.py:641} INFO - Processing file /root/Documents/airflow/venv/lib64/python3.9/site-packages/airflow/example_dags/example_trigger_controller_dag.py for tasks to queue
[2025-08-25 13:17:29,588] {logging_mixin.py:115} INFO - [2025-08-25 13:17:29,588] {dagbag.py:507} INFO - Filling up the DagBag from /root/Documents/airflow/venv/lib64/python3.9/site-packages/airflow/example_dags/example_trigger_controller_dag.py
[2025-08-25 13:17:29,592] {processor.py:651} INFO - DAG(s) dict_keys(['example_trigger_controller_dag']) retrieved from /root/Documents/airflow/venv/lib64/python3.9/site-packages/airflow/example_dags/example_trigger_controller_dag.py
[2025-08-25 13:17:29,654] {logging_mixin.py:115} INFO - [2025-08-25 13:17:29,654] {dag.py:2379} INFO - Sync 1 DAGs
[2025-08-25 13:17:29,696] {logging_mixin.py:115} INFO - [2025-08-25 13:17:29,696] {dag.py:2927} INFO - Setting next_dagrun for example_trigger_controller_dag to 2021-01-01T00:00:00+00:00, run_after=2021-01-01T00:00:00+00:00
[2025-08-25 13:17:29,772] {processor.py:161} INFO - Processing /root/Documents/airflow/venv/lib64/python3.9/site-packages/airflow/example_dags/example_trigger_controller_dag.py took 0.199 seconds
[2025-08-25 13:18:15,940] {processor.py:153} INFO - Started process (PID=2798890) to work on /root/Documents/airflow/venv/lib64/python3.9/site-packages/airflow/example_dags/example_trigger_controller_dag.py
[2025-08-25 13:18:15,951] {processor.py:641} INFO - Processing file /root/Documents/airflow/venv/lib64/python3.9/site-packages/airflow/example_dags/example_trigger_controller_dag.py for tasks to queue
[2025-08-25 13:18:15,952] {logging_mixin.py:115} INFO - [2025-08-25 13:18:15,952] {dagbag.py:507} INFO - Filling up the DagBag from /root/Documents/airflow/venv/lib64/python3.9/site-packages/airflow/example_dags/example_trigger_controller_dag.py
[2025-08-25 13:18:15,955] {processor.py:651} INFO - DAG(s) dict_keys(['example_trigger_controller_dag']) retrieved from /root/Documents/airflow/venv/lib64/python3.9/site-packages/airflow/example_dags/example_trigger_controller_dag.py
[2025-08-25 13:18:16,002] {logging_mixin.py:115} INFO - [2025-08-25 13:18:16,002] {dag.py:2379} INFO - Sync 1 DAGs
[2025-08-25 13:18:16,032] {logging_mixin.py:115} INFO - [2025-08-25 13:18:16,032] {dag.py:2927} INFO - Setting next_dagrun for example_trigger_controller_dag to 2021-01-01T00:00:00+00:00, run_after=2021-01-01T00:00:00+00:00
[2025-08-25 13:18:16,060] {processor.py:161} INFO - Processing /root/Documents/airflow/venv/lib64/python3.9/site-packages/airflow/example_dags/example_trigger_controller_dag.py took 0.123 seconds
[2025-08-25 13:18:57,198] {processor.py:153} INFO - Started process (PID=2798991) to work on /root/Documents/airflow/venv/lib64/python3.9/site-packages/airflow/example_dags/example_trigger_controller_dag.py
[2025-08-25 13:18:57,210] {processor.py:641} INFO - Processing file /root/Documents/airflow/venv/lib64/python3.9/site-packages/airflow/example_dags/example_trigger_controller_dag.py for tasks to queue
[2025-08-25 13:18:57,210] {logging_mixin.py:115} INFO - [2025-08-25 13:18:57,210] {dagbag.py:507} INFO - Filling up the DagBag from /root/Documents/airflow/venv/lib64/python3.9/site-packages/airflow/example_dags/example_trigger_controller_dag.py
[2025-08-25 13:18:57,214] {processor.py:651} INFO - DAG(s) dict_keys(['example_trigger_controller_dag']) retrieved from /root/Documents/airflow/venv/lib64/python3.9/site-packages/airflow/example_dags/example_trigger_controller_dag.py
[2025-08-25 13:18:57,253] {logging_mixin.py:115} INFO - [2025-08-25 13:18:57,253] {dag.py:2379} INFO - Sync 1 DAGs
[2025-08-25 13:18:57,283] {logging_mixin.py:115} INFO - [2025-08-25 13:18:57,283] {dag.py:2927} INFO - Setting next_dagrun for example_trigger_controller_dag to 2021-01-01T00:00:00+00:00, run_after=2021-01-01T00:00:00+00:00
[2025-08-25 13:18:57,359] {processor.py:161} INFO - Processing /root/Documents/airflow/venv/lib64/python3.9/site-packages/airflow/example_dags/example_trigger_controller_dag.py took 0.164 seconds
[2025-08-25 13:19:31,009] {processor.py:153} INFO - Started process (PID=2799142) to work on /root/Documents/airflow/venv/lib64/python3.9/site-packages/airflow/example_dags/example_trigger_controller_dag.py
[2025-08-25 13:19:31,009] {processor.py:641} INFO - Processing file /root/Documents/airflow/venv/lib64/python3.9/site-packages/airflow/example_dags/example_trigger_controller_dag.py for tasks to queue
[2025-08-25 13:19:31,010] {logging_mixin.py:115} INFO - [2025-08-25 13:19:31,010] {dagbag.py:507} INFO - Filling up the DagBag from /root/Documents/airflow/venv/lib64/python3.9/site-packages/airflow/example_dags/example_trigger_controller_dag.py
[2025-08-25 13:19:31,013] {processor.py:651} INFO - DAG(s) dict_keys(['example_trigger_controller_dag']) retrieved from /root/Documents/airflow/venv/lib64/python3.9/site-packages/airflow/example_dags/example_trigger_controller_dag.py
[2025-08-25 13:19:31,050] {logging_mixin.py:115} INFO - [2025-08-25 13:19:31,050] {dag.py:2379} INFO - Sync 1 DAGs
[2025-08-25 13:19:31,099] {logging_mixin.py:115} INFO - [2025-08-25 13:19:31,099] {dag.py:2927} INFO - Setting next_dagrun for example_trigger_controller_dag to 2021-01-01T00:00:00+00:00, run_after=2021-01-01T00:00:00+00:00
[2025-08-25 13:19:31,112] {processor.py:161} INFO - Processing /root/Documents/airflow/venv/lib64/python3.9/site-packages/airflow/example_dags/example_trigger_controller_dag.py took 0.106 seconds
[2025-08-25 13:20:21,791] {processor.py:153} INFO - Started process (PID=2799322) to work on /root/Documents/airflow/venv/lib64/python3.9/site-packages/airflow/example_dags/example_trigger_controller_dag.py
[2025-08-25 13:20:21,792] {processor.py:641} INFO - Processing file /root/Documents/airflow/venv/lib64/python3.9/site-packages/airflow/example_dags/example_trigger_controller_dag.py for tasks to queue
[2025-08-25 13:20:21,793] {logging_mixin.py:115} INFO - [2025-08-25 13:20:21,793] {dagbag.py:507} INFO - Filling up the DagBag from /root/Documents/airflow/venv/lib64/python3.9/site-packages/airflow/example_dags/example_trigger_controller_dag.py
[2025-08-25 13:20:21,796] {processor.py:651} INFO - DAG(s) dict_keys(['example_trigger_controller_dag']) retrieved from /root/Documents/airflow/venv/lib64/python3.9/site-packages/airflow/example_dags/example_trigger_controller_dag.py
[2025-08-25 13:20:21,870] {logging_mixin.py:115} INFO - [2025-08-25 13:20:21,870] {dag.py:2379} INFO - Sync 1 DAGs
[2025-08-25 13:20:21,933] {logging_mixin.py:115} INFO - [2025-08-25 13:20:21,933] {dag.py:2927} INFO - Setting next_dagrun for example_trigger_controller_dag to 2021-01-01T00:00:00+00:00, run_after=2021-01-01T00:00:00+00:00
[2025-08-25 13:20:22,014] {processor.py:161} INFO - Processing /root/Documents/airflow/venv/lib64/python3.9/site-packages/airflow/example_dags/example_trigger_controller_dag.py took 0.226 seconds
[2025-08-25 13:21:07,777] {processor.py:153} INFO - Started process (PID=2799437) to work on /root/Documents/airflow/venv/lib64/python3.9/site-packages/airflow/example_dags/example_trigger_controller_dag.py
[2025-08-25 13:21:07,797] {processor.py:641} INFO - Processing file /root/Documents/airflow/venv/lib64/python3.9/site-packages/airflow/example_dags/example_trigger_controller_dag.py for tasks to queue
[2025-08-25 13:21:07,798] {logging_mixin.py:115} INFO - [2025-08-25 13:21:07,798] {dagbag.py:507} INFO - Filling up the DagBag from /root/Documents/airflow/venv/lib64/python3.9/site-packages/airflow/example_dags/example_trigger_controller_dag.py
[2025-08-25 13:21:07,801] {processor.py:651} INFO - DAG(s) dict_keys(['example_trigger_controller_dag']) retrieved from /root/Documents/airflow/venv/lib64/python3.9/site-packages/airflow/example_dags/example_trigger_controller_dag.py
[2025-08-25 13:21:07,849] {logging_mixin.py:115} INFO - [2025-08-25 13:21:07,849] {dag.py:2379} INFO - Sync 1 DAGs
[2025-08-25 13:21:07,884] {logging_mixin.py:115} INFO - [2025-08-25 13:21:07,884] {dag.py:2927} INFO - Setting next_dagrun for example_trigger_controller_dag to 2021-01-01T00:00:00+00:00, run_after=2021-01-01T00:00:00+00:00
[2025-08-25 13:21:07,911] {processor.py:161} INFO - Processing /root/Documents/airflow/venv/lib64/python3.9/site-packages/airflow/example_dags/example_trigger_controller_dag.py took 0.137 seconds
[2025-08-25 13:21:40,985] {processor.py:153} INFO - Started process (PID=2799521) to work on /root/Documents/airflow/venv/lib64/python3.9/site-packages/airflow/example_dags/example_trigger_controller_dag.py
[2025-08-25 13:21:41,008] {processor.py:641} INFO - Processing file /root/Documents/airflow/venv/lib64/python3.9/site-packages/airflow/example_dags/example_trigger_controller_dag.py for tasks to queue
[2025-08-25 13:21:41,009] {logging_mixin.py:115} INFO - [2025-08-25 13:21:41,009] {dagbag.py:507} INFO - Filling up the DagBag from /root/Documents/airflow/venv/lib64/python3.9/site-packages/airflow/example_dags/example_trigger_controller_dag.py
[2025-08-25 13:21:41,013] {processor.py:651} INFO - DAG(s) dict_keys(['example_trigger_controller_dag']) retrieved from /root/Documents/airflow/venv/lib64/python3.9/site-packages/airflow/example_dags/example_trigger_controller_dag.py
[2025-08-25 13:21:41,075] {logging_mixin.py:115} INFO - [2025-08-25 13:21:41,075] {dag.py:2379} INFO - Sync 1 DAGs
[2025-08-25 13:21:41,129] {logging_mixin.py:115} INFO - [2025-08-25 13:21:41,128] {dag.py:2927} INFO - Setting next_dagrun for example_trigger_controller_dag to 2021-01-01T00:00:00+00:00, run_after=2021-01-01T00:00:00+00:00
[2025-08-25 13:21:41,223] {processor.py:161} INFO - Processing /root/Documents/airflow/venv/lib64/python3.9/site-packages/airflow/example_dags/example_trigger_controller_dag.py took 0.241 seconds
[2025-08-25 13:22:28,865] {processor.py:153} INFO - Started process (PID=2799697) to work on /root/Documents/airflow/venv/lib64/python3.9/site-packages/airflow/example_dags/example_trigger_controller_dag.py
[2025-08-25 13:22:28,887] {processor.py:641} INFO - Processing file /root/Documents/airflow/venv/lib64/python3.9/site-packages/airflow/example_dags/example_trigger_controller_dag.py for tasks to queue
[2025-08-25 13:22:28,888] {logging_mixin.py:115} INFO - [2025-08-25 13:22:28,888] {dagbag.py:507} INFO - Filling up the DagBag from /root/Documents/airflow/venv/lib64/python3.9/site-packages/airflow/example_dags/example_trigger_controller_dag.py
[2025-08-25 13:22:28,891] {processor.py:651} INFO - DAG(s) dict_keys(['example_trigger_controller_dag']) retrieved from /root/Documents/airflow/venv/lib64/python3.9/site-packages/airflow/example_dags/example_trigger_controller_dag.py
[2025-08-25 13:22:28,953] {logging_mixin.py:115} INFO - [2025-08-25 13:22:28,953] {dag.py:2379} INFO - Sync 1 DAGs
[2025-08-25 13:22:29,005] {logging_mixin.py:115} INFO - [2025-08-25 13:22:29,005] {dag.py:2927} INFO - Setting next_dagrun for example_trigger_controller_dag to 2021-01-01T00:00:00+00:00, run_after=2021-01-01T00:00:00+00:00
[2025-08-25 13:22:29,059] {processor.py:161} INFO - Processing /root/Documents/airflow/venv/lib64/python3.9/site-packages/airflow/example_dags/example_trigger_controller_dag.py took 0.197 seconds
[2025-08-25 13:23:06,721] {processor.py:153} INFO - Started process (PID=2799798) to work on /root/Documents/airflow/venv/lib64/python3.9/site-packages/airflow/example_dags/example_trigger_controller_dag.py
[2025-08-25 13:23:06,732] {processor.py:641} INFO - Processing file /root/Documents/airflow/venv/lib64/python3.9/site-packages/airflow/example_dags/example_trigger_controller_dag.py for tasks to queue
[2025-08-25 13:23:06,733] {logging_mixin.py:115} INFO - [2025-08-25 13:23:06,733] {dagbag.py:507} INFO - Filling up the DagBag from /root/Documents/airflow/venv/lib64/python3.9/site-packages/airflow/example_dags/example_trigger_controller_dag.py
[2025-08-25 13:23:06,737] {processor.py:651} INFO - DAG(s) dict_keys(['example_trigger_controller_dag']) retrieved from /root/Documents/airflow/venv/lib64/python3.9/site-packages/airflow/example_dags/example_trigger_controller_dag.py
[2025-08-25 13:23:06,788] {logging_mixin.py:115} INFO - [2025-08-25 13:23:06,788] {dag.py:2379} INFO - Sync 1 DAGs
[2025-08-25 13:23:06,861] {logging_mixin.py:115} INFO - [2025-08-25 13:23:06,861] {dag.py:2927} INFO - Setting next_dagrun for example_trigger_controller_dag to 2021-01-01T00:00:00+00:00, run_after=2021-01-01T00:00:00+00:00
[2025-08-25 13:23:06,896] {processor.py:161} INFO - Processing /root/Documents/airflow/venv/lib64/python3.9/site-packages/airflow/example_dags/example_trigger_controller_dag.py took 0.178 seconds
[2025-08-25 13:23:53,985] {processor.py:153} INFO - Started process (PID=2799937) to work on /root/Documents/airflow/venv/lib64/python3.9/site-packages/airflow/example_dags/example_trigger_controller_dag.py
[2025-08-25 13:23:54,008] {processor.py:641} INFO - Processing file /root/Documents/airflow/venv/lib64/python3.9/site-packages/airflow/example_dags/example_trigger_controller_dag.py for tasks to queue
[2025-08-25 13:23:54,008] {logging_mixin.py:115} INFO - [2025-08-25 13:23:54,008] {dagbag.py:507} INFO - Filling up the DagBag from /root/Documents/airflow/venv/lib64/python3.9/site-packages/airflow/example_dags/example_trigger_controller_dag.py
[2025-08-25 13:23:54,012] {processor.py:651} INFO - DAG(s) dict_keys(['example_trigger_controller_dag']) retrieved from /root/Documents/airflow/venv/lib64/python3.9/site-packages/airflow/example_dags/example_trigger_controller_dag.py
[2025-08-25 13:23:54,161] {logging_mixin.py:115} INFO - [2025-08-25 13:23:54,160] {dag.py:2379} INFO - Sync 1 DAGs
[2025-08-25 13:23:54,226] {logging_mixin.py:115} INFO - [2025-08-25 13:23:54,226] {dag.py:2927} INFO - Setting next_dagrun for example_trigger_controller_dag to 2021-01-01T00:00:00+00:00, run_after=2021-01-01T00:00:00+00:00
[2025-08-25 13:23:54,239] {processor.py:161} INFO - Processing /root/Documents/airflow/venv/lib64/python3.9/site-packages/airflow/example_dags/example_trigger_controller_dag.py took 0.257 seconds
[2025-08-25 13:24:35,742] {processor.py:153} INFO - Started process (PID=2800100) to work on /root/Documents/airflow/venv/lib64/python3.9/site-packages/airflow/example_dags/example_trigger_controller_dag.py
[2025-08-25 13:24:35,753] {processor.py:641} INFO - Processing file /root/Documents/airflow/venv/lib64/python3.9/site-packages/airflow/example_dags/example_trigger_controller_dag.py for tasks to queue
[2025-08-25 13:24:35,754] {logging_mixin.py:115} INFO - [2025-08-25 13:24:35,754] {dagbag.py:507} INFO - Filling up the DagBag from /root/Documents/airflow/venv/lib64/python3.9/site-packages/airflow/example_dags/example_trigger_controller_dag.py
[2025-08-25 13:24:35,757] {processor.py:651} INFO - DAG(s) dict_keys(['example_trigger_controller_dag']) retrieved from /root/Documents/airflow/venv/lib64/python3.9/site-packages/airflow/example_dags/example_trigger_controller_dag.py
[2025-08-25 13:24:35,820] {logging_mixin.py:115} INFO - [2025-08-25 13:24:35,820] {dag.py:2379} INFO - Sync 1 DAGs
[2025-08-25 13:24:35,861] {logging_mixin.py:115} INFO - [2025-08-25 13:24:35,861] {dag.py:2927} INFO - Setting next_dagrun for example_trigger_controller_dag to 2021-01-01T00:00:00+00:00, run_after=2021-01-01T00:00:00+00:00
[2025-08-25 13:24:35,938] {processor.py:161} INFO - Processing /root/Documents/airflow/venv/lib64/python3.9/site-packages/airflow/example_dags/example_trigger_controller_dag.py took 0.199 seconds
[2025-08-25 13:25:16,332] {processor.py:153} INFO - Started process (PID=2800262) to work on /root/Documents/airflow/venv/lib64/python3.9/site-packages/airflow/example_dags/example_trigger_controller_dag.py
[2025-08-25 13:25:16,366] {processor.py:641} INFO - Processing file /root/Documents/airflow/venv/lib64/python3.9/site-packages/airflow/example_dags/example_trigger_controller_dag.py for tasks to queue
[2025-08-25 13:25:16,366] {logging_mixin.py:115} INFO - [2025-08-25 13:25:16,366] {dagbag.py:507} INFO - Filling up the DagBag from /root/Documents/airflow/venv/lib64/python3.9/site-packages/airflow/example_dags/example_trigger_controller_dag.py
[2025-08-25 13:25:16,370] {processor.py:651} INFO - DAG(s) dict_keys(['example_trigger_controller_dag']) retrieved from /root/Documents/airflow/venv/lib64/python3.9/site-packages/airflow/example_dags/example_trigger_controller_dag.py
[2025-08-25 13:25:16,444] {logging_mixin.py:115} INFO - [2025-08-25 13:25:16,444] {dag.py:2379} INFO - Sync 1 DAGs
[2025-08-25 13:25:16,485] {logging_mixin.py:115} INFO - [2025-08-25 13:25:16,485] {dag.py:2927} INFO - Setting next_dagrun for example_trigger_controller_dag to 2021-01-01T00:00:00+00:00, run_after=2021-01-01T00:00:00+00:00
[2025-08-25 13:25:16,585] {processor.py:161} INFO - Processing /root/Documents/airflow/venv/lib64/python3.9/site-packages/airflow/example_dags/example_trigger_controller_dag.py took 0.256 seconds
[2025-08-25 13:25:54,829] {processor.py:153} INFO - Started process (PID=2800327) to work on /root/Documents/airflow/venv/lib64/python3.9/site-packages/airflow/example_dags/example_trigger_controller_dag.py
[2025-08-25 13:25:54,861] {processor.py:641} INFO - Processing file /root/Documents/airflow/venv/lib64/python3.9/site-packages/airflow/example_dags/example_trigger_controller_dag.py for tasks to queue
[2025-08-25 13:25:54,862] {logging_mixin.py:115} INFO - [2025-08-25 13:25:54,862] {dagbag.py:507} INFO - Filling up the DagBag from /root/Documents/airflow/venv/lib64/python3.9/site-packages/airflow/example_dags/example_trigger_controller_dag.py
[2025-08-25 13:25:54,865] {processor.py:651} INFO - DAG(s) dict_keys(['example_trigger_controller_dag']) retrieved from /root/Documents/airflow/venv/lib64/python3.9/site-packages/airflow/example_dags/example_trigger_controller_dag.py
[2025-08-25 13:25:54,907] {logging_mixin.py:115} INFO - [2025-08-25 13:25:54,907] {dag.py:2379} INFO - Sync 1 DAGs
[2025-08-25 13:25:54,926] {logging_mixin.py:115} INFO - [2025-08-25 13:25:54,926] {dag.py:2927} INFO - Setting next_dagrun for example_trigger_controller_dag to 2021-01-01T00:00:00+00:00, run_after=2021-01-01T00:00:00+00:00
[2025-08-25 13:25:55,082] {processor.py:161} INFO - Processing /root/Documents/airflow/venv/lib64/python3.9/site-packages/airflow/example_dags/example_trigger_controller_dag.py took 0.256 seconds
