[2025-08-25 13:00:33,230] {processor.py:153} INFO - Started process (PID=2795381) to work on /root/Documents/airflow/venv/lib64/python3.9/site-packages/airflow/example_dags/example_sla_dag.py
[2025-08-25 13:00:33,230] {processor.py:641} INFO - Processing file /root/Documents/airflow/venv/lib64/python3.9/site-packages/airflow/example_dags/example_sla_dag.py for tasks to queue
[2025-08-25 13:00:33,231] {logging_mixin.py:115} INFO - [2025-08-25 13:00:33,231] {dagbag.py:507} INFO - Filling up the DagBag from /root/Documents/airflow/venv/lib64/python3.9/site-packages/airflow/example_dags/example_sla_dag.py
[2025-08-25 13:00:33,340] {processor.py:651} INFO - DAG(s) dict_keys(['example_sla_dag']) retrieved from /root/Documents/airflow/venv/lib64/python3.9/site-packages/airflow/example_dags/example_sla_dag.py
[2025-08-25 13:00:33,367] {logging_mixin.py:115} INFO - [2025-08-25 13:00:33,367] {dag.py:2379} INFO - Sync 1 DAGs
[2025-08-25 13:00:33,437] {logging_mixin.py:115} INFO - [2025-08-25 13:00:33,437] {dag.py:2927} INFO - Setting next_dagrun for example_sla_dag to 2025-08-25T15:58:00+00:00, run_after=2025-08-25T16:00:00+00:00
[2025-08-25 13:00:33,489] {processor.py:161} INFO - Processing /root/Documents/airflow/venv/lib64/python3.9/site-packages/airflow/example_dags/example_sla_dag.py took 0.262 seconds
[2025-08-25 13:01:21,439] {processor.py:153} INFO - Started process (PID=2795566) to work on /root/Documents/airflow/venv/lib64/python3.9/site-packages/airflow/example_dags/example_sla_dag.py
[2025-08-25 13:01:21,450] {processor.py:641} INFO - Processing file /root/Documents/airflow/venv/lib64/python3.9/site-packages/airflow/example_dags/example_sla_dag.py for tasks to queue
[2025-08-25 13:01:21,451] {logging_mixin.py:115} INFO - [2025-08-25 13:01:21,451] {dagbag.py:507} INFO - Filling up the DagBag from /root/Documents/airflow/venv/lib64/python3.9/site-packages/airflow/example_dags/example_sla_dag.py
[2025-08-25 13:01:21,528] {processor.py:651} INFO - DAG(s) dict_keys(['example_sla_dag']) retrieved from /root/Documents/airflow/venv/lib64/python3.9/site-packages/airflow/example_dags/example_sla_dag.py
[2025-08-25 13:01:21,572] {logging_mixin.py:115} INFO - [2025-08-25 13:01:21,572] {dag.py:2379} INFO - Sync 1 DAGs
[2025-08-25 13:01:21,637] {logging_mixin.py:115} INFO - [2025-08-25 13:01:21,637] {dag.py:2927} INFO - Setting next_dagrun for example_sla_dag to 2025-08-25T15:58:00+00:00, run_after=2025-08-25T16:00:00+00:00
[2025-08-25 13:01:21,714] {processor.py:161} INFO - Processing /root/Documents/airflow/venv/lib64/python3.9/site-packages/airflow/example_dags/example_sla_dag.py took 0.278 seconds
[2025-08-25 13:02:09,790] {processor.py:153} INFO - Started process (PID=2795715) to work on /root/Documents/airflow/venv/lib64/python3.9/site-packages/airflow/example_dags/example_sla_dag.py
[2025-08-25 13:02:09,801] {processor.py:641} INFO - Processing file /root/Documents/airflow/venv/lib64/python3.9/site-packages/airflow/example_dags/example_sla_dag.py for tasks to queue
[2025-08-25 13:02:09,802] {logging_mixin.py:115} INFO - [2025-08-25 13:02:09,802] {dagbag.py:507} INFO - Filling up the DagBag from /root/Documents/airflow/venv/lib64/python3.9/site-packages/airflow/example_dags/example_sla_dag.py
[2025-08-25 13:02:09,836] {processor.py:651} INFO - DAG(s) dict_keys(['example_sla_dag']) retrieved from /root/Documents/airflow/venv/lib64/python3.9/site-packages/airflow/example_dags/example_sla_dag.py
[2025-08-25 13:02:09,863] {logging_mixin.py:115} INFO - [2025-08-25 13:02:09,863] {dag.py:2379} INFO - Sync 1 DAGs
[2025-08-25 13:02:09,962] {logging_mixin.py:115} INFO - [2025-08-25 13:02:09,962] {dag.py:2927} INFO - Setting next_dagrun for example_sla_dag to 2025-08-25T16:00:00+00:00, run_after=2025-08-25T16:02:00+00:00
[2025-08-25 13:02:10,030] {processor.py:161} INFO - Processing /root/Documents/airflow/venv/lib64/python3.9/site-packages/airflow/example_dags/example_sla_dag.py took 0.243 seconds
[2025-08-25 13:02:53,510] {processor.py:153} INFO - Started process (PID=2795817) to work on /root/Documents/airflow/venv/lib64/python3.9/site-packages/airflow/example_dags/example_sla_dag.py
[2025-08-25 13:02:53,541] {processor.py:641} INFO - Processing file /root/Documents/airflow/venv/lib64/python3.9/site-packages/airflow/example_dags/example_sla_dag.py for tasks to queue
[2025-08-25 13:02:53,542] {logging_mixin.py:115} INFO - [2025-08-25 13:02:53,542] {dagbag.py:507} INFO - Filling up the DagBag from /root/Documents/airflow/venv/lib64/python3.9/site-packages/airflow/example_dags/example_sla_dag.py
[2025-08-25 13:02:53,608] {processor.py:651} INFO - DAG(s) dict_keys(['example_sla_dag']) retrieved from /root/Documents/airflow/venv/lib64/python3.9/site-packages/airflow/example_dags/example_sla_dag.py
[2025-08-25 13:02:53,658] {logging_mixin.py:115} INFO - [2025-08-25 13:02:53,658] {dag.py:2379} INFO - Sync 1 DAGs
[2025-08-25 13:02:53,701] {logging_mixin.py:115} INFO - [2025-08-25 13:02:53,701] {dag.py:2927} INFO - Setting next_dagrun for example_sla_dag to 2025-08-25T16:00:00+00:00, run_after=2025-08-25T16:02:00+00:00
[2025-08-25 13:02:53,749] {processor.py:161} INFO - Processing /root/Documents/airflow/venv/lib64/python3.9/site-packages/airflow/example_dags/example_sla_dag.py took 0.242 seconds
[2025-08-25 13:03:48,929] {processor.py:153} INFO - Started process (PID=2796004) to work on /root/Documents/airflow/venv/lib64/python3.9/site-packages/airflow/example_dags/example_sla_dag.py
[2025-08-25 13:03:48,940] {processor.py:641} INFO - Processing file /root/Documents/airflow/venv/lib64/python3.9/site-packages/airflow/example_dags/example_sla_dag.py for tasks to queue
[2025-08-25 13:03:48,941] {logging_mixin.py:115} INFO - [2025-08-25 13:03:48,941] {dagbag.py:507} INFO - Filling up the DagBag from /root/Documents/airflow/venv/lib64/python3.9/site-packages/airflow/example_dags/example_sla_dag.py
[2025-08-25 13:03:48,990] {processor.py:651} INFO - DAG(s) dict_keys(['example_sla_dag']) retrieved from /root/Documents/airflow/venv/lib64/python3.9/site-packages/airflow/example_dags/example_sla_dag.py
[2025-08-25 13:03:49,021] {logging_mixin.py:115} INFO - [2025-08-25 13:03:49,021] {dag.py:2379} INFO - Sync 1 DAGs
[2025-08-25 13:03:49,065] {logging_mixin.py:115} INFO - [2025-08-25 13:03:49,065] {dag.py:2927} INFO - Setting next_dagrun for example_sla_dag to 2025-08-25T16:00:00+00:00, run_after=2025-08-25T16:02:00+00:00
[2025-08-25 13:03:49,115] {processor.py:161} INFO - Processing /root/Documents/airflow/venv/lib64/python3.9/site-packages/airflow/example_dags/example_sla_dag.py took 0.189 seconds
[2025-08-25 13:05:30,397] {processor.py:153} INFO - Started process (PID=2796487) to work on /root/Documents/airflow/venv/lib64/python3.9/site-packages/airflow/example_dags/example_sla_dag.py
[2025-08-25 13:05:30,408] {processor.py:641} INFO - Processing file /root/Documents/airflow/venv/lib64/python3.9/site-packages/airflow/example_dags/example_sla_dag.py for tasks to queue
[2025-08-25 13:05:30,409] {logging_mixin.py:115} INFO - [2025-08-25 13:05:30,409] {dagbag.py:507} INFO - Filling up the DagBag from /root/Documents/airflow/venv/lib64/python3.9/site-packages/airflow/example_dags/example_sla_dag.py
[2025-08-25 13:05:30,476] {processor.py:651} INFO - DAG(s) dict_keys(['example_sla_dag']) retrieved from /root/Documents/airflow/venv/lib64/python3.9/site-packages/airflow/example_dags/example_sla_dag.py
[2025-08-25 13:05:30,514] {logging_mixin.py:115} INFO - [2025-08-25 13:05:30,514] {dag.py:2379} INFO - Sync 1 DAGs
[2025-08-25 13:05:30,580] {logging_mixin.py:115} INFO - [2025-08-25 13:05:30,580] {dag.py:2927} INFO - Setting next_dagrun for example_sla_dag to 2025-08-25T16:02:00+00:00, run_after=2025-08-25T16:04:00+00:00
[2025-08-25 13:05:30,655] {processor.py:161} INFO - Processing /root/Documents/airflow/venv/lib64/python3.9/site-packages/airflow/example_dags/example_sla_dag.py took 0.261 seconds
[2025-08-25 13:06:18,087] {processor.py:153} INFO - Started process (PID=2796633) to work on /root/Documents/airflow/venv/lib64/python3.9/site-packages/airflow/example_dags/example_sla_dag.py
[2025-08-25 13:06:18,098] {processor.py:641} INFO - Processing file /root/Documents/airflow/venv/lib64/python3.9/site-packages/airflow/example_dags/example_sla_dag.py for tasks to queue
[2025-08-25 13:06:18,099] {logging_mixin.py:115} INFO - [2025-08-25 13:06:18,099] {dagbag.py:507} INFO - Filling up the DagBag from /root/Documents/airflow/venv/lib64/python3.9/site-packages/airflow/example_dags/example_sla_dag.py
[2025-08-25 13:06:18,168] {processor.py:651} INFO - DAG(s) dict_keys(['example_sla_dag']) retrieved from /root/Documents/airflow/venv/lib64/python3.9/site-packages/airflow/example_dags/example_sla_dag.py
[2025-08-25 13:06:18,207] {logging_mixin.py:115} INFO - [2025-08-25 13:06:18,207] {dag.py:2379} INFO - Sync 1 DAGs
[2025-08-25 13:06:18,290] {logging_mixin.py:115} INFO - [2025-08-25 13:06:18,289] {dag.py:2927} INFO - Setting next_dagrun for example_sla_dag to 2025-08-25T16:04:00+00:00, run_after=2025-08-25T16:06:00+00:00
[2025-08-25 13:06:18,323] {processor.py:161} INFO - Processing /root/Documents/airflow/venv/lib64/python3.9/site-packages/airflow/example_dags/example_sla_dag.py took 0.240 seconds
[2025-08-25 13:08:26,164] {processor.py:153} INFO - Started process (PID=2797139) to work on /root/Documents/airflow/venv/lib64/python3.9/site-packages/airflow/example_dags/example_sla_dag.py
[2025-08-25 13:08:26,179] {processor.py:641} INFO - Processing file /root/Documents/airflow/venv/lib64/python3.9/site-packages/airflow/example_dags/example_sla_dag.py for tasks to queue
[2025-08-25 13:08:26,179] {logging_mixin.py:115} INFO - [2025-08-25 13:08:26,179] {dagbag.py:507} INFO - Filling up the DagBag from /root/Documents/airflow/venv/lib64/python3.9/site-packages/airflow/example_dags/example_sla_dag.py
[2025-08-25 13:08:26,248] {processor.py:651} INFO - DAG(s) dict_keys(['example_sla_dag']) retrieved from /root/Documents/airflow/venv/lib64/python3.9/site-packages/airflow/example_dags/example_sla_dag.py
[2025-08-25 13:08:26,287] {logging_mixin.py:115} INFO - [2025-08-25 13:08:26,287] {dag.py:2379} INFO - Sync 1 DAGs
[2025-08-25 13:08:26,390] {logging_mixin.py:115} INFO - [2025-08-25 13:08:26,390] {dag.py:2927} INFO - Setting next_dagrun for example_sla_dag to 2025-08-25T16:06:00+00:00, run_after=2025-08-25T16:08:00+00:00
[2025-08-25 13:08:26,455] {processor.py:161} INFO - Processing /root/Documents/airflow/venv/lib64/python3.9/site-packages/airflow/example_dags/example_sla_dag.py took 0.295 seconds
[2025-08-25 13:13:49,259] {processor.py:153} INFO - Started process (PID=2798112) to work on /root/Documents/airflow/venv/lib64/python3.9/site-packages/airflow/example_dags/example_sla_dag.py
[2025-08-25 13:13:49,270] {processor.py:641} INFO - Processing file /root/Documents/airflow/venv/lib64/python3.9/site-packages/airflow/example_dags/example_sla_dag.py for tasks to queue
[2025-08-25 13:13:49,271] {logging_mixin.py:115} INFO - [2025-08-25 13:13:49,271] {dagbag.py:507} INFO - Filling up the DagBag from /root/Documents/airflow/venv/lib64/python3.9/site-packages/airflow/example_dags/example_sla_dag.py
[2025-08-25 13:13:49,341] {processor.py:651} INFO - DAG(s) dict_keys(['example_sla_dag']) retrieved from /root/Documents/airflow/venv/lib64/python3.9/site-packages/airflow/example_dags/example_sla_dag.py
[2025-08-25 13:13:49,398] {logging_mixin.py:115} INFO - [2025-08-25 13:13:49,398] {dag.py:2379} INFO - Sync 1 DAGs
[2025-08-25 13:13:49,465] {logging_mixin.py:115} INFO - [2025-08-25 13:13:49,465] {dag.py:2927} INFO - Setting next_dagrun for example_sla_dag to 2025-08-25T16:10:00+00:00, run_after=2025-08-25T16:12:00+00:00
[2025-08-25 13:13:49,516] {processor.py:161} INFO - Processing /root/Documents/airflow/venv/lib64/python3.9/site-packages/airflow/example_dags/example_sla_dag.py took 0.260 seconds
[2025-08-25 13:14:38,161] {processor.py:153} INFO - Started process (PID=2798257) to work on /root/Documents/airflow/venv/lib64/python3.9/site-packages/airflow/example_dags/example_sla_dag.py
[2025-08-25 13:14:38,168] {processor.py:641} INFO - Processing file /root/Documents/airflow/venv/lib64/python3.9/site-packages/airflow/example_dags/example_sla_dag.py for tasks to queue
[2025-08-25 13:14:38,169] {logging_mixin.py:115} INFO - [2025-08-25 13:14:38,169] {dagbag.py:507} INFO - Filling up the DagBag from /root/Documents/airflow/venv/lib64/python3.9/site-packages/airflow/example_dags/example_sla_dag.py
[2025-08-25 13:14:38,189] {processor.py:651} INFO - DAG(s) dict_keys(['example_sla_dag']) retrieved from /root/Documents/airflow/venv/lib64/python3.9/site-packages/airflow/example_dags/example_sla_dag.py
[2025-08-25 13:14:38,229] {logging_mixin.py:115} INFO - [2025-08-25 13:14:38,229] {dag.py:2379} INFO - Sync 1 DAGs
[2025-08-25 13:14:38,321] {logging_mixin.py:115} INFO - [2025-08-25 13:14:38,321] {dag.py:2927} INFO - Setting next_dagrun for example_sla_dag to 2025-08-25T16:12:00+00:00, run_after=2025-08-25T16:14:00+00:00
[2025-08-25 13:14:38,419] {processor.py:161} INFO - Processing /root/Documents/airflow/venv/lib64/python3.9/site-packages/airflow/example_dags/example_sla_dag.py took 0.262 seconds
[2025-08-25 13:15:23,264] {processor.py:153} INFO - Started process (PID=2798399) to work on /root/Documents/airflow/venv/lib64/python3.9/site-packages/airflow/example_dags/example_sla_dag.py
[2025-08-25 13:15:23,275] {processor.py:641} INFO - Processing file /root/Documents/airflow/venv/lib64/python3.9/site-packages/airflow/example_dags/example_sla_dag.py for tasks to queue
[2025-08-25 13:15:23,276] {logging_mixin.py:115} INFO - [2025-08-25 13:15:23,276] {dagbag.py:507} INFO - Filling up the DagBag from /root/Documents/airflow/venv/lib64/python3.9/site-packages/airflow/example_dags/example_sla_dag.py
[2025-08-25 13:15:23,319] {processor.py:651} INFO - DAG(s) dict_keys(['example_sla_dag']) retrieved from /root/Documents/airflow/venv/lib64/python3.9/site-packages/airflow/example_dags/example_sla_dag.py
[2025-08-25 13:15:23,358] {logging_mixin.py:115} INFO - [2025-08-25 13:15:23,358] {dag.py:2379} INFO - Sync 1 DAGs
[2025-08-25 13:15:23,414] {logging_mixin.py:115} INFO - [2025-08-25 13:15:23,413] {dag.py:2927} INFO - Setting next_dagrun for example_sla_dag to 2025-08-25T16:12:00+00:00, run_after=2025-08-25T16:14:00+00:00
[2025-08-25 13:15:23,478] {processor.py:161} INFO - Processing /root/Documents/airflow/venv/lib64/python3.9/site-packages/airflow/example_dags/example_sla_dag.py took 0.217 seconds
[2025-08-25 13:16:11,193] {processor.py:153} INFO - Started process (PID=2798546) to work on /root/Documents/airflow/venv/lib64/python3.9/site-packages/airflow/example_dags/example_sla_dag.py
[2025-08-25 13:16:11,203] {processor.py:641} INFO - Processing file /root/Documents/airflow/venv/lib64/python3.9/site-packages/airflow/example_dags/example_sla_dag.py for tasks to queue
[2025-08-25 13:16:11,204] {logging_mixin.py:115} INFO - [2025-08-25 13:16:11,204] {dagbag.py:507} INFO - Filling up the DagBag from /root/Documents/airflow/venv/lib64/python3.9/site-packages/airflow/example_dags/example_sla_dag.py
[2025-08-25 13:16:11,224] {processor.py:651} INFO - DAG(s) dict_keys(['example_sla_dag']) retrieved from /root/Documents/airflow/venv/lib64/python3.9/site-packages/airflow/example_dags/example_sla_dag.py
[2025-08-25 13:16:11,252] {logging_mixin.py:115} INFO - [2025-08-25 13:16:11,252] {dag.py:2379} INFO - Sync 1 DAGs
[2025-08-25 13:16:11,297] {logging_mixin.py:115} INFO - [2025-08-25 13:16:11,296] {dag.py:2927} INFO - Setting next_dagrun for example_sla_dag to 2025-08-25T16:14:00+00:00, run_after=2025-08-25T16:16:00+00:00
[2025-08-25 13:16:11,331] {processor.py:161} INFO - Processing /root/Documents/airflow/venv/lib64/python3.9/site-packages/airflow/example_dags/example_sla_dag.py took 0.142 seconds
[2025-08-25 13:16:57,616] {processor.py:153} INFO - Started process (PID=2798625) to work on /root/Documents/airflow/venv/lib64/python3.9/site-packages/airflow/example_dags/example_sla_dag.py
[2025-08-25 13:16:57,626] {processor.py:641} INFO - Processing file /root/Documents/airflow/venv/lib64/python3.9/site-packages/airflow/example_dags/example_sla_dag.py for tasks to queue
[2025-08-25 13:16:57,627] {logging_mixin.py:115} INFO - [2025-08-25 13:16:57,627] {dagbag.py:507} INFO - Filling up the DagBag from /root/Documents/airflow/venv/lib64/python3.9/site-packages/airflow/example_dags/example_sla_dag.py
[2025-08-25 13:16:57,647] {processor.py:651} INFO - DAG(s) dict_keys(['example_sla_dag']) retrieved from /root/Documents/airflow/venv/lib64/python3.9/site-packages/airflow/example_dags/example_sla_dag.py
[2025-08-25 13:16:57,694] {logging_mixin.py:115} INFO - [2025-08-25 13:16:57,694] {dag.py:2379} INFO - Sync 1 DAGs
[2025-08-25 13:16:57,727] {logging_mixin.py:115} INFO - [2025-08-25 13:16:57,727] {dag.py:2927} INFO - Setting next_dagrun for example_sla_dag to 2025-08-25T16:14:00+00:00, run_after=2025-08-25T16:16:00+00:00
[2025-08-25 13:16:57,778] {processor.py:161} INFO - Processing /root/Documents/airflow/venv/lib64/python3.9/site-packages/airflow/example_dags/example_sla_dag.py took 0.165 seconds
[2025-08-25 13:17:48,696] {processor.py:153} INFO - Started process (PID=2798777) to work on /root/Documents/airflow/venv/lib64/python3.9/site-packages/airflow/example_dags/example_sla_dag.py
[2025-08-25 13:17:48,725] {processor.py:641} INFO - Processing file /root/Documents/airflow/venv/lib64/python3.9/site-packages/airflow/example_dags/example_sla_dag.py for tasks to queue
[2025-08-25 13:17:48,725] {logging_mixin.py:115} INFO - [2025-08-25 13:17:48,725] {dagbag.py:507} INFO - Filling up the DagBag from /root/Documents/airflow/venv/lib64/python3.9/site-packages/airflow/example_dags/example_sla_dag.py
[2025-08-25 13:17:48,768] {processor.py:651} INFO - DAG(s) dict_keys(['example_sla_dag']) retrieved from /root/Documents/airflow/venv/lib64/python3.9/site-packages/airflow/example_dags/example_sla_dag.py
[2025-08-25 13:17:48,795] {logging_mixin.py:115} INFO - [2025-08-25 13:17:48,795] {dag.py:2379} INFO - Sync 1 DAGs
[2025-08-25 13:17:48,830] {logging_mixin.py:115} INFO - [2025-08-25 13:17:48,830] {dag.py:2927} INFO - Setting next_dagrun for example_sla_dag to 2025-08-25T16:14:00+00:00, run_after=2025-08-25T16:16:00+00:00
[2025-08-25 13:17:48,912] {processor.py:161} INFO - Processing /root/Documents/airflow/venv/lib64/python3.9/site-packages/airflow/example_dags/example_sla_dag.py took 0.219 seconds
[2025-08-25 13:18:36,028] {processor.py:153} INFO - Started process (PID=2798954) to work on /root/Documents/airflow/venv/lib64/python3.9/site-packages/airflow/example_dags/example_sla_dag.py
[2025-08-25 13:18:36,042] {processor.py:641} INFO - Processing file /root/Documents/airflow/venv/lib64/python3.9/site-packages/airflow/example_dags/example_sla_dag.py for tasks to queue
[2025-08-25 13:18:36,043] {logging_mixin.py:115} INFO - [2025-08-25 13:18:36,042] {dagbag.py:507} INFO - Filling up the DagBag from /root/Documents/airflow/venv/lib64/python3.9/site-packages/airflow/example_dags/example_sla_dag.py
[2025-08-25 13:18:36,073] {processor.py:651} INFO - DAG(s) dict_keys(['example_sla_dag']) retrieved from /root/Documents/airflow/venv/lib64/python3.9/site-packages/airflow/example_dags/example_sla_dag.py
[2025-08-25 13:18:36,101] {logging_mixin.py:115} INFO - [2025-08-25 13:18:36,101] {dag.py:2379} INFO - Sync 1 DAGs
[2025-08-25 13:18:36,145] {logging_mixin.py:115} INFO - [2025-08-25 13:18:36,145] {dag.py:2927} INFO - Setting next_dagrun for example_sla_dag to 2025-08-25T16:16:00+00:00, run_after=2025-08-25T16:18:00+00:00
[2025-08-25 13:18:36,210] {processor.py:161} INFO - Processing /root/Documents/airflow/venv/lib64/python3.9/site-packages/airflow/example_dags/example_sla_dag.py took 0.185 seconds
[2025-08-25 13:19:17,473] {processor.py:153} INFO - Started process (PID=2799119) to work on /root/Documents/airflow/venv/lib64/python3.9/site-packages/airflow/example_dags/example_sla_dag.py
[2025-08-25 13:19:17,484] {processor.py:641} INFO - Processing file /root/Documents/airflow/venv/lib64/python3.9/site-packages/airflow/example_dags/example_sla_dag.py for tasks to queue
[2025-08-25 13:19:17,485] {logging_mixin.py:115} INFO - [2025-08-25 13:19:17,485] {dagbag.py:507} INFO - Filling up the DagBag from /root/Documents/airflow/venv/lib64/python3.9/site-packages/airflow/example_dags/example_sla_dag.py
[2025-08-25 13:19:17,506] {processor.py:651} INFO - DAG(s) dict_keys(['example_sla_dag']) retrieved from /root/Documents/airflow/venv/lib64/python3.9/site-packages/airflow/example_dags/example_sla_dag.py
[2025-08-25 13:19:17,535] {logging_mixin.py:115} INFO - [2025-08-25 13:19:17,534] {dag.py:2379} INFO - Sync 1 DAGs
[2025-08-25 13:19:17,593] {logging_mixin.py:115} INFO - [2025-08-25 13:19:17,593] {dag.py:2927} INFO - Setting next_dagrun for example_sla_dag to 2025-08-25T16:16:00+00:00, run_after=2025-08-25T16:18:00+00:00
[2025-08-25 13:19:17,663] {processor.py:161} INFO - Processing /root/Documents/airflow/venv/lib64/python3.9/site-packages/airflow/example_dags/example_sla_dag.py took 0.193 seconds
[2025-08-25 13:20:08,299] {processor.py:153} INFO - Started process (PID=2799253) to work on /root/Documents/airflow/venv/lib64/python3.9/site-packages/airflow/example_dags/example_sla_dag.py
[2025-08-25 13:20:08,311] {processor.py:641} INFO - Processing file /root/Documents/airflow/venv/lib64/python3.9/site-packages/airflow/example_dags/example_sla_dag.py for tasks to queue
[2025-08-25 13:20:08,311] {logging_mixin.py:115} INFO - [2025-08-25 13:20:08,311] {dagbag.py:507} INFO - Filling up the DagBag from /root/Documents/airflow/venv/lib64/python3.9/site-packages/airflow/example_dags/example_sla_dag.py
[2025-08-25 13:20:08,330] {processor.py:651} INFO - DAG(s) dict_keys(['example_sla_dag']) retrieved from /root/Documents/airflow/venv/lib64/python3.9/site-packages/airflow/example_dags/example_sla_dag.py
[2025-08-25 13:20:08,358] {logging_mixin.py:115} INFO - [2025-08-25 13:20:08,358] {dag.py:2379} INFO - Sync 1 DAGs
[2025-08-25 13:20:08,403] {logging_mixin.py:115} INFO - [2025-08-25 13:20:08,403] {dag.py:2927} INFO - Setting next_dagrun for example_sla_dag to 2025-08-25T16:18:00+00:00, run_after=2025-08-25T16:20:00+00:00
[2025-08-25 13:20:08,436] {processor.py:161} INFO - Processing /root/Documents/airflow/venv/lib64/python3.9/site-packages/airflow/example_dags/example_sla_dag.py took 0.140 seconds
[2025-08-25 13:20:52,313] {processor.py:153} INFO - Started process (PID=2799373) to work on /root/Documents/airflow/venv/lib64/python3.9/site-packages/airflow/example_dags/example_sla_dag.py
[2025-08-25 13:20:52,324] {processor.py:641} INFO - Processing file /root/Documents/airflow/venv/lib64/python3.9/site-packages/airflow/example_dags/example_sla_dag.py for tasks to queue
[2025-08-25 13:20:52,325] {logging_mixin.py:115} INFO - [2025-08-25 13:20:52,325] {dagbag.py:507} INFO - Filling up the DagBag from /root/Documents/airflow/venv/lib64/python3.9/site-packages/airflow/example_dags/example_sla_dag.py
[2025-08-25 13:20:52,386] {processor.py:651} INFO - DAG(s) dict_keys(['example_sla_dag']) retrieved from /root/Documents/airflow/venv/lib64/python3.9/site-packages/airflow/example_dags/example_sla_dag.py
[2025-08-25 13:20:52,464] {logging_mixin.py:115} INFO - [2025-08-25 13:20:52,464] {dag.py:2379} INFO - Sync 1 DAGs
[2025-08-25 13:20:52,517] {logging_mixin.py:115} INFO - [2025-08-25 13:20:52,517] {dag.py:2927} INFO - Setting next_dagrun for example_sla_dag to 2025-08-25T16:18:00+00:00, run_after=2025-08-25T16:20:00+00:00
[2025-08-25 13:20:52,592] {processor.py:161} INFO - Processing /root/Documents/airflow/venv/lib64/python3.9/site-packages/airflow/example_dags/example_sla_dag.py took 0.282 seconds
[2025-08-25 13:21:42,345] {processor.py:153} INFO - Started process (PID=2799525) to work on /root/Documents/airflow/venv/lib64/python3.9/site-packages/airflow/example_dags/example_sla_dag.py
[2025-08-25 13:21:42,357] {processor.py:641} INFO - Processing file /root/Documents/airflow/venv/lib64/python3.9/site-packages/airflow/example_dags/example_sla_dag.py for tasks to queue
[2025-08-25 13:21:42,357] {logging_mixin.py:115} INFO - [2025-08-25 13:21:42,357] {dagbag.py:507} INFO - Filling up the DagBag from /root/Documents/airflow/venv/lib64/python3.9/site-packages/airflow/example_dags/example_sla_dag.py
[2025-08-25 13:21:42,408] {processor.py:651} INFO - DAG(s) dict_keys(['example_sla_dag']) retrieved from /root/Documents/airflow/venv/lib64/python3.9/site-packages/airflow/example_dags/example_sla_dag.py
[2025-08-25 13:21:42,435] {logging_mixin.py:115} INFO - [2025-08-25 13:21:42,435] {dag.py:2379} INFO - Sync 1 DAGs
[2025-08-25 13:21:42,479] {logging_mixin.py:115} INFO - [2025-08-25 13:21:42,479] {dag.py:2927} INFO - Setting next_dagrun for example_sla_dag to 2025-08-25T16:18:00+00:00, run_after=2025-08-25T16:20:00+00:00
[2025-08-25 13:21:42,535] {processor.py:161} INFO - Processing /root/Documents/airflow/venv/lib64/python3.9/site-packages/airflow/example_dags/example_sla_dag.py took 0.193 seconds
[2025-08-25 13:22:30,237] {processor.py:153} INFO - Started process (PID=2799699) to work on /root/Documents/airflow/venv/lib64/python3.9/site-packages/airflow/example_dags/example_sla_dag.py
[2025-08-25 13:22:30,248] {processor.py:641} INFO - Processing file /root/Documents/airflow/venv/lib64/python3.9/site-packages/airflow/example_dags/example_sla_dag.py for tasks to queue
[2025-08-25 13:22:30,249] {logging_mixin.py:115} INFO - [2025-08-25 13:22:30,249] {dagbag.py:507} INFO - Filling up the DagBag from /root/Documents/airflow/venv/lib64/python3.9/site-packages/airflow/example_dags/example_sla_dag.py
[2025-08-25 13:22:30,279] {processor.py:651} INFO - DAG(s) dict_keys(['example_sla_dag']) retrieved from /root/Documents/airflow/venv/lib64/python3.9/site-packages/airflow/example_dags/example_sla_dag.py
[2025-08-25 13:22:30,296] {logging_mixin.py:115} INFO - [2025-08-25 13:22:30,295] {dag.py:2379} INFO - Sync 1 DAGs
[2025-08-25 13:22:30,338] {logging_mixin.py:115} INFO - [2025-08-25 13:22:30,338] {dag.py:2927} INFO - Setting next_dagrun for example_sla_dag to 2025-08-25T16:20:00+00:00, run_after=2025-08-25T16:22:00+00:00
[2025-08-25 13:22:30,467] {processor.py:161} INFO - Processing /root/Documents/airflow/venv/lib64/python3.9/site-packages/airflow/example_dags/example_sla_dag.py took 0.233 seconds
[2025-08-25 13:23:11,299] {processor.py:153} INFO - Started process (PID=2799836) to work on /root/Documents/airflow/venv/lib64/python3.9/site-packages/airflow/example_dags/example_sla_dag.py
[2025-08-25 13:23:11,311] {processor.py:641} INFO - Processing file /root/Documents/airflow/venv/lib64/python3.9/site-packages/airflow/example_dags/example_sla_dag.py for tasks to queue
[2025-08-25 13:23:11,311] {logging_mixin.py:115} INFO - [2025-08-25 13:23:11,311] {dagbag.py:507} INFO - Filling up the DagBag from /root/Documents/airflow/venv/lib64/python3.9/site-packages/airflow/example_dags/example_sla_dag.py
[2025-08-25 13:23:11,342] {processor.py:651} INFO - DAG(s) dict_keys(['example_sla_dag']) retrieved from /root/Documents/airflow/venv/lib64/python3.9/site-packages/airflow/example_dags/example_sla_dag.py
[2025-08-25 13:23:11,421] {logging_mixin.py:115} INFO - [2025-08-25 13:23:11,421] {dag.py:2379} INFO - Sync 1 DAGs
[2025-08-25 13:23:11,479] {logging_mixin.py:115} INFO - [2025-08-25 13:23:11,479] {dag.py:2927} INFO - Setting next_dagrun for example_sla_dag to 2025-08-25T16:20:00+00:00, run_after=2025-08-25T16:22:00+00:00
[2025-08-25 13:23:11,530] {processor.py:161} INFO - Processing /root/Documents/airflow/venv/lib64/python3.9/site-packages/airflow/example_dags/example_sla_dag.py took 0.234 seconds
[2025-08-25 13:23:57,604] {processor.py:153} INFO - Started process (PID=2799942) to work on /root/Documents/airflow/venv/lib64/python3.9/site-packages/airflow/example_dags/example_sla_dag.py
[2025-08-25 13:23:57,626] {processor.py:641} INFO - Processing file /root/Documents/airflow/venv/lib64/python3.9/site-packages/airflow/example_dags/example_sla_dag.py for tasks to queue
[2025-08-25 13:23:57,627] {logging_mixin.py:115} INFO - [2025-08-25 13:23:57,627] {dagbag.py:507} INFO - Filling up the DagBag from /root/Documents/airflow/venv/lib64/python3.9/site-packages/airflow/example_dags/example_sla_dag.py
[2025-08-25 13:23:57,670] {processor.py:651} INFO - DAG(s) dict_keys(['example_sla_dag']) retrieved from /root/Documents/airflow/venv/lib64/python3.9/site-packages/airflow/example_dags/example_sla_dag.py
[2025-08-25 13:23:57,731] {logging_mixin.py:115} INFO - [2025-08-25 13:23:57,731] {dag.py:2379} INFO - Sync 1 DAGs
[2025-08-25 13:23:57,798] {logging_mixin.py:115} INFO - [2025-08-25 13:23:57,798] {dag.py:2927} INFO - Setting next_dagrun for example_sla_dag to 2025-08-25T16:20:00+00:00, run_after=2025-08-25T16:22:00+00:00
[2025-08-25 13:23:57,874] {processor.py:161} INFO - Processing /root/Documents/airflow/venv/lib64/python3.9/site-packages/airflow/example_dags/example_sla_dag.py took 0.273 seconds
[2025-08-25 13:24:41,256] {processor.py:153} INFO - Started process (PID=2800109) to work on /root/Documents/airflow/venv/lib64/python3.9/site-packages/airflow/example_dags/example_sla_dag.py
[2025-08-25 13:24:41,267] {processor.py:641} INFO - Processing file /root/Documents/airflow/venv/lib64/python3.9/site-packages/airflow/example_dags/example_sla_dag.py for tasks to queue
[2025-08-25 13:24:41,268] {logging_mixin.py:115} INFO - [2025-08-25 13:24:41,268] {dagbag.py:507} INFO - Filling up the DagBag from /root/Documents/airflow/venv/lib64/python3.9/site-packages/airflow/example_dags/example_sla_dag.py
[2025-08-25 13:24:41,300] {processor.py:651} INFO - DAG(s) dict_keys(['example_sla_dag']) retrieved from /root/Documents/airflow/venv/lib64/python3.9/site-packages/airflow/example_dags/example_sla_dag.py
[2025-08-25 13:24:41,391] {logging_mixin.py:115} INFO - [2025-08-25 13:24:41,391] {dag.py:2379} INFO - Sync 1 DAGs
[2025-08-25 13:24:41,467] {logging_mixin.py:115} INFO - [2025-08-25 13:24:41,467] {dag.py:2927} INFO - Setting next_dagrun for example_sla_dag to 2025-08-25T16:22:00+00:00, run_after=2025-08-25T16:24:00+00:00
[2025-08-25 13:24:41,510] {processor.py:161} INFO - Processing /root/Documents/airflow/venv/lib64/python3.9/site-packages/airflow/example_dags/example_sla_dag.py took 0.257 seconds
[2025-08-25 13:25:21,575] {processor.py:153} INFO - Started process (PID=2800271) to work on /root/Documents/airflow/venv/lib64/python3.9/site-packages/airflow/example_dags/example_sla_dag.py
[2025-08-25 13:25:21,599] {processor.py:641} INFO - Processing file /root/Documents/airflow/venv/lib64/python3.9/site-packages/airflow/example_dags/example_sla_dag.py for tasks to queue
[2025-08-25 13:25:21,599] {logging_mixin.py:115} INFO - [2025-08-25 13:25:21,599] {dagbag.py:507} INFO - Filling up the DagBag from /root/Documents/airflow/venv/lib64/python3.9/site-packages/airflow/example_dags/example_sla_dag.py
[2025-08-25 13:25:21,670] {processor.py:651} INFO - DAG(s) dict_keys(['example_sla_dag']) retrieved from /root/Documents/airflow/venv/lib64/python3.9/site-packages/airflow/example_dags/example_sla_dag.py
[2025-08-25 13:25:21,689] {logging_mixin.py:115} INFO - [2025-08-25 13:25:21,689] {dag.py:2379} INFO - Sync 1 DAGs
[2025-08-25 13:25:21,739] {logging_mixin.py:115} INFO - [2025-08-25 13:25:21,739] {dag.py:2927} INFO - Setting next_dagrun for example_sla_dag to 2025-08-25T16:22:00+00:00, run_after=2025-08-25T16:24:00+00:00
[2025-08-25 13:25:21,824] {processor.py:161} INFO - Processing /root/Documents/airflow/venv/lib64/python3.9/site-packages/airflow/example_dags/example_sla_dag.py took 0.253 seconds
