[2025-08-25 13:00:52,234] {processor.py:153} INFO - Started process (PID=2795412) to work on /root/Documents/airflow/venv/lib64/python3.9/site-packages/airflow/example_dags/example_kubernetes_executor.py
[2025-08-25 13:00:52,235] {processor.py:641} INFO - Processing file /root/Documents/airflow/venv/lib64/python3.9/site-packages/airflow/example_dags/example_kubernetes_executor.py for tasks to queue
[2025-08-25 13:00:52,235] {logging_mixin.py:115} INFO - [2025-08-25 13:00:52,235] {dagbag.py:507} INFO - Filling up the DagBag from /root/Documents/airflow/venv/lib64/python3.9/site-packages/airflow/example_dags/example_kubernetes_executor.py
[2025-08-25 13:00:52,299] {logging_mixin.py:115} INFO - [2025-08-25 13:00:52,299] {example_kubernetes_executor.py:39} WARNING - The example_kubernetes_executor example DAG requires the kubernetes provider. Please install it with: pip install apache-airflow[cncf.kubernetes]
[2025-08-25 13:00:52,299] {processor.py:653} WARNING - No viable dags retrieved from /root/Documents/airflow/venv/lib64/python3.9/site-packages/airflow/example_dags/example_kubernetes_executor.py
[2025-08-25 13:00:52,331] {processor.py:161} INFO - Processing /root/Documents/airflow/venv/lib64/python3.9/site-packages/airflow/example_dags/example_kubernetes_executor.py took 0.100 seconds
[2025-08-25 13:01:40,365] {processor.py:153} INFO - Started process (PID=2795600) to work on /root/Documents/airflow/venv/lib64/python3.9/site-packages/airflow/example_dags/example_kubernetes_executor.py
[2025-08-25 13:01:40,376] {processor.py:641} INFO - Processing file /root/Documents/airflow/venv/lib64/python3.9/site-packages/airflow/example_dags/example_kubernetes_executor.py for tasks to queue
[2025-08-25 13:01:40,377] {logging_mixin.py:115} INFO - [2025-08-25 13:01:40,377] {dagbag.py:507} INFO - Filling up the DagBag from /root/Documents/airflow/venv/lib64/python3.9/site-packages/airflow/example_dags/example_kubernetes_executor.py
[2025-08-25 13:01:40,419] {logging_mixin.py:115} INFO - [2025-08-25 13:01:40,419] {example_kubernetes_executor.py:39} WARNING - The example_kubernetes_executor example DAG requires the kubernetes provider. Please install it with: pip install apache-airflow[cncf.kubernetes]
[2025-08-25 13:01:40,419] {processor.py:653} WARNING - No viable dags retrieved from /root/Documents/airflow/venv/lib64/python3.9/site-packages/airflow/example_dags/example_kubernetes_executor.py
[2025-08-25 13:01:40,463] {processor.py:161} INFO - Processing /root/Documents/airflow/venv/lib64/python3.9/site-packages/airflow/example_dags/example_kubernetes_executor.py took 0.100 seconds
[2025-08-25 13:02:33,337] {processor.py:153} INFO - Started process (PID=2795783) to work on /root/Documents/airflow/venv/lib64/python3.9/site-packages/airflow/example_dags/example_kubernetes_executor.py
[2025-08-25 13:02:33,370] {processor.py:641} INFO - Processing file /root/Documents/airflow/venv/lib64/python3.9/site-packages/airflow/example_dags/example_kubernetes_executor.py for tasks to queue
[2025-08-25 13:02:33,371] {logging_mixin.py:115} INFO - [2025-08-25 13:02:33,371] {dagbag.py:507} INFO - Filling up the DagBag from /root/Documents/airflow/venv/lib64/python3.9/site-packages/airflow/example_dags/example_kubernetes_executor.py
[2025-08-25 13:02:33,426] {logging_mixin.py:115} INFO - [2025-08-25 13:02:33,425] {example_kubernetes_executor.py:39} WARNING - The example_kubernetes_executor example DAG requires the kubernetes provider. Please install it with: pip install apache-airflow[cncf.kubernetes]
[2025-08-25 13:02:33,426] {processor.py:653} WARNING - No viable dags retrieved from /root/Documents/airflow/venv/lib64/python3.9/site-packages/airflow/example_dags/example_kubernetes_executor.py
[2025-08-25 13:02:33,470] {processor.py:161} INFO - Processing /root/Documents/airflow/venv/lib64/python3.9/site-packages/airflow/example_dags/example_kubernetes_executor.py took 0.135 seconds
[2025-08-25 13:03:29,921] {processor.py:153} INFO - Started process (PID=2795973) to work on /root/Documents/airflow/venv/lib64/python3.9/site-packages/airflow/example_dags/example_kubernetes_executor.py
[2025-08-25 13:03:29,943] {processor.py:641} INFO - Processing file /root/Documents/airflow/venv/lib64/python3.9/site-packages/airflow/example_dags/example_kubernetes_executor.py for tasks to queue
[2025-08-25 13:03:29,944] {logging_mixin.py:115} INFO - [2025-08-25 13:03:29,944] {dagbag.py:507} INFO - Filling up the DagBag from /root/Documents/airflow/venv/lib64/python3.9/site-packages/airflow/example_dags/example_kubernetes_executor.py
[2025-08-25 13:03:29,993] {logging_mixin.py:115} INFO - [2025-08-25 13:03:29,993] {example_kubernetes_executor.py:39} WARNING - The example_kubernetes_executor example DAG requires the kubernetes provider. Please install it with: pip install apache-airflow[cncf.kubernetes]
[2025-08-25 13:03:29,993] {processor.py:653} WARNING - No viable dags retrieved from /root/Documents/airflow/venv/lib64/python3.9/site-packages/airflow/example_dags/example_kubernetes_executor.py
[2025-08-25 13:03:30,017] {processor.py:161} INFO - Processing /root/Documents/airflow/venv/lib64/python3.9/site-packages/airflow/example_dags/example_kubernetes_executor.py took 0.100 seconds
[2025-08-25 13:05:48,954] {processor.py:153} INFO - Started process (PID=2796519) to work on /root/Documents/airflow/venv/lib64/python3.9/site-packages/airflow/example_dags/example_kubernetes_executor.py
[2025-08-25 13:05:48,965] {processor.py:641} INFO - Processing file /root/Documents/airflow/venv/lib64/python3.9/site-packages/airflow/example_dags/example_kubernetes_executor.py for tasks to queue
[2025-08-25 13:05:48,966] {logging_mixin.py:115} INFO - [2025-08-25 13:05:48,966] {dagbag.py:507} INFO - Filling up the DagBag from /root/Documents/airflow/venv/lib64/python3.9/site-packages/airflow/example_dags/example_kubernetes_executor.py
[2025-08-25 13:05:48,988] {logging_mixin.py:115} INFO - [2025-08-25 13:05:48,988] {example_kubernetes_executor.py:39} WARNING - The example_kubernetes_executor example DAG requires the kubernetes provider. Please install it with: pip install apache-airflow[cncf.kubernetes]
[2025-08-25 13:05:48,989] {processor.py:653} WARNING - No viable dags retrieved from /root/Documents/airflow/venv/lib64/python3.9/site-packages/airflow/example_dags/example_kubernetes_executor.py
[2025-08-25 13:05:49,011] {processor.py:161} INFO - Processing /root/Documents/airflow/venv/lib64/python3.9/site-packages/airflow/example_dags/example_kubernetes_executor.py took 0.061 seconds
[2025-08-25 13:06:39,665] {processor.py:153} INFO - Started process (PID=2796668) to work on /root/Documents/airflow/venv/lib64/python3.9/site-packages/airflow/example_dags/example_kubernetes_executor.py
[2025-08-25 13:06:39,665] {processor.py:641} INFO - Processing file /root/Documents/airflow/venv/lib64/python3.9/site-packages/airflow/example_dags/example_kubernetes_executor.py for tasks to queue
[2025-08-25 13:06:39,666] {logging_mixin.py:115} INFO - [2025-08-25 13:06:39,666] {dagbag.py:507} INFO - Filling up the DagBag from /root/Documents/airflow/venv/lib64/python3.9/site-packages/airflow/example_dags/example_kubernetes_executor.py
[2025-08-25 13:06:39,685] {logging_mixin.py:115} INFO - [2025-08-25 13:06:39,685] {example_kubernetes_executor.py:39} WARNING - The example_kubernetes_executor example DAG requires the kubernetes provider. Please install it with: pip install apache-airflow[cncf.kubernetes]
[2025-08-25 13:06:39,686] {processor.py:653} WARNING - No viable dags retrieved from /root/Documents/airflow/venv/lib64/python3.9/site-packages/airflow/example_dags/example_kubernetes_executor.py
[2025-08-25 13:06:39,707] {processor.py:161} INFO - Processing /root/Documents/airflow/venv/lib64/python3.9/site-packages/airflow/example_dags/example_kubernetes_executor.py took 0.046 seconds
[2025-08-25 13:08:44,612] {processor.py:153} INFO - Started process (PID=2797171) to work on /root/Documents/airflow/venv/lib64/python3.9/site-packages/airflow/example_dags/example_kubernetes_executor.py
[2025-08-25 13:08:44,613] {processor.py:641} INFO - Processing file /root/Documents/airflow/venv/lib64/python3.9/site-packages/airflow/example_dags/example_kubernetes_executor.py for tasks to queue
[2025-08-25 13:08:44,614] {logging_mixin.py:115} INFO - [2025-08-25 13:08:44,613] {dagbag.py:507} INFO - Filling up the DagBag from /root/Documents/airflow/venv/lib64/python3.9/site-packages/airflow/example_dags/example_kubernetes_executor.py
[2025-08-25 13:08:44,644] {logging_mixin.py:115} INFO - [2025-08-25 13:08:44,644] {example_kubernetes_executor.py:39} WARNING - The example_kubernetes_executor example DAG requires the kubernetes provider. Please install it with: pip install apache-airflow[cncf.kubernetes]
[2025-08-25 13:08:44,645] {processor.py:653} WARNING - No viable dags retrieved from /root/Documents/airflow/venv/lib64/python3.9/site-packages/airflow/example_dags/example_kubernetes_executor.py
[2025-08-25 13:08:44,673] {processor.py:161} INFO - Processing /root/Documents/airflow/venv/lib64/python3.9/site-packages/airflow/example_dags/example_kubernetes_executor.py took 0.065 seconds
[2025-08-25 13:14:12,548] {processor.py:153} INFO - Started process (PID=2798216) to work on /root/Documents/airflow/venv/lib64/python3.9/site-packages/airflow/example_dags/example_kubernetes_executor.py
[2025-08-25 13:14:12,550] {processor.py:641} INFO - Processing file /root/Documents/airflow/venv/lib64/python3.9/site-packages/airflow/example_dags/example_kubernetes_executor.py for tasks to queue
[2025-08-25 13:14:12,550] {logging_mixin.py:115} INFO - [2025-08-25 13:14:12,550] {dagbag.py:507} INFO - Filling up the DagBag from /root/Documents/airflow/venv/lib64/python3.9/site-packages/airflow/example_dags/example_kubernetes_executor.py
[2025-08-25 13:14:12,592] {logging_mixin.py:115} INFO - [2025-08-25 13:14:12,592] {example_kubernetes_executor.py:39} WARNING - The example_kubernetes_executor example DAG requires the kubernetes provider. Please install it with: pip install apache-airflow[cncf.kubernetes]
[2025-08-25 13:14:12,592] {processor.py:653} WARNING - No viable dags retrieved from /root/Documents/airflow/venv/lib64/python3.9/site-packages/airflow/example_dags/example_kubernetes_executor.py
[2025-08-25 13:14:12,635] {processor.py:161} INFO - Processing /root/Documents/airflow/venv/lib64/python3.9/site-packages/airflow/example_dags/example_kubernetes_executor.py took 0.090 seconds
[2025-08-25 13:15:00,505] {processor.py:153} INFO - Started process (PID=2798300) to work on /root/Documents/airflow/venv/lib64/python3.9/site-packages/airflow/example_dags/example_kubernetes_executor.py
[2025-08-25 13:15:00,527] {processor.py:641} INFO - Processing file /root/Documents/airflow/venv/lib64/python3.9/site-packages/airflow/example_dags/example_kubernetes_executor.py for tasks to queue
[2025-08-25 13:15:00,528] {logging_mixin.py:115} INFO - [2025-08-25 13:15:00,528] {dagbag.py:507} INFO - Filling up the DagBag from /root/Documents/airflow/venv/lib64/python3.9/site-packages/airflow/example_dags/example_kubernetes_executor.py
[2025-08-25 13:15:00,545] {logging_mixin.py:115} INFO - [2025-08-25 13:15:00,545] {example_kubernetes_executor.py:39} WARNING - The example_kubernetes_executor example DAG requires the kubernetes provider. Please install it with: pip install apache-airflow[cncf.kubernetes]
[2025-08-25 13:15:00,545] {processor.py:653} WARNING - No viable dags retrieved from /root/Documents/airflow/venv/lib64/python3.9/site-packages/airflow/example_dags/example_kubernetes_executor.py
[2025-08-25 13:15:00,589] {processor.py:161} INFO - Processing /root/Documents/airflow/venv/lib64/python3.9/site-packages/airflow/example_dags/example_kubernetes_executor.py took 0.087 seconds
[2025-08-25 13:15:45,387] {processor.py:153} INFO - Started process (PID=2798436) to work on /root/Documents/airflow/venv/lib64/python3.9/site-packages/airflow/example_dags/example_kubernetes_executor.py
[2025-08-25 13:15:45,400] {processor.py:641} INFO - Processing file /root/Documents/airflow/venv/lib64/python3.9/site-packages/airflow/example_dags/example_kubernetes_executor.py for tasks to queue
[2025-08-25 13:15:45,401] {logging_mixin.py:115} INFO - [2025-08-25 13:15:45,401] {dagbag.py:507} INFO - Filling up the DagBag from /root/Documents/airflow/venv/lib64/python3.9/site-packages/airflow/example_dags/example_kubernetes_executor.py
[2025-08-25 13:15:45,442] {logging_mixin.py:115} INFO - [2025-08-25 13:15:45,442] {example_kubernetes_executor.py:39} WARNING - The example_kubernetes_executor example DAG requires the kubernetes provider. Please install it with: pip install apache-airflow[cncf.kubernetes]
[2025-08-25 13:15:45,442] {processor.py:653} WARNING - No viable dags retrieved from /root/Documents/airflow/venv/lib64/python3.9/site-packages/airflow/example_dags/example_kubernetes_executor.py
[2025-08-25 13:15:45,475] {processor.py:161} INFO - Processing /root/Documents/airflow/venv/lib64/python3.9/site-packages/airflow/example_dags/example_kubernetes_executor.py took 0.091 seconds
[2025-08-25 13:16:33,557] {processor.py:153} INFO - Started process (PID=2798584) to work on /root/Documents/airflow/venv/lib64/python3.9/site-packages/airflow/example_dags/example_kubernetes_executor.py
[2025-08-25 13:16:33,568] {processor.py:641} INFO - Processing file /root/Documents/airflow/venv/lib64/python3.9/site-packages/airflow/example_dags/example_kubernetes_executor.py for tasks to queue
[2025-08-25 13:16:33,569] {logging_mixin.py:115} INFO - [2025-08-25 13:16:33,569] {dagbag.py:507} INFO - Filling up the DagBag from /root/Documents/airflow/venv/lib64/python3.9/site-packages/airflow/example_dags/example_kubernetes_executor.py
[2025-08-25 13:16:33,607] {logging_mixin.py:115} INFO - [2025-08-25 13:16:33,607] {example_kubernetes_executor.py:39} WARNING - The example_kubernetes_executor example DAG requires the kubernetes provider. Please install it with: pip install apache-airflow[cncf.kubernetes]
[2025-08-25 13:16:33,608] {processor.py:653} WARNING - No viable dags retrieved from /root/Documents/airflow/venv/lib64/python3.9/site-packages/airflow/example_dags/example_kubernetes_executor.py
[2025-08-25 13:16:33,641] {processor.py:161} INFO - Processing /root/Documents/airflow/venv/lib64/python3.9/site-packages/airflow/example_dags/example_kubernetes_executor.py took 0.087 seconds
[2025-08-25 13:17:25,049] {processor.py:153} INFO - Started process (PID=2798734) to work on /root/Documents/airflow/venv/lib64/python3.9/site-packages/airflow/example_dags/example_kubernetes_executor.py
[2025-08-25 13:17:25,060] {processor.py:641} INFO - Processing file /root/Documents/airflow/venv/lib64/python3.9/site-packages/airflow/example_dags/example_kubernetes_executor.py for tasks to queue
[2025-08-25 13:17:25,061] {logging_mixin.py:115} INFO - [2025-08-25 13:17:25,061] {dagbag.py:507} INFO - Filling up the DagBag from /root/Documents/airflow/venv/lib64/python3.9/site-packages/airflow/example_dags/example_kubernetes_executor.py
[2025-08-25 13:17:25,089] {logging_mixin.py:115} INFO - [2025-08-25 13:17:25,089] {example_kubernetes_executor.py:39} WARNING - The example_kubernetes_executor example DAG requires the kubernetes provider. Please install it with: pip install apache-airflow[cncf.kubernetes]
[2025-08-25 13:17:25,089] {processor.py:653} WARNING - No viable dags retrieved from /root/Documents/airflow/venv/lib64/python3.9/site-packages/airflow/example_dags/example_kubernetes_executor.py
[2025-08-25 13:17:25,132] {processor.py:161} INFO - Processing /root/Documents/airflow/venv/lib64/python3.9/site-packages/airflow/example_dags/example_kubernetes_executor.py took 0.086 seconds
[2025-08-25 13:18:11,945] {processor.py:153} INFO - Started process (PID=2798882) to work on /root/Documents/airflow/venv/lib64/python3.9/site-packages/airflow/example_dags/example_kubernetes_executor.py
[2025-08-25 13:18:11,956] {processor.py:641} INFO - Processing file /root/Documents/airflow/venv/lib64/python3.9/site-packages/airflow/example_dags/example_kubernetes_executor.py for tasks to queue
[2025-08-25 13:18:11,957] {logging_mixin.py:115} INFO - [2025-08-25 13:18:11,957] {dagbag.py:507} INFO - Filling up the DagBag from /root/Documents/airflow/venv/lib64/python3.9/site-packages/airflow/example_dags/example_kubernetes_executor.py
[2025-08-25 13:18:11,995] {logging_mixin.py:115} INFO - [2025-08-25 13:18:11,995] {example_kubernetes_executor.py:39} WARNING - The example_kubernetes_executor example DAG requires the kubernetes provider. Please install it with: pip install apache-airflow[cncf.kubernetes]
[2025-08-25 13:18:11,995] {processor.py:653} WARNING - No viable dags retrieved from /root/Documents/airflow/venv/lib64/python3.9/site-packages/airflow/example_dags/example_kubernetes_executor.py
[2025-08-25 13:18:12,028] {processor.py:161} INFO - Processing /root/Documents/airflow/venv/lib64/python3.9/site-packages/airflow/example_dags/example_kubernetes_executor.py took 0.086 seconds
[2025-08-25 13:18:53,274] {processor.py:153} INFO - Started process (PID=2798984) to work on /root/Documents/airflow/venv/lib64/python3.9/site-packages/airflow/example_dags/example_kubernetes_executor.py
[2025-08-25 13:18:53,285] {processor.py:641} INFO - Processing file /root/Documents/airflow/venv/lib64/python3.9/site-packages/airflow/example_dags/example_kubernetes_executor.py for tasks to queue
[2025-08-25 13:18:53,286] {logging_mixin.py:115} INFO - [2025-08-25 13:18:53,286] {dagbag.py:507} INFO - Filling up the DagBag from /root/Documents/airflow/venv/lib64/python3.9/site-packages/airflow/example_dags/example_kubernetes_executor.py
[2025-08-25 13:18:53,314] {logging_mixin.py:115} INFO - [2025-08-25 13:18:53,314] {example_kubernetes_executor.py:39} WARNING - The example_kubernetes_executor example DAG requires the kubernetes provider. Please install it with: pip install apache-airflow[cncf.kubernetes]
[2025-08-25 13:18:53,314] {processor.py:653} WARNING - No viable dags retrieved from /root/Documents/airflow/venv/lib64/python3.9/site-packages/airflow/example_dags/example_kubernetes_executor.py
[2025-08-25 13:18:53,349] {processor.py:161} INFO - Processing /root/Documents/airflow/venv/lib64/python3.9/site-packages/airflow/example_dags/example_kubernetes_executor.py took 0.078 seconds
[2025-08-25 13:19:45,541] {processor.py:153} INFO - Started process (PID=2799166) to work on /root/Documents/airflow/venv/lib64/python3.9/site-packages/airflow/example_dags/example_kubernetes_executor.py
[2025-08-25 13:19:45,562] {processor.py:641} INFO - Processing file /root/Documents/airflow/venv/lib64/python3.9/site-packages/airflow/example_dags/example_kubernetes_executor.py for tasks to queue
[2025-08-25 13:19:45,563] {logging_mixin.py:115} INFO - [2025-08-25 13:19:45,563] {dagbag.py:507} INFO - Filling up the DagBag from /root/Documents/airflow/venv/lib64/python3.9/site-packages/airflow/example_dags/example_kubernetes_executor.py
[2025-08-25 13:19:45,611] {logging_mixin.py:115} INFO - [2025-08-25 13:19:45,611] {example_kubernetes_executor.py:39} WARNING - The example_kubernetes_executor example DAG requires the kubernetes provider. Please install it with: pip install apache-airflow[cncf.kubernetes]
[2025-08-25 13:19:45,612] {processor.py:653} WARNING - No viable dags retrieved from /root/Documents/airflow/venv/lib64/python3.9/site-packages/airflow/example_dags/example_kubernetes_executor.py
[2025-08-25 13:19:45,634] {processor.py:161} INFO - Processing /root/Documents/airflow/venv/lib64/python3.9/site-packages/airflow/example_dags/example_kubernetes_executor.py took 0.096 seconds
[2025-08-25 13:20:34,888] {processor.py:153} INFO - Started process (PID=2799344) to work on /root/Documents/airflow/venv/lib64/python3.9/site-packages/airflow/example_dags/example_kubernetes_executor.py
[2025-08-25 13:20:34,910] {processor.py:641} INFO - Processing file /root/Documents/airflow/venv/lib64/python3.9/site-packages/airflow/example_dags/example_kubernetes_executor.py for tasks to queue
[2025-08-25 13:20:34,911] {logging_mixin.py:115} INFO - [2025-08-25 13:20:34,911] {dagbag.py:507} INFO - Filling up the DagBag from /root/Documents/airflow/venv/lib64/python3.9/site-packages/airflow/example_dags/example_kubernetes_executor.py
[2025-08-25 13:20:34,940] {logging_mixin.py:115} INFO - [2025-08-25 13:20:34,940] {example_kubernetes_executor.py:39} WARNING - The example_kubernetes_executor example DAG requires the kubernetes provider. Please install it with: pip install apache-airflow[cncf.kubernetes]
[2025-08-25 13:20:34,940] {processor.py:653} WARNING - No viable dags retrieved from /root/Documents/airflow/venv/lib64/python3.9/site-packages/airflow/example_dags/example_kubernetes_executor.py
[2025-08-25 13:20:34,987] {processor.py:161} INFO - Processing /root/Documents/airflow/venv/lib64/python3.9/site-packages/airflow/example_dags/example_kubernetes_executor.py took 0.102 seconds
[2025-08-25 13:21:21,431] {processor.py:153} INFO - Started process (PID=2799488) to work on /root/Documents/airflow/venv/lib64/python3.9/site-packages/airflow/example_dags/example_kubernetes_executor.py
[2025-08-25 13:21:21,442] {processor.py:641} INFO - Processing file /root/Documents/airflow/venv/lib64/python3.9/site-packages/airflow/example_dags/example_kubernetes_executor.py for tasks to queue
[2025-08-25 13:21:21,443] {logging_mixin.py:115} INFO - [2025-08-25 13:21:21,443] {dagbag.py:507} INFO - Filling up the DagBag from /root/Documents/airflow/venv/lib64/python3.9/site-packages/airflow/example_dags/example_kubernetes_executor.py
[2025-08-25 13:21:21,459] {logging_mixin.py:115} INFO - [2025-08-25 13:21:21,458] {example_kubernetes_executor.py:39} WARNING - The example_kubernetes_executor example DAG requires the kubernetes provider. Please install it with: pip install apache-airflow[cncf.kubernetes]
[2025-08-25 13:21:21,459] {processor.py:653} WARNING - No viable dags retrieved from /root/Documents/airflow/venv/lib64/python3.9/site-packages/airflow/example_dags/example_kubernetes_executor.py
[2025-08-25 13:21:21,481] {processor.py:161} INFO - Processing /root/Documents/airflow/venv/lib64/python3.9/site-packages/airflow/example_dags/example_kubernetes_executor.py took 0.053 seconds
[2025-08-25 13:22:08,886] {processor.py:153} INFO - Started process (PID=2799619) to work on /root/Documents/airflow/venv/lib64/python3.9/site-packages/airflow/example_dags/example_kubernetes_executor.py
[2025-08-25 13:22:08,909] {processor.py:641} INFO - Processing file /root/Documents/airflow/venv/lib64/python3.9/site-packages/airflow/example_dags/example_kubernetes_executor.py for tasks to queue
[2025-08-25 13:22:08,909] {logging_mixin.py:115} INFO - [2025-08-25 13:22:08,909] {dagbag.py:507} INFO - Filling up the DagBag from /root/Documents/airflow/venv/lib64/python3.9/site-packages/airflow/example_dags/example_kubernetes_executor.py
[2025-08-25 13:22:08,948] {logging_mixin.py:115} INFO - [2025-08-25 13:22:08,948] {example_kubernetes_executor.py:39} WARNING - The example_kubernetes_executor example DAG requires the kubernetes provider. Please install it with: pip install apache-airflow[cncf.kubernetes]
[2025-08-25 13:22:08,949] {processor.py:653} WARNING - No viable dags retrieved from /root/Documents/airflow/venv/lib64/python3.9/site-packages/airflow/example_dags/example_kubernetes_executor.py
[2025-08-25 13:22:08,960] {processor.py:161} INFO - Processing /root/Documents/airflow/venv/lib64/python3.9/site-packages/airflow/example_dags/example_kubernetes_executor.py took 0.077 seconds
[2025-08-25 13:22:59,535] {processor.py:153} INFO - Started process (PID=2799751) to work on /root/Documents/airflow/venv/lib64/python3.9/site-packages/airflow/example_dags/example_kubernetes_executor.py
[2025-08-25 13:22:59,568] {processor.py:641} INFO - Processing file /root/Documents/airflow/venv/lib64/python3.9/site-packages/airflow/example_dags/example_kubernetes_executor.py for tasks to queue
[2025-08-25 13:22:59,569] {logging_mixin.py:115} INFO - [2025-08-25 13:22:59,569] {dagbag.py:507} INFO - Filling up the DagBag from /root/Documents/airflow/venv/lib64/python3.9/site-packages/airflow/example_dags/example_kubernetes_executor.py
[2025-08-25 13:22:59,607] {logging_mixin.py:115} INFO - [2025-08-25 13:22:59,607] {example_kubernetes_executor.py:39} WARNING - The example_kubernetes_executor example DAG requires the kubernetes provider. Please install it with: pip install apache-airflow[cncf.kubernetes]
[2025-08-25 13:22:59,607] {processor.py:653} WARNING - No viable dags retrieved from /root/Documents/airflow/venv/lib64/python3.9/site-packages/airflow/example_dags/example_kubernetes_executor.py
[2025-08-25 13:22:59,641] {processor.py:161} INFO - Processing /root/Documents/airflow/venv/lib64/python3.9/site-packages/airflow/example_dags/example_kubernetes_executor.py took 0.109 seconds
[2025-08-25 13:23:50,077] {processor.py:153} INFO - Started process (PID=2799930) to work on /root/Documents/airflow/venv/lib64/python3.9/site-packages/airflow/example_dags/example_kubernetes_executor.py
[2025-08-25 13:23:50,105] {processor.py:641} INFO - Processing file /root/Documents/airflow/venv/lib64/python3.9/site-packages/airflow/example_dags/example_kubernetes_executor.py for tasks to queue
[2025-08-25 13:23:50,106] {logging_mixin.py:115} INFO - [2025-08-25 13:23:50,106] {dagbag.py:507} INFO - Filling up the DagBag from /root/Documents/airflow/venv/lib64/python3.9/site-packages/airflow/example_dags/example_kubernetes_executor.py
[2025-08-25 13:23:50,126] {logging_mixin.py:115} INFO - [2025-08-25 13:23:50,126] {example_kubernetes_executor.py:39} WARNING - The example_kubernetes_executor example DAG requires the kubernetes provider. Please install it with: pip install apache-airflow[cncf.kubernetes]
[2025-08-25 13:23:50,126] {processor.py:653} WARNING - No viable dags retrieved from /root/Documents/airflow/venv/lib64/python3.9/site-packages/airflow/example_dags/example_kubernetes_executor.py
[2025-08-25 13:23:50,138] {processor.py:161} INFO - Processing /root/Documents/airflow/venv/lib64/python3.9/site-packages/airflow/example_dags/example_kubernetes_executor.py took 0.064 seconds
[2025-08-25 13:24:51,865] {processor.py:153} INFO - Started process (PID=2800125) to work on /root/Documents/airflow/venv/lib64/python3.9/site-packages/airflow/example_dags/example_kubernetes_executor.py
[2025-08-25 13:24:51,877] {processor.py:641} INFO - Processing file /root/Documents/airflow/venv/lib64/python3.9/site-packages/airflow/example_dags/example_kubernetes_executor.py for tasks to queue
[2025-08-25 13:24:51,877] {logging_mixin.py:115} INFO - [2025-08-25 13:24:51,877] {dagbag.py:507} INFO - Filling up the DagBag from /root/Documents/airflow/venv/lib64/python3.9/site-packages/airflow/example_dags/example_kubernetes_executor.py
[2025-08-25 13:24:51,928] {logging_mixin.py:115} INFO - [2025-08-25 13:24:51,928] {example_kubernetes_executor.py:39} WARNING - The example_kubernetes_executor example DAG requires the kubernetes provider. Please install it with: pip install apache-airflow[cncf.kubernetes]
[2025-08-25 13:24:51,928] {processor.py:653} WARNING - No viable dags retrieved from /root/Documents/airflow/venv/lib64/python3.9/site-packages/airflow/example_dags/example_kubernetes_executor.py
[2025-08-25 13:24:51,962] {processor.py:161} INFO - Processing /root/Documents/airflow/venv/lib64/python3.9/site-packages/airflow/example_dags/example_kubernetes_executor.py took 0.100 seconds
[2025-08-25 13:25:49,640] {processor.py:153} INFO - Started process (PID=2800319) to work on /root/Documents/airflow/venv/lib64/python3.9/site-packages/airflow/example_dags/example_kubernetes_executor.py
[2025-08-25 13:25:49,653] {processor.py:641} INFO - Processing file /root/Documents/airflow/venv/lib64/python3.9/site-packages/airflow/example_dags/example_kubernetes_executor.py for tasks to queue
[2025-08-25 13:25:49,653] {logging_mixin.py:115} INFO - [2025-08-25 13:25:49,653] {dagbag.py:507} INFO - Filling up the DagBag from /root/Documents/airflow/venv/lib64/python3.9/site-packages/airflow/example_dags/example_kubernetes_executor.py
[2025-08-25 13:25:49,682] {logging_mixin.py:115} INFO - [2025-08-25 13:25:49,681] {example_kubernetes_executor.py:39} WARNING - The example_kubernetes_executor example DAG requires the kubernetes provider. Please install it with: pip install apache-airflow[cncf.kubernetes]
[2025-08-25 13:25:49,682] {processor.py:653} WARNING - No viable dags retrieved from /root/Documents/airflow/venv/lib64/python3.9/site-packages/airflow/example_dags/example_kubernetes_executor.py
[2025-08-25 13:25:49,760] {processor.py:161} INFO - Processing /root/Documents/airflow/venv/lib64/python3.9/site-packages/airflow/example_dags/example_kubernetes_executor.py took 0.123 seconds
