[2025-08-25 13:00:44,605] {processor.py:153} INFO - Started process (PID=2795398) to work on /root/Documents/airflow/venv/lib64/python3.9/site-packages/airflow/example_dags/example_skip_dag.py
[2025-08-25 13:00:44,605] {processor.py:641} INFO - Processing file /root/Documents/airflow/venv/lib64/python3.9/site-packages/airflow/example_dags/example_skip_dag.py for tasks to queue
[2025-08-25 13:00:44,606] {logging_mixin.py:115} INFO - [2025-08-25 13:00:44,606] {dagbag.py:507} INFO - Filling up the DagBag from /root/Documents/airflow/venv/lib64/python3.9/site-packages/airflow/example_dags/example_skip_dag.py
[2025-08-25 13:00:44,622] {processor.py:651} INFO - DAG(s) dict_keys(['example_skip_dag']) retrieved from /root/Documents/airflow/venv/lib64/python3.9/site-packages/airflow/example_dags/example_skip_dag.py
[2025-08-25 13:00:44,699] {logging_mixin.py:115} INFO - [2025-08-25 13:00:44,699] {dag.py:2379} INFO - Sync 1 DAGs
[2025-08-25 13:00:44,739] {logging_mixin.py:115} INFO - [2025-08-25 13:00:44,739] {dag.py:2927} INFO - Setting next_dagrun for example_skip_dag to 2025-08-24T16:00:44.739313+00:00, run_after=2025-08-25T16:00:44.739313+00:00
[2025-08-25 13:00:44,778] {processor.py:161} INFO - Processing /root/Documents/airflow/venv/lib64/python3.9/site-packages/airflow/example_dags/example_skip_dag.py took 0.177 seconds
[2025-08-25 13:01:31,081] {processor.py:153} INFO - Started process (PID=2795583) to work on /root/Documents/airflow/venv/lib64/python3.9/site-packages/airflow/example_dags/example_skip_dag.py
[2025-08-25 13:01:31,092] {processor.py:641} INFO - Processing file /root/Documents/airflow/venv/lib64/python3.9/site-packages/airflow/example_dags/example_skip_dag.py for tasks to queue
[2025-08-25 13:01:31,093] {logging_mixin.py:115} INFO - [2025-08-25 13:01:31,093] {dagbag.py:507} INFO - Filling up the DagBag from /root/Documents/airflow/venv/lib64/python3.9/site-packages/airflow/example_dags/example_skip_dag.py
[2025-08-25 13:01:31,099] {processor.py:651} INFO - DAG(s) dict_keys(['example_skip_dag']) retrieved from /root/Documents/airflow/venv/lib64/python3.9/site-packages/airflow/example_dags/example_skip_dag.py
[2025-08-25 13:01:31,163] {logging_mixin.py:115} INFO - [2025-08-25 13:01:31,163] {dag.py:2379} INFO - Sync 1 DAGs
[2025-08-25 13:01:31,183] {logging_mixin.py:115} INFO - [2025-08-25 13:01:31,182] {dag.py:2927} INFO - Setting next_dagrun for example_skip_dag to 2025-08-24T16:01:31.182605+00:00, run_after=2025-08-25T16:01:31.182605+00:00
[2025-08-25 13:01:31,198] {processor.py:161} INFO - Processing /root/Documents/airflow/venv/lib64/python3.9/site-packages/airflow/example_dags/example_skip_dag.py took 0.120 seconds
[2025-08-25 13:02:18,708] {processor.py:153} INFO - Started process (PID=2795759) to work on /root/Documents/airflow/venv/lib64/python3.9/site-packages/airflow/example_dags/example_skip_dag.py
[2025-08-25 13:02:18,729] {processor.py:641} INFO - Processing file /root/Documents/airflow/venv/lib64/python3.9/site-packages/airflow/example_dags/example_skip_dag.py for tasks to queue
[2025-08-25 13:02:18,730] {logging_mixin.py:115} INFO - [2025-08-25 13:02:18,730] {dagbag.py:507} INFO - Filling up the DagBag from /root/Documents/airflow/venv/lib64/python3.9/site-packages/airflow/example_dags/example_skip_dag.py
[2025-08-25 13:02:18,735] {processor.py:651} INFO - DAG(s) dict_keys(['example_skip_dag']) retrieved from /root/Documents/airflow/venv/lib64/python3.9/site-packages/airflow/example_dags/example_skip_dag.py
[2025-08-25 13:02:18,856] {logging_mixin.py:115} INFO - [2025-08-25 13:02:18,856] {dag.py:2379} INFO - Sync 1 DAGs
[2025-08-25 13:02:18,883] {logging_mixin.py:115} INFO - [2025-08-25 13:02:18,883] {dag.py:2927} INFO - Setting next_dagrun for example_skip_dag to 2025-08-24T16:02:18.883455+00:00, run_after=2025-08-25T16:02:18.883455+00:00
[2025-08-25 13:02:18,961] {processor.py:161} INFO - Processing /root/Documents/airflow/venv/lib64/python3.9/site-packages/airflow/example_dags/example_skip_dag.py took 0.256 seconds
[2025-08-25 13:03:14,472] {processor.py:153} INFO - Started process (PID=2795939) to work on /root/Documents/airflow/venv/lib64/python3.9/site-packages/airflow/example_dags/example_skip_dag.py
[2025-08-25 13:03:14,483] {processor.py:641} INFO - Processing file /root/Documents/airflow/venv/lib64/python3.9/site-packages/airflow/example_dags/example_skip_dag.py for tasks to queue
[2025-08-25 13:03:14,484] {logging_mixin.py:115} INFO - [2025-08-25 13:03:14,484] {dagbag.py:507} INFO - Filling up the DagBag from /root/Documents/airflow/venv/lib64/python3.9/site-packages/airflow/example_dags/example_skip_dag.py
[2025-08-25 13:03:14,490] {processor.py:651} INFO - DAG(s) dict_keys(['example_skip_dag']) retrieved from /root/Documents/airflow/venv/lib64/python3.9/site-packages/airflow/example_dags/example_skip_dag.py
[2025-08-25 13:03:14,560] {logging_mixin.py:115} INFO - [2025-08-25 13:03:14,560] {dag.py:2379} INFO - Sync 1 DAGs
[2025-08-25 13:03:14,610] {logging_mixin.py:115} INFO - [2025-08-25 13:03:14,610] {dag.py:2927} INFO - Setting next_dagrun for example_skip_dag to 2025-08-24T16:03:14.609836+00:00, run_after=2025-08-25T16:03:14.609836+00:00
[2025-08-25 13:03:14,669] {processor.py:161} INFO - Processing /root/Documents/airflow/venv/lib64/python3.9/site-packages/airflow/example_dags/example_skip_dag.py took 0.200 seconds
[2025-08-25 13:05:39,395] {processor.py:153} INFO - Started process (PID=2796505) to work on /root/Documents/airflow/venv/lib64/python3.9/site-packages/airflow/example_dags/example_skip_dag.py
[2025-08-25 13:05:39,405] {processor.py:641} INFO - Processing file /root/Documents/airflow/venv/lib64/python3.9/site-packages/airflow/example_dags/example_skip_dag.py for tasks to queue
[2025-08-25 13:05:39,406] {logging_mixin.py:115} INFO - [2025-08-25 13:05:39,406] {dagbag.py:507} INFO - Filling up the DagBag from /root/Documents/airflow/venv/lib64/python3.9/site-packages/airflow/example_dags/example_skip_dag.py
[2025-08-25 13:05:39,412] {processor.py:651} INFO - DAG(s) dict_keys(['example_skip_dag']) retrieved from /root/Documents/airflow/venv/lib64/python3.9/site-packages/airflow/example_dags/example_skip_dag.py
[2025-08-25 13:05:39,531] {logging_mixin.py:115} INFO - [2025-08-25 13:05:39,531] {dag.py:2379} INFO - Sync 1 DAGs
[2025-08-25 13:05:39,612] {logging_mixin.py:115} INFO - [2025-08-25 13:05:39,612] {dag.py:2927} INFO - Setting next_dagrun for example_skip_dag to 2025-08-24T16:05:39.612473+00:00, run_after=2025-08-25T16:05:39.612473+00:00
[2025-08-25 13:05:39,683] {processor.py:161} INFO - Processing /root/Documents/airflow/venv/lib64/python3.9/site-packages/airflow/example_dags/example_skip_dag.py took 0.291 seconds
[2025-08-25 13:06:27,366] {processor.py:153} INFO - Started process (PID=2796648) to work on /root/Documents/airflow/venv/lib64/python3.9/site-packages/airflow/example_dags/example_skip_dag.py
[2025-08-25 13:06:27,377] {processor.py:641} INFO - Processing file /root/Documents/airflow/venv/lib64/python3.9/site-packages/airflow/example_dags/example_skip_dag.py for tasks to queue
[2025-08-25 13:06:27,377] {logging_mixin.py:115} INFO - [2025-08-25 13:06:27,377] {dagbag.py:507} INFO - Filling up the DagBag from /root/Documents/airflow/venv/lib64/python3.9/site-packages/airflow/example_dags/example_skip_dag.py
[2025-08-25 13:06:27,383] {processor.py:651} INFO - DAG(s) dict_keys(['example_skip_dag']) retrieved from /root/Documents/airflow/venv/lib64/python3.9/site-packages/airflow/example_dags/example_skip_dag.py
[2025-08-25 13:06:27,416] {logging_mixin.py:115} INFO - [2025-08-25 13:06:27,416] {dag.py:2379} INFO - Sync 1 DAGs
[2025-08-25 13:06:27,446] {logging_mixin.py:115} INFO - [2025-08-25 13:06:27,446] {dag.py:2927} INFO - Setting next_dagrun for example_skip_dag to 2025-08-24T16:06:27.446255+00:00, run_after=2025-08-25T16:06:27.446255+00:00
[2025-08-25 13:06:27,563] {processor.py:161} INFO - Processing /root/Documents/airflow/venv/lib64/python3.9/site-packages/airflow/example_dags/example_skip_dag.py took 0.201 seconds
[2025-08-25 13:08:35,358] {processor.py:153} INFO - Started process (PID=2797154) to work on /root/Documents/airflow/venv/lib64/python3.9/site-packages/airflow/example_dags/example_skip_dag.py
[2025-08-25 13:08:35,369] {processor.py:641} INFO - Processing file /root/Documents/airflow/venv/lib64/python3.9/site-packages/airflow/example_dags/example_skip_dag.py for tasks to queue
[2025-08-25 13:08:35,370] {logging_mixin.py:115} INFO - [2025-08-25 13:08:35,370] {dagbag.py:507} INFO - Filling up the DagBag from /root/Documents/airflow/venv/lib64/python3.9/site-packages/airflow/example_dags/example_skip_dag.py
[2025-08-25 13:08:35,376] {processor.py:651} INFO - DAG(s) dict_keys(['example_skip_dag']) retrieved from /root/Documents/airflow/venv/lib64/python3.9/site-packages/airflow/example_dags/example_skip_dag.py
[2025-08-25 13:08:35,423] {logging_mixin.py:115} INFO - [2025-08-25 13:08:35,423] {dag.py:2379} INFO - Sync 1 DAGs
[2025-08-25 13:08:35,453] {logging_mixin.py:115} INFO - [2025-08-25 13:08:35,453] {dag.py:2927} INFO - Setting next_dagrun for example_skip_dag to 2025-08-24T16:08:35.453291+00:00, run_after=2025-08-25T16:08:35.453291+00:00
[2025-08-25 13:08:35,532] {processor.py:161} INFO - Processing /root/Documents/airflow/venv/lib64/python3.9/site-packages/airflow/example_dags/example_skip_dag.py took 0.178 seconds
[2025-08-25 13:14:00,029] {processor.py:153} INFO - Started process (PID=2798134) to work on /root/Documents/airflow/venv/lib64/python3.9/site-packages/airflow/example_dags/example_skip_dag.py
[2025-08-25 13:14:00,041] {processor.py:641} INFO - Processing file /root/Documents/airflow/venv/lib64/python3.9/site-packages/airflow/example_dags/example_skip_dag.py for tasks to queue
[2025-08-25 13:14:00,041] {logging_mixin.py:115} INFO - [2025-08-25 13:14:00,041] {dagbag.py:507} INFO - Filling up the DagBag from /root/Documents/airflow/venv/lib64/python3.9/site-packages/airflow/example_dags/example_skip_dag.py
[2025-08-25 13:14:00,047] {processor.py:651} INFO - DAG(s) dict_keys(['example_skip_dag']) retrieved from /root/Documents/airflow/venv/lib64/python3.9/site-packages/airflow/example_dags/example_skip_dag.py
[2025-08-25 13:14:00,209] {logging_mixin.py:115} INFO - [2025-08-25 13:14:00,189] {dag.py:2379} INFO - Sync 1 DAGs
[2025-08-25 13:14:00,250] {logging_mixin.py:115} INFO - [2025-08-25 13:14:00,250] {dag.py:2927} INFO - Setting next_dagrun for example_skip_dag to 2025-08-24T16:14:00.249774+00:00, run_after=2025-08-25T16:14:00.249774+00:00
[2025-08-25 13:14:00,342] {processor.py:161} INFO - Processing /root/Documents/airflow/venv/lib64/python3.9/site-packages/airflow/example_dags/example_skip_dag.py took 0.316 seconds
[2025-08-25 13:14:48,737] {processor.py:153} INFO - Started process (PID=2798272) to work on /root/Documents/airflow/venv/lib64/python3.9/site-packages/airflow/example_dags/example_skip_dag.py
[2025-08-25 13:14:48,739] {processor.py:641} INFO - Processing file /root/Documents/airflow/venv/lib64/python3.9/site-packages/airflow/example_dags/example_skip_dag.py for tasks to queue
[2025-08-25 13:14:48,739] {logging_mixin.py:115} INFO - [2025-08-25 13:14:48,739] {dagbag.py:507} INFO - Filling up the DagBag from /root/Documents/airflow/venv/lib64/python3.9/site-packages/airflow/example_dags/example_skip_dag.py
[2025-08-25 13:14:48,745] {processor.py:651} INFO - DAG(s) dict_keys(['example_skip_dag']) retrieved from /root/Documents/airflow/venv/lib64/python3.9/site-packages/airflow/example_dags/example_skip_dag.py
[2025-08-25 13:14:48,763] {logging_mixin.py:115} INFO - [2025-08-25 13:14:48,763] {dag.py:2379} INFO - Sync 1 DAGs
[2025-08-25 13:14:48,792] {logging_mixin.py:115} INFO - [2025-08-25 13:14:48,792] {dag.py:2927} INFO - Setting next_dagrun for example_skip_dag to 2025-08-24T16:14:48.792263+00:00, run_after=2025-08-25T16:14:48.792263+00:00
[2025-08-25 13:14:48,858] {processor.py:161} INFO - Processing /root/Documents/airflow/venv/lib64/python3.9/site-packages/airflow/example_dags/example_skip_dag.py took 0.124 seconds
[2025-08-25 13:15:34,912] {processor.py:153} INFO - Started process (PID=2798418) to work on /root/Documents/airflow/venv/lib64/python3.9/site-packages/airflow/example_dags/example_skip_dag.py
[2025-08-25 13:15:34,923] {processor.py:641} INFO - Processing file /root/Documents/airflow/venv/lib64/python3.9/site-packages/airflow/example_dags/example_skip_dag.py for tasks to queue
[2025-08-25 13:15:34,924] {logging_mixin.py:115} INFO - [2025-08-25 13:15:34,924] {dagbag.py:507} INFO - Filling up the DagBag from /root/Documents/airflow/venv/lib64/python3.9/site-packages/airflow/example_dags/example_skip_dag.py
[2025-08-25 13:15:34,930] {processor.py:651} INFO - DAG(s) dict_keys(['example_skip_dag']) retrieved from /root/Documents/airflow/venv/lib64/python3.9/site-packages/airflow/example_dags/example_skip_dag.py
[2025-08-25 13:15:34,993] {logging_mixin.py:115} INFO - [2025-08-25 13:15:34,993] {dag.py:2379} INFO - Sync 1 DAGs
[2025-08-25 13:15:35,057] {logging_mixin.py:115} INFO - [2025-08-25 13:15:35,057] {dag.py:2927} INFO - Setting next_dagrun for example_skip_dag to 2025-08-24T16:15:35.057154+00:00, run_after=2025-08-25T16:15:35.057154+00:00
[2025-08-25 13:15:35,112] {processor.py:161} INFO - Processing /root/Documents/airflow/venv/lib64/python3.9/site-packages/airflow/example_dags/example_skip_dag.py took 0.203 seconds
[2025-08-25 13:16:25,516] {processor.py:153} INFO - Started process (PID=2798569) to work on /root/Documents/airflow/venv/lib64/python3.9/site-packages/airflow/example_dags/example_skip_dag.py
[2025-08-25 13:16:25,527] {processor.py:641} INFO - Processing file /root/Documents/airflow/venv/lib64/python3.9/site-packages/airflow/example_dags/example_skip_dag.py for tasks to queue
[2025-08-25 13:16:25,528] {logging_mixin.py:115} INFO - [2025-08-25 13:16:25,528] {dagbag.py:507} INFO - Filling up the DagBag from /root/Documents/airflow/venv/lib64/python3.9/site-packages/airflow/example_dags/example_skip_dag.py
[2025-08-25 13:16:25,533] {processor.py:651} INFO - DAG(s) dict_keys(['example_skip_dag']) retrieved from /root/Documents/airflow/venv/lib64/python3.9/site-packages/airflow/example_dags/example_skip_dag.py
[2025-08-25 13:16:25,561] {logging_mixin.py:115} INFO - [2025-08-25 13:16:25,561] {dag.py:2379} INFO - Sync 1 DAGs
[2025-08-25 13:16:25,591] {logging_mixin.py:115} INFO - [2025-08-25 13:16:25,591] {dag.py:2927} INFO - Setting next_dagrun for example_skip_dag to 2025-08-24T16:16:25.590892+00:00, run_after=2025-08-25T16:16:25.590892+00:00
[2025-08-25 13:16:25,656] {processor.py:161} INFO - Processing /root/Documents/airflow/venv/lib64/python3.9/site-packages/airflow/example_dags/example_skip_dag.py took 0.143 seconds
[2025-08-25 13:17:16,598] {processor.py:153} INFO - Started process (PID=2798722) to work on /root/Documents/airflow/venv/lib64/python3.9/site-packages/airflow/example_dags/example_skip_dag.py
[2025-08-25 13:17:16,609] {processor.py:641} INFO - Processing file /root/Documents/airflow/venv/lib64/python3.9/site-packages/airflow/example_dags/example_skip_dag.py for tasks to queue
[2025-08-25 13:17:16,610] {logging_mixin.py:115} INFO - [2025-08-25 13:17:16,610] {dagbag.py:507} INFO - Filling up the DagBag from /root/Documents/airflow/venv/lib64/python3.9/site-packages/airflow/example_dags/example_skip_dag.py
[2025-08-25 13:17:16,616] {processor.py:651} INFO - DAG(s) dict_keys(['example_skip_dag']) retrieved from /root/Documents/airflow/venv/lib64/python3.9/site-packages/airflow/example_dags/example_skip_dag.py
[2025-08-25 13:17:16,687] {logging_mixin.py:115} INFO - [2025-08-25 13:17:16,687] {dag.py:2379} INFO - Sync 1 DAGs
[2025-08-25 13:17:16,822] {logging_mixin.py:115} INFO - [2025-08-25 13:17:16,822] {dag.py:2927} INFO - Setting next_dagrun for example_skip_dag to 2025-08-24T16:17:16.822041+00:00, run_after=2025-08-25T16:17:16.822041+00:00
[2025-08-25 13:17:16,868] {processor.py:161} INFO - Processing /root/Documents/airflow/venv/lib64/python3.9/site-packages/airflow/example_dags/example_skip_dag.py took 0.273 seconds
[2025-08-25 13:17:59,473] {processor.py:153} INFO - Started process (PID=2798795) to work on /root/Documents/airflow/venv/lib64/python3.9/site-packages/airflow/example_dags/example_skip_dag.py
[2025-08-25 13:17:59,474] {processor.py:641} INFO - Processing file /root/Documents/airflow/venv/lib64/python3.9/site-packages/airflow/example_dags/example_skip_dag.py for tasks to queue
[2025-08-25 13:17:59,475] {logging_mixin.py:115} INFO - [2025-08-25 13:17:59,475] {dagbag.py:507} INFO - Filling up the DagBag from /root/Documents/airflow/venv/lib64/python3.9/site-packages/airflow/example_dags/example_skip_dag.py
[2025-08-25 13:17:59,480] {processor.py:651} INFO - DAG(s) dict_keys(['example_skip_dag']) retrieved from /root/Documents/airflow/venv/lib64/python3.9/site-packages/airflow/example_dags/example_skip_dag.py
[2025-08-25 13:17:59,572] {logging_mixin.py:115} INFO - [2025-08-25 13:17:59,571] {dag.py:2379} INFO - Sync 1 DAGs
[2025-08-25 13:17:59,590] {logging_mixin.py:115} INFO - [2025-08-25 13:17:59,590] {dag.py:2927} INFO - Setting next_dagrun for example_skip_dag to 2025-08-24T16:17:59.590204+00:00, run_after=2025-08-25T16:17:59.590204+00:00
[2025-08-25 13:17:59,612] {processor.py:161} INFO - Processing /root/Documents/airflow/venv/lib64/python3.9/site-packages/airflow/example_dags/example_skip_dag.py took 0.143 seconds
[2025-08-25 13:18:46,139] {processor.py:153} INFO - Started process (PID=2798972) to work on /root/Documents/airflow/venv/lib64/python3.9/site-packages/airflow/example_dags/example_skip_dag.py
[2025-08-25 13:18:46,151] {processor.py:641} INFO - Processing file /root/Documents/airflow/venv/lib64/python3.9/site-packages/airflow/example_dags/example_skip_dag.py for tasks to queue
[2025-08-25 13:18:46,151] {logging_mixin.py:115} INFO - [2025-08-25 13:18:46,151] {dagbag.py:507} INFO - Filling up the DagBag from /root/Documents/airflow/venv/lib64/python3.9/site-packages/airflow/example_dags/example_skip_dag.py
[2025-08-25 13:18:46,157] {processor.py:651} INFO - DAG(s) dict_keys(['example_skip_dag']) retrieved from /root/Documents/airflow/venv/lib64/python3.9/site-packages/airflow/example_dags/example_skip_dag.py
[2025-08-25 13:18:46,185] {logging_mixin.py:115} INFO - [2025-08-25 13:18:46,185] {dag.py:2379} INFO - Sync 1 DAGs
[2025-08-25 13:18:46,262] {logging_mixin.py:115} INFO - [2025-08-25 13:18:46,262] {dag.py:2927} INFO - Setting next_dagrun for example_skip_dag to 2025-08-24T16:18:46.261808+00:00, run_after=2025-08-25T16:18:46.261808+00:00
[2025-08-25 13:18:46,310] {processor.py:161} INFO - Processing /root/Documents/airflow/venv/lib64/python3.9/site-packages/airflow/example_dags/example_skip_dag.py took 0.175 seconds
[2025-08-25 13:19:36,068] {processor.py:153} INFO - Started process (PID=2799152) to work on /root/Documents/airflow/venv/lib64/python3.9/site-packages/airflow/example_dags/example_skip_dag.py
[2025-08-25 13:19:36,079] {processor.py:641} INFO - Processing file /root/Documents/airflow/venv/lib64/python3.9/site-packages/airflow/example_dags/example_skip_dag.py for tasks to queue
[2025-08-25 13:19:36,080] {logging_mixin.py:115} INFO - [2025-08-25 13:19:36,080] {dagbag.py:507} INFO - Filling up the DagBag from /root/Documents/airflow/venv/lib64/python3.9/site-packages/airflow/example_dags/example_skip_dag.py
[2025-08-25 13:19:36,085] {processor.py:651} INFO - DAG(s) dict_keys(['example_skip_dag']) retrieved from /root/Documents/airflow/venv/lib64/python3.9/site-packages/airflow/example_dags/example_skip_dag.py
[2025-08-25 13:19:36,166] {logging_mixin.py:115} INFO - [2025-08-25 13:19:36,166] {dag.py:2379} INFO - Sync 1 DAGs
[2025-08-25 13:19:36,299] {logging_mixin.py:115} INFO - [2025-08-25 13:19:36,299] {dag.py:2927} INFO - Setting next_dagrun for example_skip_dag to 2025-08-24T16:19:36.298814+00:00, run_after=2025-08-25T16:19:36.298814+00:00
[2025-08-25 13:19:36,365] {processor.py:161} INFO - Processing /root/Documents/airflow/venv/lib64/python3.9/site-packages/airflow/example_dags/example_skip_dag.py took 0.300 seconds
[2025-08-25 13:20:26,709] {processor.py:153} INFO - Started process (PID=2799329) to work on /root/Documents/airflow/venv/lib64/python3.9/site-packages/airflow/example_dags/example_skip_dag.py
[2025-08-25 13:20:26,720] {processor.py:641} INFO - Processing file /root/Documents/airflow/venv/lib64/python3.9/site-packages/airflow/example_dags/example_skip_dag.py for tasks to queue
[2025-08-25 13:20:26,720] {logging_mixin.py:115} INFO - [2025-08-25 13:20:26,720] {dagbag.py:507} INFO - Filling up the DagBag from /root/Documents/airflow/venv/lib64/python3.9/site-packages/airflow/example_dags/example_skip_dag.py
[2025-08-25 13:20:26,726] {processor.py:651} INFO - DAG(s) dict_keys(['example_skip_dag']) retrieved from /root/Documents/airflow/venv/lib64/python3.9/site-packages/airflow/example_dags/example_skip_dag.py
[2025-08-25 13:20:26,765] {logging_mixin.py:115} INFO - [2025-08-25 13:20:26,765] {dag.py:2379} INFO - Sync 1 DAGs
[2025-08-25 13:20:26,795] {logging_mixin.py:115} INFO - [2025-08-25 13:20:26,794] {dag.py:2927} INFO - Setting next_dagrun for example_skip_dag to 2025-08-24T16:20:26.794625+00:00, run_after=2025-08-25T16:20:26.794625+00:00
[2025-08-25 13:20:26,862] {processor.py:161} INFO - Processing /root/Documents/airflow/venv/lib64/python3.9/site-packages/airflow/example_dags/example_skip_dag.py took 0.156 seconds
[2025-08-25 13:21:12,224] {processor.py:153} INFO - Started process (PID=2799473) to work on /root/Documents/airflow/venv/lib64/python3.9/site-packages/airflow/example_dags/example_skip_dag.py
[2025-08-25 13:21:12,246] {processor.py:641} INFO - Processing file /root/Documents/airflow/venv/lib64/python3.9/site-packages/airflow/example_dags/example_skip_dag.py for tasks to queue
[2025-08-25 13:21:12,247] {logging_mixin.py:115} INFO - [2025-08-25 13:21:12,247] {dagbag.py:507} INFO - Filling up the DagBag from /root/Documents/airflow/venv/lib64/python3.9/site-packages/airflow/example_dags/example_skip_dag.py
[2025-08-25 13:21:12,253] {processor.py:651} INFO - DAG(s) dict_keys(['example_skip_dag']) retrieved from /root/Documents/airflow/venv/lib64/python3.9/site-packages/airflow/example_dags/example_skip_dag.py
[2025-08-25 13:21:12,338] {logging_mixin.py:115} INFO - [2025-08-25 13:21:12,338] {dag.py:2379} INFO - Sync 1 DAGs
[2025-08-25 13:21:12,424] {logging_mixin.py:115} INFO - [2025-08-25 13:21:12,424] {dag.py:2927} INFO - Setting next_dagrun for example_skip_dag to 2025-08-24T16:21:12.423925+00:00, run_after=2025-08-25T16:21:12.423925+00:00
[2025-08-25 13:21:12,499] {processor.py:161} INFO - Processing /root/Documents/airflow/venv/lib64/python3.9/site-packages/airflow/example_dags/example_skip_dag.py took 0.278 seconds
[2025-08-25 13:21:56,246] {processor.py:153} INFO - Started process (PID=2799547) to work on /root/Documents/airflow/venv/lib64/python3.9/site-packages/airflow/example_dags/example_skip_dag.py
[2025-08-25 13:21:56,257] {processor.py:641} INFO - Processing file /root/Documents/airflow/venv/lib64/python3.9/site-packages/airflow/example_dags/example_skip_dag.py for tasks to queue
[2025-08-25 13:21:56,258] {logging_mixin.py:115} INFO - [2025-08-25 13:21:56,258] {dagbag.py:507} INFO - Filling up the DagBag from /root/Documents/airflow/venv/lib64/python3.9/site-packages/airflow/example_dags/example_skip_dag.py
[2025-08-25 13:21:56,263] {processor.py:651} INFO - DAG(s) dict_keys(['example_skip_dag']) retrieved from /root/Documents/airflow/venv/lib64/python3.9/site-packages/airflow/example_dags/example_skip_dag.py
[2025-08-25 13:21:56,293] {logging_mixin.py:115} INFO - [2025-08-25 13:21:56,293] {dag.py:2379} INFO - Sync 1 DAGs
[2025-08-25 13:21:56,323] {logging_mixin.py:115} INFO - [2025-08-25 13:21:56,322] {dag.py:2927} INFO - Setting next_dagrun for example_skip_dag to 2025-08-24T16:21:56.322665+00:00, run_after=2025-08-25T16:21:56.322665+00:00
[2025-08-25 13:21:56,407] {processor.py:161} INFO - Processing /root/Documents/airflow/venv/lib64/python3.9/site-packages/airflow/example_dags/example_skip_dag.py took 0.164 seconds
[2025-08-25 13:22:40,676] {processor.py:153} INFO - Started process (PID=2799718) to work on /root/Documents/airflow/venv/lib64/python3.9/site-packages/airflow/example_dags/example_skip_dag.py
[2025-08-25 13:22:40,687] {processor.py:641} INFO - Processing file /root/Documents/airflow/venv/lib64/python3.9/site-packages/airflow/example_dags/example_skip_dag.py for tasks to queue
[2025-08-25 13:22:40,688] {logging_mixin.py:115} INFO - [2025-08-25 13:22:40,688] {dagbag.py:507} INFO - Filling up the DagBag from /root/Documents/airflow/venv/lib64/python3.9/site-packages/airflow/example_dags/example_skip_dag.py
[2025-08-25 13:22:40,693] {processor.py:651} INFO - DAG(s) dict_keys(['example_skip_dag']) retrieved from /root/Documents/airflow/venv/lib64/python3.9/site-packages/airflow/example_dags/example_skip_dag.py
[2025-08-25 13:22:40,712] {logging_mixin.py:115} INFO - [2025-08-25 13:22:40,712] {dag.py:2379} INFO - Sync 1 DAGs
[2025-08-25 13:22:40,752] {logging_mixin.py:115} INFO - [2025-08-25 13:22:40,751] {dag.py:2927} INFO - Setting next_dagrun for example_skip_dag to 2025-08-24T16:22:40.751531+00:00, run_after=2025-08-25T16:22:40.751531+00:00
[2025-08-25 13:22:40,826] {processor.py:161} INFO - Processing /root/Documents/airflow/venv/lib64/python3.9/site-packages/airflow/example_dags/example_skip_dag.py took 0.153 seconds
[2025-08-25 13:23:27,502] {processor.py:153} INFO - Started process (PID=2799891) to work on /root/Documents/airflow/venv/lib64/python3.9/site-packages/airflow/example_dags/example_skip_dag.py
[2025-08-25 13:23:27,513] {processor.py:641} INFO - Processing file /root/Documents/airflow/venv/lib64/python3.9/site-packages/airflow/example_dags/example_skip_dag.py for tasks to queue
[2025-08-25 13:23:27,514] {logging_mixin.py:115} INFO - [2025-08-25 13:23:27,514] {dagbag.py:507} INFO - Filling up the DagBag from /root/Documents/airflow/venv/lib64/python3.9/site-packages/airflow/example_dags/example_skip_dag.py
[2025-08-25 13:23:27,519] {processor.py:651} INFO - DAG(s) dict_keys(['example_skip_dag']) retrieved from /root/Documents/airflow/venv/lib64/python3.9/site-packages/airflow/example_dags/example_skip_dag.py
[2025-08-25 13:23:27,549] {logging_mixin.py:115} INFO - [2025-08-25 13:23:27,549] {dag.py:2379} INFO - Sync 1 DAGs
[2025-08-25 13:23:27,640] {logging_mixin.py:115} INFO - [2025-08-25 13:23:27,640] {dag.py:2927} INFO - Setting next_dagrun for example_skip_dag to 2025-08-24T16:23:27.640298+00:00, run_after=2025-08-25T16:23:27.640298+00:00
[2025-08-25 13:23:27,695] {processor.py:161} INFO - Processing /root/Documents/airflow/venv/lib64/python3.9/site-packages/airflow/example_dags/example_skip_dag.py took 0.196 seconds
[2025-08-25 13:24:24,832] {processor.py:153} INFO - Started process (PID=2800082) to work on /root/Documents/airflow/venv/lib64/python3.9/site-packages/airflow/example_dags/example_skip_dag.py
[2025-08-25 13:24:24,845] {processor.py:641} INFO - Processing file /root/Documents/airflow/venv/lib64/python3.9/site-packages/airflow/example_dags/example_skip_dag.py for tasks to queue
[2025-08-25 13:24:24,846] {logging_mixin.py:115} INFO - [2025-08-25 13:24:24,846] {dagbag.py:507} INFO - Filling up the DagBag from /root/Documents/airflow/venv/lib64/python3.9/site-packages/airflow/example_dags/example_skip_dag.py
[2025-08-25 13:24:24,852] {processor.py:651} INFO - DAG(s) dict_keys(['example_skip_dag']) retrieved from /root/Documents/airflow/venv/lib64/python3.9/site-packages/airflow/example_dags/example_skip_dag.py
[2025-08-25 13:24:24,919] {logging_mixin.py:115} INFO - [2025-08-25 13:24:24,919] {dag.py:2379} INFO - Sync 1 DAGs
[2025-08-25 13:24:24,983] {logging_mixin.py:115} INFO - [2025-08-25 13:24:24,983] {dag.py:2927} INFO - Setting next_dagrun for example_skip_dag to 2025-08-24T16:24:24.983210+00:00, run_after=2025-08-25T16:24:24.983210+00:00
[2025-08-25 13:24:25,048] {processor.py:161} INFO - Processing /root/Documents/airflow/venv/lib64/python3.9/site-packages/airflow/example_dags/example_skip_dag.py took 0.219 seconds
[2025-08-25 13:25:24,356] {processor.py:153} INFO - Started process (PID=2800275) to work on /root/Documents/airflow/venv/lib64/python3.9/site-packages/airflow/example_dags/example_skip_dag.py
[2025-08-25 13:25:24,378] {processor.py:641} INFO - Processing file /root/Documents/airflow/venv/lib64/python3.9/site-packages/airflow/example_dags/example_skip_dag.py for tasks to queue
[2025-08-25 13:25:24,379] {logging_mixin.py:115} INFO - [2025-08-25 13:25:24,379] {dagbag.py:507} INFO - Filling up the DagBag from /root/Documents/airflow/venv/lib64/python3.9/site-packages/airflow/example_dags/example_skip_dag.py
[2025-08-25 13:25:24,385] {processor.py:651} INFO - DAG(s) dict_keys(['example_skip_dag']) retrieved from /root/Documents/airflow/venv/lib64/python3.9/site-packages/airflow/example_dags/example_skip_dag.py
[2025-08-25 13:25:24,465] {logging_mixin.py:115} INFO - [2025-08-25 13:25:24,465] {dag.py:2379} INFO - Sync 1 DAGs
[2025-08-25 13:25:24,526] {logging_mixin.py:115} INFO - [2025-08-25 13:25:24,526] {dag.py:2927} INFO - Setting next_dagrun for example_skip_dag to 2025-08-24T16:25:24.526198+00:00, run_after=2025-08-25T16:25:24.526198+00:00
[2025-08-25 13:25:24,559] {processor.py:161} INFO - Processing /root/Documents/airflow/venv/lib64/python3.9/site-packages/airflow/example_dags/example_skip_dag.py took 0.207 seconds
