[2025-08-25 13:00:37,047] {processor.py:153} INFO - Started process (PID=2795387) to work on /root/Documents/airflow/venv/lib64/python3.9/site-packages/airflow/example_dags/example_task_group_decorator.py
[2025-08-25 13:00:37,047] {processor.py:641} INFO - Processing file /root/Documents/airflow/venv/lib64/python3.9/site-packages/airflow/example_dags/example_task_group_decorator.py for tasks to queue
[2025-08-25 13:00:37,048] {logging_mixin.py:115} INFO - [2025-08-25 13:00:37,048] {dagbag.py:507} INFO - Filling up the DagBag from /root/Documents/airflow/venv/lib64/python3.9/site-packages/airflow/example_dags/example_task_group_decorator.py
[2025-08-25 13:00:37,147] {processor.py:651} INFO - DAG(s) dict_keys(['example_task_group_decorator']) retrieved from /root/Documents/airflow/venv/lib64/python3.9/site-packages/airflow/example_dags/example_task_group_decorator.py
[2025-08-25 13:00:37,322] {logging_mixin.py:115} INFO - [2025-08-25 13:00:37,322] {dag.py:2379} INFO - Sync 1 DAGs
[2025-08-25 13:00:37,383] {logging_mixin.py:115} INFO - [2025-08-25 13:00:37,383] {dag.py:2927} INFO - Setting next_dagrun for example_task_group_decorator to 2025-08-24T16:00:37.383353+00:00, run_after=2025-08-25T16:00:37.383353+00:00
[2025-08-25 13:00:37,456] {processor.py:161} INFO - Processing /root/Documents/airflow/venv/lib64/python3.9/site-packages/airflow/example_dags/example_task_group_decorator.py took 0.413 seconds
[2025-08-25 13:01:25,710] {processor.py:153} INFO - Started process (PID=2795574) to work on /root/Documents/airflow/venv/lib64/python3.9/site-packages/airflow/example_dags/example_task_group_decorator.py
[2025-08-25 13:01:25,721] {processor.py:641} INFO - Processing file /root/Documents/airflow/venv/lib64/python3.9/site-packages/airflow/example_dags/example_task_group_decorator.py for tasks to queue
[2025-08-25 13:01:25,722] {logging_mixin.py:115} INFO - [2025-08-25 13:01:25,722] {dagbag.py:507} INFO - Filling up the DagBag from /root/Documents/airflow/venv/lib64/python3.9/site-packages/airflow/example_dags/example_task_group_decorator.py
[2025-08-25 13:01:25,799] {processor.py:651} INFO - DAG(s) dict_keys(['example_task_group_decorator']) retrieved from /root/Documents/airflow/venv/lib64/python3.9/site-packages/airflow/example_dags/example_task_group_decorator.py
[2025-08-25 13:01:26,042] {logging_mixin.py:115} INFO - [2025-08-25 13:01:26,042] {dag.py:2379} INFO - Sync 1 DAGs
[2025-08-25 13:01:26,108] {logging_mixin.py:115} INFO - [2025-08-25 13:01:26,108] {dag.py:2927} INFO - Setting next_dagrun for example_task_group_decorator to 2025-08-24T16:01:26.107956+00:00, run_after=2025-08-25T16:01:26.107956+00:00
[2025-08-25 13:01:26,186] {processor.py:161} INFO - Processing /root/Documents/airflow/venv/lib64/python3.9/site-packages/airflow/example_dags/example_task_group_decorator.py took 0.479 seconds
[2025-08-25 13:02:13,301] {processor.py:153} INFO - Started process (PID=2795735) to work on /root/Documents/airflow/venv/lib64/python3.9/site-packages/airflow/example_dags/example_task_group_decorator.py
[2025-08-25 13:02:13,322] {processor.py:641} INFO - Processing file /root/Documents/airflow/venv/lib64/python3.9/site-packages/airflow/example_dags/example_task_group_decorator.py for tasks to queue
[2025-08-25 13:02:13,323] {logging_mixin.py:115} INFO - [2025-08-25 13:02:13,323] {dagbag.py:507} INFO - Filling up the DagBag from /root/Documents/airflow/venv/lib64/python3.9/site-packages/airflow/example_dags/example_task_group_decorator.py
[2025-08-25 13:02:13,406] {processor.py:651} INFO - DAG(s) dict_keys(['example_task_group_decorator']) retrieved from /root/Documents/airflow/venv/lib64/python3.9/site-packages/airflow/example_dags/example_task_group_decorator.py
[2025-08-25 13:02:13,606] {logging_mixin.py:115} INFO - [2025-08-25 13:02:13,606] {dag.py:2379} INFO - Sync 1 DAGs
[2025-08-25 13:02:13,658] {logging_mixin.py:115} INFO - [2025-08-25 13:02:13,658] {dag.py:2927} INFO - Setting next_dagrun for example_task_group_decorator to 2025-08-24T16:02:13.658120+00:00, run_after=2025-08-25T16:02:13.658120+00:00
[2025-08-25 13:02:13,676] {processor.py:161} INFO - Processing /root/Documents/airflow/venv/lib64/python3.9/site-packages/airflow/example_dags/example_task_group_decorator.py took 0.380 seconds
[2025-08-25 13:02:57,764] {processor.py:153} INFO - Started process (PID=2795824) to work on /root/Documents/airflow/venv/lib64/python3.9/site-packages/airflow/example_dags/example_task_group_decorator.py
[2025-08-25 13:02:57,778] {processor.py:641} INFO - Processing file /root/Documents/airflow/venv/lib64/python3.9/site-packages/airflow/example_dags/example_task_group_decorator.py for tasks to queue
[2025-08-25 13:02:57,779] {logging_mixin.py:115} INFO - [2025-08-25 13:02:57,779] {dagbag.py:507} INFO - Filling up the DagBag from /root/Documents/airflow/venv/lib64/python3.9/site-packages/airflow/example_dags/example_task_group_decorator.py
[2025-08-25 13:02:57,874] {processor.py:651} INFO - DAG(s) dict_keys(['example_task_group_decorator']) retrieved from /root/Documents/airflow/venv/lib64/python3.9/site-packages/airflow/example_dags/example_task_group_decorator.py
[2025-08-25 13:02:57,927] {logging_mixin.py:115} INFO - [2025-08-25 13:02:57,927] {dag.py:2379} INFO - Sync 1 DAGs
[2025-08-25 13:02:57,989] {logging_mixin.py:115} INFO - [2025-08-25 13:02:57,989] {dag.py:2927} INFO - Setting next_dagrun for example_task_group_decorator to 2025-08-24T16:02:57.988976+00:00, run_after=2025-08-25T16:02:57.988976+00:00
[2025-08-25 13:02:58,029] {processor.py:161} INFO - Processing /root/Documents/airflow/venv/lib64/python3.9/site-packages/airflow/example_dags/example_task_group_decorator.py took 0.268 seconds
[2025-08-25 13:03:52,082] {processor.py:153} INFO - Started process (PID=2796010) to work on /root/Documents/airflow/venv/lib64/python3.9/site-packages/airflow/example_dags/example_task_group_decorator.py
[2025-08-25 13:03:52,092] {processor.py:641} INFO - Processing file /root/Documents/airflow/venv/lib64/python3.9/site-packages/airflow/example_dags/example_task_group_decorator.py for tasks to queue
[2025-08-25 13:03:52,093] {logging_mixin.py:115} INFO - [2025-08-25 13:03:52,093] {dagbag.py:507} INFO - Filling up the DagBag from /root/Documents/airflow/venv/lib64/python3.9/site-packages/airflow/example_dags/example_task_group_decorator.py
[2025-08-25 13:03:52,190] {processor.py:651} INFO - DAG(s) dict_keys(['example_task_group_decorator']) retrieved from /root/Documents/airflow/venv/lib64/python3.9/site-packages/airflow/example_dags/example_task_group_decorator.py
[2025-08-25 13:03:52,431] {logging_mixin.py:115} INFO - [2025-08-25 13:03:52,431] {dag.py:2379} INFO - Sync 1 DAGs
[2025-08-25 13:03:52,488] {logging_mixin.py:115} INFO - [2025-08-25 13:03:52,488] {dag.py:2927} INFO - Setting next_dagrun for example_task_group_decorator to 2025-08-24T16:03:52.487711+00:00, run_after=2025-08-25T16:03:52.487711+00:00
[2025-08-25 13:03:52,568] {processor.py:161} INFO - Processing /root/Documents/airflow/venv/lib64/python3.9/site-packages/airflow/example_dags/example_task_group_decorator.py took 0.489 seconds
[2025-08-25 13:05:34,415] {processor.py:153} INFO - Started process (PID=2796494) to work on /root/Documents/airflow/venv/lib64/python3.9/site-packages/airflow/example_dags/example_task_group_decorator.py
[2025-08-25 13:05:34,437] {processor.py:641} INFO - Processing file /root/Documents/airflow/venv/lib64/python3.9/site-packages/airflow/example_dags/example_task_group_decorator.py for tasks to queue
[2025-08-25 13:05:34,438] {logging_mixin.py:115} INFO - [2025-08-25 13:05:34,438] {dagbag.py:507} INFO - Filling up the DagBag from /root/Documents/airflow/venv/lib64/python3.9/site-packages/airflow/example_dags/example_task_group_decorator.py
[2025-08-25 13:05:34,523] {processor.py:651} INFO - DAG(s) dict_keys(['example_task_group_decorator']) retrieved from /root/Documents/airflow/venv/lib64/python3.9/site-packages/airflow/example_dags/example_task_group_decorator.py
[2025-08-25 13:05:34,686] {logging_mixin.py:115} INFO - [2025-08-25 13:05:34,686] {dag.py:2379} INFO - Sync 1 DAGs
[2025-08-25 13:05:34,749] {logging_mixin.py:115} INFO - [2025-08-25 13:05:34,749] {dag.py:2927} INFO - Setting next_dagrun for example_task_group_decorator to 2025-08-24T16:05:34.749124+00:00, run_after=2025-08-25T16:05:34.749124+00:00
[2025-08-25 13:05:34,798] {processor.py:161} INFO - Processing /root/Documents/airflow/venv/lib64/python3.9/site-packages/airflow/example_dags/example_task_group_decorator.py took 0.387 seconds
[2025-08-25 13:06:21,168] {processor.py:153} INFO - Started process (PID=2796638) to work on /root/Documents/airflow/venv/lib64/python3.9/site-packages/airflow/example_dags/example_task_group_decorator.py
[2025-08-25 13:06:21,190] {processor.py:641} INFO - Processing file /root/Documents/airflow/venv/lib64/python3.9/site-packages/airflow/example_dags/example_task_group_decorator.py for tasks to queue
[2025-08-25 13:06:21,191] {logging_mixin.py:115} INFO - [2025-08-25 13:06:21,191] {dagbag.py:507} INFO - Filling up the DagBag from /root/Documents/airflow/venv/lib64/python3.9/site-packages/airflow/example_dags/example_task_group_decorator.py
[2025-08-25 13:06:21,324] {processor.py:651} INFO - DAG(s) dict_keys(['example_task_group_decorator']) retrieved from /root/Documents/airflow/venv/lib64/python3.9/site-packages/airflow/example_dags/example_task_group_decorator.py
[2025-08-25 13:06:21,509] {logging_mixin.py:115} INFO - [2025-08-25 13:06:21,509] {dag.py:2379} INFO - Sync 1 DAGs
[2025-08-25 13:06:21,592] {logging_mixin.py:115} INFO - [2025-08-25 13:06:21,592] {dag.py:2927} INFO - Setting next_dagrun for example_task_group_decorator to 2025-08-24T16:06:21.592510+00:00, run_after=2025-08-25T16:06:21.592510+00:00
[2025-08-25 13:06:21,682] {processor.py:161} INFO - Processing /root/Documents/airflow/venv/lib64/python3.9/site-packages/airflow/example_dags/example_task_group_decorator.py took 0.518 seconds
[2025-08-25 13:08:29,898] {processor.py:153} INFO - Started process (PID=2797146) to work on /root/Documents/airflow/venv/lib64/python3.9/site-packages/airflow/example_dags/example_task_group_decorator.py
[2025-08-25 13:08:29,909] {processor.py:641} INFO - Processing file /root/Documents/airflow/venv/lib64/python3.9/site-packages/airflow/example_dags/example_task_group_decorator.py for tasks to queue
[2025-08-25 13:08:29,910] {logging_mixin.py:115} INFO - [2025-08-25 13:08:29,910] {dagbag.py:507} INFO - Filling up the DagBag from /root/Documents/airflow/venv/lib64/python3.9/site-packages/airflow/example_dags/example_task_group_decorator.py
[2025-08-25 13:08:30,003] {processor.py:651} INFO - DAG(s) dict_keys(['example_task_group_decorator']) retrieved from /root/Documents/airflow/venv/lib64/python3.9/site-packages/airflow/example_dags/example_task_group_decorator.py
[2025-08-25 13:08:30,143] {logging_mixin.py:115} INFO - [2025-08-25 13:08:30,143] {dag.py:2379} INFO - Sync 1 DAGs
[2025-08-25 13:08:30,215] {logging_mixin.py:115} INFO - [2025-08-25 13:08:30,215] {dag.py:2927} INFO - Setting next_dagrun for example_task_group_decorator to 2025-08-24T16:08:30.215485+00:00, run_after=2025-08-25T16:08:30.215485+00:00
[2025-08-25 13:08:30,296] {processor.py:161} INFO - Processing /root/Documents/airflow/venv/lib64/python3.9/site-packages/airflow/example_dags/example_task_group_decorator.py took 0.402 seconds
[2025-08-25 13:13:53,536] {processor.py:153} INFO - Started process (PID=2798119) to work on /root/Documents/airflow/venv/lib64/python3.9/site-packages/airflow/example_dags/example_task_group_decorator.py
[2025-08-25 13:13:53,537] {processor.py:641} INFO - Processing file /root/Documents/airflow/venv/lib64/python3.9/site-packages/airflow/example_dags/example_task_group_decorator.py for tasks to queue
[2025-08-25 13:13:53,538] {logging_mixin.py:115} INFO - [2025-08-25 13:13:53,538] {dagbag.py:507} INFO - Filling up the DagBag from /root/Documents/airflow/venv/lib64/python3.9/site-packages/airflow/example_dags/example_task_group_decorator.py
[2025-08-25 13:13:53,600] {processor.py:651} INFO - DAG(s) dict_keys(['example_task_group_decorator']) retrieved from /root/Documents/airflow/venv/lib64/python3.9/site-packages/airflow/example_dags/example_task_group_decorator.py
[2025-08-25 13:13:53,703] {logging_mixin.py:115} INFO - [2025-08-25 13:13:53,703] {dag.py:2379} INFO - Sync 1 DAGs
[2025-08-25 13:13:53,722] {logging_mixin.py:115} INFO - [2025-08-25 13:13:53,722] {dag.py:2927} INFO - Setting next_dagrun for example_task_group_decorator to 2025-08-24T16:13:53.721820+00:00, run_after=2025-08-25T16:13:53.721820+00:00
[2025-08-25 13:13:53,768] {processor.py:161} INFO - Processing /root/Documents/airflow/venv/lib64/python3.9/site-packages/airflow/example_dags/example_task_group_decorator.py took 0.235 seconds
[2025-08-25 13:14:42,087] {processor.py:153} INFO - Started process (PID=2798263) to work on /root/Documents/airflow/venv/lib64/python3.9/site-packages/airflow/example_dags/example_task_group_decorator.py
[2025-08-25 13:14:42,098] {processor.py:641} INFO - Processing file /root/Documents/airflow/venv/lib64/python3.9/site-packages/airflow/example_dags/example_task_group_decorator.py for tasks to queue
[2025-08-25 13:14:42,099] {logging_mixin.py:115} INFO - [2025-08-25 13:14:42,099] {dagbag.py:507} INFO - Filling up the DagBag from /root/Documents/airflow/venv/lib64/python3.9/site-packages/airflow/example_dags/example_task_group_decorator.py
[2025-08-25 13:14:42,139] {processor.py:651} INFO - DAG(s) dict_keys(['example_task_group_decorator']) retrieved from /root/Documents/airflow/venv/lib64/python3.9/site-packages/airflow/example_dags/example_task_group_decorator.py
[2025-08-25 13:14:42,207] {logging_mixin.py:115} INFO - [2025-08-25 13:14:42,207] {dag.py:2379} INFO - Sync 1 DAGs
[2025-08-25 13:14:42,262] {logging_mixin.py:115} INFO - [2025-08-25 13:14:42,262] {dag.py:2927} INFO - Setting next_dagrun for example_task_group_decorator to 2025-08-24T16:14:42.262477+00:00, run_after=2025-08-25T16:14:42.262477+00:00
[2025-08-25 13:14:42,279] {processor.py:161} INFO - Processing /root/Documents/airflow/venv/lib64/python3.9/site-packages/airflow/example_dags/example_task_group_decorator.py took 0.195 seconds
[2025-08-25 13:15:26,849] {processor.py:153} INFO - Started process (PID=2798404) to work on /root/Documents/airflow/venv/lib64/python3.9/site-packages/airflow/example_dags/example_task_group_decorator.py
[2025-08-25 13:15:26,860] {processor.py:641} INFO - Processing file /root/Documents/airflow/venv/lib64/python3.9/site-packages/airflow/example_dags/example_task_group_decorator.py for tasks to queue
[2025-08-25 13:15:26,861] {logging_mixin.py:115} INFO - [2025-08-25 13:15:26,861] {dagbag.py:507} INFO - Filling up the DagBag from /root/Documents/airflow/venv/lib64/python3.9/site-packages/airflow/example_dags/example_task_group_decorator.py
[2025-08-25 13:15:26,901] {processor.py:651} INFO - DAG(s) dict_keys(['example_task_group_decorator']) retrieved from /root/Documents/airflow/venv/lib64/python3.9/site-packages/airflow/example_dags/example_task_group_decorator.py
[2025-08-25 13:15:27,006] {logging_mixin.py:115} INFO - [2025-08-25 13:15:27,006] {dag.py:2379} INFO - Sync 1 DAGs
[2025-08-25 13:15:27,035] {logging_mixin.py:115} INFO - [2025-08-25 13:15:27,035] {dag.py:2927} INFO - Setting next_dagrun for example_task_group_decorator to 2025-08-24T16:15:27.035221+00:00, run_after=2025-08-25T16:15:27.035221+00:00
[2025-08-25 13:15:27,062] {processor.py:161} INFO - Processing /root/Documents/airflow/venv/lib64/python3.9/site-packages/airflow/example_dags/example_task_group_decorator.py took 0.216 seconds
[2025-08-25 13:16:14,469] {processor.py:153} INFO - Started process (PID=2798550) to work on /root/Documents/airflow/venv/lib64/python3.9/site-packages/airflow/example_dags/example_task_group_decorator.py
[2025-08-25 13:16:14,480] {processor.py:641} INFO - Processing file /root/Documents/airflow/venv/lib64/python3.9/site-packages/airflow/example_dags/example_task_group_decorator.py for tasks to queue
[2025-08-25 13:16:14,481] {logging_mixin.py:115} INFO - [2025-08-25 13:16:14,481] {dagbag.py:507} INFO - Filling up the DagBag from /root/Documents/airflow/venv/lib64/python3.9/site-packages/airflow/example_dags/example_task_group_decorator.py
[2025-08-25 13:16:14,565] {processor.py:651} INFO - DAG(s) dict_keys(['example_task_group_decorator']) retrieved from /root/Documents/airflow/venv/lib64/python3.9/site-packages/airflow/example_dags/example_task_group_decorator.py
[2025-08-25 13:16:14,715] {logging_mixin.py:115} INFO - [2025-08-25 13:16:14,715] {dag.py:2379} INFO - Sync 1 DAGs
[2025-08-25 13:16:14,778] {logging_mixin.py:115} INFO - [2025-08-25 13:16:14,778] {dag.py:2927} INFO - Setting next_dagrun for example_task_group_decorator to 2025-08-24T16:16:14.778052+00:00, run_after=2025-08-25T16:16:14.778052+00:00
[2025-08-25 13:16:14,844] {processor.py:161} INFO - Processing /root/Documents/airflow/venv/lib64/python3.9/site-packages/airflow/example_dags/example_task_group_decorator.py took 0.378 seconds
[2025-08-25 13:17:01,700] {processor.py:153} INFO - Started process (PID=2798639) to work on /root/Documents/airflow/venv/lib64/python3.9/site-packages/airflow/example_dags/example_task_group_decorator.py
[2025-08-25 13:17:01,712] {processor.py:641} INFO - Processing file /root/Documents/airflow/venv/lib64/python3.9/site-packages/airflow/example_dags/example_task_group_decorator.py for tasks to queue
[2025-08-25 13:17:01,712] {logging_mixin.py:115} INFO - [2025-08-25 13:17:01,712] {dagbag.py:507} INFO - Filling up the DagBag from /root/Documents/airflow/venv/lib64/python3.9/site-packages/airflow/example_dags/example_task_group_decorator.py
[2025-08-25 13:17:01,759] {processor.py:651} INFO - DAG(s) dict_keys(['example_task_group_decorator']) retrieved from /root/Documents/airflow/venv/lib64/python3.9/site-packages/airflow/example_dags/example_task_group_decorator.py
[2025-08-25 13:17:01,996] {logging_mixin.py:115} INFO - [2025-08-25 13:17:01,996] {dag.py:2379} INFO - Sync 1 DAGs
[2025-08-25 13:17:02,054] {logging_mixin.py:115} INFO - [2025-08-25 13:17:02,054] {dag.py:2927} INFO - Setting next_dagrun for example_task_group_decorator to 2025-08-24T16:17:02.054289+00:00, run_after=2025-08-25T16:17:02.054289+00:00
[2025-08-25 13:17:02,083] {processor.py:161} INFO - Processing /root/Documents/airflow/venv/lib64/python3.9/site-packages/airflow/example_dags/example_task_group_decorator.py took 0.386 seconds
[2025-08-25 13:17:52,904] {processor.py:153} INFO - Started process (PID=2798784) to work on /root/Documents/airflow/venv/lib64/python3.9/site-packages/airflow/example_dags/example_task_group_decorator.py
[2025-08-25 13:17:52,916] {processor.py:641} INFO - Processing file /root/Documents/airflow/venv/lib64/python3.9/site-packages/airflow/example_dags/example_task_group_decorator.py for tasks to queue
[2025-08-25 13:17:52,916] {logging_mixin.py:115} INFO - [2025-08-25 13:17:52,916] {dagbag.py:507} INFO - Filling up the DagBag from /root/Documents/airflow/venv/lib64/python3.9/site-packages/airflow/example_dags/example_task_group_decorator.py
[2025-08-25 13:17:52,998] {processor.py:651} INFO - DAG(s) dict_keys(['example_task_group_decorator']) retrieved from /root/Documents/airflow/venv/lib64/python3.9/site-packages/airflow/example_dags/example_task_group_decorator.py
[2025-08-25 13:17:53,177] {logging_mixin.py:115} INFO - [2025-08-25 13:17:53,177] {dag.py:2379} INFO - Sync 1 DAGs
[2025-08-25 13:17:53,271] {logging_mixin.py:115} INFO - [2025-08-25 13:17:53,271] {dag.py:2927} INFO - Setting next_dagrun for example_task_group_decorator to 2025-08-24T16:17:53.271092+00:00, run_after=2025-08-25T16:17:53.271092+00:00
[2025-08-25 13:17:53,326] {processor.py:161} INFO - Processing /root/Documents/airflow/venv/lib64/python3.9/site-packages/airflow/example_dags/example_task_group_decorator.py took 0.425 seconds
[2025-08-25 13:18:39,139] {processor.py:153} INFO - Started process (PID=2798959) to work on /root/Documents/airflow/venv/lib64/python3.9/site-packages/airflow/example_dags/example_task_group_decorator.py
[2025-08-25 13:18:39,150] {processor.py:641} INFO - Processing file /root/Documents/airflow/venv/lib64/python3.9/site-packages/airflow/example_dags/example_task_group_decorator.py for tasks to queue
[2025-08-25 13:18:39,151] {logging_mixin.py:115} INFO - [2025-08-25 13:18:39,151] {dagbag.py:507} INFO - Filling up the DagBag from /root/Documents/airflow/venv/lib64/python3.9/site-packages/airflow/example_dags/example_task_group_decorator.py
[2025-08-25 13:18:39,213] {processor.py:651} INFO - DAG(s) dict_keys(['example_task_group_decorator']) retrieved from /root/Documents/airflow/venv/lib64/python3.9/site-packages/airflow/example_dags/example_task_group_decorator.py
[2025-08-25 13:18:39,320] {logging_mixin.py:115} INFO - [2025-08-25 13:18:39,320] {dag.py:2379} INFO - Sync 1 DAGs
[2025-08-25 13:18:39,382] {logging_mixin.py:115} INFO - [2025-08-25 13:18:39,382] {dag.py:2927} INFO - Setting next_dagrun for example_task_group_decorator to 2025-08-24T16:18:39.371304+00:00, run_after=2025-08-25T16:18:39.371304+00:00
[2025-08-25 13:18:39,405] {processor.py:161} INFO - Processing /root/Documents/airflow/venv/lib64/python3.9/site-packages/airflow/example_dags/example_task_group_decorator.py took 0.269 seconds
[2025-08-25 13:19:20,622] {processor.py:153} INFO - Started process (PID=2799124) to work on /root/Documents/airflow/venv/lib64/python3.9/site-packages/airflow/example_dags/example_task_group_decorator.py
[2025-08-25 13:19:20,623] {processor.py:641} INFO - Processing file /root/Documents/airflow/venv/lib64/python3.9/site-packages/airflow/example_dags/example_task_group_decorator.py for tasks to queue
[2025-08-25 13:19:20,624] {logging_mixin.py:115} INFO - [2025-08-25 13:19:20,624] {dagbag.py:507} INFO - Filling up the DagBag from /root/Documents/airflow/venv/lib64/python3.9/site-packages/airflow/example_dags/example_task_group_decorator.py
[2025-08-25 13:19:20,675] {processor.py:651} INFO - DAG(s) dict_keys(['example_task_group_decorator']) retrieved from /root/Documents/airflow/venv/lib64/python3.9/site-packages/airflow/example_dags/example_task_group_decorator.py
[2025-08-25 13:19:20,719] {logging_mixin.py:115} INFO - [2025-08-25 13:19:20,719] {dag.py:2379} INFO - Sync 1 DAGs
[2025-08-25 13:19:20,795] {logging_mixin.py:115} INFO - [2025-08-25 13:19:20,795] {dag.py:2927} INFO - Setting next_dagrun for example_task_group_decorator to 2025-08-24T16:19:20.794999+00:00, run_after=2025-08-25T16:19:20.794999+00:00
[2025-08-25 13:19:20,849] {processor.py:161} INFO - Processing /root/Documents/airflow/venv/lib64/python3.9/site-packages/airflow/example_dags/example_task_group_decorator.py took 0.229 seconds
[2025-08-25 13:20:11,795] {processor.py:153} INFO - Started process (PID=2799276) to work on /root/Documents/airflow/venv/lib64/python3.9/site-packages/airflow/example_dags/example_task_group_decorator.py
[2025-08-25 13:20:11,818] {processor.py:641} INFO - Processing file /root/Documents/airflow/venv/lib64/python3.9/site-packages/airflow/example_dags/example_task_group_decorator.py for tasks to queue
[2025-08-25 13:20:11,819] {logging_mixin.py:115} INFO - [2025-08-25 13:20:11,819] {dagbag.py:507} INFO - Filling up the DagBag from /root/Documents/airflow/venv/lib64/python3.9/site-packages/airflow/example_dags/example_task_group_decorator.py
[2025-08-25 13:20:11,896] {processor.py:651} INFO - DAG(s) dict_keys(['example_task_group_decorator']) retrieved from /root/Documents/airflow/venv/lib64/python3.9/site-packages/airflow/example_dags/example_task_group_decorator.py
[2025-08-25 13:20:12,057] {logging_mixin.py:115} INFO - [2025-08-25 13:20:12,057] {dag.py:2379} INFO - Sync 1 DAGs
[2025-08-25 13:20:12,106] {logging_mixin.py:115} INFO - [2025-08-25 13:20:12,106] {dag.py:2927} INFO - Setting next_dagrun for example_task_group_decorator to 2025-08-24T16:20:12.106041+00:00, run_after=2025-08-25T16:20:12.106041+00:00
[2025-08-25 13:20:12,133] {processor.py:161} INFO - Processing /root/Documents/airflow/venv/lib64/python3.9/site-packages/airflow/example_dags/example_task_group_decorator.py took 0.341 seconds
[2025-08-25 13:20:56,226] {processor.py:153} INFO - Started process (PID=2799380) to work on /root/Documents/airflow/venv/lib64/python3.9/site-packages/airflow/example_dags/example_task_group_decorator.py
[2025-08-25 13:20:56,237] {processor.py:641} INFO - Processing file /root/Documents/airflow/venv/lib64/python3.9/site-packages/airflow/example_dags/example_task_group_decorator.py for tasks to queue
[2025-08-25 13:20:56,238] {logging_mixin.py:115} INFO - [2025-08-25 13:20:56,238] {dagbag.py:507} INFO - Filling up the DagBag from /root/Documents/airflow/venv/lib64/python3.9/site-packages/airflow/example_dags/example_task_group_decorator.py
[2025-08-25 13:20:56,288] {processor.py:651} INFO - DAG(s) dict_keys(['example_task_group_decorator']) retrieved from /root/Documents/airflow/venv/lib64/python3.9/site-packages/airflow/example_dags/example_task_group_decorator.py
[2025-08-25 13:20:56,423] {logging_mixin.py:115} INFO - [2025-08-25 13:20:56,422] {dag.py:2379} INFO - Sync 1 DAGs
[2025-08-25 13:20:56,454] {logging_mixin.py:115} INFO - [2025-08-25 13:20:56,454] {dag.py:2927} INFO - Setting next_dagrun for example_task_group_decorator to 2025-08-24T16:20:56.453712+00:00, run_after=2025-08-25T16:20:56.453712+00:00
[2025-08-25 13:20:56,470] {processor.py:161} INFO - Processing /root/Documents/airflow/venv/lib64/python3.9/site-packages/airflow/example_dags/example_task_group_decorator.py took 0.247 seconds
[2025-08-25 13:21:45,439] {processor.py:153} INFO - Started process (PID=2799529) to work on /root/Documents/airflow/venv/lib64/python3.9/site-packages/airflow/example_dags/example_task_group_decorator.py
[2025-08-25 13:21:45,451] {processor.py:641} INFO - Processing file /root/Documents/airflow/venv/lib64/python3.9/site-packages/airflow/example_dags/example_task_group_decorator.py for tasks to queue
[2025-08-25 13:21:45,451] {logging_mixin.py:115} INFO - [2025-08-25 13:21:45,451] {dagbag.py:507} INFO - Filling up the DagBag from /root/Documents/airflow/venv/lib64/python3.9/site-packages/airflow/example_dags/example_task_group_decorator.py
[2025-08-25 13:21:45,505] {processor.py:651} INFO - DAG(s) dict_keys(['example_task_group_decorator']) retrieved from /root/Documents/airflow/venv/lib64/python3.9/site-packages/airflow/example_dags/example_task_group_decorator.py
[2025-08-25 13:21:45,641] {logging_mixin.py:115} INFO - [2025-08-25 13:21:45,641] {dag.py:2379} INFO - Sync 1 DAGs
[2025-08-25 13:21:45,713] {logging_mixin.py:115} INFO - [2025-08-25 13:21:45,713] {dag.py:2927} INFO - Setting next_dagrun for example_task_group_decorator to 2025-08-24T16:21:45.712717+00:00, run_after=2025-08-25T16:21:45.712717+00:00
[2025-08-25 13:21:45,820] {processor.py:161} INFO - Processing /root/Documents/airflow/venv/lib64/python3.9/site-packages/airflow/example_dags/example_task_group_decorator.py took 0.385 seconds
[2025-08-25 13:22:33,917] {processor.py:153} INFO - Started process (PID=2799706) to work on /root/Documents/airflow/venv/lib64/python3.9/site-packages/airflow/example_dags/example_task_group_decorator.py
[2025-08-25 13:22:33,918] {processor.py:641} INFO - Processing file /root/Documents/airflow/venv/lib64/python3.9/site-packages/airflow/example_dags/example_task_group_decorator.py for tasks to queue
[2025-08-25 13:22:33,919] {logging_mixin.py:115} INFO - [2025-08-25 13:22:33,919] {dagbag.py:507} INFO - Filling up the DagBag from /root/Documents/airflow/venv/lib64/python3.9/site-packages/airflow/example_dags/example_task_group_decorator.py
[2025-08-25 13:22:33,999] {processor.py:651} INFO - DAG(s) dict_keys(['example_task_group_decorator']) retrieved from /root/Documents/airflow/venv/lib64/python3.9/site-packages/airflow/example_dags/example_task_group_decorator.py
[2025-08-25 13:22:34,123] {logging_mixin.py:115} INFO - [2025-08-25 13:22:34,123] {dag.py:2379} INFO - Sync 1 DAGs
[2025-08-25 13:22:34,241] {logging_mixin.py:115} INFO - [2025-08-25 13:22:34,241] {dag.py:2927} INFO - Setting next_dagrun for example_task_group_decorator to 2025-08-24T16:22:34.240997+00:00, run_after=2025-08-25T16:22:34.240997+00:00
[2025-08-25 13:22:34,350] {processor.py:161} INFO - Processing /root/Documents/airflow/venv/lib64/python3.9/site-packages/airflow/example_dags/example_task_group_decorator.py took 0.436 seconds
[2025-08-25 13:23:22,105] {processor.py:153} INFO - Started process (PID=2799853) to work on /root/Documents/airflow/venv/lib64/python3.9/site-packages/airflow/example_dags/example_task_group_decorator.py
[2025-08-25 13:23:22,116] {processor.py:641} INFO - Processing file /root/Documents/airflow/venv/lib64/python3.9/site-packages/airflow/example_dags/example_task_group_decorator.py for tasks to queue
[2025-08-25 13:23:22,117] {logging_mixin.py:115} INFO - [2025-08-25 13:23:22,117] {dagbag.py:507} INFO - Filling up the DagBag from /root/Documents/airflow/venv/lib64/python3.9/site-packages/airflow/example_dags/example_task_group_decorator.py
[2025-08-25 13:23:22,179] {processor.py:651} INFO - DAG(s) dict_keys(['example_task_group_decorator']) retrieved from /root/Documents/airflow/venv/lib64/python3.9/site-packages/airflow/example_dags/example_task_group_decorator.py
[2025-08-25 13:23:22,243] {logging_mixin.py:115} INFO - [2025-08-25 13:23:22,243] {dag.py:2379} INFO - Sync 1 DAGs
[2025-08-25 13:23:22,307] {logging_mixin.py:115} INFO - [2025-08-25 13:23:22,306] {dag.py:2927} INFO - Setting next_dagrun for example_task_group_decorator to 2025-08-24T16:23:22.306660+00:00, run_after=2025-08-25T16:23:22.306660+00:00
[2025-08-25 13:23:22,384] {processor.py:161} INFO - Processing /root/Documents/airflow/venv/lib64/python3.9/site-packages/airflow/example_dags/example_task_group_decorator.py took 0.282 seconds
[2025-08-25 13:24:17,756] {processor.py:153} INFO - Started process (PID=2800070) to work on /root/Documents/airflow/venv/lib64/python3.9/site-packages/airflow/example_dags/example_task_group_decorator.py
[2025-08-25 13:24:17,777] {processor.py:641} INFO - Processing file /root/Documents/airflow/venv/lib64/python3.9/site-packages/airflow/example_dags/example_task_group_decorator.py for tasks to queue
[2025-08-25 13:24:17,778] {logging_mixin.py:115} INFO - [2025-08-25 13:24:17,778] {dagbag.py:507} INFO - Filling up the DagBag from /root/Documents/airflow/venv/lib64/python3.9/site-packages/airflow/example_dags/example_task_group_decorator.py
[2025-08-25 13:24:17,858] {processor.py:651} INFO - DAG(s) dict_keys(['example_task_group_decorator']) retrieved from /root/Documents/airflow/venv/lib64/python3.9/site-packages/airflow/example_dags/example_task_group_decorator.py
[2025-08-25 13:24:18,027] {logging_mixin.py:115} INFO - [2025-08-25 13:24:18,026] {dag.py:2379} INFO - Sync 1 DAGs
[2025-08-25 13:24:18,077] {logging_mixin.py:115} INFO - [2025-08-25 13:24:18,077] {dag.py:2927} INFO - Setting next_dagrun for example_task_group_decorator to 2025-08-24T16:24:18.077270+00:00, run_after=2025-08-25T16:24:18.077270+00:00
[2025-08-25 13:24:18,152] {processor.py:161} INFO - Processing /root/Documents/airflow/venv/lib64/python3.9/site-packages/airflow/example_dags/example_task_group_decorator.py took 0.398 seconds
[2025-08-25 13:24:58,011] {processor.py:153} INFO - Started process (PID=2800138) to work on /root/Documents/airflow/venv/lib64/python3.9/site-packages/airflow/example_dags/example_task_group_decorator.py
[2025-08-25 13:24:58,033] {processor.py:641} INFO - Processing file /root/Documents/airflow/venv/lib64/python3.9/site-packages/airflow/example_dags/example_task_group_decorator.py for tasks to queue
[2025-08-25 13:24:58,034] {logging_mixin.py:115} INFO - [2025-08-25 13:24:58,034] {dagbag.py:507} INFO - Filling up the DagBag from /root/Documents/airflow/venv/lib64/python3.9/site-packages/airflow/example_dags/example_task_group_decorator.py
[2025-08-25 13:24:58,108] {processor.py:651} INFO - DAG(s) dict_keys(['example_task_group_decorator']) retrieved from /root/Documents/airflow/venv/lib64/python3.9/site-packages/airflow/example_dags/example_task_group_decorator.py
[2025-08-25 13:24:58,270] {logging_mixin.py:115} INFO - [2025-08-25 13:24:58,270] {dag.py:2379} INFO - Sync 1 DAGs
[2025-08-25 13:24:58,333] {logging_mixin.py:115} INFO - [2025-08-25 13:24:58,333] {dag.py:2927} INFO - Setting next_dagrun for example_task_group_decorator to 2025-08-24T16:24:58.332826+00:00, run_after=2025-08-25T16:24:58.332826+00:00
[2025-08-25 13:24:58,399] {processor.py:161} INFO - Processing /root/Documents/airflow/venv/lib64/python3.9/site-packages/airflow/example_dags/example_task_group_decorator.py took 0.391 seconds
[2025-08-25 13:25:40,020] {processor.py:153} INFO - Started process (PID=2800304) to work on /root/Documents/airflow/venv/lib64/python3.9/site-packages/airflow/example_dags/example_task_group_decorator.py
[2025-08-25 13:25:40,031] {processor.py:641} INFO - Processing file /root/Documents/airflow/venv/lib64/python3.9/site-packages/airflow/example_dags/example_task_group_decorator.py for tasks to queue
[2025-08-25 13:25:40,032] {logging_mixin.py:115} INFO - [2025-08-25 13:25:40,032] {dagbag.py:507} INFO - Filling up the DagBag from /root/Documents/airflow/venv/lib64/python3.9/site-packages/airflow/example_dags/example_task_group_decorator.py
[2025-08-25 13:25:40,083] {processor.py:651} INFO - DAG(s) dict_keys(['example_task_group_decorator']) retrieved from /root/Documents/airflow/venv/lib64/python3.9/site-packages/airflow/example_dags/example_task_group_decorator.py
[2025-08-25 13:25:40,136] {logging_mixin.py:115} INFO - [2025-08-25 13:25:40,135] {dag.py:2379} INFO - Sync 1 DAGs
[2025-08-25 13:25:40,233] {logging_mixin.py:115} INFO - [2025-08-25 13:25:40,233] {dag.py:2927} INFO - Setting next_dagrun for example_task_group_decorator to 2025-08-24T16:25:40.232688+00:00, run_after=2025-08-25T16:25:40.232688+00:00
[2025-08-25 13:25:40,305] {processor.py:161} INFO - Processing /root/Documents/airflow/venv/lib64/python3.9/site-packages/airflow/example_dags/example_task_group_decorator.py took 0.288 seconds
