[2025-08-25 13:00:57,563] {processor.py:153} INFO - Started process (PID=2795420) to work on /root/Documents/airflow/venv/lib64/python3.9/site-packages/airflow/example_dags/example_bash_operator.py
[2025-08-25 13:00:57,563] {processor.py:641} INFO - Processing file /root/Documents/airflow/venv/lib64/python3.9/site-packages/airflow/example_dags/example_bash_operator.py for tasks to queue
[2025-08-25 13:00:57,564] {logging_mixin.py:115} INFO - [2025-08-25 13:00:57,564] {dagbag.py:507} INFO - Filling up the DagBag from /root/Documents/airflow/venv/lib64/python3.9/site-packages/airflow/example_dags/example_bash_operator.py
[2025-08-25 13:00:57,586] {processor.py:651} INFO - DAG(s) dict_keys(['example_bash_operator']) retrieved from /root/Documents/airflow/venv/lib64/python3.9/site-packages/airflow/example_dags/example_bash_operator.py
[2025-08-25 13:00:57,618] {logging_mixin.py:115} INFO - [2025-08-25 13:00:57,617] {dag.py:2379} INFO - Sync 1 DAGs
[2025-08-25 13:00:57,637] {logging_mixin.py:115} INFO - [2025-08-25 13:00:57,637] {dag.py:2927} INFO - Setting next_dagrun for example_bash_operator to 2025-08-24T00:00:00+00:00, run_after=2025-08-25T00:00:00+00:00
[2025-08-25 13:00:57,709] {processor.py:161} INFO - Processing /root/Documents/airflow/venv/lib64/python3.9/site-packages/airflow/example_dags/example_bash_operator.py took 0.149 seconds
[2025-08-25 13:01:45,633] {processor.py:153} INFO - Started process (PID=2795610) to work on /root/Documents/airflow/venv/lib64/python3.9/site-packages/airflow/example_dags/example_bash_operator.py
[2025-08-25 13:01:45,645] {processor.py:641} INFO - Processing file /root/Documents/airflow/venv/lib64/python3.9/site-packages/airflow/example_dags/example_bash_operator.py for tasks to queue
[2025-08-25 13:01:45,645] {logging_mixin.py:115} INFO - [2025-08-25 13:01:45,645] {dagbag.py:507} INFO - Filling up the DagBag from /root/Documents/airflow/venv/lib64/python3.9/site-packages/airflow/example_dags/example_bash_operator.py
[2025-08-25 13:01:45,680] {processor.py:651} INFO - DAG(s) dict_keys(['example_bash_operator']) retrieved from /root/Documents/airflow/venv/lib64/python3.9/site-packages/airflow/example_dags/example_bash_operator.py
[2025-08-25 13:01:45,736] {logging_mixin.py:115} INFO - [2025-08-25 13:01:45,735] {dag.py:2379} INFO - Sync 1 DAGs
[2025-08-25 13:01:45,802] {logging_mixin.py:115} INFO - [2025-08-25 13:01:45,802] {dag.py:2927} INFO - Setting next_dagrun for example_bash_operator to 2025-08-24T00:00:00+00:00, run_after=2025-08-25T00:00:00+00:00
[2025-08-25 13:01:45,852] {processor.py:161} INFO - Processing /root/Documents/airflow/venv/lib64/python3.9/site-packages/airflow/example_dags/example_bash_operator.py took 0.222 seconds
[2025-08-25 13:02:40,173] {processor.py:153} INFO - Started process (PID=2795796) to work on /root/Documents/airflow/venv/lib64/python3.9/site-packages/airflow/example_dags/example_bash_operator.py
[2025-08-25 13:02:40,195] {processor.py:641} INFO - Processing file /root/Documents/airflow/venv/lib64/python3.9/site-packages/airflow/example_dags/example_bash_operator.py for tasks to queue
[2025-08-25 13:02:40,196] {logging_mixin.py:115} INFO - [2025-08-25 13:02:40,196] {dagbag.py:507} INFO - Filling up the DagBag from /root/Documents/airflow/venv/lib64/python3.9/site-packages/airflow/example_dags/example_bash_operator.py
[2025-08-25 13:02:40,241] {processor.py:651} INFO - DAG(s) dict_keys(['example_bash_operator']) retrieved from /root/Documents/airflow/venv/lib64/python3.9/site-packages/airflow/example_dags/example_bash_operator.py
[2025-08-25 13:02:40,329] {logging_mixin.py:115} INFO - [2025-08-25 13:02:40,328] {dag.py:2379} INFO - Sync 1 DAGs
[2025-08-25 13:02:40,371] {logging_mixin.py:115} INFO - [2025-08-25 13:02:40,371] {dag.py:2927} INFO - Setting next_dagrun for example_bash_operator to 2025-08-24T00:00:00+00:00, run_after=2025-08-25T00:00:00+00:00
[2025-08-25 13:02:40,460] {processor.py:161} INFO - Processing /root/Documents/airflow/venv/lib64/python3.9/site-packages/airflow/example_dags/example_bash_operator.py took 0.290 seconds
[2025-08-25 13:03:36,096] {processor.py:153} INFO - Started process (PID=2795982) to work on /root/Documents/airflow/venv/lib64/python3.9/site-packages/airflow/example_dags/example_bash_operator.py
[2025-08-25 13:03:36,118] {processor.py:641} INFO - Processing file /root/Documents/airflow/venv/lib64/python3.9/site-packages/airflow/example_dags/example_bash_operator.py for tasks to queue
[2025-08-25 13:03:36,119] {logging_mixin.py:115} INFO - [2025-08-25 13:03:36,119] {dagbag.py:507} INFO - Filling up the DagBag from /root/Documents/airflow/venv/lib64/python3.9/site-packages/airflow/example_dags/example_bash_operator.py
[2025-08-25 13:03:36,154] {processor.py:651} INFO - DAG(s) dict_keys(['example_bash_operator']) retrieved from /root/Documents/airflow/venv/lib64/python3.9/site-packages/airflow/example_dags/example_bash_operator.py
[2025-08-25 13:03:36,221] {logging_mixin.py:115} INFO - [2025-08-25 13:03:36,221] {dag.py:2379} INFO - Sync 1 DAGs
[2025-08-25 13:03:36,265] {logging_mixin.py:115} INFO - [2025-08-25 13:03:36,264] {dag.py:2927} INFO - Setting next_dagrun for example_bash_operator to 2025-08-24T00:00:00+00:00, run_after=2025-08-25T00:00:00+00:00
[2025-08-25 13:03:36,351] {processor.py:161} INFO - Processing /root/Documents/airflow/venv/lib64/python3.9/site-packages/airflow/example_dags/example_bash_operator.py took 0.258 seconds
[2025-08-25 13:05:55,416] {processor.py:153} INFO - Started process (PID=2796528) to work on /root/Documents/airflow/venv/lib64/python3.9/site-packages/airflow/example_dags/example_bash_operator.py
[2025-08-25 13:05:55,439] {processor.py:641} INFO - Processing file /root/Documents/airflow/venv/lib64/python3.9/site-packages/airflow/example_dags/example_bash_operator.py for tasks to queue
[2025-08-25 13:05:55,439] {logging_mixin.py:115} INFO - [2025-08-25 13:05:55,439] {dagbag.py:507} INFO - Filling up the DagBag from /root/Documents/airflow/venv/lib64/python3.9/site-packages/airflow/example_dags/example_bash_operator.py
[2025-08-25 13:05:55,475] {processor.py:651} INFO - DAG(s) dict_keys(['example_bash_operator']) retrieved from /root/Documents/airflow/venv/lib64/python3.9/site-packages/airflow/example_dags/example_bash_operator.py
[2025-08-25 13:05:55,542] {logging_mixin.py:115} INFO - [2025-08-25 13:05:55,542] {dag.py:2379} INFO - Sync 1 DAGs
[2025-08-25 13:05:55,614] {logging_mixin.py:115} INFO - [2025-08-25 13:05:55,613] {dag.py:2927} INFO - Setting next_dagrun for example_bash_operator to 2025-08-24T00:00:00+00:00, run_after=2025-08-25T00:00:00+00:00
[2025-08-25 13:05:55,689] {processor.py:161} INFO - Processing /root/Documents/airflow/venv/lib64/python3.9/site-packages/airflow/example_dags/example_bash_operator.py took 0.277 seconds
[2025-08-25 13:06:44,991] {processor.py:153} INFO - Started process (PID=2796677) to work on /root/Documents/airflow/venv/lib64/python3.9/site-packages/airflow/example_dags/example_bash_operator.py
[2025-08-25 13:06:45,003] {processor.py:641} INFO - Processing file /root/Documents/airflow/venv/lib64/python3.9/site-packages/airflow/example_dags/example_bash_operator.py for tasks to queue
[2025-08-25 13:06:45,004] {logging_mixin.py:115} INFO - [2025-08-25 13:06:45,004] {dagbag.py:507} INFO - Filling up the DagBag from /root/Documents/airflow/venv/lib64/python3.9/site-packages/airflow/example_dags/example_bash_operator.py
[2025-08-25 13:06:45,028] {processor.py:651} INFO - DAG(s) dict_keys(['example_bash_operator']) retrieved from /root/Documents/airflow/venv/lib64/python3.9/site-packages/airflow/example_dags/example_bash_operator.py
[2025-08-25 13:06:45,060] {logging_mixin.py:115} INFO - [2025-08-25 13:06:45,059] {dag.py:2379} INFO - Sync 1 DAGs
[2025-08-25 13:06:45,158] {logging_mixin.py:115} INFO - [2025-08-25 13:06:45,158] {dag.py:2927} INFO - Setting next_dagrun for example_bash_operator to 2025-08-24T00:00:00+00:00, run_after=2025-08-25T00:00:00+00:00
[2025-08-25 13:06:45,175] {processor.py:161} INFO - Processing /root/Documents/airflow/venv/lib64/python3.9/site-packages/airflow/example_dags/example_bash_operator.py took 0.187 seconds
[2025-08-25 13:08:51,209] {processor.py:153} INFO - Started process (PID=2797181) to work on /root/Documents/airflow/venv/lib64/python3.9/site-packages/airflow/example_dags/example_bash_operator.py
[2025-08-25 13:08:51,221] {processor.py:641} INFO - Processing file /root/Documents/airflow/venv/lib64/python3.9/site-packages/airflow/example_dags/example_bash_operator.py for tasks to queue
[2025-08-25 13:08:51,222] {logging_mixin.py:115} INFO - [2025-08-25 13:08:51,222] {dagbag.py:507} INFO - Filling up the DagBag from /root/Documents/airflow/venv/lib64/python3.9/site-packages/airflow/example_dags/example_bash_operator.py
[2025-08-25 13:08:51,235] {processor.py:651} INFO - DAG(s) dict_keys(['example_bash_operator']) retrieved from /root/Documents/airflow/venv/lib64/python3.9/site-packages/airflow/example_dags/example_bash_operator.py
[2025-08-25 13:08:51,277] {logging_mixin.py:115} INFO - [2025-08-25 13:08:51,277] {dag.py:2379} INFO - Sync 1 DAGs
[2025-08-25 13:08:51,323] {logging_mixin.py:115} INFO - [2025-08-25 13:08:51,323] {dag.py:2927} INFO - Setting next_dagrun for example_bash_operator to 2025-08-24T00:00:00+00:00, run_after=2025-08-25T00:00:00+00:00
[2025-08-25 13:08:51,338] {processor.py:161} INFO - Processing /root/Documents/airflow/venv/lib64/python3.9/site-packages/airflow/example_dags/example_bash_operator.py took 0.132 seconds
[2025-08-25 13:14:17,895] {processor.py:153} INFO - Started process (PID=2798224) to work on /root/Documents/airflow/venv/lib64/python3.9/site-packages/airflow/example_dags/example_bash_operator.py
[2025-08-25 13:14:17,918] {processor.py:641} INFO - Processing file /root/Documents/airflow/venv/lib64/python3.9/site-packages/airflow/example_dags/example_bash_operator.py for tasks to queue
[2025-08-25 13:14:17,918] {logging_mixin.py:115} INFO - [2025-08-25 13:14:17,918] {dagbag.py:507} INFO - Filling up the DagBag from /root/Documents/airflow/venv/lib64/python3.9/site-packages/airflow/example_dags/example_bash_operator.py
[2025-08-25 13:14:17,964] {processor.py:651} INFO - DAG(s) dict_keys(['example_bash_operator']) retrieved from /root/Documents/airflow/venv/lib64/python3.9/site-packages/airflow/example_dags/example_bash_operator.py
[2025-08-25 13:14:18,015] {logging_mixin.py:115} INFO - [2025-08-25 13:14:18,015] {dag.py:2379} INFO - Sync 1 DAGs
[2025-08-25 13:14:18,102] {logging_mixin.py:115} INFO - [2025-08-25 13:14:18,101] {dag.py:2927} INFO - Setting next_dagrun for example_bash_operator to 2025-08-24T00:00:00+00:00, run_after=2025-08-25T00:00:00+00:00
[2025-08-25 13:14:18,211] {processor.py:161} INFO - Processing /root/Documents/airflow/venv/lib64/python3.9/site-packages/airflow/example_dags/example_bash_operator.py took 0.320 seconds
[2025-08-25 13:15:09,294] {processor.py:153} INFO - Started process (PID=2798359) to work on /root/Documents/airflow/venv/lib64/python3.9/site-packages/airflow/example_dags/example_bash_operator.py
[2025-08-25 13:15:09,304] {processor.py:641} INFO - Processing file /root/Documents/airflow/venv/lib64/python3.9/site-packages/airflow/example_dags/example_bash_operator.py for tasks to queue
[2025-08-25 13:15:09,305] {logging_mixin.py:115} INFO - [2025-08-25 13:15:09,305] {dagbag.py:507} INFO - Filling up the DagBag from /root/Documents/airflow/venv/lib64/python3.9/site-packages/airflow/example_dags/example_bash_operator.py
[2025-08-25 13:15:09,343] {processor.py:651} INFO - DAG(s) dict_keys(['example_bash_operator']) retrieved from /root/Documents/airflow/venv/lib64/python3.9/site-packages/airflow/example_dags/example_bash_operator.py
[2025-08-25 13:15:09,383] {logging_mixin.py:115} INFO - [2025-08-25 13:15:09,383] {dag.py:2379} INFO - Sync 1 DAGs
[2025-08-25 13:15:09,546] {logging_mixin.py:115} INFO - [2025-08-25 13:15:09,546] {dag.py:2927} INFO - Setting next_dagrun for example_bash_operator to 2025-08-24T00:00:00+00:00, run_after=2025-08-25T00:00:00+00:00
[2025-08-25 13:15:09,593] {processor.py:161} INFO - Processing /root/Documents/airflow/venv/lib64/python3.9/site-packages/airflow/example_dags/example_bash_operator.py took 0.303 seconds
[2025-08-25 13:15:51,984] {processor.py:153} INFO - Started process (PID=2798447) to work on /root/Documents/airflow/venv/lib64/python3.9/site-packages/airflow/example_dags/example_bash_operator.py
[2025-08-25 13:15:52,006] {processor.py:641} INFO - Processing file /root/Documents/airflow/venv/lib64/python3.9/site-packages/airflow/example_dags/example_bash_operator.py for tasks to queue
[2025-08-25 13:15:52,007] {logging_mixin.py:115} INFO - [2025-08-25 13:15:52,007] {dagbag.py:507} INFO - Filling up the DagBag from /root/Documents/airflow/venv/lib64/python3.9/site-packages/airflow/example_dags/example_bash_operator.py
[2025-08-25 13:15:52,042] {processor.py:651} INFO - DAG(s) dict_keys(['example_bash_operator']) retrieved from /root/Documents/airflow/venv/lib64/python3.9/site-packages/airflow/example_dags/example_bash_operator.py
[2025-08-25 13:15:52,081] {logging_mixin.py:115} INFO - [2025-08-25 13:15:52,081] {dag.py:2379} INFO - Sync 1 DAGs
[2025-08-25 13:15:52,146] {logging_mixin.py:115} INFO - [2025-08-25 13:15:52,146] {dag.py:2927} INFO - Setting next_dagrun for example_bash_operator to 2025-08-24T00:00:00+00:00, run_after=2025-08-25T00:00:00+00:00
[2025-08-25 13:15:52,237] {processor.py:161} INFO - Processing /root/Documents/airflow/venv/lib64/python3.9/site-packages/airflow/example_dags/example_bash_operator.py took 0.256 seconds
[2025-08-25 13:16:44,402] {processor.py:153} INFO - Started process (PID=2798603) to work on /root/Documents/airflow/venv/lib64/python3.9/site-packages/airflow/example_dags/example_bash_operator.py
[2025-08-25 13:16:44,403] {processor.py:641} INFO - Processing file /root/Documents/airflow/venv/lib64/python3.9/site-packages/airflow/example_dags/example_bash_operator.py for tasks to queue
[2025-08-25 13:16:44,403] {logging_mixin.py:115} INFO - [2025-08-25 13:16:44,403] {dagbag.py:507} INFO - Filling up the DagBag from /root/Documents/airflow/venv/lib64/python3.9/site-packages/airflow/example_dags/example_bash_operator.py
[2025-08-25 13:16:44,462] {processor.py:651} INFO - DAG(s) dict_keys(['example_bash_operator']) retrieved from /root/Documents/airflow/venv/lib64/python3.9/site-packages/airflow/example_dags/example_bash_operator.py
[2025-08-25 13:16:44,508] {logging_mixin.py:115} INFO - [2025-08-25 13:16:44,508] {dag.py:2379} INFO - Sync 1 DAGs
[2025-08-25 13:16:44,573] {logging_mixin.py:115} INFO - [2025-08-25 13:16:44,573] {dag.py:2927} INFO - Setting next_dagrun for example_bash_operator to 2025-08-24T00:00:00+00:00, run_after=2025-08-25T00:00:00+00:00
[2025-08-25 13:16:44,660] {processor.py:161} INFO - Processing /root/Documents/airflow/venv/lib64/python3.9/site-packages/airflow/example_dags/example_bash_operator.py took 0.262 seconds
[2025-08-25 13:17:37,855] {processor.py:153} INFO - Started process (PID=2798759) to work on /root/Documents/airflow/venv/lib64/python3.9/site-packages/airflow/example_dags/example_bash_operator.py
[2025-08-25 13:17:37,867] {processor.py:641} INFO - Processing file /root/Documents/airflow/venv/lib64/python3.9/site-packages/airflow/example_dags/example_bash_operator.py for tasks to queue
[2025-08-25 13:17:37,868] {logging_mixin.py:115} INFO - [2025-08-25 13:17:37,868] {dagbag.py:507} INFO - Filling up the DagBag from /root/Documents/airflow/venv/lib64/python3.9/site-packages/airflow/example_dags/example_bash_operator.py
[2025-08-25 13:17:37,881] {processor.py:651} INFO - DAG(s) dict_keys(['example_bash_operator']) retrieved from /root/Documents/airflow/venv/lib64/python3.9/site-packages/airflow/example_dags/example_bash_operator.py
[2025-08-25 13:17:37,921] {logging_mixin.py:115} INFO - [2025-08-25 13:17:37,921] {dag.py:2379} INFO - Sync 1 DAGs
[2025-08-25 13:17:37,994] {logging_mixin.py:115} INFO - [2025-08-25 13:17:37,994] {dag.py:2927} INFO - Setting next_dagrun for example_bash_operator to 2025-08-24T00:00:00+00:00, run_after=2025-08-25T00:00:00+00:00
[2025-08-25 13:17:38,066] {processor.py:161} INFO - Processing /root/Documents/airflow/venv/lib64/python3.9/site-packages/airflow/example_dags/example_bash_operator.py took 0.215 seconds
[2025-08-25 13:18:24,405] {processor.py:153} INFO - Started process (PID=2798905) to work on /root/Documents/airflow/venv/lib64/python3.9/site-packages/airflow/example_dags/example_bash_operator.py
[2025-08-25 13:18:24,416] {processor.py:641} INFO - Processing file /root/Documents/airflow/venv/lib64/python3.9/site-packages/airflow/example_dags/example_bash_operator.py for tasks to queue
[2025-08-25 13:18:24,417] {logging_mixin.py:115} INFO - [2025-08-25 13:18:24,417] {dagbag.py:507} INFO - Filling up the DagBag from /root/Documents/airflow/venv/lib64/python3.9/site-packages/airflow/example_dags/example_bash_operator.py
[2025-08-25 13:18:24,429] {processor.py:651} INFO - DAG(s) dict_keys(['example_bash_operator']) retrieved from /root/Documents/airflow/venv/lib64/python3.9/site-packages/airflow/example_dags/example_bash_operator.py
[2025-08-25 13:18:24,470] {logging_mixin.py:115} INFO - [2025-08-25 13:18:24,470] {dag.py:2379} INFO - Sync 1 DAGs
[2025-08-25 13:18:24,551] {logging_mixin.py:115} INFO - [2025-08-25 13:18:24,550] {dag.py:2927} INFO - Setting next_dagrun for example_bash_operator to 2025-08-24T00:00:00+00:00, run_after=2025-08-25T00:00:00+00:00
[2025-08-25 13:18:24,631] {processor.py:161} INFO - Processing /root/Documents/airflow/venv/lib64/python3.9/site-packages/airflow/example_dags/example_bash_operator.py took 0.230 seconds
[2025-08-25 13:19:22,794] {processor.py:153} INFO - Started process (PID=2799129) to work on /root/Documents/airflow/venv/lib64/python3.9/site-packages/airflow/example_dags/example_bash_operator.py
[2025-08-25 13:19:22,805] {processor.py:641} INFO - Processing file /root/Documents/airflow/venv/lib64/python3.9/site-packages/airflow/example_dags/example_bash_operator.py for tasks to queue
[2025-08-25 13:19:22,806] {logging_mixin.py:115} INFO - [2025-08-25 13:19:22,806] {dagbag.py:507} INFO - Filling up the DagBag from /root/Documents/airflow/venv/lib64/python3.9/site-packages/airflow/example_dags/example_bash_operator.py
[2025-08-25 13:19:22,840] {processor.py:651} INFO - DAG(s) dict_keys(['example_bash_operator']) retrieved from /root/Documents/airflow/venv/lib64/python3.9/site-packages/airflow/example_dags/example_bash_operator.py
[2025-08-25 13:19:22,880] {logging_mixin.py:115} INFO - [2025-08-25 13:19:22,880] {dag.py:2379} INFO - Sync 1 DAGs
[2025-08-25 13:19:22,955] {logging_mixin.py:115} INFO - [2025-08-25 13:19:22,954] {dag.py:2927} INFO - Setting next_dagrun for example_bash_operator to 2025-08-24T00:00:00+00:00, run_after=2025-08-25T00:00:00+00:00
[2025-08-25 13:19:23,037] {processor.py:161} INFO - Processing /root/Documents/airflow/venv/lib64/python3.9/site-packages/airflow/example_dags/example_bash_operator.py took 0.246 seconds
[2025-08-25 13:20:14,525] {processor.py:153} INFO - Started process (PID=2799308) to work on /root/Documents/airflow/venv/lib64/python3.9/site-packages/airflow/example_dags/example_bash_operator.py
[2025-08-25 13:20:14,536] {processor.py:641} INFO - Processing file /root/Documents/airflow/venv/lib64/python3.9/site-packages/airflow/example_dags/example_bash_operator.py for tasks to queue
[2025-08-25 13:20:14,537] {logging_mixin.py:115} INFO - [2025-08-25 13:20:14,537] {dagbag.py:507} INFO - Filling up the DagBag from /root/Documents/airflow/venv/lib64/python3.9/site-packages/airflow/example_dags/example_bash_operator.py
[2025-08-25 13:20:14,550] {processor.py:651} INFO - DAG(s) dict_keys(['example_bash_operator']) retrieved from /root/Documents/airflow/venv/lib64/python3.9/site-packages/airflow/example_dags/example_bash_operator.py
[2025-08-25 13:20:14,579] {logging_mixin.py:115} INFO - [2025-08-25 13:20:14,578] {dag.py:2379} INFO - Sync 1 DAGs
[2025-08-25 13:20:14,623] {logging_mixin.py:115} INFO - [2025-08-25 13:20:14,623] {dag.py:2927} INFO - Setting next_dagrun for example_bash_operator to 2025-08-24T00:00:00+00:00, run_after=2025-08-25T00:00:00+00:00
[2025-08-25 13:20:14,696] {processor.py:161} INFO - Processing /root/Documents/airflow/venv/lib64/python3.9/site-packages/airflow/example_dags/example_bash_operator.py took 0.174 seconds
[2025-08-25 13:20:58,393] {processor.py:153} INFO - Started process (PID=2799382) to work on /root/Documents/airflow/venv/lib64/python3.9/site-packages/airflow/example_dags/example_bash_operator.py
[2025-08-25 13:20:58,405] {processor.py:641} INFO - Processing file /root/Documents/airflow/venv/lib64/python3.9/site-packages/airflow/example_dags/example_bash_operator.py for tasks to queue
[2025-08-25 13:20:58,406] {logging_mixin.py:115} INFO - [2025-08-25 13:20:58,406] {dagbag.py:507} INFO - Filling up the DagBag from /root/Documents/airflow/venv/lib64/python3.9/site-packages/airflow/example_dags/example_bash_operator.py
[2025-08-25 13:20:58,441] {processor.py:651} INFO - DAG(s) dict_keys(['example_bash_operator']) retrieved from /root/Documents/airflow/venv/lib64/python3.9/site-packages/airflow/example_dags/example_bash_operator.py
[2025-08-25 13:20:58,481] {logging_mixin.py:115} INFO - [2025-08-25 13:20:58,481] {dag.py:2379} INFO - Sync 1 DAGs
[2025-08-25 13:20:58,546] {logging_mixin.py:115} INFO - [2025-08-25 13:20:58,546] {dag.py:2927} INFO - Setting next_dagrun for example_bash_operator to 2025-08-24T00:00:00+00:00, run_after=2025-08-25T00:00:00+00:00
[2025-08-25 13:20:58,617] {processor.py:161} INFO - Processing /root/Documents/airflow/venv/lib64/python3.9/site-packages/airflow/example_dags/example_bash_operator.py took 0.227 seconds
[2025-08-25 13:21:48,074] {processor.py:153} INFO - Started process (PID=2799533) to work on /root/Documents/airflow/venv/lib64/python3.9/site-packages/airflow/example_dags/example_bash_operator.py
[2025-08-25 13:21:48,085] {processor.py:641} INFO - Processing file /root/Documents/airflow/venv/lib64/python3.9/site-packages/airflow/example_dags/example_bash_operator.py for tasks to queue
[2025-08-25 13:21:48,085] {logging_mixin.py:115} INFO - [2025-08-25 13:21:48,085] {dagbag.py:507} INFO - Filling up the DagBag from /root/Documents/airflow/venv/lib64/python3.9/site-packages/airflow/example_dags/example_bash_operator.py
[2025-08-25 13:21:48,098] {processor.py:651} INFO - DAG(s) dict_keys(['example_bash_operator']) retrieved from /root/Documents/airflow/venv/lib64/python3.9/site-packages/airflow/example_dags/example_bash_operator.py
[2025-08-25 13:21:48,149] {logging_mixin.py:115} INFO - [2025-08-25 13:21:48,149] {dag.py:2379} INFO - Sync 1 DAGs
[2025-08-25 13:21:48,192] {logging_mixin.py:115} INFO - [2025-08-25 13:21:48,191] {dag.py:2927} INFO - Setting next_dagrun for example_bash_operator to 2025-08-24T00:00:00+00:00, run_after=2025-08-25T00:00:00+00:00
[2025-08-25 13:21:48,311] {processor.py:161} INFO - Processing /root/Documents/airflow/venv/lib64/python3.9/site-packages/airflow/example_dags/example_bash_operator.py took 0.241 seconds
[2025-08-25 13:22:42,833] {processor.py:153} INFO - Started process (PID=2799721) to work on /root/Documents/airflow/venv/lib64/python3.9/site-packages/airflow/example_dags/example_bash_operator.py
[2025-08-25 13:22:42,847] {processor.py:641} INFO - Processing file /root/Documents/airflow/venv/lib64/python3.9/site-packages/airflow/example_dags/example_bash_operator.py for tasks to queue
[2025-08-25 13:22:42,847] {logging_mixin.py:115} INFO - [2025-08-25 13:22:42,847] {dagbag.py:507} INFO - Filling up the DagBag from /root/Documents/airflow/venv/lib64/python3.9/site-packages/airflow/example_dags/example_bash_operator.py
[2025-08-25 13:22:42,879] {processor.py:651} INFO - DAG(s) dict_keys(['example_bash_operator']) retrieved from /root/Documents/airflow/venv/lib64/python3.9/site-packages/airflow/example_dags/example_bash_operator.py
[2025-08-25 13:22:42,897] {logging_mixin.py:115} INFO - [2025-08-25 13:22:42,897] {dag.py:2379} INFO - Sync 1 DAGs
[2025-08-25 13:22:42,938] {logging_mixin.py:115} INFO - [2025-08-25 13:22:42,938] {dag.py:2927} INFO - Setting next_dagrun for example_bash_operator to 2025-08-24T00:00:00+00:00, run_after=2025-08-25T00:00:00+00:00
[2025-08-25 13:22:42,994] {processor.py:161} INFO - Processing /root/Documents/airflow/venv/lib64/python3.9/site-packages/airflow/example_dags/example_bash_operator.py took 0.165 seconds
[2025-08-25 13:23:30,246] {processor.py:153} INFO - Started process (PID=2799897) to work on /root/Documents/airflow/venv/lib64/python3.9/site-packages/airflow/example_dags/example_bash_operator.py
[2025-08-25 13:23:30,257] {processor.py:641} INFO - Processing file /root/Documents/airflow/venv/lib64/python3.9/site-packages/airflow/example_dags/example_bash_operator.py for tasks to queue
[2025-08-25 13:23:30,258] {logging_mixin.py:115} INFO - [2025-08-25 13:23:30,258] {dagbag.py:507} INFO - Filling up the DagBag from /root/Documents/airflow/venv/lib64/python3.9/site-packages/airflow/example_dags/example_bash_operator.py
[2025-08-25 13:23:30,292] {processor.py:651} INFO - DAG(s) dict_keys(['example_bash_operator']) retrieved from /root/Documents/airflow/venv/lib64/python3.9/site-packages/airflow/example_dags/example_bash_operator.py
[2025-08-25 13:23:30,396] {logging_mixin.py:115} INFO - [2025-08-25 13:23:30,395] {dag.py:2379} INFO - Sync 1 DAGs
[2025-08-25 13:23:30,477] {logging_mixin.py:115} INFO - [2025-08-25 13:23:30,476] {dag.py:2927} INFO - Setting next_dagrun for example_bash_operator to 2025-08-24T00:00:00+00:00, run_after=2025-08-25T00:00:00+00:00
[2025-08-25 13:23:30,490] {processor.py:161} INFO - Processing /root/Documents/airflow/venv/lib64/python3.9/site-packages/airflow/example_dags/example_bash_operator.py took 0.247 seconds
[2025-08-25 13:24:27,266] {processor.py:153} INFO - Started process (PID=2800086) to work on /root/Documents/airflow/venv/lib64/python3.9/site-packages/airflow/example_dags/example_bash_operator.py
[2025-08-25 13:24:27,277] {processor.py:641} INFO - Processing file /root/Documents/airflow/venv/lib64/python3.9/site-packages/airflow/example_dags/example_bash_operator.py for tasks to queue
[2025-08-25 13:24:27,278] {logging_mixin.py:115} INFO - [2025-08-25 13:24:27,278] {dagbag.py:507} INFO - Filling up the DagBag from /root/Documents/airflow/venv/lib64/python3.9/site-packages/airflow/example_dags/example_bash_operator.py
[2025-08-25 13:24:27,321] {processor.py:651} INFO - DAG(s) dict_keys(['example_bash_operator']) retrieved from /root/Documents/airflow/venv/lib64/python3.9/site-packages/airflow/example_dags/example_bash_operator.py
[2025-08-25 13:24:27,360] {logging_mixin.py:115} INFO - [2025-08-25 13:24:27,360] {dag.py:2379} INFO - Sync 1 DAGs
[2025-08-25 13:24:27,484] {logging_mixin.py:115} INFO - [2025-08-25 13:24:27,484] {dag.py:2927} INFO - Setting next_dagrun for example_bash_operator to 2025-08-24T00:00:00+00:00, run_after=2025-08-25T00:00:00+00:00
[2025-08-25 13:24:27,562] {processor.py:161} INFO - Processing /root/Documents/airflow/venv/lib64/python3.9/site-packages/airflow/example_dags/example_bash_operator.py took 0.299 seconds
[2025-08-25 13:25:27,004] {processor.py:153} INFO - Started process (PID=2800279) to work on /root/Documents/airflow/venv/lib64/python3.9/site-packages/airflow/example_dags/example_bash_operator.py
[2025-08-25 13:25:27,016] {processor.py:641} INFO - Processing file /root/Documents/airflow/venv/lib64/python3.9/site-packages/airflow/example_dags/example_bash_operator.py for tasks to queue
[2025-08-25 13:25:27,016] {logging_mixin.py:115} INFO - [2025-08-25 13:25:27,016] {dagbag.py:507} INFO - Filling up the DagBag from /root/Documents/airflow/venv/lib64/python3.9/site-packages/airflow/example_dags/example_bash_operator.py
[2025-08-25 13:25:27,029] {processor.py:651} INFO - DAG(s) dict_keys(['example_bash_operator']) retrieved from /root/Documents/airflow/venv/lib64/python3.9/site-packages/airflow/example_dags/example_bash_operator.py
[2025-08-25 13:25:27,069] {logging_mixin.py:115} INFO - [2025-08-25 13:25:27,069] {dag.py:2379} INFO - Sync 1 DAGs
[2025-08-25 13:25:27,167] {logging_mixin.py:115} INFO - [2025-08-25 13:25:27,167] {dag.py:2927} INFO - Setting next_dagrun for example_bash_operator to 2025-08-24T00:00:00+00:00, run_after=2025-08-25T00:00:00+00:00
[2025-08-25 13:25:27,238] {processor.py:161} INFO - Processing /root/Documents/airflow/venv/lib64/python3.9/site-packages/airflow/example_dags/example_bash_operator.py took 0.236 seconds
