[2025-08-25 13:01:00,269] {processor.py:153} INFO - Started process (PID=2795432) to work on /root/Documents/airflow/venv/lib64/python3.9/site-packages/airflow/example_dags/example_branch_day_of_week_operator.py
[2025-08-25 13:01:00,269] {processor.py:641} INFO - Processing file /root/Documents/airflow/venv/lib64/python3.9/site-packages/airflow/example_dags/example_branch_day_of_week_operator.py for tasks to queue
[2025-08-25 13:01:00,270] {logging_mixin.py:115} INFO - [2025-08-25 13:01:00,270] {dagbag.py:507} INFO - Filling up the DagBag from /root/Documents/airflow/venv/lib64/python3.9/site-packages/airflow/example_dags/example_branch_day_of_week_operator.py
[2025-08-25 13:01:00,303] {processor.py:651} INFO - DAG(s) dict_keys(['example_weekday_branch_operator']) retrieved from /root/Documents/airflow/venv/lib64/python3.9/site-packages/airflow/example_dags/example_branch_day_of_week_operator.py
[2025-08-25 13:01:00,390] {logging_mixin.py:115} INFO - [2025-08-25 13:01:00,389] {dag.py:2379} INFO - Sync 1 DAGs
[2025-08-25 13:01:00,421] {logging_mixin.py:115} INFO - [2025-08-25 13:01:00,421] {dag.py:2927} INFO - Setting next_dagrun for example_weekday_branch_operator to 2025-08-24T00:00:00+00:00, run_after=2025-08-25T00:00:00+00:00
[2025-08-25 13:01:00,489] {processor.py:161} INFO - Processing /root/Documents/airflow/venv/lib64/python3.9/site-packages/airflow/example_dags/example_branch_day_of_week_operator.py took 0.223 seconds
[2025-08-25 13:01:48,232] {processor.py:153} INFO - Started process (PID=2795613) to work on /root/Documents/airflow/venv/lib64/python3.9/site-packages/airflow/example_dags/example_branch_day_of_week_operator.py
[2025-08-25 13:01:48,242] {processor.py:641} INFO - Processing file /root/Documents/airflow/venv/lib64/python3.9/site-packages/airflow/example_dags/example_branch_day_of_week_operator.py for tasks to queue
[2025-08-25 13:01:48,243] {logging_mixin.py:115} INFO - [2025-08-25 13:01:48,243] {dagbag.py:507} INFO - Filling up the DagBag from /root/Documents/airflow/venv/lib64/python3.9/site-packages/airflow/example_dags/example_branch_day_of_week_operator.py
[2025-08-25 13:01:48,252] {processor.py:651} INFO - DAG(s) dict_keys(['example_weekday_branch_operator']) retrieved from /root/Documents/airflow/venv/lib64/python3.9/site-packages/airflow/example_dags/example_branch_day_of_week_operator.py
[2025-08-25 13:01:48,295] {logging_mixin.py:115} INFO - [2025-08-25 13:01:48,295] {dag.py:2379} INFO - Sync 1 DAGs
[2025-08-25 13:01:48,327] {logging_mixin.py:115} INFO - [2025-08-25 13:01:48,327] {dag.py:2927} INFO - Setting next_dagrun for example_weekday_branch_operator to 2025-08-24T00:00:00+00:00, run_after=2025-08-25T00:00:00+00:00
[2025-08-25 13:01:48,417] {processor.py:161} INFO - Processing /root/Documents/airflow/venv/lib64/python3.9/site-packages/airflow/example_dags/example_branch_day_of_week_operator.py took 0.188 seconds
[2025-08-25 13:02:43,028] {processor.py:153} INFO - Started process (PID=2795800) to work on /root/Documents/airflow/venv/lib64/python3.9/site-packages/airflow/example_dags/example_branch_day_of_week_operator.py
[2025-08-25 13:02:43,039] {processor.py:641} INFO - Processing file /root/Documents/airflow/venv/lib64/python3.9/site-packages/airflow/example_dags/example_branch_day_of_week_operator.py for tasks to queue
[2025-08-25 13:02:43,040] {logging_mixin.py:115} INFO - [2025-08-25 13:02:43,040] {dagbag.py:507} INFO - Filling up the DagBag from /root/Documents/airflow/venv/lib64/python3.9/site-packages/airflow/example_dags/example_branch_day_of_week_operator.py
[2025-08-25 13:02:43,049] {processor.py:651} INFO - DAG(s) dict_keys(['example_weekday_branch_operator']) retrieved from /root/Documents/airflow/venv/lib64/python3.9/site-packages/airflow/example_dags/example_branch_day_of_week_operator.py
[2025-08-25 13:02:43,092] {logging_mixin.py:115} INFO - [2025-08-25 13:02:43,092] {dag.py:2379} INFO - Sync 1 DAGs
[2025-08-25 13:02:43,123] {logging_mixin.py:115} INFO - [2025-08-25 13:02:43,123] {dag.py:2927} INFO - Setting next_dagrun for example_weekday_branch_operator to 2025-08-24T00:00:00+00:00, run_after=2025-08-25T00:00:00+00:00
[2025-08-25 13:02:43,207] {processor.py:161} INFO - Processing /root/Documents/airflow/venv/lib64/python3.9/site-packages/airflow/example_dags/example_branch_day_of_week_operator.py took 0.183 seconds
[2025-08-25 13:03:38,625] {processor.py:153} INFO - Started process (PID=2795986) to work on /root/Documents/airflow/venv/lib64/python3.9/site-packages/airflow/example_dags/example_branch_day_of_week_operator.py
[2025-08-25 13:03:38,647] {processor.py:641} INFO - Processing file /root/Documents/airflow/venv/lib64/python3.9/site-packages/airflow/example_dags/example_branch_day_of_week_operator.py for tasks to queue
[2025-08-25 13:03:38,648] {logging_mixin.py:115} INFO - [2025-08-25 13:03:38,648] {dagbag.py:507} INFO - Filling up the DagBag from /root/Documents/airflow/venv/lib64/python3.9/site-packages/airflow/example_dags/example_branch_day_of_week_operator.py
[2025-08-25 13:03:38,657] {processor.py:651} INFO - DAG(s) dict_keys(['example_weekday_branch_operator']) retrieved from /root/Documents/airflow/venv/lib64/python3.9/site-packages/airflow/example_dags/example_branch_day_of_week_operator.py
[2025-08-25 13:03:38,699] {logging_mixin.py:115} INFO - [2025-08-25 13:03:38,699] {dag.py:2379} INFO - Sync 1 DAGs
[2025-08-25 13:03:38,741] {logging_mixin.py:115} INFO - [2025-08-25 13:03:38,741] {dag.py:2927} INFO - Setting next_dagrun for example_weekday_branch_operator to 2025-08-24T00:00:00+00:00, run_after=2025-08-25T00:00:00+00:00
[2025-08-25 13:03:38,764] {processor.py:161} INFO - Processing /root/Documents/airflow/venv/lib64/python3.9/site-packages/airflow/example_dags/example_branch_day_of_week_operator.py took 0.142 seconds
[2025-08-25 13:05:58,158] {processor.py:153} INFO - Started process (PID=2796533) to work on /root/Documents/airflow/venv/lib64/python3.9/site-packages/airflow/example_dags/example_branch_day_of_week_operator.py
[2025-08-25 13:05:58,170] {processor.py:641} INFO - Processing file /root/Documents/airflow/venv/lib64/python3.9/site-packages/airflow/example_dags/example_branch_day_of_week_operator.py for tasks to queue
[2025-08-25 13:05:58,171] {logging_mixin.py:115} INFO - [2025-08-25 13:05:58,171] {dagbag.py:507} INFO - Filling up the DagBag from /root/Documents/airflow/venv/lib64/python3.9/site-packages/airflow/example_dags/example_branch_day_of_week_operator.py
[2025-08-25 13:05:58,180] {processor.py:651} INFO - DAG(s) dict_keys(['example_weekday_branch_operator']) retrieved from /root/Documents/airflow/venv/lib64/python3.9/site-packages/airflow/example_dags/example_branch_day_of_week_operator.py
[2025-08-25 13:05:58,296] {logging_mixin.py:115} INFO - [2025-08-25 13:05:58,295] {dag.py:2379} INFO - Sync 1 DAGs
[2025-08-25 13:05:58,359] {logging_mixin.py:115} INFO - [2025-08-25 13:05:58,359] {dag.py:2927} INFO - Setting next_dagrun for example_weekday_branch_operator to 2025-08-24T00:00:00+00:00, run_after=2025-08-25T00:00:00+00:00
[2025-08-25 13:05:58,429] {processor.py:161} INFO - Processing /root/Documents/airflow/venv/lib64/python3.9/site-packages/airflow/example_dags/example_branch_day_of_week_operator.py took 0.274 seconds
[2025-08-25 13:06:47,813] {processor.py:153} INFO - Started process (PID=2796681) to work on /root/Documents/airflow/venv/lib64/python3.9/site-packages/airflow/example_dags/example_branch_day_of_week_operator.py
[2025-08-25 13:06:47,828] {processor.py:641} INFO - Processing file /root/Documents/airflow/venv/lib64/python3.9/site-packages/airflow/example_dags/example_branch_day_of_week_operator.py for tasks to queue
[2025-08-25 13:06:47,828] {logging_mixin.py:115} INFO - [2025-08-25 13:06:47,828] {dagbag.py:507} INFO - Filling up the DagBag from /root/Documents/airflow/venv/lib64/python3.9/site-packages/airflow/example_dags/example_branch_day_of_week_operator.py
[2025-08-25 13:06:47,837] {processor.py:651} INFO - DAG(s) dict_keys(['example_weekday_branch_operator']) retrieved from /root/Documents/airflow/venv/lib64/python3.9/site-packages/airflow/example_dags/example_branch_day_of_week_operator.py
[2025-08-25 13:06:47,894] {logging_mixin.py:115} INFO - [2025-08-25 13:06:47,894] {dag.py:2379} INFO - Sync 1 DAGs
[2025-08-25 13:06:47,962] {logging_mixin.py:115} INFO - [2025-08-25 13:06:47,962] {dag.py:2927} INFO - Setting next_dagrun for example_weekday_branch_operator to 2025-08-24T00:00:00+00:00, run_after=2025-08-25T00:00:00+00:00
[2025-08-25 13:06:48,055] {processor.py:161} INFO - Processing /root/Documents/airflow/venv/lib64/python3.9/site-packages/airflow/example_dags/example_branch_day_of_week_operator.py took 0.245 seconds
[2025-08-25 13:08:53,952] {processor.py:153} INFO - Started process (PID=2797183) to work on /root/Documents/airflow/venv/lib64/python3.9/site-packages/airflow/example_dags/example_branch_day_of_week_operator.py
[2025-08-25 13:08:53,964] {processor.py:641} INFO - Processing file /root/Documents/airflow/venv/lib64/python3.9/site-packages/airflow/example_dags/example_branch_day_of_week_operator.py for tasks to queue
[2025-08-25 13:08:53,964] {logging_mixin.py:115} INFO - [2025-08-25 13:08:53,964] {dagbag.py:507} INFO - Filling up the DagBag from /root/Documents/airflow/venv/lib64/python3.9/site-packages/airflow/example_dags/example_branch_day_of_week_operator.py
[2025-08-25 13:08:53,973] {processor.py:651} INFO - DAG(s) dict_keys(['example_weekday_branch_operator']) retrieved from /root/Documents/airflow/venv/lib64/python3.9/site-packages/airflow/example_dags/example_branch_day_of_week_operator.py
[2025-08-25 13:08:54,048] {logging_mixin.py:115} INFO - [2025-08-25 13:08:54,048] {dag.py:2379} INFO - Sync 1 DAGs
[2025-08-25 13:08:54,193] {logging_mixin.py:115} INFO - [2025-08-25 13:08:54,192] {dag.py:2927} INFO - Setting next_dagrun for example_weekday_branch_operator to 2025-08-24T00:00:00+00:00, run_after=2025-08-25T00:00:00+00:00
[2025-08-25 13:08:54,251] {processor.py:161} INFO - Processing /root/Documents/airflow/venv/lib64/python3.9/site-packages/airflow/example_dags/example_branch_day_of_week_operator.py took 0.302 seconds
[2025-08-25 13:14:20,861] {processor.py:153} INFO - Started process (PID=2798230) to work on /root/Documents/airflow/venv/lib64/python3.9/site-packages/airflow/example_dags/example_branch_day_of_week_operator.py
[2025-08-25 13:14:20,883] {processor.py:641} INFO - Processing file /root/Documents/airflow/venv/lib64/python3.9/site-packages/airflow/example_dags/example_branch_day_of_week_operator.py for tasks to queue
[2025-08-25 13:14:20,884] {logging_mixin.py:115} INFO - [2025-08-25 13:14:20,884] {dagbag.py:507} INFO - Filling up the DagBag from /root/Documents/airflow/venv/lib64/python3.9/site-packages/airflow/example_dags/example_branch_day_of_week_operator.py
[2025-08-25 13:14:20,893] {processor.py:651} INFO - DAG(s) dict_keys(['example_weekday_branch_operator']) retrieved from /root/Documents/airflow/venv/lib64/python3.9/site-packages/airflow/example_dags/example_branch_day_of_week_operator.py
[2025-08-25 13:14:20,965] {logging_mixin.py:115} INFO - [2025-08-25 13:14:20,965] {dag.py:2379} INFO - Sync 1 DAGs
[2025-08-25 13:14:21,029] {logging_mixin.py:115} INFO - [2025-08-25 13:14:21,029] {dag.py:2927} INFO - Setting next_dagrun for example_weekday_branch_operator to 2025-08-24T00:00:00+00:00, run_after=2025-08-25T00:00:00+00:00
[2025-08-25 13:14:21,094] {processor.py:161} INFO - Processing /root/Documents/airflow/venv/lib64/python3.9/site-packages/airflow/example_dags/example_branch_day_of_week_operator.py took 0.236 seconds
[2025-08-25 13:15:11,215] {processor.py:153} INFO - Started process (PID=2798379) to work on /root/Documents/airflow/venv/lib64/python3.9/site-packages/airflow/example_dags/example_branch_day_of_week_operator.py
[2025-08-25 13:15:11,226] {processor.py:641} INFO - Processing file /root/Documents/airflow/venv/lib64/python3.9/site-packages/airflow/example_dags/example_branch_day_of_week_operator.py for tasks to queue
[2025-08-25 13:15:11,226] {logging_mixin.py:115} INFO - [2025-08-25 13:15:11,226] {dagbag.py:507} INFO - Filling up the DagBag from /root/Documents/airflow/venv/lib64/python3.9/site-packages/airflow/example_dags/example_branch_day_of_week_operator.py
[2025-08-25 13:15:11,235] {processor.py:651} INFO - DAG(s) dict_keys(['example_weekday_branch_operator']) retrieved from /root/Documents/airflow/venv/lib64/python3.9/site-packages/airflow/example_dags/example_branch_day_of_week_operator.py
[2025-08-25 13:15:11,297] {logging_mixin.py:115} INFO - [2025-08-25 13:15:11,297] {dag.py:2379} INFO - Sync 1 DAGs
[2025-08-25 13:15:11,317] {logging_mixin.py:115} INFO - [2025-08-25 13:15:11,317] {dag.py:2927} INFO - Setting next_dagrun for example_weekday_branch_operator to 2025-08-24T00:00:00+00:00, run_after=2025-08-25T00:00:00+00:00
[2025-08-25 13:15:11,369] {processor.py:161} INFO - Processing /root/Documents/airflow/venv/lib64/python3.9/site-packages/airflow/example_dags/example_branch_day_of_week_operator.py took 0.157 seconds
[2025-08-25 13:15:54,796] {processor.py:153} INFO - Started process (PID=2798450) to work on /root/Documents/airflow/venv/lib64/python3.9/site-packages/airflow/example_dags/example_branch_day_of_week_operator.py
[2025-08-25 13:15:54,818] {processor.py:641} INFO - Processing file /root/Documents/airflow/venv/lib64/python3.9/site-packages/airflow/example_dags/example_branch_day_of_week_operator.py for tasks to queue
[2025-08-25 13:15:54,819] {logging_mixin.py:115} INFO - [2025-08-25 13:15:54,819] {dagbag.py:507} INFO - Filling up the DagBag from /root/Documents/airflow/venv/lib64/python3.9/site-packages/airflow/example_dags/example_branch_day_of_week_operator.py
[2025-08-25 13:15:54,828] {processor.py:651} INFO - DAG(s) dict_keys(['example_weekday_branch_operator']) retrieved from /root/Documents/airflow/venv/lib64/python3.9/site-packages/airflow/example_dags/example_branch_day_of_week_operator.py
[2025-08-25 13:15:54,902] {logging_mixin.py:115} INFO - [2025-08-25 13:15:54,901] {dag.py:2379} INFO - Sync 1 DAGs
[2025-08-25 13:15:54,967] {logging_mixin.py:115} INFO - [2025-08-25 13:15:54,967] {dag.py:2927} INFO - Setting next_dagrun for example_weekday_branch_operator to 2025-08-24T00:00:00+00:00, run_after=2025-08-25T00:00:00+00:00
[2025-08-25 13:15:55,043] {processor.py:161} INFO - Processing /root/Documents/airflow/venv/lib64/python3.9/site-packages/airflow/example_dags/example_branch_day_of_week_operator.py took 0.251 seconds
[2025-08-25 13:16:47,164] {processor.py:153} INFO - Started process (PID=2798606) to work on /root/Documents/airflow/venv/lib64/python3.9/site-packages/airflow/example_dags/example_branch_day_of_week_operator.py
[2025-08-25 13:16:47,175] {processor.py:641} INFO - Processing file /root/Documents/airflow/venv/lib64/python3.9/site-packages/airflow/example_dags/example_branch_day_of_week_operator.py for tasks to queue
[2025-08-25 13:16:47,176] {logging_mixin.py:115} INFO - [2025-08-25 13:16:47,176] {dagbag.py:507} INFO - Filling up the DagBag from /root/Documents/airflow/venv/lib64/python3.9/site-packages/airflow/example_dags/example_branch_day_of_week_operator.py
[2025-08-25 13:16:47,185] {processor.py:651} INFO - DAG(s) dict_keys(['example_weekday_branch_operator']) retrieved from /root/Documents/airflow/venv/lib64/python3.9/site-packages/airflow/example_dags/example_branch_day_of_week_operator.py
[2025-08-25 13:16:47,257] {logging_mixin.py:115} INFO - [2025-08-25 13:16:47,257] {dag.py:2379} INFO - Sync 1 DAGs
[2025-08-25 13:16:47,312] {logging_mixin.py:115} INFO - [2025-08-25 13:16:47,312] {dag.py:2927} INFO - Setting next_dagrun for example_weekday_branch_operator to 2025-08-24T00:00:00+00:00, run_after=2025-08-25T00:00:00+00:00
[2025-08-25 13:16:47,380] {processor.py:161} INFO - Processing /root/Documents/airflow/venv/lib64/python3.9/site-packages/airflow/example_dags/example_branch_day_of_week_operator.py took 0.219 seconds
[2025-08-25 13:17:40,592] {processor.py:153} INFO - Started process (PID=2798763) to work on /root/Documents/airflow/venv/lib64/python3.9/site-packages/airflow/example_dags/example_branch_day_of_week_operator.py
[2025-08-25 13:17:40,614] {processor.py:641} INFO - Processing file /root/Documents/airflow/venv/lib64/python3.9/site-packages/airflow/example_dags/example_branch_day_of_week_operator.py for tasks to queue
[2025-08-25 13:17:40,615] {logging_mixin.py:115} INFO - [2025-08-25 13:17:40,615] {dagbag.py:507} INFO - Filling up the DagBag from /root/Documents/airflow/venv/lib64/python3.9/site-packages/airflow/example_dags/example_branch_day_of_week_operator.py
[2025-08-25 13:17:40,624] {processor.py:651} INFO - DAG(s) dict_keys(['example_weekday_branch_operator']) retrieved from /root/Documents/airflow/venv/lib64/python3.9/site-packages/airflow/example_dags/example_branch_day_of_week_operator.py
[2025-08-25 13:17:40,685] {logging_mixin.py:115} INFO - [2025-08-25 13:17:40,685] {dag.py:2379} INFO - Sync 1 DAGs
[2025-08-25 13:17:40,749] {logging_mixin.py:115} INFO - [2025-08-25 13:17:40,749] {dag.py:2927} INFO - Setting next_dagrun for example_weekday_branch_operator to 2025-08-24T00:00:00+00:00, run_after=2025-08-25T00:00:00+00:00
[2025-08-25 13:17:40,797] {processor.py:161} INFO - Processing /root/Documents/airflow/venv/lib64/python3.9/site-packages/airflow/example_dags/example_branch_day_of_week_operator.py took 0.208 seconds
[2025-08-25 13:18:26,547] {processor.py:153} INFO - Started process (PID=2798938) to work on /root/Documents/airflow/venv/lib64/python3.9/site-packages/airflow/example_dags/example_branch_day_of_week_operator.py
[2025-08-25 13:18:26,548] {processor.py:641} INFO - Processing file /root/Documents/airflow/venv/lib64/python3.9/site-packages/airflow/example_dags/example_branch_day_of_week_operator.py for tasks to queue
[2025-08-25 13:18:26,548] {logging_mixin.py:115} INFO - [2025-08-25 13:18:26,548] {dagbag.py:507} INFO - Filling up the DagBag from /root/Documents/airflow/venv/lib64/python3.9/site-packages/airflow/example_dags/example_branch_day_of_week_operator.py
[2025-08-25 13:18:26,557] {processor.py:651} INFO - DAG(s) dict_keys(['example_weekday_branch_operator']) retrieved from /root/Documents/airflow/venv/lib64/python3.9/site-packages/airflow/example_dags/example_branch_day_of_week_operator.py
[2025-08-25 13:18:26,572] {logging_mixin.py:115} INFO - [2025-08-25 13:18:26,572] {dag.py:2379} INFO - Sync 1 DAGs
[2025-08-25 13:18:26,593] {logging_mixin.py:115} INFO - [2025-08-25 13:18:26,592] {dag.py:2927} INFO - Setting next_dagrun for example_weekday_branch_operator to 2025-08-24T00:00:00+00:00, run_after=2025-08-25T00:00:00+00:00
[2025-08-25 13:18:26,624] {processor.py:161} INFO - Processing /root/Documents/airflow/venv/lib64/python3.9/site-packages/airflow/example_dags/example_branch_day_of_week_operator.py took 0.081 seconds
[2025-08-25 13:19:25,465] {processor.py:153} INFO - Started process (PID=2799132) to work on /root/Documents/airflow/venv/lib64/python3.9/site-packages/airflow/example_dags/example_branch_day_of_week_operator.py
[2025-08-25 13:19:25,476] {processor.py:641} INFO - Processing file /root/Documents/airflow/venv/lib64/python3.9/site-packages/airflow/example_dags/example_branch_day_of_week_operator.py for tasks to queue
[2025-08-25 13:19:25,477] {logging_mixin.py:115} INFO - [2025-08-25 13:19:25,477] {dagbag.py:507} INFO - Filling up the DagBag from /root/Documents/airflow/venv/lib64/python3.9/site-packages/airflow/example_dags/example_branch_day_of_week_operator.py
[2025-08-25 13:19:25,485] {processor.py:651} INFO - DAG(s) dict_keys(['example_weekday_branch_operator']) retrieved from /root/Documents/airflow/venv/lib64/python3.9/site-packages/airflow/example_dags/example_branch_day_of_week_operator.py
[2025-08-25 13:19:25,560] {logging_mixin.py:115} INFO - [2025-08-25 13:19:25,560] {dag.py:2379} INFO - Sync 1 DAGs
[2025-08-25 13:19:25,618] {logging_mixin.py:115} INFO - [2025-08-25 13:19:25,617] {dag.py:2927} INFO - Setting next_dagrun for example_weekday_branch_operator to 2025-08-24T00:00:00+00:00, run_after=2025-08-25T00:00:00+00:00
[2025-08-25 13:19:25,705] {processor.py:161} INFO - Processing /root/Documents/airflow/venv/lib64/python3.9/site-packages/airflow/example_dags/example_branch_day_of_week_operator.py took 0.243 seconds
[2025-08-25 13:20:16,767] {processor.py:153} INFO - Started process (PID=2799313) to work on /root/Documents/airflow/venv/lib64/python3.9/site-packages/airflow/example_dags/example_branch_day_of_week_operator.py
[2025-08-25 13:20:16,768] {processor.py:641} INFO - Processing file /root/Documents/airflow/venv/lib64/python3.9/site-packages/airflow/example_dags/example_branch_day_of_week_operator.py for tasks to queue
[2025-08-25 13:20:16,768] {logging_mixin.py:115} INFO - [2025-08-25 13:20:16,768] {dagbag.py:507} INFO - Filling up the DagBag from /root/Documents/airflow/venv/lib64/python3.9/site-packages/airflow/example_dags/example_branch_day_of_week_operator.py
[2025-08-25 13:20:16,777] {processor.py:651} INFO - DAG(s) dict_keys(['example_weekday_branch_operator']) retrieved from /root/Documents/airflow/venv/lib64/python3.9/site-packages/airflow/example_dags/example_branch_day_of_week_operator.py
[2025-08-25 13:20:16,828] {logging_mixin.py:115} INFO - [2025-08-25 13:20:16,828] {dag.py:2379} INFO - Sync 1 DAGs
[2025-08-25 13:20:16,914] {logging_mixin.py:115} INFO - [2025-08-25 13:20:16,914] {dag.py:2927} INFO - Setting next_dagrun for example_weekday_branch_operator to 2025-08-24T00:00:00+00:00, run_after=2025-08-25T00:00:00+00:00
[2025-08-25 13:20:16,995] {processor.py:161} INFO - Processing /root/Documents/airflow/venv/lib64/python3.9/site-packages/airflow/example_dags/example_branch_day_of_week_operator.py took 0.231 seconds
[2025-08-25 13:21:00,228] {processor.py:153} INFO - Started process (PID=2799393) to work on /root/Documents/airflow/venv/lib64/python3.9/site-packages/airflow/example_dags/example_branch_day_of_week_operator.py
[2025-08-25 13:21:00,249] {processor.py:641} INFO - Processing file /root/Documents/airflow/venv/lib64/python3.9/site-packages/airflow/example_dags/example_branch_day_of_week_operator.py for tasks to queue
[2025-08-25 13:21:00,250] {logging_mixin.py:115} INFO - [2025-08-25 13:21:00,250] {dagbag.py:507} INFO - Filling up the DagBag from /root/Documents/airflow/venv/lib64/python3.9/site-packages/airflow/example_dags/example_branch_day_of_week_operator.py
[2025-08-25 13:21:00,259] {processor.py:651} INFO - DAG(s) dict_keys(['example_weekday_branch_operator']) retrieved from /root/Documents/airflow/venv/lib64/python3.9/site-packages/airflow/example_dags/example_branch_day_of_week_operator.py
[2025-08-25 13:21:00,308] {logging_mixin.py:115} INFO - [2025-08-25 13:21:00,308] {dag.py:2379} INFO - Sync 1 DAGs
[2025-08-25 13:21:00,374] {logging_mixin.py:115} INFO - [2025-08-25 13:21:00,374] {dag.py:2927} INFO - Setting next_dagrun for example_weekday_branch_operator to 2025-08-24T00:00:00+00:00, run_after=2025-08-25T00:00:00+00:00
[2025-08-25 13:21:00,441] {processor.py:161} INFO - Processing /root/Documents/airflow/venv/lib64/python3.9/site-packages/airflow/example_dags/example_branch_day_of_week_operator.py took 0.216 seconds
[2025-08-25 13:21:50,004] {processor.py:153} INFO - Started process (PID=2799538) to work on /root/Documents/airflow/venv/lib64/python3.9/site-packages/airflow/example_dags/example_branch_day_of_week_operator.py
[2025-08-25 13:21:50,015] {processor.py:641} INFO - Processing file /root/Documents/airflow/venv/lib64/python3.9/site-packages/airflow/example_dags/example_branch_day_of_week_operator.py for tasks to queue
[2025-08-25 13:21:50,016] {logging_mixin.py:115} INFO - [2025-08-25 13:21:50,016] {dagbag.py:507} INFO - Filling up the DagBag from /root/Documents/airflow/venv/lib64/python3.9/site-packages/airflow/example_dags/example_branch_day_of_week_operator.py
[2025-08-25 13:21:50,025] {processor.py:651} INFO - DAG(s) dict_keys(['example_weekday_branch_operator']) retrieved from /root/Documents/airflow/venv/lib64/python3.9/site-packages/airflow/example_dags/example_branch_day_of_week_operator.py
[2025-08-25 13:21:50,092] {logging_mixin.py:115} INFO - [2025-08-25 13:21:50,092] {dag.py:2379} INFO - Sync 1 DAGs
[2025-08-25 13:21:50,168] {logging_mixin.py:115} INFO - [2025-08-25 13:21:50,168] {dag.py:2927} INFO - Setting next_dagrun for example_weekday_branch_operator to 2025-08-24T00:00:00+00:00, run_after=2025-08-25T00:00:00+00:00
[2025-08-25 13:21:50,210] {processor.py:161} INFO - Processing /root/Documents/airflow/venv/lib64/python3.9/site-packages/airflow/example_dags/example_branch_day_of_week_operator.py took 0.209 seconds
[2025-08-25 13:22:44,687] {processor.py:153} INFO - Started process (PID=2799724) to work on /root/Documents/airflow/venv/lib64/python3.9/site-packages/airflow/example_dags/example_branch_day_of_week_operator.py
[2025-08-25 13:22:44,698] {processor.py:641} INFO - Processing file /root/Documents/airflow/venv/lib64/python3.9/site-packages/airflow/example_dags/example_branch_day_of_week_operator.py for tasks to queue
[2025-08-25 13:22:44,699] {logging_mixin.py:115} INFO - [2025-08-25 13:22:44,699] {dagbag.py:507} INFO - Filling up the DagBag from /root/Documents/airflow/venv/lib64/python3.9/site-packages/airflow/example_dags/example_branch_day_of_week_operator.py
[2025-08-25 13:22:44,709] {processor.py:651} INFO - DAG(s) dict_keys(['example_weekday_branch_operator']) retrieved from /root/Documents/airflow/venv/lib64/python3.9/site-packages/airflow/example_dags/example_branch_day_of_week_operator.py
[2025-08-25 13:22:44,752] {logging_mixin.py:115} INFO - [2025-08-25 13:22:44,752] {dag.py:2379} INFO - Sync 1 DAGs
[2025-08-25 13:22:44,785] {logging_mixin.py:115} INFO - [2025-08-25 13:22:44,785] {dag.py:2927} INFO - Setting next_dagrun for example_weekday_branch_operator to 2025-08-24T00:00:00+00:00, run_after=2025-08-25T00:00:00+00:00
[2025-08-25 13:22:44,843] {processor.py:161} INFO - Processing /root/Documents/airflow/venv/lib64/python3.9/site-packages/airflow/example_dags/example_branch_day_of_week_operator.py took 0.159 seconds
[2025-08-25 13:23:32,935] {processor.py:153} INFO - Started process (PID=2799903) to work on /root/Documents/airflow/venv/lib64/python3.9/site-packages/airflow/example_dags/example_branch_day_of_week_operator.py
[2025-08-25 13:23:32,946] {processor.py:641} INFO - Processing file /root/Documents/airflow/venv/lib64/python3.9/site-packages/airflow/example_dags/example_branch_day_of_week_operator.py for tasks to queue
[2025-08-25 13:23:32,947] {logging_mixin.py:115} INFO - [2025-08-25 13:23:32,947] {dagbag.py:507} INFO - Filling up the DagBag from /root/Documents/airflow/venv/lib64/python3.9/site-packages/airflow/example_dags/example_branch_day_of_week_operator.py
[2025-08-25 13:23:32,956] {processor.py:651} INFO - DAG(s) dict_keys(['example_weekday_branch_operator']) retrieved from /root/Documents/airflow/venv/lib64/python3.9/site-packages/airflow/example_dags/example_branch_day_of_week_operator.py
[2025-08-25 13:23:33,031] {logging_mixin.py:115} INFO - [2025-08-25 13:23:33,031] {dag.py:2379} INFO - Sync 1 DAGs
[2025-08-25 13:23:33,073] {logging_mixin.py:115} INFO - [2025-08-25 13:23:33,072] {dag.py:2927} INFO - Setting next_dagrun for example_weekday_branch_operator to 2025-08-24T00:00:00+00:00, run_after=2025-08-25T00:00:00+00:00
[2025-08-25 13:23:33,173] {processor.py:161} INFO - Processing /root/Documents/airflow/venv/lib64/python3.9/site-packages/airflow/example_dags/example_branch_day_of_week_operator.py took 0.241 seconds
[2025-08-25 13:24:28,833] {processor.py:153} INFO - Started process (PID=2800088) to work on /root/Documents/airflow/venv/lib64/python3.9/site-packages/airflow/example_dags/example_branch_day_of_week_operator.py
[2025-08-25 13:24:28,844] {processor.py:641} INFO - Processing file /root/Documents/airflow/venv/lib64/python3.9/site-packages/airflow/example_dags/example_branch_day_of_week_operator.py for tasks to queue
[2025-08-25 13:24:28,845] {logging_mixin.py:115} INFO - [2025-08-25 13:24:28,845] {dagbag.py:507} INFO - Filling up the DagBag from /root/Documents/airflow/venv/lib64/python3.9/site-packages/airflow/example_dags/example_branch_day_of_week_operator.py
[2025-08-25 13:24:28,854] {processor.py:651} INFO - DAG(s) dict_keys(['example_weekday_branch_operator']) retrieved from /root/Documents/airflow/venv/lib64/python3.9/site-packages/airflow/example_dags/example_branch_day_of_week_operator.py
[2025-08-25 13:24:28,916] {logging_mixin.py:115} INFO - [2025-08-25 13:24:28,916] {dag.py:2379} INFO - Sync 1 DAGs
[2025-08-25 13:24:28,959] {logging_mixin.py:115} INFO - [2025-08-25 13:24:28,959] {dag.py:2927} INFO - Setting next_dagrun for example_weekday_branch_operator to 2025-08-24T00:00:00+00:00, run_after=2025-08-25T00:00:00+00:00
[2025-08-25 13:24:29,020] {processor.py:161} INFO - Processing /root/Documents/airflow/venv/lib64/python3.9/site-packages/airflow/example_dags/example_branch_day_of_week_operator.py took 0.190 seconds
[2025-08-25 13:25:28,918] {processor.py:153} INFO - Started process (PID=2800283) to work on /root/Documents/airflow/venv/lib64/python3.9/site-packages/airflow/example_dags/example_branch_day_of_week_operator.py
[2025-08-25 13:25:28,962] {processor.py:641} INFO - Processing file /root/Documents/airflow/venv/lib64/python3.9/site-packages/airflow/example_dags/example_branch_day_of_week_operator.py for tasks to queue
[2025-08-25 13:25:28,963] {logging_mixin.py:115} INFO - [2025-08-25 13:25:28,963] {dagbag.py:507} INFO - Filling up the DagBag from /root/Documents/airflow/venv/lib64/python3.9/site-packages/airflow/example_dags/example_branch_day_of_week_operator.py
[2025-08-25 13:25:28,972] {processor.py:651} INFO - DAG(s) dict_keys(['example_weekday_branch_operator']) retrieved from /root/Documents/airflow/venv/lib64/python3.9/site-packages/airflow/example_dags/example_branch_day_of_week_operator.py
[2025-08-25 13:25:29,047] {logging_mixin.py:115} INFO - [2025-08-25 13:25:29,047] {dag.py:2379} INFO - Sync 1 DAGs
[2025-08-25 13:25:29,118] {logging_mixin.py:115} INFO - [2025-08-25 13:25:29,117] {dag.py:2927} INFO - Setting next_dagrun for example_weekday_branch_operator to 2025-08-24T00:00:00+00:00, run_after=2025-08-25T00:00:00+00:00
[2025-08-25 13:25:29,178] {processor.py:161} INFO - Processing /root/Documents/airflow/venv/lib64/python3.9/site-packages/airflow/example_dags/example_branch_day_of_week_operator.py took 0.264 seconds
