[2025-08-25 13:00:50,322] {processor.py:153} INFO - Started process (PID=2795409) to work on /root/Documents/airflow/venv/lib64/python3.9/site-packages/airflow/example_dags/example_dag_decorator.py
[2025-08-25 13:00:50,323] {processor.py:641} INFO - Processing file /root/Documents/airflow/venv/lib64/python3.9/site-packages/airflow/example_dags/example_dag_decorator.py for tasks to queue
[2025-08-25 13:00:50,323] {logging_mixin.py:115} INFO - [2025-08-25 13:00:50,323] {dagbag.py:507} INFO - Filling up the DagBag from /root/Documents/airflow/venv/lib64/python3.9/site-packages/airflow/example_dags/example_dag_decorator.py
[2025-08-25 13:00:50,354] {processor.py:651} INFO - DAG(s) dict_keys(['example_dag_decorator']) retrieved from /root/Documents/airflow/venv/lib64/python3.9/site-packages/airflow/example_dags/example_dag_decorator.py
[2025-08-25 13:00:50,535] {logging_mixin.py:115} INFO - [2025-08-25 13:00:50,534] {dag.py:2379} INFO - Sync 1 DAGs
[2025-08-25 13:00:50,561] {logging_mixin.py:115} INFO - [2025-08-25 13:00:50,561] {dag.py:2927} INFO - Setting next_dagrun for example_dag_decorator to None, run_after=None
[2025-08-25 13:00:50,591] {processor.py:161} INFO - Processing /root/Documents/airflow/venv/lib64/python3.9/site-packages/airflow/example_dags/example_dag_decorator.py took 0.272 seconds
[2025-08-25 13:01:37,672] {processor.py:153} INFO - Started process (PID=2795595) to work on /root/Documents/airflow/venv/lib64/python3.9/site-packages/airflow/example_dags/example_dag_decorator.py
[2025-08-25 13:01:37,673] {processor.py:641} INFO - Processing file /root/Documents/airflow/venv/lib64/python3.9/site-packages/airflow/example_dags/example_dag_decorator.py for tasks to queue
[2025-08-25 13:01:37,673] {logging_mixin.py:115} INFO - [2025-08-25 13:01:37,673] {dagbag.py:507} INFO - Filling up the DagBag from /root/Documents/airflow/venv/lib64/python3.9/site-packages/airflow/example_dags/example_dag_decorator.py
[2025-08-25 13:01:37,726] {processor.py:651} INFO - DAG(s) dict_keys(['example_dag_decorator']) retrieved from /root/Documents/airflow/venv/lib64/python3.9/site-packages/airflow/example_dags/example_dag_decorator.py
[2025-08-25 13:01:37,828] {logging_mixin.py:115} INFO - [2025-08-25 13:01:37,828] {dag.py:2379} INFO - Sync 1 DAGs
[2025-08-25 13:01:37,855] {logging_mixin.py:115} INFO - [2025-08-25 13:01:37,855] {dag.py:2927} INFO - Setting next_dagrun for example_dag_decorator to None, run_after=None
[2025-08-25 13:01:37,955] {processor.py:161} INFO - Processing /root/Documents/airflow/venv/lib64/python3.9/site-packages/airflow/example_dags/example_dag_decorator.py took 0.286 seconds
[2025-08-25 13:02:30,743] {processor.py:153} INFO - Started process (PID=2795781) to work on /root/Documents/airflow/venv/lib64/python3.9/site-packages/airflow/example_dags/example_dag_decorator.py
[2025-08-25 13:02:30,745] {processor.py:641} INFO - Processing file /root/Documents/airflow/venv/lib64/python3.9/site-packages/airflow/example_dags/example_dag_decorator.py for tasks to queue
[2025-08-25 13:02:30,746] {logging_mixin.py:115} INFO - [2025-08-25 13:02:30,746] {dagbag.py:507} INFO - Filling up the DagBag from /root/Documents/airflow/venv/lib64/python3.9/site-packages/airflow/example_dags/example_dag_decorator.py
[2025-08-25 13:02:30,797] {processor.py:651} INFO - DAG(s) dict_keys(['example_dag_decorator']) retrieved from /root/Documents/airflow/venv/lib64/python3.9/site-packages/airflow/example_dags/example_dag_decorator.py
[2025-08-25 13:02:30,886] {logging_mixin.py:115} INFO - [2025-08-25 13:02:30,886] {dag.py:2379} INFO - Sync 1 DAGs
[2025-08-25 13:02:30,925] {logging_mixin.py:115} INFO - [2025-08-25 13:02:30,925] {dag.py:2927} INFO - Setting next_dagrun for example_dag_decorator to None, run_after=None
[2025-08-25 13:02:31,008] {processor.py:161} INFO - Processing /root/Documents/airflow/venv/lib64/python3.9/site-packages/airflow/example_dags/example_dag_decorator.py took 0.269 seconds
[2025-08-25 13:03:27,545] {processor.py:153} INFO - Started process (PID=2795967) to work on /root/Documents/airflow/venv/lib64/python3.9/site-packages/airflow/example_dags/example_dag_decorator.py
[2025-08-25 13:03:27,557] {processor.py:641} INFO - Processing file /root/Documents/airflow/venv/lib64/python3.9/site-packages/airflow/example_dags/example_dag_decorator.py for tasks to queue
[2025-08-25 13:03:27,558] {logging_mixin.py:115} INFO - [2025-08-25 13:03:27,558] {dagbag.py:507} INFO - Filling up the DagBag from /root/Documents/airflow/venv/lib64/python3.9/site-packages/airflow/example_dags/example_dag_decorator.py
[2025-08-25 13:03:27,598] {processor.py:651} INFO - DAG(s) dict_keys(['example_dag_decorator']) retrieved from /root/Documents/airflow/venv/lib64/python3.9/site-packages/airflow/example_dags/example_dag_decorator.py
[2025-08-25 13:03:27,795] {logging_mixin.py:115} INFO - [2025-08-25 13:03:27,795] {dag.py:2379} INFO - Sync 1 DAGs
[2025-08-25 13:03:27,941] {logging_mixin.py:115} INFO - [2025-08-25 13:03:27,941] {dag.py:2927} INFO - Setting next_dagrun for example_dag_decorator to None, run_after=None
[2025-08-25 13:03:28,008] {processor.py:161} INFO - Processing /root/Documents/airflow/venv/lib64/python3.9/site-packages/airflow/example_dags/example_dag_decorator.py took 0.466 seconds
[2025-08-25 13:05:46,331] {processor.py:153} INFO - Started process (PID=2796514) to work on /root/Documents/airflow/venv/lib64/python3.9/site-packages/airflow/example_dags/example_dag_decorator.py
[2025-08-25 13:05:46,343] {processor.py:641} INFO - Processing file /root/Documents/airflow/venv/lib64/python3.9/site-packages/airflow/example_dags/example_dag_decorator.py for tasks to queue
[2025-08-25 13:05:46,344] {logging_mixin.py:115} INFO - [2025-08-25 13:05:46,344] {dagbag.py:507} INFO - Filling up the DagBag from /root/Documents/airflow/venv/lib64/python3.9/site-packages/airflow/example_dags/example_dag_decorator.py
[2025-08-25 13:05:46,423] {processor.py:651} INFO - DAG(s) dict_keys(['example_dag_decorator']) retrieved from /root/Documents/airflow/venv/lib64/python3.9/site-packages/airflow/example_dags/example_dag_decorator.py
[2025-08-25 13:05:46,539] {logging_mixin.py:115} INFO - [2025-08-25 13:05:46,539] {dag.py:2379} INFO - Sync 1 DAGs
[2025-08-25 13:05:46,577] {logging_mixin.py:115} INFO - [2025-08-25 13:05:46,577] {dag.py:2927} INFO - Setting next_dagrun for example_dag_decorator to None, run_after=None
[2025-08-25 13:05:46,687] {processor.py:161} INFO - Processing /root/Documents/airflow/venv/lib64/python3.9/site-packages/airflow/example_dags/example_dag_decorator.py took 0.359 seconds
[2025-08-25 13:06:34,219] {processor.py:153} INFO - Started process (PID=2796659) to work on /root/Documents/airflow/venv/lib64/python3.9/site-packages/airflow/example_dags/example_dag_decorator.py
[2025-08-25 13:06:34,239] {processor.py:641} INFO - Processing file /root/Documents/airflow/venv/lib64/python3.9/site-packages/airflow/example_dags/example_dag_decorator.py for tasks to queue
[2025-08-25 13:06:34,240] {logging_mixin.py:115} INFO - [2025-08-25 13:06:34,240] {dagbag.py:507} INFO - Filling up the DagBag from /root/Documents/airflow/venv/lib64/python3.9/site-packages/airflow/example_dags/example_dag_decorator.py
[2025-08-25 13:06:34,284] {processor.py:651} INFO - DAG(s) dict_keys(['example_dag_decorator']) retrieved from /root/Documents/airflow/venv/lib64/python3.9/site-packages/airflow/example_dags/example_dag_decorator.py
[2025-08-25 13:06:34,374] {logging_mixin.py:115} INFO - [2025-08-25 13:06:34,374] {dag.py:2379} INFO - Sync 1 DAGs
[2025-08-25 13:06:34,389] {logging_mixin.py:115} INFO - [2025-08-25 13:06:34,389] {dag.py:2927} INFO - Setting next_dagrun for example_dag_decorator to None, run_after=None
[2025-08-25 13:06:34,472] {processor.py:161} INFO - Processing /root/Documents/airflow/venv/lib64/python3.9/site-packages/airflow/example_dags/example_dag_decorator.py took 0.257 seconds
[2025-08-25 13:08:42,175] {processor.py:153} INFO - Started process (PID=2797166) to work on /root/Documents/airflow/venv/lib64/python3.9/site-packages/airflow/example_dags/example_dag_decorator.py
[2025-08-25 13:08:42,197] {processor.py:641} INFO - Processing file /root/Documents/airflow/venv/lib64/python3.9/site-packages/airflow/example_dags/example_dag_decorator.py for tasks to queue
[2025-08-25 13:08:42,198] {logging_mixin.py:115} INFO - [2025-08-25 13:08:42,198] {dagbag.py:507} INFO - Filling up the DagBag from /root/Documents/airflow/venv/lib64/python3.9/site-packages/airflow/example_dags/example_dag_decorator.py
[2025-08-25 13:08:42,303] {processor.py:651} INFO - DAG(s) dict_keys(['example_dag_decorator']) retrieved from /root/Documents/airflow/venv/lib64/python3.9/site-packages/airflow/example_dags/example_dag_decorator.py
[2025-08-25 13:08:42,473] {logging_mixin.py:115} INFO - [2025-08-25 13:08:42,472] {dag.py:2379} INFO - Sync 1 DAGs
[2025-08-25 13:08:42,499] {logging_mixin.py:115} INFO - [2025-08-25 13:08:42,499] {dag.py:2927} INFO - Setting next_dagrun for example_dag_decorator to None, run_after=None
[2025-08-25 13:08:42,600] {processor.py:161} INFO - Processing /root/Documents/airflow/venv/lib64/python3.9/site-packages/airflow/example_dags/example_dag_decorator.py took 0.429 seconds
[2025-08-25 13:14:10,109] {processor.py:153} INFO - Started process (PID=2798212) to work on /root/Documents/airflow/venv/lib64/python3.9/site-packages/airflow/example_dags/example_dag_decorator.py
[2025-08-25 13:14:10,112] {processor.py:641} INFO - Processing file /root/Documents/airflow/venv/lib64/python3.9/site-packages/airflow/example_dags/example_dag_decorator.py for tasks to queue
[2025-08-25 13:14:10,112] {logging_mixin.py:115} INFO - [2025-08-25 13:14:10,112] {dagbag.py:507} INFO - Filling up the DagBag from /root/Documents/airflow/venv/lib64/python3.9/site-packages/airflow/example_dags/example_dag_decorator.py
[2025-08-25 13:14:10,138] {processor.py:651} INFO - DAG(s) dict_keys(['example_dag_decorator']) retrieved from /root/Documents/airflow/venv/lib64/python3.9/site-packages/airflow/example_dags/example_dag_decorator.py
[2025-08-25 13:14:10,207] {logging_mixin.py:115} INFO - [2025-08-25 13:14:10,207] {dag.py:2379} INFO - Sync 1 DAGs
[2025-08-25 13:14:10,224] {logging_mixin.py:115} INFO - [2025-08-25 13:14:10,224] {dag.py:2927} INFO - Setting next_dagrun for example_dag_decorator to None, run_after=None
[2025-08-25 13:14:10,237] {processor.py:161} INFO - Processing /root/Documents/airflow/venv/lib64/python3.9/site-packages/airflow/example_dags/example_dag_decorator.py took 0.131 seconds
[2025-08-25 13:14:54,751] {processor.py:153} INFO - Started process (PID=2798284) to work on /root/Documents/airflow/venv/lib64/python3.9/site-packages/airflow/example_dags/example_dag_decorator.py
[2025-08-25 13:14:54,771] {processor.py:641} INFO - Processing file /root/Documents/airflow/venv/lib64/python3.9/site-packages/airflow/example_dags/example_dag_decorator.py for tasks to queue
[2025-08-25 13:14:54,771] {logging_mixin.py:115} INFO - [2025-08-25 13:14:54,771] {dagbag.py:507} INFO - Filling up the DagBag from /root/Documents/airflow/venv/lib64/python3.9/site-packages/airflow/example_dags/example_dag_decorator.py
[2025-08-25 13:14:54,819] {processor.py:651} INFO - DAG(s) dict_keys(['example_dag_decorator']) retrieved from /root/Documents/airflow/venv/lib64/python3.9/site-packages/airflow/example_dags/example_dag_decorator.py
[2025-08-25 13:14:54,933] {logging_mixin.py:115} INFO - [2025-08-25 13:14:54,933] {dag.py:2379} INFO - Sync 1 DAGs
[2025-08-25 13:14:54,973] {logging_mixin.py:115} INFO - [2025-08-25 13:14:54,973] {dag.py:2927} INFO - Setting next_dagrun for example_dag_decorator to None, run_after=None
[2025-08-25 13:14:55,028] {processor.py:161} INFO - Processing /root/Documents/airflow/venv/lib64/python3.9/site-packages/airflow/example_dags/example_dag_decorator.py took 0.280 seconds
[2025-08-25 13:15:40,874] {processor.py:153} INFO - Started process (PID=2798429) to work on /root/Documents/airflow/venv/lib64/python3.9/site-packages/airflow/example_dags/example_dag_decorator.py
[2025-08-25 13:15:40,885] {processor.py:641} INFO - Processing file /root/Documents/airflow/venv/lib64/python3.9/site-packages/airflow/example_dags/example_dag_decorator.py for tasks to queue
[2025-08-25 13:15:40,886] {logging_mixin.py:115} INFO - [2025-08-25 13:15:40,886] {dagbag.py:507} INFO - Filling up the DagBag from /root/Documents/airflow/venv/lib64/python3.9/site-packages/airflow/example_dags/example_dag_decorator.py
[2025-08-25 13:15:40,978] {processor.py:651} INFO - DAG(s) dict_keys(['example_dag_decorator']) retrieved from /root/Documents/airflow/venv/lib64/python3.9/site-packages/airflow/example_dags/example_dag_decorator.py
[2025-08-25 13:15:41,114] {logging_mixin.py:115} INFO - [2025-08-25 13:15:41,114] {dag.py:2379} INFO - Sync 1 DAGs
[2025-08-25 13:15:41,177] {logging_mixin.py:115} INFO - [2025-08-25 13:15:41,176] {dag.py:2927} INFO - Setting next_dagrun for example_dag_decorator to None, run_after=None
[2025-08-25 13:15:41,254] {processor.py:161} INFO - Processing /root/Documents/airflow/venv/lib64/python3.9/site-packages/airflow/example_dags/example_dag_decorator.py took 0.383 seconds
[2025-08-25 13:16:30,566] {processor.py:153} INFO - Started process (PID=2798579) to work on /root/Documents/airflow/venv/lib64/python3.9/site-packages/airflow/example_dags/example_dag_decorator.py
[2025-08-25 13:16:30,577] {processor.py:641} INFO - Processing file /root/Documents/airflow/venv/lib64/python3.9/site-packages/airflow/example_dags/example_dag_decorator.py for tasks to queue
[2025-08-25 13:16:30,578] {logging_mixin.py:115} INFO - [2025-08-25 13:16:30,578] {dagbag.py:507} INFO - Filling up the DagBag from /root/Documents/airflow/venv/lib64/python3.9/site-packages/airflow/example_dags/example_dag_decorator.py
[2025-08-25 13:16:30,648] {processor.py:651} INFO - DAG(s) dict_keys(['example_dag_decorator']) retrieved from /root/Documents/airflow/venv/lib64/python3.9/site-packages/airflow/example_dags/example_dag_decorator.py
[2025-08-25 13:16:30,771] {logging_mixin.py:115} INFO - [2025-08-25 13:16:30,771] {dag.py:2379} INFO - Sync 1 DAGs
[2025-08-25 13:16:30,822] {logging_mixin.py:115} INFO - [2025-08-25 13:16:30,822] {dag.py:2927} INFO - Setting next_dagrun for example_dag_decorator to None, run_after=None
[2025-08-25 13:16:30,946] {processor.py:161} INFO - Processing /root/Documents/airflow/venv/lib64/python3.9/site-packages/airflow/example_dags/example_dag_decorator.py took 0.383 seconds
[2025-08-25 13:17:22,264] {processor.py:153} INFO - Started process (PID=2798732) to work on /root/Documents/airflow/venv/lib64/python3.9/site-packages/airflow/example_dags/example_dag_decorator.py
[2025-08-25 13:17:22,265] {processor.py:641} INFO - Processing file /root/Documents/airflow/venv/lib64/python3.9/site-packages/airflow/example_dags/example_dag_decorator.py for tasks to queue
[2025-08-25 13:17:22,265] {logging_mixin.py:115} INFO - [2025-08-25 13:17:22,265] {dagbag.py:507} INFO - Filling up the DagBag from /root/Documents/airflow/venv/lib64/python3.9/site-packages/airflow/example_dags/example_dag_decorator.py
[2025-08-25 13:17:22,331] {processor.py:651} INFO - DAG(s) dict_keys(['example_dag_decorator']) retrieved from /root/Documents/airflow/venv/lib64/python3.9/site-packages/airflow/example_dags/example_dag_decorator.py
[2025-08-25 13:17:22,483] {logging_mixin.py:115} INFO - [2025-08-25 13:17:22,483] {dag.py:2379} INFO - Sync 1 DAGs
[2025-08-25 13:17:22,503] {logging_mixin.py:115} INFO - [2025-08-25 13:17:22,503] {dag.py:2927} INFO - Setting next_dagrun for example_dag_decorator to None, run_after=None
[2025-08-25 13:17:22,520] {processor.py:161} INFO - Processing /root/Documents/airflow/venv/lib64/python3.9/site-packages/airflow/example_dags/example_dag_decorator.py took 0.259 seconds
[2025-08-25 13:18:09,494] {processor.py:153} INFO - Started process (PID=2798878) to work on /root/Documents/airflow/venv/lib64/python3.9/site-packages/airflow/example_dags/example_dag_decorator.py
[2025-08-25 13:18:09,525] {processor.py:641} INFO - Processing file /root/Documents/airflow/venv/lib64/python3.9/site-packages/airflow/example_dags/example_dag_decorator.py for tasks to queue
[2025-08-25 13:18:09,526] {logging_mixin.py:115} INFO - [2025-08-25 13:18:09,526] {dagbag.py:507} INFO - Filling up the DagBag from /root/Documents/airflow/venv/lib64/python3.9/site-packages/airflow/example_dags/example_dag_decorator.py
[2025-08-25 13:18:09,574] {processor.py:651} INFO - DAG(s) dict_keys(['example_dag_decorator']) retrieved from /root/Documents/airflow/venv/lib64/python3.9/site-packages/airflow/example_dags/example_dag_decorator.py
[2025-08-25 13:18:09,749] {logging_mixin.py:115} INFO - [2025-08-25 13:18:09,749] {dag.py:2379} INFO - Sync 1 DAGs
[2025-08-25 13:18:09,788] {logging_mixin.py:115} INFO - [2025-08-25 13:18:09,788] {dag.py:2927} INFO - Setting next_dagrun for example_dag_decorator to None, run_after=None
[2025-08-25 13:18:09,838] {processor.py:161} INFO - Processing /root/Documents/airflow/venv/lib64/python3.9/site-packages/airflow/example_dags/example_dag_decorator.py took 0.346 seconds
[2025-08-25 13:18:50,771] {processor.py:153} INFO - Started process (PID=2798981) to work on /root/Documents/airflow/venv/lib64/python3.9/site-packages/airflow/example_dags/example_dag_decorator.py
[2025-08-25 13:18:50,783] {processor.py:641} INFO - Processing file /root/Documents/airflow/venv/lib64/python3.9/site-packages/airflow/example_dags/example_dag_decorator.py for tasks to queue
[2025-08-25 13:18:50,783] {logging_mixin.py:115} INFO - [2025-08-25 13:18:50,783] {dagbag.py:507} INFO - Filling up the DagBag from /root/Documents/airflow/venv/lib64/python3.9/site-packages/airflow/example_dags/example_dag_decorator.py
[2025-08-25 13:18:50,819] {processor.py:651} INFO - DAG(s) dict_keys(['example_dag_decorator']) retrieved from /root/Documents/airflow/venv/lib64/python3.9/site-packages/airflow/example_dags/example_dag_decorator.py
[2025-08-25 13:18:50,900] {logging_mixin.py:115} INFO - [2025-08-25 13:18:50,900] {dag.py:2379} INFO - Sync 1 DAGs
[2025-08-25 13:18:50,963] {logging_mixin.py:115} INFO - [2025-08-25 13:18:50,963] {dag.py:2927} INFO - Setting next_dagrun for example_dag_decorator to None, run_after=None
[2025-08-25 13:18:51,019] {processor.py:161} INFO - Processing /root/Documents/airflow/venv/lib64/python3.9/site-packages/airflow/example_dags/example_dag_decorator.py took 0.251 seconds
[2025-08-25 13:19:42,711] {processor.py:153} INFO - Started process (PID=2799163) to work on /root/Documents/airflow/venv/lib64/python3.9/site-packages/airflow/example_dags/example_dag_decorator.py
[2025-08-25 13:19:42,723] {processor.py:641} INFO - Processing file /root/Documents/airflow/venv/lib64/python3.9/site-packages/airflow/example_dags/example_dag_decorator.py for tasks to queue
[2025-08-25 13:19:42,723] {logging_mixin.py:115} INFO - [2025-08-25 13:19:42,723] {dagbag.py:507} INFO - Filling up the DagBag from /root/Documents/airflow/venv/lib64/python3.9/site-packages/airflow/example_dags/example_dag_decorator.py
[2025-08-25 13:19:42,771] {processor.py:651} INFO - DAG(s) dict_keys(['example_dag_decorator']) retrieved from /root/Documents/airflow/venv/lib64/python3.9/site-packages/airflow/example_dags/example_dag_decorator.py
[2025-08-25 13:19:42,907] {logging_mixin.py:115} INFO - [2025-08-25 13:19:42,907] {dag.py:2379} INFO - Sync 1 DAGs
[2025-08-25 13:19:42,969] {logging_mixin.py:115} INFO - [2025-08-25 13:19:42,969] {dag.py:2927} INFO - Setting next_dagrun for example_dag_decorator to None, run_after=None
[2025-08-25 13:19:43,065] {processor.py:161} INFO - Processing /root/Documents/airflow/venv/lib64/python3.9/site-packages/airflow/example_dags/example_dag_decorator.py took 0.357 seconds
[2025-08-25 13:20:32,114] {processor.py:153} INFO - Started process (PID=2799339) to work on /root/Documents/airflow/venv/lib64/python3.9/site-packages/airflow/example_dags/example_dag_decorator.py
[2025-08-25 13:20:32,127] {processor.py:641} INFO - Processing file /root/Documents/airflow/venv/lib64/python3.9/site-packages/airflow/example_dags/example_dag_decorator.py for tasks to queue
[2025-08-25 13:20:32,127] {logging_mixin.py:115} INFO - [2025-08-25 13:20:32,127] {dagbag.py:507} INFO - Filling up the DagBag from /root/Documents/airflow/venv/lib64/python3.9/site-packages/airflow/example_dags/example_dag_decorator.py
[2025-08-25 13:20:32,193] {processor.py:651} INFO - DAG(s) dict_keys(['example_dag_decorator']) retrieved from /root/Documents/airflow/venv/lib64/python3.9/site-packages/airflow/example_dags/example_dag_decorator.py
[2025-08-25 13:20:32,347] {logging_mixin.py:115} INFO - [2025-08-25 13:20:32,347] {dag.py:2379} INFO - Sync 1 DAGs
[2025-08-25 13:20:32,398] {logging_mixin.py:115} INFO - [2025-08-25 13:20:32,398] {dag.py:2927} INFO - Setting next_dagrun for example_dag_decorator to None, run_after=None
[2025-08-25 13:20:32,456] {processor.py:161} INFO - Processing /root/Documents/airflow/venv/lib64/python3.9/site-packages/airflow/example_dags/example_dag_decorator.py took 0.345 seconds
[2025-08-25 13:21:18,823] {processor.py:153} INFO - Started process (PID=2799483) to work on /root/Documents/airflow/venv/lib64/python3.9/site-packages/airflow/example_dags/example_dag_decorator.py
[2025-08-25 13:21:18,833] {processor.py:641} INFO - Processing file /root/Documents/airflow/venv/lib64/python3.9/site-packages/airflow/example_dags/example_dag_decorator.py for tasks to queue
[2025-08-25 13:21:18,834] {logging_mixin.py:115} INFO - [2025-08-25 13:21:18,834] {dagbag.py:507} INFO - Filling up the DagBag from /root/Documents/airflow/venv/lib64/python3.9/site-packages/airflow/example_dags/example_dag_decorator.py
[2025-08-25 13:21:18,882] {processor.py:651} INFO - DAG(s) dict_keys(['example_dag_decorator']) retrieved from /root/Documents/airflow/venv/lib64/python3.9/site-packages/airflow/example_dags/example_dag_decorator.py
[2025-08-25 13:21:19,102] {logging_mixin.py:115} INFO - [2025-08-25 13:21:19,101] {dag.py:2379} INFO - Sync 1 DAGs
[2025-08-25 13:21:19,165] {logging_mixin.py:115} INFO - [2025-08-25 13:21:19,165] {dag.py:2927} INFO - Setting next_dagrun for example_dag_decorator to None, run_after=None
[2025-08-25 13:21:19,231] {processor.py:161} INFO - Processing /root/Documents/airflow/venv/lib64/python3.9/site-packages/airflow/example_dags/example_dag_decorator.py took 0.412 seconds
[2025-08-25 13:22:06,604] {processor.py:153} INFO - Started process (PID=2799600) to work on /root/Documents/airflow/venv/lib64/python3.9/site-packages/airflow/example_dags/example_dag_decorator.py
[2025-08-25 13:22:06,615] {processor.py:641} INFO - Processing file /root/Documents/airflow/venv/lib64/python3.9/site-packages/airflow/example_dags/example_dag_decorator.py for tasks to queue
[2025-08-25 13:22:06,616] {logging_mixin.py:115} INFO - [2025-08-25 13:22:06,616] {dagbag.py:507} INFO - Filling up the DagBag from /root/Documents/airflow/venv/lib64/python3.9/site-packages/airflow/example_dags/example_dag_decorator.py
[2025-08-25 13:22:06,687] {processor.py:651} INFO - DAG(s) dict_keys(['example_dag_decorator']) retrieved from /root/Documents/airflow/venv/lib64/python3.9/site-packages/airflow/example_dags/example_dag_decorator.py
[2025-08-25 13:22:06,822] {logging_mixin.py:115} INFO - [2025-08-25 13:22:06,822] {dag.py:2379} INFO - Sync 1 DAGs
[2025-08-25 13:22:06,885] {logging_mixin.py:115} INFO - [2025-08-25 13:22:06,885] {dag.py:2927} INFO - Setting next_dagrun for example_dag_decorator to None, run_after=None
[2025-08-25 13:22:06,957] {processor.py:161} INFO - Processing /root/Documents/airflow/venv/lib64/python3.9/site-packages/airflow/example_dags/example_dag_decorator.py took 0.356 seconds
[2025-08-25 13:22:57,231] {processor.py:153} INFO - Started process (PID=2799747) to work on /root/Documents/airflow/venv/lib64/python3.9/site-packages/airflow/example_dags/example_dag_decorator.py
[2025-08-25 13:22:57,253] {processor.py:641} INFO - Processing file /root/Documents/airflow/venv/lib64/python3.9/site-packages/airflow/example_dags/example_dag_decorator.py for tasks to queue
[2025-08-25 13:22:57,254] {logging_mixin.py:115} INFO - [2025-08-25 13:22:57,254] {dagbag.py:507} INFO - Filling up the DagBag from /root/Documents/airflow/venv/lib64/python3.9/site-packages/airflow/example_dags/example_dag_decorator.py
[2025-08-25 13:22:57,347] {processor.py:651} INFO - DAG(s) dict_keys(['example_dag_decorator']) retrieved from /root/Documents/airflow/venv/lib64/python3.9/site-packages/airflow/example_dags/example_dag_decorator.py
[2025-08-25 13:22:57,482] {logging_mixin.py:115} INFO - [2025-08-25 13:22:57,482] {dag.py:2379} INFO - Sync 1 DAGs
[2025-08-25 13:22:57,555] {logging_mixin.py:115} INFO - [2025-08-25 13:22:57,555] {dag.py:2927} INFO - Setting next_dagrun for example_dag_decorator to None, run_after=None
[2025-08-25 13:22:57,633] {processor.py:161} INFO - Processing /root/Documents/airflow/venv/lib64/python3.9/site-packages/airflow/example_dags/example_dag_decorator.py took 0.405 seconds
[2025-08-25 13:23:47,116] {processor.py:153} INFO - Started process (PID=2799925) to work on /root/Documents/airflow/venv/lib64/python3.9/site-packages/airflow/example_dags/example_dag_decorator.py
[2025-08-25 13:23:47,127] {processor.py:641} INFO - Processing file /root/Documents/airflow/venv/lib64/python3.9/site-packages/airflow/example_dags/example_dag_decorator.py for tasks to queue
[2025-08-25 13:23:47,128] {logging_mixin.py:115} INFO - [2025-08-25 13:23:47,128] {dagbag.py:507} INFO - Filling up the DagBag from /root/Documents/airflow/venv/lib64/python3.9/site-packages/airflow/example_dags/example_dag_decorator.py
[2025-08-25 13:23:47,209] {processor.py:651} INFO - DAG(s) dict_keys(['example_dag_decorator']) retrieved from /root/Documents/airflow/venv/lib64/python3.9/site-packages/airflow/example_dags/example_dag_decorator.py
[2025-08-25 13:23:47,388] {logging_mixin.py:115} INFO - [2025-08-25 13:23:47,388] {dag.py:2379} INFO - Sync 1 DAGs
[2025-08-25 13:23:47,472] {logging_mixin.py:115} INFO - [2025-08-25 13:23:47,472] {dag.py:2927} INFO - Setting next_dagrun for example_dag_decorator to None, run_after=None
[2025-08-25 13:23:47,543] {processor.py:161} INFO - Processing /root/Documents/airflow/venv/lib64/python3.9/site-packages/airflow/example_dags/example_dag_decorator.py took 0.430 seconds
[2025-08-25 13:24:48,976] {processor.py:153} INFO - Started process (PID=2800121) to work on /root/Documents/airflow/venv/lib64/python3.9/site-packages/airflow/example_dags/example_dag_decorator.py
[2025-08-25 13:24:48,987] {processor.py:641} INFO - Processing file /root/Documents/airflow/venv/lib64/python3.9/site-packages/airflow/example_dags/example_dag_decorator.py for tasks to queue
[2025-08-25 13:24:48,988] {logging_mixin.py:115} INFO - [2025-08-25 13:24:48,988] {dagbag.py:507} INFO - Filling up the DagBag from /root/Documents/airflow/venv/lib64/python3.9/site-packages/airflow/example_dags/example_dag_decorator.py
[2025-08-25 13:24:49,055] {processor.py:651} INFO - DAG(s) dict_keys(['example_dag_decorator']) retrieved from /root/Documents/airflow/venv/lib64/python3.9/site-packages/airflow/example_dags/example_dag_decorator.py
[2025-08-25 13:24:49,202] {logging_mixin.py:115} INFO - [2025-08-25 13:24:49,202] {dag.py:2379} INFO - Sync 1 DAGs
[2025-08-25 13:24:49,253] {logging_mixin.py:115} INFO - [2025-08-25 13:24:49,253] {dag.py:2927} INFO - Setting next_dagrun for example_dag_decorator to None, run_after=None
[2025-08-25 13:24:49,311] {processor.py:161} INFO - Processing /root/Documents/airflow/venv/lib64/python3.9/site-packages/airflow/example_dags/example_dag_decorator.py took 0.337 seconds
[2025-08-25 13:25:46,654] {processor.py:153} INFO - Started process (PID=2800314) to work on /root/Documents/airflow/venv/lib64/python3.9/site-packages/airflow/example_dags/example_dag_decorator.py
[2025-08-25 13:25:46,691] {processor.py:641} INFO - Processing file /root/Documents/airflow/venv/lib64/python3.9/site-packages/airflow/example_dags/example_dag_decorator.py for tasks to queue
[2025-08-25 13:25:46,692] {logging_mixin.py:115} INFO - [2025-08-25 13:25:46,692] {dagbag.py:507} INFO - Filling up the DagBag from /root/Documents/airflow/venv/lib64/python3.9/site-packages/airflow/example_dags/example_dag_decorator.py
[2025-08-25 13:25:46,730] {processor.py:651} INFO - DAG(s) dict_keys(['example_dag_decorator']) retrieved from /root/Documents/airflow/venv/lib64/python3.9/site-packages/airflow/example_dags/example_dag_decorator.py
[2025-08-25 13:25:46,853] {logging_mixin.py:115} INFO - [2025-08-25 13:25:46,853] {dag.py:2379} INFO - Sync 1 DAGs
[2025-08-25 13:25:46,881] {logging_mixin.py:115} INFO - [2025-08-25 13:25:46,881] {dag.py:2927} INFO - Setting next_dagrun for example_dag_decorator to None, run_after=None
[2025-08-25 13:25:46,949] {processor.py:161} INFO - Processing /root/Documents/airflow/venv/lib64/python3.9/site-packages/airflow/example_dags/example_dag_decorator.py took 0.298 seconds
