[2025-08-25 13:00:58,874] {processor.py:153} INFO - Started process (PID=2795424) to work on /root/Documents/airflow/venv/lib64/python3.9/site-packages/airflow/example_dags/example_branch_datetime_operator.py
[2025-08-25 13:00:58,875] {processor.py:641} INFO - Processing file /root/Documents/airflow/venv/lib64/python3.9/site-packages/airflow/example_dags/example_branch_datetime_operator.py for tasks to queue
[2025-08-25 13:00:58,875] {logging_mixin.py:115} INFO - [2025-08-25 13:00:58,875] {dagbag.py:507} INFO - Filling up the DagBag from /root/Documents/airflow/venv/lib64/python3.9/site-packages/airflow/example_dags/example_branch_datetime_operator.py
[2025-08-25 13:00:58,908] {processor.py:651} INFO - DAG(s) dict_keys(['example_branch_datetime_operator_2']) retrieved from /root/Documents/airflow/venv/lib64/python3.9/site-packages/airflow/example_dags/example_branch_datetime_operator.py
[2025-08-25 13:00:58,973] {logging_mixin.py:115} INFO - [2025-08-25 13:00:58,973] {dag.py:2379} INFO - Sync 1 DAGs
[2025-08-25 13:00:59,004] {logging_mixin.py:115} INFO - [2025-08-25 13:00:59,004] {dag.py:2927} INFO - Setting next_dagrun for example_branch_datetime_operator_2 to 2025-08-24T00:00:00+00:00, run_after=2025-08-25T00:00:00+00:00
[2025-08-25 13:00:59,090] {processor.py:161} INFO - Processing /root/Documents/airflow/venv/lib64/python3.9/site-packages/airflow/example_dags/example_branch_datetime_operator.py took 0.219 seconds
[2025-08-25 13:01:46,982] {processor.py:153} INFO - Started process (PID=2795611) to work on /root/Documents/airflow/venv/lib64/python3.9/site-packages/airflow/example_dags/example_branch_datetime_operator.py
[2025-08-25 13:01:47,003] {processor.py:641} INFO - Processing file /root/Documents/airflow/venv/lib64/python3.9/site-packages/airflow/example_dags/example_branch_datetime_operator.py for tasks to queue
[2025-08-25 13:01:47,004] {logging_mixin.py:115} INFO - [2025-08-25 13:01:47,004] {dagbag.py:507} INFO - Filling up the DagBag from /root/Documents/airflow/venv/lib64/python3.9/site-packages/airflow/example_dags/example_branch_datetime_operator.py
[2025-08-25 13:01:47,013] {processor.py:651} INFO - DAG(s) dict_keys(['example_branch_datetime_operator_2']) retrieved from /root/Documents/airflow/venv/lib64/python3.9/site-packages/airflow/example_dags/example_branch_datetime_operator.py
[2025-08-25 13:01:47,056] {logging_mixin.py:115} INFO - [2025-08-25 13:01:47,056] {dag.py:2379} INFO - Sync 1 DAGs
[2025-08-25 13:01:47,093] {logging_mixin.py:115} INFO - [2025-08-25 13:01:47,092] {dag.py:2927} INFO - Setting next_dagrun for example_branch_datetime_operator_2 to 2025-08-24T00:00:00+00:00, run_after=2025-08-25T00:00:00+00:00
[2025-08-25 13:01:47,169] {processor.py:161} INFO - Processing /root/Documents/airflow/venv/lib64/python3.9/site-packages/airflow/example_dags/example_branch_datetime_operator.py took 0.191 seconds
[2025-08-25 13:02:41,581] {processor.py:153} INFO - Started process (PID=2795798) to work on /root/Documents/airflow/venv/lib64/python3.9/site-packages/airflow/example_dags/example_branch_datetime_operator.py
[2025-08-25 13:02:41,603] {processor.py:641} INFO - Processing file /root/Documents/airflow/venv/lib64/python3.9/site-packages/airflow/example_dags/example_branch_datetime_operator.py for tasks to queue
[2025-08-25 13:02:41,604] {logging_mixin.py:115} INFO - [2025-08-25 13:02:41,604] {dagbag.py:507} INFO - Filling up the DagBag from /root/Documents/airflow/venv/lib64/python3.9/site-packages/airflow/example_dags/example_branch_datetime_operator.py
[2025-08-25 13:02:41,613] {processor.py:651} INFO - DAG(s) dict_keys(['example_branch_datetime_operator_2']) retrieved from /root/Documents/airflow/venv/lib64/python3.9/site-packages/airflow/example_dags/example_branch_datetime_operator.py
[2025-08-25 13:02:41,684] {logging_mixin.py:115} INFO - [2025-08-25 13:02:41,684] {dag.py:2379} INFO - Sync 1 DAGs
[2025-08-25 13:02:41,749] {logging_mixin.py:115} INFO - [2025-08-25 13:02:41,749] {dag.py:2927} INFO - Setting next_dagrun for example_branch_datetime_operator_2 to 2025-08-24T00:00:00+00:00, run_after=2025-08-25T00:00:00+00:00
[2025-08-25 13:02:41,813] {processor.py:161} INFO - Processing /root/Documents/airflow/venv/lib64/python3.9/site-packages/airflow/example_dags/example_branch_datetime_operator.py took 0.235 seconds
[2025-08-25 13:03:37,504] {processor.py:153} INFO - Started process (PID=2795984) to work on /root/Documents/airflow/venv/lib64/python3.9/site-packages/airflow/example_dags/example_branch_datetime_operator.py
[2025-08-25 13:03:37,517] {processor.py:641} INFO - Processing file /root/Documents/airflow/venv/lib64/python3.9/site-packages/airflow/example_dags/example_branch_datetime_operator.py for tasks to queue
[2025-08-25 13:03:37,517] {logging_mixin.py:115} INFO - [2025-08-25 13:03:37,517] {dagbag.py:507} INFO - Filling up the DagBag from /root/Documents/airflow/venv/lib64/python3.9/site-packages/airflow/example_dags/example_branch_datetime_operator.py
[2025-08-25 13:03:37,526] {processor.py:651} INFO - DAG(s) dict_keys(['example_branch_datetime_operator_2']) retrieved from /root/Documents/airflow/venv/lib64/python3.9/site-packages/airflow/example_dags/example_branch_datetime_operator.py
[2025-08-25 13:03:37,580] {logging_mixin.py:115} INFO - [2025-08-25 13:03:37,580] {dag.py:2379} INFO - Sync 1 DAGs
[2025-08-25 13:03:37,646] {logging_mixin.py:115} INFO - [2025-08-25 13:03:37,646] {dag.py:2927} INFO - Setting next_dagrun for example_branch_datetime_operator_2 to 2025-08-24T00:00:00+00:00, run_after=2025-08-25T00:00:00+00:00
[2025-08-25 13:03:37,768] {processor.py:161} INFO - Processing /root/Documents/airflow/venv/lib64/python3.9/site-packages/airflow/example_dags/example_branch_datetime_operator.py took 0.267 seconds
[2025-08-25 13:05:56,777] {processor.py:153} INFO - Started process (PID=2796532) to work on /root/Documents/airflow/venv/lib64/python3.9/site-packages/airflow/example_dags/example_branch_datetime_operator.py
[2025-08-25 13:05:56,799] {processor.py:641} INFO - Processing file /root/Documents/airflow/venv/lib64/python3.9/site-packages/airflow/example_dags/example_branch_datetime_operator.py for tasks to queue
[2025-08-25 13:05:56,800] {logging_mixin.py:115} INFO - [2025-08-25 13:05:56,800] {dagbag.py:507} INFO - Filling up the DagBag from /root/Documents/airflow/venv/lib64/python3.9/site-packages/airflow/example_dags/example_branch_datetime_operator.py
[2025-08-25 13:05:56,809] {processor.py:651} INFO - DAG(s) dict_keys(['example_branch_datetime_operator_2']) retrieved from /root/Documents/airflow/venv/lib64/python3.9/site-packages/airflow/example_dags/example_branch_datetime_operator.py
[2025-08-25 13:05:56,862] {logging_mixin.py:115} INFO - [2025-08-25 13:05:56,862] {dag.py:2379} INFO - Sync 1 DAGs
[2025-08-25 13:05:56,938] {logging_mixin.py:115} INFO - [2025-08-25 13:05:56,938] {dag.py:2927} INFO - Setting next_dagrun for example_branch_datetime_operator_2 to 2025-08-24T00:00:00+00:00, run_after=2025-08-25T00:00:00+00:00
[2025-08-25 13:05:57,019] {processor.py:161} INFO - Processing /root/Documents/airflow/venv/lib64/python3.9/site-packages/airflow/example_dags/example_branch_datetime_operator.py took 0.246 seconds
[2025-08-25 13:06:46,330] {processor.py:153} INFO - Started process (PID=2796678) to work on /root/Documents/airflow/venv/lib64/python3.9/site-packages/airflow/example_dags/example_branch_datetime_operator.py
[2025-08-25 13:06:46,331] {processor.py:641} INFO - Processing file /root/Documents/airflow/venv/lib64/python3.9/site-packages/airflow/example_dags/example_branch_datetime_operator.py for tasks to queue
[2025-08-25 13:06:46,332] {logging_mixin.py:115} INFO - [2025-08-25 13:06:46,332] {dagbag.py:507} INFO - Filling up the DagBag from /root/Documents/airflow/venv/lib64/python3.9/site-packages/airflow/example_dags/example_branch_datetime_operator.py
[2025-08-25 13:06:46,340] {processor.py:651} INFO - DAG(s) dict_keys(['example_branch_datetime_operator_2']) retrieved from /root/Documents/airflow/venv/lib64/python3.9/site-packages/airflow/example_dags/example_branch_datetime_operator.py
[2025-08-25 13:06:46,475] {logging_mixin.py:115} INFO - [2025-08-25 13:06:46,475] {dag.py:2379} INFO - Sync 1 DAGs
[2025-08-25 13:06:46,518] {logging_mixin.py:115} INFO - [2025-08-25 13:06:46,518] {dag.py:2927} INFO - Setting next_dagrun for example_branch_datetime_operator_2 to 2025-08-24T00:00:00+00:00, run_after=2025-08-25T00:00:00+00:00
[2025-08-25 13:06:46,591] {processor.py:161} INFO - Processing /root/Documents/airflow/venv/lib64/python3.9/site-packages/airflow/example_dags/example_branch_datetime_operator.py took 0.264 seconds
[2025-08-25 13:08:52,458] {processor.py:153} INFO - Started process (PID=2797182) to work on /root/Documents/airflow/venv/lib64/python3.9/site-packages/airflow/example_dags/example_branch_datetime_operator.py
[2025-08-25 13:08:52,491] {processor.py:641} INFO - Processing file /root/Documents/airflow/venv/lib64/python3.9/site-packages/airflow/example_dags/example_branch_datetime_operator.py for tasks to queue
[2025-08-25 13:08:52,492] {logging_mixin.py:115} INFO - [2025-08-25 13:08:52,492] {dagbag.py:507} INFO - Filling up the DagBag from /root/Documents/airflow/venv/lib64/python3.9/site-packages/airflow/example_dags/example_branch_datetime_operator.py
[2025-08-25 13:08:52,501] {processor.py:651} INFO - DAG(s) dict_keys(['example_branch_datetime_operator_2']) retrieved from /root/Documents/airflow/venv/lib64/python3.9/site-packages/airflow/example_dags/example_branch_datetime_operator.py
[2025-08-25 13:08:52,591] {logging_mixin.py:115} INFO - [2025-08-25 13:08:52,591] {dag.py:2379} INFO - Sync 1 DAGs
[2025-08-25 13:08:52,669] {logging_mixin.py:115} INFO - [2025-08-25 13:08:52,668] {dag.py:2927} INFO - Setting next_dagrun for example_branch_datetime_operator_2 to 2025-08-24T00:00:00+00:00, run_after=2025-08-25T00:00:00+00:00
[2025-08-25 13:08:52,767] {processor.py:161} INFO - Processing /root/Documents/airflow/venv/lib64/python3.9/site-packages/airflow/example_dags/example_branch_datetime_operator.py took 0.312 seconds
[2025-08-25 13:14:19,385] {processor.py:153} INFO - Started process (PID=2798228) to work on /root/Documents/airflow/venv/lib64/python3.9/site-packages/airflow/example_dags/example_branch_datetime_operator.py
[2025-08-25 13:14:19,441] {processor.py:641} INFO - Processing file /root/Documents/airflow/venv/lib64/python3.9/site-packages/airflow/example_dags/example_branch_datetime_operator.py for tasks to queue
[2025-08-25 13:14:19,442] {logging_mixin.py:115} INFO - [2025-08-25 13:14:19,442] {dagbag.py:507} INFO - Filling up the DagBag from /root/Documents/airflow/venv/lib64/python3.9/site-packages/airflow/example_dags/example_branch_datetime_operator.py
[2025-08-25 13:14:19,451] {processor.py:651} INFO - DAG(s) dict_keys(['example_branch_datetime_operator_2']) retrieved from /root/Documents/airflow/venv/lib64/python3.9/site-packages/airflow/example_dags/example_branch_datetime_operator.py
[2025-08-25 13:14:19,490] {logging_mixin.py:115} INFO - [2025-08-25 13:14:19,490] {dag.py:2379} INFO - Sync 1 DAGs
[2025-08-25 13:14:19,601] {logging_mixin.py:115} INFO - [2025-08-25 13:14:19,601] {dag.py:2927} INFO - Setting next_dagrun for example_branch_datetime_operator_2 to 2025-08-24T00:00:00+00:00, run_after=2025-08-25T00:00:00+00:00
[2025-08-25 13:14:19,704] {processor.py:161} INFO - Processing /root/Documents/airflow/venv/lib64/python3.9/site-packages/airflow/example_dags/example_branch_datetime_operator.py took 0.322 seconds
[2025-08-25 13:15:10,100] {processor.py:153} INFO - Started process (PID=2798377) to work on /root/Documents/airflow/venv/lib64/python3.9/site-packages/airflow/example_dags/example_branch_datetime_operator.py
[2025-08-25 13:15:10,112] {processor.py:641} INFO - Processing file /root/Documents/airflow/venv/lib64/python3.9/site-packages/airflow/example_dags/example_branch_datetime_operator.py for tasks to queue
[2025-08-25 13:15:10,112] {logging_mixin.py:115} INFO - [2025-08-25 13:15:10,112] {dagbag.py:507} INFO - Filling up the DagBag from /root/Documents/airflow/venv/lib64/python3.9/site-packages/airflow/example_dags/example_branch_datetime_operator.py
[2025-08-25 13:15:10,121] {processor.py:651} INFO - DAG(s) dict_keys(['example_branch_datetime_operator_2']) retrieved from /root/Documents/airflow/venv/lib64/python3.9/site-packages/airflow/example_dags/example_branch_datetime_operator.py
[2025-08-25 13:15:10,183] {logging_mixin.py:115} INFO - [2025-08-25 13:15:10,183] {dag.py:2379} INFO - Sync 1 DAGs
[2025-08-25 13:15:10,249] {logging_mixin.py:115} INFO - [2025-08-25 13:15:10,249] {dag.py:2927} INFO - Setting next_dagrun for example_branch_datetime_operator_2 to 2025-08-24T00:00:00+00:00, run_after=2025-08-25T00:00:00+00:00
[2025-08-25 13:15:10,317] {processor.py:161} INFO - Processing /root/Documents/airflow/venv/lib64/python3.9/site-packages/airflow/example_dags/example_branch_datetime_operator.py took 0.220 seconds
[2025-08-25 13:15:53,390] {processor.py:153} INFO - Started process (PID=2798449) to work on /root/Documents/airflow/venv/lib64/python3.9/site-packages/airflow/example_dags/example_branch_datetime_operator.py
[2025-08-25 13:15:53,402] {processor.py:641} INFO - Processing file /root/Documents/airflow/venv/lib64/python3.9/site-packages/airflow/example_dags/example_branch_datetime_operator.py for tasks to queue
[2025-08-25 13:15:53,402] {logging_mixin.py:115} INFO - [2025-08-25 13:15:53,402] {dagbag.py:507} INFO - Filling up the DagBag from /root/Documents/airflow/venv/lib64/python3.9/site-packages/airflow/example_dags/example_branch_datetime_operator.py
[2025-08-25 13:15:53,411] {processor.py:651} INFO - DAG(s) dict_keys(['example_branch_datetime_operator_2']) retrieved from /root/Documents/airflow/venv/lib64/python3.9/site-packages/airflow/example_dags/example_branch_datetime_operator.py
[2025-08-25 13:15:53,450] {logging_mixin.py:115} INFO - [2025-08-25 13:15:53,450] {dag.py:2379} INFO - Sync 1 DAGs
[2025-08-25 13:15:53,543] {logging_mixin.py:115} INFO - [2025-08-25 13:15:53,543] {dag.py:2927} INFO - Setting next_dagrun for example_branch_datetime_operator_2 to 2025-08-24T00:00:00+00:00, run_after=2025-08-25T00:00:00+00:00
[2025-08-25 13:15:53,589] {processor.py:161} INFO - Processing /root/Documents/airflow/venv/lib64/python3.9/site-packages/airflow/example_dags/example_branch_datetime_operator.py took 0.202 seconds
[2025-08-25 13:16:45,781] {processor.py:153} INFO - Started process (PID=2798605) to work on /root/Documents/airflow/venv/lib64/python3.9/site-packages/airflow/example_dags/example_branch_datetime_operator.py
[2025-08-25 13:16:45,792] {processor.py:641} INFO - Processing file /root/Documents/airflow/venv/lib64/python3.9/site-packages/airflow/example_dags/example_branch_datetime_operator.py for tasks to queue
[2025-08-25 13:16:45,793] {logging_mixin.py:115} INFO - [2025-08-25 13:16:45,793] {dagbag.py:507} INFO - Filling up the DagBag from /root/Documents/airflow/venv/lib64/python3.9/site-packages/airflow/example_dags/example_branch_datetime_operator.py
[2025-08-25 13:16:45,801] {processor.py:651} INFO - DAG(s) dict_keys(['example_branch_datetime_operator_2']) retrieved from /root/Documents/airflow/venv/lib64/python3.9/site-packages/airflow/example_dags/example_branch_datetime_operator.py
[2025-08-25 13:16:45,863] {logging_mixin.py:115} INFO - [2025-08-25 13:16:45,863] {dag.py:2379} INFO - Sync 1 DAGs
[2025-08-25 13:16:45,927] {logging_mixin.py:115} INFO - [2025-08-25 13:16:45,927] {dag.py:2927} INFO - Setting next_dagrun for example_branch_datetime_operator_2 to 2025-08-24T00:00:00+00:00, run_after=2025-08-25T00:00:00+00:00
[2025-08-25 13:16:45,963] {processor.py:161} INFO - Processing /root/Documents/airflow/venv/lib64/python3.9/site-packages/airflow/example_dags/example_branch_datetime_operator.py took 0.185 seconds
[2025-08-25 13:17:39,326] {processor.py:153} INFO - Started process (PID=2798762) to work on /root/Documents/airflow/venv/lib64/python3.9/site-packages/airflow/example_dags/example_branch_datetime_operator.py
[2025-08-25 13:17:39,337] {processor.py:641} INFO - Processing file /root/Documents/airflow/venv/lib64/python3.9/site-packages/airflow/example_dags/example_branch_datetime_operator.py for tasks to queue
[2025-08-25 13:17:39,338] {logging_mixin.py:115} INFO - [2025-08-25 13:17:39,338] {dagbag.py:507} INFO - Filling up the DagBag from /root/Documents/airflow/venv/lib64/python3.9/site-packages/airflow/example_dags/example_branch_datetime_operator.py
[2025-08-25 13:17:39,347] {processor.py:651} INFO - DAG(s) dict_keys(['example_branch_datetime_operator_2']) retrieved from /root/Documents/airflow/venv/lib64/python3.9/site-packages/airflow/example_dags/example_branch_datetime_operator.py
[2025-08-25 13:17:39,408] {logging_mixin.py:115} INFO - [2025-08-25 13:17:39,408] {dag.py:2379} INFO - Sync 1 DAGs
[2025-08-25 13:17:39,473] {logging_mixin.py:115} INFO - [2025-08-25 13:17:39,473] {dag.py:2927} INFO - Setting next_dagrun for example_branch_datetime_operator_2 to 2025-08-24T00:00:00+00:00, run_after=2025-08-25T00:00:00+00:00
[2025-08-25 13:17:39,490] {processor.py:161} INFO - Processing /root/Documents/airflow/venv/lib64/python3.9/site-packages/airflow/example_dags/example_branch_datetime_operator.py took 0.167 seconds
[2025-08-25 13:18:25,781] {processor.py:153} INFO - Started process (PID=2798921) to work on /root/Documents/airflow/venv/lib64/python3.9/site-packages/airflow/example_dags/example_branch_datetime_operator.py
[2025-08-25 13:18:25,792] {processor.py:641} INFO - Processing file /root/Documents/airflow/venv/lib64/python3.9/site-packages/airflow/example_dags/example_branch_datetime_operator.py for tasks to queue
[2025-08-25 13:18:25,793] {logging_mixin.py:115} INFO - [2025-08-25 13:18:25,792] {dagbag.py:507} INFO - Filling up the DagBag from /root/Documents/airflow/venv/lib64/python3.9/site-packages/airflow/example_dags/example_branch_datetime_operator.py
[2025-08-25 13:18:25,801] {processor.py:651} INFO - DAG(s) dict_keys(['example_branch_datetime_operator_2']) retrieved from /root/Documents/airflow/venv/lib64/python3.9/site-packages/airflow/example_dags/example_branch_datetime_operator.py
[2025-08-25 13:18:25,850] {logging_mixin.py:115} INFO - [2025-08-25 13:18:25,850] {dag.py:2379} INFO - Sync 1 DAGs
[2025-08-25 13:18:25,893] {logging_mixin.py:115} INFO - [2025-08-25 13:18:25,893] {dag.py:2927} INFO - Setting next_dagrun for example_branch_datetime_operator_2 to 2025-08-24T00:00:00+00:00, run_after=2025-08-25T00:00:00+00:00
[2025-08-25 13:18:25,907] {processor.py:161} INFO - Processing /root/Documents/airflow/venv/lib64/python3.9/site-packages/airflow/example_dags/example_branch_datetime_operator.py took 0.129 seconds
[2025-08-25 13:19:24,215] {processor.py:153} INFO - Started process (PID=2799131) to work on /root/Documents/airflow/venv/lib64/python3.9/site-packages/airflow/example_dags/example_branch_datetime_operator.py
[2025-08-25 13:19:24,226] {processor.py:641} INFO - Processing file /root/Documents/airflow/venv/lib64/python3.9/site-packages/airflow/example_dags/example_branch_datetime_operator.py for tasks to queue
[2025-08-25 13:19:24,227] {logging_mixin.py:115} INFO - [2025-08-25 13:19:24,227] {dagbag.py:507} INFO - Filling up the DagBag from /root/Documents/airflow/venv/lib64/python3.9/site-packages/airflow/example_dags/example_branch_datetime_operator.py
[2025-08-25 13:19:24,236] {processor.py:651} INFO - DAG(s) dict_keys(['example_branch_datetime_operator_2']) retrieved from /root/Documents/airflow/venv/lib64/python3.9/site-packages/airflow/example_dags/example_branch_datetime_operator.py
[2025-08-25 13:19:24,286] {logging_mixin.py:115} INFO - [2025-08-25 13:19:24,286] {dag.py:2379} INFO - Sync 1 DAGs
[2025-08-25 13:19:24,351] {logging_mixin.py:115} INFO - [2025-08-25 13:19:24,351] {dag.py:2927} INFO - Setting next_dagrun for example_branch_datetime_operator_2 to 2025-08-24T00:00:00+00:00, run_after=2025-08-25T00:00:00+00:00
[2025-08-25 13:19:24,364] {processor.py:161} INFO - Processing /root/Documents/airflow/venv/lib64/python3.9/site-packages/airflow/example_dags/example_branch_datetime_operator.py took 0.152 seconds
[2025-08-25 13:20:15,813] {processor.py:153} INFO - Started process (PID=2799311) to work on /root/Documents/airflow/venv/lib64/python3.9/site-packages/airflow/example_dags/example_branch_datetime_operator.py
[2025-08-25 13:20:15,844] {processor.py:641} INFO - Processing file /root/Documents/airflow/venv/lib64/python3.9/site-packages/airflow/example_dags/example_branch_datetime_operator.py for tasks to queue
[2025-08-25 13:20:15,845] {logging_mixin.py:115} INFO - [2025-08-25 13:20:15,845] {dagbag.py:507} INFO - Filling up the DagBag from /root/Documents/airflow/venv/lib64/python3.9/site-packages/airflow/example_dags/example_branch_datetime_operator.py
[2025-08-25 13:20:15,853] {processor.py:651} INFO - DAG(s) dict_keys(['example_branch_datetime_operator_2']) retrieved from /root/Documents/airflow/venv/lib64/python3.9/site-packages/airflow/example_dags/example_branch_datetime_operator.py
[2025-08-25 13:20:15,907] {logging_mixin.py:115} INFO - [2025-08-25 13:20:15,907] {dag.py:2379} INFO - Sync 1 DAGs
[2025-08-25 13:20:15,949] {logging_mixin.py:115} INFO - [2025-08-25 13:20:15,949] {dag.py:2927} INFO - Setting next_dagrun for example_branch_datetime_operator_2 to 2025-08-24T00:00:00+00:00, run_after=2025-08-25T00:00:00+00:00
[2025-08-25 13:20:16,016] {processor.py:161} INFO - Processing /root/Documents/airflow/venv/lib64/python3.9/site-packages/airflow/example_dags/example_branch_datetime_operator.py took 0.206 seconds
[2025-08-25 13:20:59,758] {processor.py:153} INFO - Started process (PID=2799385) to work on /root/Documents/airflow/venv/lib64/python3.9/site-packages/airflow/example_dags/example_branch_datetime_operator.py
[2025-08-25 13:20:59,769] {processor.py:641} INFO - Processing file /root/Documents/airflow/venv/lib64/python3.9/site-packages/airflow/example_dags/example_branch_datetime_operator.py for tasks to queue
[2025-08-25 13:20:59,770] {logging_mixin.py:115} INFO - [2025-08-25 13:20:59,770] {dagbag.py:507} INFO - Filling up the DagBag from /root/Documents/airflow/venv/lib64/python3.9/site-packages/airflow/example_dags/example_branch_datetime_operator.py
[2025-08-25 13:20:59,779] {processor.py:651} INFO - DAG(s) dict_keys(['example_branch_datetime_operator_2']) retrieved from /root/Documents/airflow/venv/lib64/python3.9/site-packages/airflow/example_dags/example_branch_datetime_operator.py
[2025-08-25 13:20:59,841] {logging_mixin.py:115} INFO - [2025-08-25 13:20:59,841] {dag.py:2379} INFO - Sync 1 DAGs
[2025-08-25 13:20:59,907] {logging_mixin.py:115} INFO - [2025-08-25 13:20:59,907] {dag.py:2927} INFO - Setting next_dagrun for example_branch_datetime_operator_2 to 2025-08-24T00:00:00+00:00, run_after=2025-08-25T00:00:00+00:00
[2025-08-25 13:20:59,965] {processor.py:161} INFO - Processing /root/Documents/airflow/venv/lib64/python3.9/site-packages/airflow/example_dags/example_branch_datetime_operator.py took 0.210 seconds
[2025-08-25 13:21:49,460] {processor.py:153} INFO - Started process (PID=2799537) to work on /root/Documents/airflow/venv/lib64/python3.9/site-packages/airflow/example_dags/example_branch_datetime_operator.py
[2025-08-25 13:21:49,500] {processor.py:641} INFO - Processing file /root/Documents/airflow/venv/lib64/python3.9/site-packages/airflow/example_dags/example_branch_datetime_operator.py for tasks to queue
[2025-08-25 13:21:49,500] {logging_mixin.py:115} INFO - [2025-08-25 13:21:49,500] {dagbag.py:507} INFO - Filling up the DagBag from /root/Documents/airflow/venv/lib64/python3.9/site-packages/airflow/example_dags/example_branch_datetime_operator.py
[2025-08-25 13:21:49,509] {processor.py:651} INFO - DAG(s) dict_keys(['example_branch_datetime_operator_2']) retrieved from /root/Documents/airflow/venv/lib64/python3.9/site-packages/airflow/example_dags/example_branch_datetime_operator.py
[2025-08-25 13:21:49,559] {logging_mixin.py:115} INFO - [2025-08-25 13:21:49,559] {dag.py:2379} INFO - Sync 1 DAGs
[2025-08-25 13:21:49,623] {logging_mixin.py:115} INFO - [2025-08-25 13:21:49,623] {dag.py:2927} INFO - Setting next_dagrun for example_branch_datetime_operator_2 to 2025-08-24T00:00:00+00:00, run_after=2025-08-25T00:00:00+00:00
[2025-08-25 13:21:49,697] {processor.py:161} INFO - Processing /root/Documents/airflow/venv/lib64/python3.9/site-packages/airflow/example_dags/example_branch_datetime_operator.py took 0.240 seconds
[2025-08-25 13:22:43,318] {processor.py:153} INFO - Started process (PID=2799722) to work on /root/Documents/airflow/venv/lib64/python3.9/site-packages/airflow/example_dags/example_branch_datetime_operator.py
[2025-08-25 13:22:43,331] {processor.py:641} INFO - Processing file /root/Documents/airflow/venv/lib64/python3.9/site-packages/airflow/example_dags/example_branch_datetime_operator.py for tasks to queue
[2025-08-25 13:22:43,332] {logging_mixin.py:115} INFO - [2025-08-25 13:22:43,332] {dagbag.py:507} INFO - Filling up the DagBag from /root/Documents/airflow/venv/lib64/python3.9/site-packages/airflow/example_dags/example_branch_datetime_operator.py
[2025-08-25 13:22:43,341] {processor.py:651} INFO - DAG(s) dict_keys(['example_branch_datetime_operator_2']) retrieved from /root/Documents/airflow/venv/lib64/python3.9/site-packages/airflow/example_dags/example_branch_datetime_operator.py
[2025-08-25 13:22:43,403] {logging_mixin.py:115} INFO - [2025-08-25 13:22:43,402] {dag.py:2379} INFO - Sync 1 DAGs
[2025-08-25 13:22:43,423] {logging_mixin.py:115} INFO - [2025-08-25 13:22:43,423] {dag.py:2927} INFO - Setting next_dagrun for example_branch_datetime_operator_2 to 2025-08-24T00:00:00+00:00, run_after=2025-08-25T00:00:00+00:00
[2025-08-25 13:22:43,499] {processor.py:161} INFO - Processing /root/Documents/airflow/venv/lib64/python3.9/site-packages/airflow/example_dags/example_branch_datetime_operator.py took 0.184 seconds
[2025-08-25 13:23:31,524] {processor.py:153} INFO - Started process (PID=2799899) to work on /root/Documents/airflow/venv/lib64/python3.9/site-packages/airflow/example_dags/example_branch_datetime_operator.py
[2025-08-25 13:23:31,557] {processor.py:641} INFO - Processing file /root/Documents/airflow/venv/lib64/python3.9/site-packages/airflow/example_dags/example_branch_datetime_operator.py for tasks to queue
[2025-08-25 13:23:31,558] {logging_mixin.py:115} INFO - [2025-08-25 13:23:31,558] {dagbag.py:507} INFO - Filling up the DagBag from /root/Documents/airflow/venv/lib64/python3.9/site-packages/airflow/example_dags/example_branch_datetime_operator.py
[2025-08-25 13:23:31,567] {processor.py:651} INFO - DAG(s) dict_keys(['example_branch_datetime_operator_2']) retrieved from /root/Documents/airflow/venv/lib64/python3.9/site-packages/airflow/example_dags/example_branch_datetime_operator.py
[2025-08-25 13:23:31,651] {logging_mixin.py:115} INFO - [2025-08-25 13:23:31,651] {dag.py:2379} INFO - Sync 1 DAGs
[2025-08-25 13:23:31,729] {logging_mixin.py:115} INFO - [2025-08-25 13:23:31,729] {dag.py:2927} INFO - Setting next_dagrun for example_branch_datetime_operator_2 to 2025-08-24T00:00:00+00:00, run_after=2025-08-25T00:00:00+00:00
[2025-08-25 13:23:31,804] {processor.py:161} INFO - Processing /root/Documents/airflow/venv/lib64/python3.9/site-packages/airflow/example_dags/example_branch_datetime_operator.py took 0.283 seconds
[2025-08-25 13:24:28,396] {processor.py:153} INFO - Started process (PID=2800087) to work on /root/Documents/airflow/venv/lib64/python3.9/site-packages/airflow/example_dags/example_branch_datetime_operator.py
[2025-08-25 13:24:28,407] {processor.py:641} INFO - Processing file /root/Documents/airflow/venv/lib64/python3.9/site-packages/airflow/example_dags/example_branch_datetime_operator.py for tasks to queue
[2025-08-25 13:24:28,408] {logging_mixin.py:115} INFO - [2025-08-25 13:24:28,408] {dagbag.py:507} INFO - Filling up the DagBag from /root/Documents/airflow/venv/lib64/python3.9/site-packages/airflow/example_dags/example_branch_datetime_operator.py
[2025-08-25 13:24:28,417] {processor.py:651} INFO - DAG(s) dict_keys(['example_branch_datetime_operator_2']) retrieved from /root/Documents/airflow/venv/lib64/python3.9/site-packages/airflow/example_dags/example_branch_datetime_operator.py
[2025-08-25 13:24:28,445] {logging_mixin.py:115} INFO - [2025-08-25 13:24:28,445] {dag.py:2379} INFO - Sync 1 DAGs
[2025-08-25 13:24:28,524] {logging_mixin.py:115} INFO - [2025-08-25 13:24:28,524] {dag.py:2927} INFO - Setting next_dagrun for example_branch_datetime_operator_2 to 2025-08-24T00:00:00+00:00, run_after=2025-08-25T00:00:00+00:00
[2025-08-25 13:24:28,652] {processor.py:161} INFO - Processing /root/Documents/airflow/venv/lib64/python3.9/site-packages/airflow/example_dags/example_branch_datetime_operator.py took 0.260 seconds
[2025-08-25 13:25:27,551] {processor.py:153} INFO - Started process (PID=2800280) to work on /root/Documents/airflow/venv/lib64/python3.9/site-packages/airflow/example_dags/example_branch_datetime_operator.py
[2025-08-25 13:25:27,562] {processor.py:641} INFO - Processing file /root/Documents/airflow/venv/lib64/python3.9/site-packages/airflow/example_dags/example_branch_datetime_operator.py for tasks to queue
[2025-08-25 13:25:27,563] {logging_mixin.py:115} INFO - [2025-08-25 13:25:27,563] {dagbag.py:507} INFO - Filling up the DagBag from /root/Documents/airflow/venv/lib64/python3.9/site-packages/airflow/example_dags/example_branch_datetime_operator.py
[2025-08-25 13:25:27,572] {processor.py:651} INFO - DAG(s) dict_keys(['example_branch_datetime_operator_2']) retrieved from /root/Documents/airflow/venv/lib64/python3.9/site-packages/airflow/example_dags/example_branch_datetime_operator.py
[2025-08-25 13:25:27,623] {logging_mixin.py:115} INFO - [2025-08-25 13:25:27,623] {dag.py:2379} INFO - Sync 1 DAGs
[2025-08-25 13:25:27,711] {logging_mixin.py:115} INFO - [2025-08-25 13:25:27,711] {dag.py:2927} INFO - Setting next_dagrun for example_branch_datetime_operator_2 to 2025-08-24T00:00:00+00:00, run_after=2025-08-25T00:00:00+00:00
[2025-08-25 13:25:27,743] {processor.py:161} INFO - Processing /root/Documents/airflow/venv/lib64/python3.9/site-packages/airflow/example_dags/example_branch_datetime_operator.py took 0.195 seconds
