[2025-08-25 13:00:42,929] {processor.py:153} INFO - Started process (PID=2795397) to work on /root/Documents/airflow/venv/lib64/python3.9/site-packages/airflow/example_dags/example_short_circuit_operator.py
[2025-08-25 13:00:42,930] {processor.py:641} INFO - Processing file /root/Documents/airflow/venv/lib64/python3.9/site-packages/airflow/example_dags/example_short_circuit_operator.py for tasks to queue
[2025-08-25 13:00:42,930] {logging_mixin.py:115} INFO - [2025-08-25 13:00:42,930] {dagbag.py:507} INFO - Filling up the DagBag from /root/Documents/airflow/venv/lib64/python3.9/site-packages/airflow/example_dags/example_short_circuit_operator.py
[2025-08-25 13:00:42,943] {processor.py:651} INFO - DAG(s) dict_keys(['example_short_circuit_operator']) retrieved from /root/Documents/airflow/venv/lib64/python3.9/site-packages/airflow/example_dags/example_short_circuit_operator.py
[2025-08-25 13:00:43,249] {logging_mixin.py:115} INFO - [2025-08-25 13:00:43,249] {dag.py:2379} INFO - Sync 1 DAGs
[2025-08-25 13:00:43,351] {logging_mixin.py:115} INFO - [2025-08-25 13:00:43,351] {dag.py:2927} INFO - Setting next_dagrun for example_short_circuit_operator to 2025-08-24T16:00:43.351203+00:00, run_after=2025-08-25T16:00:43.351203+00:00
[2025-08-25 13:00:43,417] {processor.py:161} INFO - Processing /root/Documents/airflow/venv/lib64/python3.9/site-packages/airflow/example_dags/example_short_circuit_operator.py took 0.491 seconds
[2025-08-25 13:01:29,710] {processor.py:153} INFO - Started process (PID=2795581) to work on /root/Documents/airflow/venv/lib64/python3.9/site-packages/airflow/example_dags/example_short_circuit_operator.py
[2025-08-25 13:01:29,755] {processor.py:641} INFO - Processing file /root/Documents/airflow/venv/lib64/python3.9/site-packages/airflow/example_dags/example_short_circuit_operator.py for tasks to queue
[2025-08-25 13:01:29,755] {logging_mixin.py:115} INFO - [2025-08-25 13:01:29,755] {dagbag.py:507} INFO - Filling up the DagBag from /root/Documents/airflow/venv/lib64/python3.9/site-packages/airflow/example_dags/example_short_circuit_operator.py
[2025-08-25 13:01:29,802] {processor.py:651} INFO - DAG(s) dict_keys(['example_short_circuit_operator']) retrieved from /root/Documents/airflow/venv/lib64/python3.9/site-packages/airflow/example_dags/example_short_circuit_operator.py
[2025-08-25 13:01:29,873] {logging_mixin.py:115} INFO - [2025-08-25 13:01:29,873] {dag.py:2379} INFO - Sync 1 DAGs
[2025-08-25 13:01:29,937] {logging_mixin.py:115} INFO - [2025-08-25 13:01:29,937] {dag.py:2927} INFO - Setting next_dagrun for example_short_circuit_operator to 2025-08-24T16:01:29.937471+00:00, run_after=2025-08-25T16:01:29.937471+00:00
[2025-08-25 13:01:30,003] {processor.py:161} INFO - Processing /root/Documents/airflow/venv/lib64/python3.9/site-packages/airflow/example_dags/example_short_circuit_operator.py took 0.297 seconds
[2025-08-25 13:02:17,278] {processor.py:153} INFO - Started process (PID=2795755) to work on /root/Documents/airflow/venv/lib64/python3.9/site-packages/airflow/example_dags/example_short_circuit_operator.py
[2025-08-25 13:02:17,290] {processor.py:641} INFO - Processing file /root/Documents/airflow/venv/lib64/python3.9/site-packages/airflow/example_dags/example_short_circuit_operator.py for tasks to queue
[2025-08-25 13:02:17,291] {logging_mixin.py:115} INFO - [2025-08-25 13:02:17,291] {dagbag.py:507} INFO - Filling up the DagBag from /root/Documents/airflow/venv/lib64/python3.9/site-packages/airflow/example_dags/example_short_circuit_operator.py
[2025-08-25 13:02:17,301] {processor.py:651} INFO - DAG(s) dict_keys(['example_short_circuit_operator']) retrieved from /root/Documents/airflow/venv/lib64/python3.9/site-packages/airflow/example_dags/example_short_circuit_operator.py
[2025-08-25 13:02:17,356] {logging_mixin.py:115} INFO - [2025-08-25 13:02:17,356] {dag.py:2379} INFO - Sync 1 DAGs
[2025-08-25 13:02:17,479] {logging_mixin.py:115} INFO - [2025-08-25 13:02:17,479] {dag.py:2927} INFO - Setting next_dagrun for example_short_circuit_operator to 2025-08-24T16:02:17.479138+00:00, run_after=2025-08-25T16:02:17.479138+00:00
[2025-08-25 13:02:17,551] {processor.py:161} INFO - Processing /root/Documents/airflow/venv/lib64/python3.9/site-packages/airflow/example_dags/example_short_circuit_operator.py took 0.277 seconds
[2025-08-25 13:03:13,190] {processor.py:153} INFO - Started process (PID=2795929) to work on /root/Documents/airflow/venv/lib64/python3.9/site-packages/airflow/example_dags/example_short_circuit_operator.py
[2025-08-25 13:03:13,201] {processor.py:641} INFO - Processing file /root/Documents/airflow/venv/lib64/python3.9/site-packages/airflow/example_dags/example_short_circuit_operator.py for tasks to queue
[2025-08-25 13:03:13,202] {logging_mixin.py:115} INFO - [2025-08-25 13:03:13,202] {dagbag.py:507} INFO - Filling up the DagBag from /root/Documents/airflow/venv/lib64/python3.9/site-packages/airflow/example_dags/example_short_circuit_operator.py
[2025-08-25 13:03:13,213] {processor.py:651} INFO - DAG(s) dict_keys(['example_short_circuit_operator']) retrieved from /root/Documents/airflow/venv/lib64/python3.9/site-packages/airflow/example_dags/example_short_circuit_operator.py
[2025-08-25 13:03:13,256] {logging_mixin.py:115} INFO - [2025-08-25 13:03:13,256] {dag.py:2379} INFO - Sync 1 DAGs
[2025-08-25 13:03:13,297] {logging_mixin.py:115} INFO - [2025-08-25 13:03:13,297] {dag.py:2927} INFO - Setting next_dagrun for example_short_circuit_operator to 2025-08-24T16:03:13.286302+00:00, run_after=2025-08-25T16:03:13.286302+00:00
[2025-08-25 13:03:13,315] {processor.py:161} INFO - Processing /root/Documents/airflow/venv/lib64/python3.9/site-packages/airflow/example_dags/example_short_circuit_operator.py took 0.128 seconds
[2025-08-25 13:05:38,928] {processor.py:153} INFO - Started process (PID=2796503) to work on /root/Documents/airflow/venv/lib64/python3.9/site-packages/airflow/example_dags/example_short_circuit_operator.py
[2025-08-25 13:05:38,932] {processor.py:641} INFO - Processing file /root/Documents/airflow/venv/lib64/python3.9/site-packages/airflow/example_dags/example_short_circuit_operator.py for tasks to queue
[2025-08-25 13:05:38,932] {logging_mixin.py:115} INFO - [2025-08-25 13:05:38,932] {dagbag.py:507} INFO - Filling up the DagBag from /root/Documents/airflow/venv/lib64/python3.9/site-packages/airflow/example_dags/example_short_circuit_operator.py
[2025-08-25 13:05:38,944] {processor.py:651} INFO - DAG(s) dict_keys(['example_short_circuit_operator']) retrieved from /root/Documents/airflow/venv/lib64/python3.9/site-packages/airflow/example_dags/example_short_circuit_operator.py
[2025-08-25 13:05:39,014] {logging_mixin.py:115} INFO - [2025-08-25 13:05:39,014] {dag.py:2379} INFO - Sync 1 DAGs
[2025-08-25 13:05:39,056] {logging_mixin.py:115} INFO - [2025-08-25 13:05:39,056] {dag.py:2927} INFO - Setting next_dagrun for example_short_circuit_operator to 2025-08-24T16:05:39.056063+00:00, run_after=2025-08-25T16:05:39.056063+00:00
[2025-08-25 13:05:39,069] {processor.py:161} INFO - Processing /root/Documents/airflow/venv/lib64/python3.9/site-packages/airflow/example_dags/example_short_circuit_operator.py took 0.145 seconds
[2025-08-25 13:06:26,113] {processor.py:153} INFO - Started process (PID=2796645) to work on /root/Documents/airflow/venv/lib64/python3.9/site-packages/airflow/example_dags/example_short_circuit_operator.py
[2025-08-25 13:06:26,118] {processor.py:641} INFO - Processing file /root/Documents/airflow/venv/lib64/python3.9/site-packages/airflow/example_dags/example_short_circuit_operator.py for tasks to queue
[2025-08-25 13:06:26,119] {logging_mixin.py:115} INFO - [2025-08-25 13:06:26,118] {dagbag.py:507} INFO - Filling up the DagBag from /root/Documents/airflow/venv/lib64/python3.9/site-packages/airflow/example_dags/example_short_circuit_operator.py
[2025-08-25 13:06:26,129] {processor.py:651} INFO - DAG(s) dict_keys(['example_short_circuit_operator']) retrieved from /root/Documents/airflow/venv/lib64/python3.9/site-packages/airflow/example_dags/example_short_circuit_operator.py
[2025-08-25 13:06:26,173] {logging_mixin.py:115} INFO - [2025-08-25 13:06:26,172] {dag.py:2379} INFO - Sync 1 DAGs
[2025-08-25 13:06:26,233] {logging_mixin.py:115} INFO - [2025-08-25 13:06:26,233] {dag.py:2927} INFO - Setting next_dagrun for example_short_circuit_operator to 2025-08-24T16:06:26.233057+00:00, run_after=2025-08-25T16:06:26.233057+00:00
[2025-08-25 13:06:26,266] {processor.py:161} INFO - Processing /root/Documents/airflow/venv/lib64/python3.9/site-packages/airflow/example_dags/example_short_circuit_operator.py took 0.157 seconds
[2025-08-25 13:08:33,889] {processor.py:153} INFO - Started process (PID=2797152) to work on /root/Documents/airflow/venv/lib64/python3.9/site-packages/airflow/example_dags/example_short_circuit_operator.py
[2025-08-25 13:08:33,920] {processor.py:641} INFO - Processing file /root/Documents/airflow/venv/lib64/python3.9/site-packages/airflow/example_dags/example_short_circuit_operator.py for tasks to queue
[2025-08-25 13:08:33,921] {logging_mixin.py:115} INFO - [2025-08-25 13:08:33,921] {dagbag.py:507} INFO - Filling up the DagBag from /root/Documents/airflow/venv/lib64/python3.9/site-packages/airflow/example_dags/example_short_circuit_operator.py
[2025-08-25 13:08:33,962] {processor.py:651} INFO - DAG(s) dict_keys(['example_short_circuit_operator']) retrieved from /root/Documents/airflow/venv/lib64/python3.9/site-packages/airflow/example_dags/example_short_circuit_operator.py
[2025-08-25 13:08:34,051] {logging_mixin.py:115} INFO - [2025-08-25 13:08:34,051] {dag.py:2379} INFO - Sync 1 DAGs
[2025-08-25 13:08:34,092] {logging_mixin.py:115} INFO - [2025-08-25 13:08:34,092] {dag.py:2927} INFO - Setting next_dagrun for example_short_circuit_operator to 2025-08-24T16:08:34.092498+00:00, run_after=2025-08-25T16:08:34.092498+00:00
[2025-08-25 13:08:34,191] {processor.py:161} INFO - Processing /root/Documents/airflow/venv/lib64/python3.9/site-packages/airflow/example_dags/example_short_circuit_operator.py took 0.306 seconds
[2025-08-25 13:13:59,161] {processor.py:153} INFO - Started process (PID=2798129) to work on /root/Documents/airflow/venv/lib64/python3.9/site-packages/airflow/example_dags/example_short_circuit_operator.py
[2025-08-25 13:13:59,175] {processor.py:641} INFO - Processing file /root/Documents/airflow/venv/lib64/python3.9/site-packages/airflow/example_dags/example_short_circuit_operator.py for tasks to queue
[2025-08-25 13:13:59,176] {logging_mixin.py:115} INFO - [2025-08-25 13:13:59,176] {dagbag.py:507} INFO - Filling up the DagBag from /root/Documents/airflow/venv/lib64/python3.9/site-packages/airflow/example_dags/example_short_circuit_operator.py
[2025-08-25 13:13:59,209] {processor.py:651} INFO - DAG(s) dict_keys(['example_short_circuit_operator']) retrieved from /root/Documents/airflow/venv/lib64/python3.9/site-packages/airflow/example_dags/example_short_circuit_operator.py
[2025-08-25 13:13:59,280] {logging_mixin.py:115} INFO - [2025-08-25 13:13:59,280] {dag.py:2379} INFO - Sync 1 DAGs
[2025-08-25 13:13:59,336] {logging_mixin.py:115} INFO - [2025-08-25 13:13:59,336] {dag.py:2927} INFO - Setting next_dagrun for example_short_circuit_operator to 2025-08-24T16:13:59.336158+00:00, run_after=2025-08-25T16:13:59.336158+00:00
[2025-08-25 13:13:59,441] {processor.py:161} INFO - Processing /root/Documents/airflow/venv/lib64/python3.9/site-packages/airflow/example_dags/example_short_circuit_operator.py took 0.284 seconds
[2025-08-25 13:14:47,276] {processor.py:153} INFO - Started process (PID=2798271) to work on /root/Documents/airflow/venv/lib64/python3.9/site-packages/airflow/example_dags/example_short_circuit_operator.py
[2025-08-25 13:14:47,288] {processor.py:641} INFO - Processing file /root/Documents/airflow/venv/lib64/python3.9/site-packages/airflow/example_dags/example_short_circuit_operator.py for tasks to queue
[2025-08-25 13:14:47,288] {logging_mixin.py:115} INFO - [2025-08-25 13:14:47,288] {dagbag.py:507} INFO - Filling up the DagBag from /root/Documents/airflow/venv/lib64/python3.9/site-packages/airflow/example_dags/example_short_circuit_operator.py
[2025-08-25 13:14:47,338] {processor.py:651} INFO - DAG(s) dict_keys(['example_short_circuit_operator']) retrieved from /root/Documents/airflow/venv/lib64/python3.9/site-packages/airflow/example_dags/example_short_circuit_operator.py
[2025-08-25 13:14:47,395] {logging_mixin.py:115} INFO - [2025-08-25 13:14:47,395] {dag.py:2379} INFO - Sync 1 DAGs
[2025-08-25 13:14:47,477] {logging_mixin.py:115} INFO - [2025-08-25 13:14:47,477] {dag.py:2927} INFO - Setting next_dagrun for example_short_circuit_operator to 2025-08-24T16:14:47.476861+00:00, run_after=2025-08-25T16:14:47.476861+00:00
[2025-08-25 13:14:47,598] {processor.py:161} INFO - Processing /root/Documents/airflow/venv/lib64/python3.9/site-packages/airflow/example_dags/example_short_circuit_operator.py took 0.325 seconds
[2025-08-25 13:15:33,618] {processor.py:153} INFO - Started process (PID=2798415) to work on /root/Documents/airflow/venv/lib64/python3.9/site-packages/airflow/example_dags/example_short_circuit_operator.py
[2025-08-25 13:15:33,619] {processor.py:641} INFO - Processing file /root/Documents/airflow/venv/lib64/python3.9/site-packages/airflow/example_dags/example_short_circuit_operator.py for tasks to queue
[2025-08-25 13:15:33,619] {logging_mixin.py:115} INFO - [2025-08-25 13:15:33,619] {dagbag.py:507} INFO - Filling up the DagBag from /root/Documents/airflow/venv/lib64/python3.9/site-packages/airflow/example_dags/example_short_circuit_operator.py
[2025-08-25 13:15:33,629] {processor.py:651} INFO - DAG(s) dict_keys(['example_short_circuit_operator']) retrieved from /root/Documents/airflow/venv/lib64/python3.9/site-packages/airflow/example_dags/example_short_circuit_operator.py
[2025-08-25 13:15:33,709] {logging_mixin.py:115} INFO - [2025-08-25 13:15:33,709] {dag.py:2379} INFO - Sync 1 DAGs
[2025-08-25 13:15:33,728] {logging_mixin.py:115} INFO - [2025-08-25 13:15:33,728] {dag.py:2927} INFO - Setting next_dagrun for example_short_circuit_operator to 2025-08-24T16:15:33.728023+00:00, run_after=2025-08-25T16:15:33.728023+00:00
[2025-08-25 13:15:33,799] {processor.py:161} INFO - Processing /root/Documents/airflow/venv/lib64/python3.9/site-packages/airflow/example_dags/example_short_circuit_operator.py took 0.185 seconds
[2025-08-25 13:16:24,163] {processor.py:153} INFO - Started process (PID=2798568) to work on /root/Documents/airflow/venv/lib64/python3.9/site-packages/airflow/example_dags/example_short_circuit_operator.py
[2025-08-25 13:16:24,174] {processor.py:641} INFO - Processing file /root/Documents/airflow/venv/lib64/python3.9/site-packages/airflow/example_dags/example_short_circuit_operator.py for tasks to queue
[2025-08-25 13:16:24,175] {logging_mixin.py:115} INFO - [2025-08-25 13:16:24,175] {dagbag.py:507} INFO - Filling up the DagBag from /root/Documents/airflow/venv/lib64/python3.9/site-packages/airflow/example_dags/example_short_circuit_operator.py
[2025-08-25 13:16:24,185] {processor.py:651} INFO - DAG(s) dict_keys(['example_short_circuit_operator']) retrieved from /root/Documents/airflow/venv/lib64/python3.9/site-packages/airflow/example_dags/example_short_circuit_operator.py
[2025-08-25 13:16:24,269] {logging_mixin.py:115} INFO - [2025-08-25 13:16:24,269] {dag.py:2379} INFO - Sync 1 DAGs
[2025-08-25 13:16:24,309] {logging_mixin.py:115} INFO - [2025-08-25 13:16:24,309] {dag.py:2927} INFO - Setting next_dagrun for example_short_circuit_operator to 2025-08-24T16:16:24.309305+00:00, run_after=2025-08-25T16:16:24.309305+00:00
[2025-08-25 13:16:24,366] {processor.py:161} INFO - Processing /root/Documents/airflow/venv/lib64/python3.9/site-packages/airflow/example_dags/example_short_circuit_operator.py took 0.206 seconds
[2025-08-25 13:17:15,500] {processor.py:153} INFO - Started process (PID=2798720) to work on /root/Documents/airflow/venv/lib64/python3.9/site-packages/airflow/example_dags/example_short_circuit_operator.py
[2025-08-25 13:17:15,501] {processor.py:641} INFO - Processing file /root/Documents/airflow/venv/lib64/python3.9/site-packages/airflow/example_dags/example_short_circuit_operator.py for tasks to queue
[2025-08-25 13:17:15,502] {logging_mixin.py:115} INFO - [2025-08-25 13:17:15,502] {dagbag.py:507} INFO - Filling up the DagBag from /root/Documents/airflow/venv/lib64/python3.9/site-packages/airflow/example_dags/example_short_circuit_operator.py
[2025-08-25 13:17:15,545] {processor.py:651} INFO - DAG(s) dict_keys(['example_short_circuit_operator']) retrieved from /root/Documents/airflow/venv/lib64/python3.9/site-packages/airflow/example_dags/example_short_circuit_operator.py
[2025-08-25 13:17:15,586] {logging_mixin.py:115} INFO - [2025-08-25 13:17:15,586] {dag.py:2379} INFO - Sync 1 DAGs
[2025-08-25 13:17:15,671] {logging_mixin.py:115} INFO - [2025-08-25 13:17:15,671] {dag.py:2927} INFO - Setting next_dagrun for example_short_circuit_operator to 2025-08-24T16:17:15.670801+00:00, run_after=2025-08-25T16:17:15.670801+00:00
[2025-08-25 13:17:15,711] {processor.py:161} INFO - Processing /root/Documents/airflow/venv/lib64/python3.9/site-packages/airflow/example_dags/example_short_circuit_operator.py took 0.214 seconds
[2025-08-25 13:17:58,916] {processor.py:153} INFO - Started process (PID=2798793) to work on /root/Documents/airflow/venv/lib64/python3.9/site-packages/airflow/example_dags/example_short_circuit_operator.py
[2025-08-25 13:17:58,928] {processor.py:641} INFO - Processing file /root/Documents/airflow/venv/lib64/python3.9/site-packages/airflow/example_dags/example_short_circuit_operator.py for tasks to queue
[2025-08-25 13:17:58,929] {logging_mixin.py:115} INFO - [2025-08-25 13:17:58,929] {dagbag.py:507} INFO - Filling up the DagBag from /root/Documents/airflow/venv/lib64/python3.9/site-packages/airflow/example_dags/example_short_circuit_operator.py
[2025-08-25 13:17:58,939] {processor.py:651} INFO - DAG(s) dict_keys(['example_short_circuit_operator']) retrieved from /root/Documents/airflow/venv/lib64/python3.9/site-packages/airflow/example_dags/example_short_circuit_operator.py
[2025-08-25 13:17:59,001] {logging_mixin.py:115} INFO - [2025-08-25 13:17:59,001] {dag.py:2379} INFO - Sync 1 DAGs
[2025-08-25 13:17:59,118] {logging_mixin.py:115} INFO - [2025-08-25 13:17:59,117] {dag.py:2927} INFO - Setting next_dagrun for example_short_circuit_operator to 2025-08-24T16:17:59.117702+00:00, run_after=2025-08-25T16:17:59.117702+00:00
[2025-08-25 13:17:59,177] {processor.py:161} INFO - Processing /root/Documents/airflow/venv/lib64/python3.9/site-packages/airflow/example_dags/example_short_circuit_operator.py took 0.264 seconds
[2025-08-25 13:18:44,654] {processor.py:153} INFO - Started process (PID=2798970) to work on /root/Documents/airflow/venv/lib64/python3.9/site-packages/airflow/example_dags/example_short_circuit_operator.py
[2025-08-25 13:18:44,665] {processor.py:641} INFO - Processing file /root/Documents/airflow/venv/lib64/python3.9/site-packages/airflow/example_dags/example_short_circuit_operator.py for tasks to queue
[2025-08-25 13:18:44,666] {logging_mixin.py:115} INFO - [2025-08-25 13:18:44,666] {dagbag.py:507} INFO - Filling up the DagBag from /root/Documents/airflow/venv/lib64/python3.9/site-packages/airflow/example_dags/example_short_circuit_operator.py
[2025-08-25 13:18:44,698] {processor.py:651} INFO - DAG(s) dict_keys(['example_short_circuit_operator']) retrieved from /root/Documents/airflow/venv/lib64/python3.9/site-packages/airflow/example_dags/example_short_circuit_operator.py
[2025-08-25 13:18:44,739] {logging_mixin.py:115} INFO - [2025-08-25 13:18:44,739] {dag.py:2379} INFO - Sync 1 DAGs
[2025-08-25 13:18:44,802] {logging_mixin.py:115} INFO - [2025-08-25 13:18:44,802] {dag.py:2927} INFO - Setting next_dagrun for example_short_circuit_operator to 2025-08-24T16:18:44.802146+00:00, run_after=2025-08-25T16:18:44.802146+00:00
[2025-08-25 13:18:44,857] {processor.py:161} INFO - Processing /root/Documents/airflow/venv/lib64/python3.9/site-packages/airflow/example_dags/example_short_circuit_operator.py took 0.206 seconds
[2025-08-25 13:19:34,705] {processor.py:153} INFO - Started process (PID=2799149) to work on /root/Documents/airflow/venv/lib64/python3.9/site-packages/airflow/example_dags/example_short_circuit_operator.py
[2025-08-25 13:19:34,716] {processor.py:641} INFO - Processing file /root/Documents/airflow/venv/lib64/python3.9/site-packages/airflow/example_dags/example_short_circuit_operator.py for tasks to queue
[2025-08-25 13:19:34,716] {logging_mixin.py:115} INFO - [2025-08-25 13:19:34,716] {dagbag.py:507} INFO - Filling up the DagBag from /root/Documents/airflow/venv/lib64/python3.9/site-packages/airflow/example_dags/example_short_circuit_operator.py
[2025-08-25 13:19:34,726] {processor.py:651} INFO - DAG(s) dict_keys(['example_short_circuit_operator']) retrieved from /root/Documents/airflow/venv/lib64/python3.9/site-packages/airflow/example_dags/example_short_circuit_operator.py
[2025-08-25 13:19:34,849] {logging_mixin.py:115} INFO - [2025-08-25 13:19:34,849] {dag.py:2379} INFO - Sync 1 DAGs
[2025-08-25 13:19:34,917] {logging_mixin.py:115} INFO - [2025-08-25 13:19:34,917] {dag.py:2927} INFO - Setting next_dagrun for example_short_circuit_operator to 2025-08-24T16:19:34.916848+00:00, run_after=2025-08-25T16:19:34.916848+00:00
[2025-08-25 13:19:34,968] {processor.py:161} INFO - Processing /root/Documents/airflow/venv/lib64/python3.9/site-packages/airflow/example_dags/example_short_circuit_operator.py took 0.266 seconds
[2025-08-25 13:20:25,424] {processor.py:153} INFO - Started process (PID=2799327) to work on /root/Documents/airflow/venv/lib64/python3.9/site-packages/airflow/example_dags/example_short_circuit_operator.py
[2025-08-25 13:20:25,435] {processor.py:641} INFO - Processing file /root/Documents/airflow/venv/lib64/python3.9/site-packages/airflow/example_dags/example_short_circuit_operator.py for tasks to queue
[2025-08-25 13:20:25,436] {logging_mixin.py:115} INFO - [2025-08-25 13:20:25,436] {dagbag.py:507} INFO - Filling up the DagBag from /root/Documents/airflow/venv/lib64/python3.9/site-packages/airflow/example_dags/example_short_circuit_operator.py
[2025-08-25 13:20:25,457] {processor.py:651} INFO - DAG(s) dict_keys(['example_short_circuit_operator']) retrieved from /root/Documents/airflow/venv/lib64/python3.9/site-packages/airflow/example_dags/example_short_circuit_operator.py
[2025-08-25 13:20:25,487] {logging_mixin.py:115} INFO - [2025-08-25 13:20:25,487] {dag.py:2379} INFO - Sync 1 DAGs
[2025-08-25 13:20:25,517] {logging_mixin.py:115} INFO - [2025-08-25 13:20:25,517] {dag.py:2927} INFO - Setting next_dagrun for example_short_circuit_operator to 2025-08-24T16:20:25.516697+00:00, run_after=2025-08-25T16:20:25.516697+00:00
[2025-08-25 13:20:25,583] {processor.py:161} INFO - Processing /root/Documents/airflow/venv/lib64/python3.9/site-packages/airflow/example_dags/example_short_circuit_operator.py took 0.162 seconds
[2025-08-25 13:21:10,783] {processor.py:153} INFO - Started process (PID=2799471) to work on /root/Documents/airflow/venv/lib64/python3.9/site-packages/airflow/example_dags/example_short_circuit_operator.py
[2025-08-25 13:21:10,794] {processor.py:641} INFO - Processing file /root/Documents/airflow/venv/lib64/python3.9/site-packages/airflow/example_dags/example_short_circuit_operator.py for tasks to queue
[2025-08-25 13:21:10,795] {logging_mixin.py:115} INFO - [2025-08-25 13:21:10,795] {dagbag.py:507} INFO - Filling up the DagBag from /root/Documents/airflow/venv/lib64/python3.9/site-packages/airflow/example_dags/example_short_circuit_operator.py
[2025-08-25 13:21:10,805] {processor.py:651} INFO - DAG(s) dict_keys(['example_short_circuit_operator']) retrieved from /root/Documents/airflow/venv/lib64/python3.9/site-packages/airflow/example_dags/example_short_circuit_operator.py
[2025-08-25 13:21:10,868] {logging_mixin.py:115} INFO - [2025-08-25 13:21:10,868] {dag.py:2379} INFO - Sync 1 DAGs
[2025-08-25 13:21:10,931] {logging_mixin.py:115} INFO - [2025-08-25 13:21:10,931] {dag.py:2927} INFO - Setting next_dagrun for example_short_circuit_operator to 2025-08-24T16:21:10.931267+00:00, run_after=2025-08-25T16:21:10.931267+00:00
[2025-08-25 13:21:11,007] {processor.py:161} INFO - Processing /root/Documents/airflow/venv/lib64/python3.9/site-packages/airflow/example_dags/example_short_circuit_operator.py took 0.227 seconds
[2025-08-25 13:21:54,893] {processor.py:153} INFO - Started process (PID=2799545) to work on /root/Documents/airflow/venv/lib64/python3.9/site-packages/airflow/example_dags/example_short_circuit_operator.py
[2025-08-25 13:21:54,904] {processor.py:641} INFO - Processing file /root/Documents/airflow/venv/lib64/python3.9/site-packages/airflow/example_dags/example_short_circuit_operator.py for tasks to queue
[2025-08-25 13:21:54,905] {logging_mixin.py:115} INFO - [2025-08-25 13:21:54,905] {dagbag.py:507} INFO - Filling up the DagBag from /root/Documents/airflow/venv/lib64/python3.9/site-packages/airflow/example_dags/example_short_circuit_operator.py
[2025-08-25 13:21:54,915] {processor.py:651} INFO - DAG(s) dict_keys(['example_short_circuit_operator']) retrieved from /root/Documents/airflow/venv/lib64/python3.9/site-packages/airflow/example_dags/example_short_circuit_operator.py
[2025-08-25 13:21:54,977] {logging_mixin.py:115} INFO - [2025-08-25 13:21:54,977] {dag.py:2379} INFO - Sync 1 DAGs
[2025-08-25 13:21:55,037] {logging_mixin.py:115} INFO - [2025-08-25 13:21:55,037] {dag.py:2927} INFO - Setting next_dagrun for example_short_circuit_operator to 2025-08-24T16:21:55.037170+00:00, run_after=2025-08-25T16:21:55.037170+00:00
[2025-08-25 13:21:55,079] {processor.py:161} INFO - Processing /root/Documents/airflow/venv/lib64/python3.9/site-packages/airflow/example_dags/example_short_circuit_operator.py took 0.189 seconds
[2025-08-25 13:22:39,336] {processor.py:153} INFO - Started process (PID=2799715) to work on /root/Documents/airflow/venv/lib64/python3.9/site-packages/airflow/example_dags/example_short_circuit_operator.py
[2025-08-25 13:22:39,347] {processor.py:641} INFO - Processing file /root/Documents/airflow/venv/lib64/python3.9/site-packages/airflow/example_dags/example_short_circuit_operator.py for tasks to queue
[2025-08-25 13:22:39,348] {logging_mixin.py:115} INFO - [2025-08-25 13:22:39,348] {dagbag.py:507} INFO - Filling up the DagBag from /root/Documents/airflow/venv/lib64/python3.9/site-packages/airflow/example_dags/example_short_circuit_operator.py
[2025-08-25 13:22:39,387] {processor.py:651} INFO - DAG(s) dict_keys(['example_short_circuit_operator']) retrieved from /root/Documents/airflow/venv/lib64/python3.9/site-packages/airflow/example_dags/example_short_circuit_operator.py
[2025-08-25 13:22:39,474] {logging_mixin.py:115} INFO - [2025-08-25 13:22:39,473] {dag.py:2379} INFO - Sync 1 DAGs
[2025-08-25 13:22:39,567] {logging_mixin.py:115} INFO - [2025-08-25 13:22:39,567] {dag.py:2927} INFO - Setting next_dagrun for example_short_circuit_operator to 2025-08-24T16:22:39.566918+00:00, run_after=2025-08-25T16:22:39.566918+00:00
[2025-08-25 13:22:39,611] {processor.py:161} INFO - Processing /root/Documents/airflow/venv/lib64/python3.9/site-packages/airflow/example_dags/example_short_circuit_operator.py took 0.278 seconds
[2025-08-25 13:23:26,117] {processor.py:153} INFO - Started process (PID=2799873) to work on /root/Documents/airflow/venv/lib64/python3.9/site-packages/airflow/example_dags/example_short_circuit_operator.py
[2025-08-25 13:23:26,128] {processor.py:641} INFO - Processing file /root/Documents/airflow/venv/lib64/python3.9/site-packages/airflow/example_dags/example_short_circuit_operator.py for tasks to queue
[2025-08-25 13:23:26,129] {logging_mixin.py:115} INFO - [2025-08-25 13:23:26,129] {dagbag.py:507} INFO - Filling up the DagBag from /root/Documents/airflow/venv/lib64/python3.9/site-packages/airflow/example_dags/example_short_circuit_operator.py
[2025-08-25 13:23:26,161] {processor.py:651} INFO - DAG(s) dict_keys(['example_short_circuit_operator']) retrieved from /root/Documents/airflow/venv/lib64/python3.9/site-packages/airflow/example_dags/example_short_circuit_operator.py
[2025-08-25 13:23:26,213] {logging_mixin.py:115} INFO - [2025-08-25 13:23:26,213] {dag.py:2379} INFO - Sync 1 DAGs
[2025-08-25 13:23:26,265] {logging_mixin.py:115} INFO - [2025-08-25 13:23:26,265] {dag.py:2927} INFO - Setting next_dagrun for example_short_circuit_operator to 2025-08-24T16:23:26.264956+00:00, run_after=2025-08-25T16:23:26.264956+00:00
[2025-08-25 13:23:26,340] {processor.py:161} INFO - Processing /root/Documents/airflow/venv/lib64/python3.9/site-packages/airflow/example_dags/example_short_circuit_operator.py took 0.227 seconds
[2025-08-25 13:24:23,411] {processor.py:153} INFO - Started process (PID=2800078) to work on /root/Documents/airflow/venv/lib64/python3.9/site-packages/airflow/example_dags/example_short_circuit_operator.py
[2025-08-25 13:24:23,422] {processor.py:641} INFO - Processing file /root/Documents/airflow/venv/lib64/python3.9/site-packages/airflow/example_dags/example_short_circuit_operator.py for tasks to queue
[2025-08-25 13:24:23,423] {logging_mixin.py:115} INFO - [2025-08-25 13:24:23,423] {dagbag.py:507} INFO - Filling up the DagBag from /root/Documents/airflow/venv/lib64/python3.9/site-packages/airflow/example_dags/example_short_circuit_operator.py
[2025-08-25 13:24:23,456] {processor.py:651} INFO - DAG(s) dict_keys(['example_short_circuit_operator']) retrieved from /root/Documents/airflow/venv/lib64/python3.9/site-packages/airflow/example_dags/example_short_circuit_operator.py
[2025-08-25 13:24:23,498] {logging_mixin.py:115} INFO - [2025-08-25 13:24:23,498] {dag.py:2379} INFO - Sync 1 DAGs
[2025-08-25 13:24:23,562] {logging_mixin.py:115} INFO - [2025-08-25 13:24:23,562] {dag.py:2927} INFO - Setting next_dagrun for example_short_circuit_operator to 2025-08-24T16:24:23.562380+00:00, run_after=2025-08-25T16:24:23.562380+00:00
[2025-08-25 13:24:23,638] {processor.py:161} INFO - Processing /root/Documents/airflow/venv/lib64/python3.9/site-packages/airflow/example_dags/example_short_circuit_operator.py took 0.231 seconds
[2025-08-25 13:25:22,979] {processor.py:153} INFO - Started process (PID=2800274) to work on /root/Documents/airflow/venv/lib64/python3.9/site-packages/airflow/example_dags/example_short_circuit_operator.py
[2025-08-25 13:25:22,990] {processor.py:641} INFO - Processing file /root/Documents/airflow/venv/lib64/python3.9/site-packages/airflow/example_dags/example_short_circuit_operator.py for tasks to queue
[2025-08-25 13:25:22,991] {logging_mixin.py:115} INFO - [2025-08-25 13:25:22,991] {dagbag.py:507} INFO - Filling up the DagBag from /root/Documents/airflow/venv/lib64/python3.9/site-packages/airflow/example_dags/example_short_circuit_operator.py
[2025-08-25 13:25:23,001] {processor.py:651} INFO - DAG(s) dict_keys(['example_short_circuit_operator']) retrieved from /root/Documents/airflow/venv/lib64/python3.9/site-packages/airflow/example_dags/example_short_circuit_operator.py
[2025-08-25 13:25:23,031] {logging_mixin.py:115} INFO - [2025-08-25 13:25:23,031] {dag.py:2379} INFO - Sync 1 DAGs
[2025-08-25 13:25:23,147] {logging_mixin.py:115} INFO - [2025-08-25 13:25:23,147] {dag.py:2927} INFO - Setting next_dagrun for example_short_circuit_operator to 2025-08-24T16:25:23.147341+00:00, run_after=2025-08-25T16:25:23.147341+00:00
[2025-08-25 13:25:23,192] {processor.py:161} INFO - Processing /root/Documents/airflow/venv/lib64/python3.9/site-packages/airflow/example_dags/example_short_circuit_operator.py took 0.216 seconds
