[2025-08-25 13:00:51,769] {processor.py:153} INFO - Started process (PID=2795410) to work on /root/Documents/airflow/venv/lib64/python3.9/site-packages/airflow/example_dags/example_external_task_marker_dag.py
[2025-08-25 13:00:51,769] {processor.py:641} INFO - Processing file /root/Documents/airflow/venv/lib64/python3.9/site-packages/airflow/example_dags/example_external_task_marker_dag.py for tasks to queue
[2025-08-25 13:00:51,770] {logging_mixin.py:115} INFO - [2025-08-25 13:00:51,770] {dagbag.py:507} INFO - Filling up the DagBag from /root/Documents/airflow/venv/lib64/python3.9/site-packages/airflow/example_dags/example_external_task_marker_dag.py
[2025-08-25 13:00:51,797] {processor.py:651} INFO - DAG(s) dict_keys(['example_external_task_marker_parent', 'example_external_task_marker_child']) retrieved from /root/Documents/airflow/venv/lib64/python3.9/site-packages/airflow/example_dags/example_external_task_marker_dag.py
[2025-08-25 13:00:51,898] {logging_mixin.py:115} INFO - [2025-08-25 13:00:51,897] {dag.py:2379} INFO - Sync 2 DAGs
[2025-08-25 13:00:51,927] {logging_mixin.py:115} INFO - [2025-08-25 13:00:51,927] {dag.py:2927} INFO - Setting next_dagrun for example_external_task_marker_child to None, run_after=None
[2025-08-25 13:00:51,927] {logging_mixin.py:115} INFO - [2025-08-25 13:00:51,927] {dag.py:2927} INFO - Setting next_dagrun for example_external_task_marker_parent to None, run_after=None
[2025-08-25 13:00:52,017] {processor.py:161} INFO - Processing /root/Documents/airflow/venv/lib64/python3.9/site-packages/airflow/example_dags/example_external_task_marker_dag.py took 0.252 seconds
[2025-08-25 13:01:39,024] {processor.py:153} INFO - Started process (PID=2795597) to work on /root/Documents/airflow/venv/lib64/python3.9/site-packages/airflow/example_dags/example_external_task_marker_dag.py
[2025-08-25 13:01:39,034] {processor.py:641} INFO - Processing file /root/Documents/airflow/venv/lib64/python3.9/site-packages/airflow/example_dags/example_external_task_marker_dag.py for tasks to queue
[2025-08-25 13:01:39,034] {logging_mixin.py:115} INFO - [2025-08-25 13:01:39,034] {dagbag.py:507} INFO - Filling up the DagBag from /root/Documents/airflow/venv/lib64/python3.9/site-packages/airflow/example_dags/example_external_task_marker_dag.py
[2025-08-25 13:01:39,039] {processor.py:651} INFO - DAG(s) dict_keys(['example_external_task_marker_parent', 'example_external_task_marker_child']) retrieved from /root/Documents/airflow/venv/lib64/python3.9/site-packages/airflow/example_dags/example_external_task_marker_dag.py
[2025-08-25 13:01:39,091] {logging_mixin.py:115} INFO - [2025-08-25 13:01:39,091] {dag.py:2379} INFO - Sync 2 DAGs
[2025-08-25 13:01:39,130] {logging_mixin.py:115} INFO - [2025-08-25 13:01:39,130] {dag.py:2927} INFO - Setting next_dagrun for example_external_task_marker_child to None, run_after=None
[2025-08-25 13:01:39,130] {logging_mixin.py:115} INFO - [2025-08-25 13:01:39,130] {dag.py:2927} INFO - Setting next_dagrun for example_external_task_marker_parent to None, run_after=None
[2025-08-25 13:01:39,150] {processor.py:161} INFO - Processing /root/Documents/airflow/venv/lib64/python3.9/site-packages/airflow/example_dags/example_external_task_marker_dag.py took 0.130 seconds
[2025-08-25 13:02:32,220] {processor.py:153} INFO - Started process (PID=2795782) to work on /root/Documents/airflow/venv/lib64/python3.9/site-packages/airflow/example_dags/example_external_task_marker_dag.py
[2025-08-25 13:02:32,221] {processor.py:641} INFO - Processing file /root/Documents/airflow/venv/lib64/python3.9/site-packages/airflow/example_dags/example_external_task_marker_dag.py for tasks to queue
[2025-08-25 13:02:32,221] {logging_mixin.py:115} INFO - [2025-08-25 13:02:32,221] {dagbag.py:507} INFO - Filling up the DagBag from /root/Documents/airflow/venv/lib64/python3.9/site-packages/airflow/example_dags/example_external_task_marker_dag.py
[2025-08-25 13:02:32,226] {processor.py:651} INFO - DAG(s) dict_keys(['example_external_task_marker_parent', 'example_external_task_marker_child']) retrieved from /root/Documents/airflow/venv/lib64/python3.9/site-packages/airflow/example_dags/example_external_task_marker_dag.py
[2025-08-25 13:02:32,329] {logging_mixin.py:115} INFO - [2025-08-25 13:02:32,328] {dag.py:2379} INFO - Sync 2 DAGs
[2025-08-25 13:02:32,380] {logging_mixin.py:115} INFO - [2025-08-25 13:02:32,380] {dag.py:2927} INFO - Setting next_dagrun for example_external_task_marker_child to None, run_after=None
[2025-08-25 13:02:32,380] {logging_mixin.py:115} INFO - [2025-08-25 13:02:32,380] {dag.py:2927} INFO - Setting next_dagrun for example_external_task_marker_parent to None, run_after=None
[2025-08-25 13:02:32,395] {processor.py:161} INFO - Processing /root/Documents/airflow/venv/lib64/python3.9/site-packages/airflow/example_dags/example_external_task_marker_dag.py took 0.178 seconds
[2025-08-25 13:03:28,547] {processor.py:153} INFO - Started process (PID=2795969) to work on /root/Documents/airflow/venv/lib64/python3.9/site-packages/airflow/example_dags/example_external_task_marker_dag.py
[2025-08-25 13:03:28,558] {processor.py:641} INFO - Processing file /root/Documents/airflow/venv/lib64/python3.9/site-packages/airflow/example_dags/example_external_task_marker_dag.py for tasks to queue
[2025-08-25 13:03:28,559] {logging_mixin.py:115} INFO - [2025-08-25 13:03:28,559] {dagbag.py:507} INFO - Filling up the DagBag from /root/Documents/airflow/venv/lib64/python3.9/site-packages/airflow/example_dags/example_external_task_marker_dag.py
[2025-08-25 13:03:28,564] {processor.py:651} INFO - DAG(s) dict_keys(['example_external_task_marker_parent', 'example_external_task_marker_child']) retrieved from /root/Documents/airflow/venv/lib64/python3.9/site-packages/airflow/example_dags/example_external_task_marker_dag.py
[2025-08-25 13:03:28,676] {logging_mixin.py:115} INFO - [2025-08-25 13:03:28,676] {dag.py:2379} INFO - Sync 2 DAGs
[2025-08-25 13:03:28,748] {logging_mixin.py:115} INFO - [2025-08-25 13:03:28,747] {dag.py:2927} INFO - Setting next_dagrun for example_external_task_marker_child to None, run_after=None
[2025-08-25 13:03:28,748] {logging_mixin.py:115} INFO - [2025-08-25 13:03:28,748] {dag.py:2927} INFO - Setting next_dagrun for example_external_task_marker_parent to None, run_after=None
[2025-08-25 13:03:28,805] {processor.py:161} INFO - Processing /root/Documents/airflow/venv/lib64/python3.9/site-packages/airflow/example_dags/example_external_task_marker_dag.py took 0.261 seconds
[2025-08-25 13:05:47,811] {processor.py:153} INFO - Started process (PID=2796515) to work on /root/Documents/airflow/venv/lib64/python3.9/site-packages/airflow/example_dags/example_external_task_marker_dag.py
[2025-08-25 13:05:47,822] {processor.py:641} INFO - Processing file /root/Documents/airflow/venv/lib64/python3.9/site-packages/airflow/example_dags/example_external_task_marker_dag.py for tasks to queue
[2025-08-25 13:05:47,823] {logging_mixin.py:115} INFO - [2025-08-25 13:05:47,823] {dagbag.py:507} INFO - Filling up the DagBag from /root/Documents/airflow/venv/lib64/python3.9/site-packages/airflow/example_dags/example_external_task_marker_dag.py
[2025-08-25 13:05:47,828] {processor.py:651} INFO - DAG(s) dict_keys(['example_external_task_marker_parent', 'example_external_task_marker_child']) retrieved from /root/Documents/airflow/venv/lib64/python3.9/site-packages/airflow/example_dags/example_external_task_marker_dag.py
[2025-08-25 13:05:47,929] {logging_mixin.py:115} INFO - [2025-08-25 13:05:47,929] {dag.py:2379} INFO - Sync 2 DAGs
[2025-08-25 13:05:47,993] {logging_mixin.py:115} INFO - [2025-08-25 13:05:47,992] {dag.py:2927} INFO - Setting next_dagrun for example_external_task_marker_child to None, run_after=None
[2025-08-25 13:05:47,993] {logging_mixin.py:115} INFO - [2025-08-25 13:05:47,993] {dag.py:2927} INFO - Setting next_dagrun for example_external_task_marker_parent to None, run_after=None
[2025-08-25 13:05:48,060] {processor.py:161} INFO - Processing /root/Documents/airflow/venv/lib64/python3.9/site-packages/airflow/example_dags/example_external_task_marker_dag.py took 0.252 seconds
[2025-08-25 13:06:38,194] {processor.py:153} INFO - Started process (PID=2796665) to work on /root/Documents/airflow/venv/lib64/python3.9/site-packages/airflow/example_dags/example_external_task_marker_dag.py
[2025-08-25 13:06:38,231] {processor.py:641} INFO - Processing file /root/Documents/airflow/venv/lib64/python3.9/site-packages/airflow/example_dags/example_external_task_marker_dag.py for tasks to queue
[2025-08-25 13:06:38,231] {logging_mixin.py:115} INFO - [2025-08-25 13:06:38,231] {dagbag.py:507} INFO - Filling up the DagBag from /root/Documents/airflow/venv/lib64/python3.9/site-packages/airflow/example_dags/example_external_task_marker_dag.py
[2025-08-25 13:06:38,236] {processor.py:651} INFO - DAG(s) dict_keys(['example_external_task_marker_parent', 'example_external_task_marker_child']) retrieved from /root/Documents/airflow/venv/lib64/python3.9/site-packages/airflow/example_dags/example_external_task_marker_dag.py
[2025-08-25 13:06:38,337] {logging_mixin.py:115} INFO - [2025-08-25 13:06:38,337] {dag.py:2379} INFO - Sync 2 DAGs
[2025-08-25 13:06:38,400] {logging_mixin.py:115} INFO - [2025-08-25 13:06:38,400] {dag.py:2927} INFO - Setting next_dagrun for example_external_task_marker_child to None, run_after=None
[2025-08-25 13:06:38,400] {logging_mixin.py:115} INFO - [2025-08-25 13:06:38,400] {dag.py:2927} INFO - Setting next_dagrun for example_external_task_marker_parent to None, run_after=None
[2025-08-25 13:06:38,465] {processor.py:161} INFO - Processing /root/Documents/airflow/venv/lib64/python3.9/site-packages/airflow/example_dags/example_external_task_marker_dag.py took 0.275 seconds
[2025-08-25 13:08:43,730] {processor.py:153} INFO - Started process (PID=2797169) to work on /root/Documents/airflow/venv/lib64/python3.9/site-packages/airflow/example_dags/example_external_task_marker_dag.py
[2025-08-25 13:08:43,765] {processor.py:641} INFO - Processing file /root/Documents/airflow/venv/lib64/python3.9/site-packages/airflow/example_dags/example_external_task_marker_dag.py for tasks to queue
[2025-08-25 13:08:43,766] {logging_mixin.py:115} INFO - [2025-08-25 13:08:43,766] {dagbag.py:507} INFO - Filling up the DagBag from /root/Documents/airflow/venv/lib64/python3.9/site-packages/airflow/example_dags/example_external_task_marker_dag.py
[2025-08-25 13:08:43,771] {processor.py:651} INFO - DAG(s) dict_keys(['example_external_task_marker_parent', 'example_external_task_marker_child']) retrieved from /root/Documents/airflow/venv/lib64/python3.9/site-packages/airflow/example_dags/example_external_task_marker_dag.py
[2025-08-25 13:08:43,901] {logging_mixin.py:115} INFO - [2025-08-25 13:08:43,900] {dag.py:2379} INFO - Sync 2 DAGs
[2025-08-25 13:08:43,931] {logging_mixin.py:115} INFO - [2025-08-25 13:08:43,931] {dag.py:2927} INFO - Setting next_dagrun for example_external_task_marker_child to None, run_after=None
[2025-08-25 13:08:43,932] {logging_mixin.py:115} INFO - [2025-08-25 13:08:43,932] {dag.py:2927} INFO - Setting next_dagrun for example_external_task_marker_parent to None, run_after=None
[2025-08-25 13:08:43,998] {processor.py:161} INFO - Processing /root/Documents/airflow/venv/lib64/python3.9/site-packages/airflow/example_dags/example_external_task_marker_dag.py took 0.271 seconds
[2025-08-25 13:14:11,182] {processor.py:153} INFO - Started process (PID=2798213) to work on /root/Documents/airflow/venv/lib64/python3.9/site-packages/airflow/example_dags/example_external_task_marker_dag.py
[2025-08-25 13:14:11,194] {processor.py:641} INFO - Processing file /root/Documents/airflow/venv/lib64/python3.9/site-packages/airflow/example_dags/example_external_task_marker_dag.py for tasks to queue
[2025-08-25 13:14:11,194] {logging_mixin.py:115} INFO - [2025-08-25 13:14:11,194] {dagbag.py:507} INFO - Filling up the DagBag from /root/Documents/airflow/venv/lib64/python3.9/site-packages/airflow/example_dags/example_external_task_marker_dag.py
[2025-08-25 13:14:11,199] {processor.py:651} INFO - DAG(s) dict_keys(['example_external_task_marker_parent', 'example_external_task_marker_child']) retrieved from /root/Documents/airflow/venv/lib64/python3.9/site-packages/airflow/example_dags/example_external_task_marker_dag.py
[2025-08-25 13:14:11,264] {logging_mixin.py:115} INFO - [2025-08-25 13:14:11,264] {dag.py:2379} INFO - Sync 2 DAGs
[2025-08-25 13:14:11,368] {logging_mixin.py:115} INFO - [2025-08-25 13:14:11,368] {dag.py:2927} INFO - Setting next_dagrun for example_external_task_marker_child to None, run_after=None
[2025-08-25 13:14:11,389] {logging_mixin.py:115} INFO - [2025-08-25 13:14:11,389] {dag.py:2927} INFO - Setting next_dagrun for example_external_task_marker_parent to None, run_after=None
[2025-08-25 13:14:11,421] {processor.py:161} INFO - Processing /root/Documents/airflow/venv/lib64/python3.9/site-packages/airflow/example_dags/example_external_task_marker_dag.py took 0.242 seconds
[2025-08-25 13:14:56,090] {processor.py:153} INFO - Started process (PID=2798286) to work on /root/Documents/airflow/venv/lib64/python3.9/site-packages/airflow/example_dags/example_external_task_marker_dag.py
[2025-08-25 13:14:56,116] {processor.py:641} INFO - Processing file /root/Documents/airflow/venv/lib64/python3.9/site-packages/airflow/example_dags/example_external_task_marker_dag.py for tasks to queue
[2025-08-25 13:14:56,116] {logging_mixin.py:115} INFO - [2025-08-25 13:14:56,116] {dagbag.py:507} INFO - Filling up the DagBag from /root/Documents/airflow/venv/lib64/python3.9/site-packages/airflow/example_dags/example_external_task_marker_dag.py
[2025-08-25 13:14:56,121] {processor.py:651} INFO - DAG(s) dict_keys(['example_external_task_marker_parent', 'example_external_task_marker_child']) retrieved from /root/Documents/airflow/venv/lib64/python3.9/site-packages/airflow/example_dags/example_external_task_marker_dag.py
[2025-08-25 13:14:56,166] {logging_mixin.py:115} INFO - [2025-08-25 13:14:56,166] {dag.py:2379} INFO - Sync 2 DAGs
[2025-08-25 13:14:56,210] {logging_mixin.py:115} INFO - [2025-08-25 13:14:56,209] {dag.py:2927} INFO - Setting next_dagrun for example_external_task_marker_child to None, run_after=None
[2025-08-25 13:14:56,210] {logging_mixin.py:115} INFO - [2025-08-25 13:14:56,210] {dag.py:2927} INFO - Setting next_dagrun for example_external_task_marker_parent to None, run_after=None
[2025-08-25 13:14:56,269] {processor.py:161} INFO - Processing /root/Documents/airflow/venv/lib64/python3.9/site-packages/airflow/example_dags/example_external_task_marker_dag.py took 0.182 seconds
[2025-08-25 13:15:42,326] {processor.py:153} INFO - Started process (PID=2798431) to work on /root/Documents/airflow/venv/lib64/python3.9/site-packages/airflow/example_dags/example_external_task_marker_dag.py
[2025-08-25 13:15:42,337] {processor.py:641} INFO - Processing file /root/Documents/airflow/venv/lib64/python3.9/site-packages/airflow/example_dags/example_external_task_marker_dag.py for tasks to queue
[2025-08-25 13:15:42,338] {logging_mixin.py:115} INFO - [2025-08-25 13:15:42,338] {dagbag.py:507} INFO - Filling up the DagBag from /root/Documents/airflow/venv/lib64/python3.9/site-packages/airflow/example_dags/example_external_task_marker_dag.py
[2025-08-25 13:15:42,343] {processor.py:651} INFO - DAG(s) dict_keys(['example_external_task_marker_parent', 'example_external_task_marker_child']) retrieved from /root/Documents/airflow/venv/lib64/python3.9/site-packages/airflow/example_dags/example_external_task_marker_dag.py
[2025-08-25 13:15:42,398] {logging_mixin.py:115} INFO - [2025-08-25 13:15:42,398] {dag.py:2379} INFO - Sync 2 DAGs
[2025-08-25 13:15:42,428] {logging_mixin.py:115} INFO - [2025-08-25 13:15:42,428] {dag.py:2927} INFO - Setting next_dagrun for example_external_task_marker_child to None, run_after=None
[2025-08-25 13:15:42,428] {logging_mixin.py:115} INFO - [2025-08-25 13:15:42,428] {dag.py:2927} INFO - Setting next_dagrun for example_external_task_marker_parent to None, run_after=None
[2025-08-25 13:15:42,496] {processor.py:161} INFO - Processing /root/Documents/airflow/venv/lib64/python3.9/site-packages/airflow/example_dags/example_external_task_marker_dag.py took 0.174 seconds
[2025-08-25 13:16:32,049] {processor.py:153} INFO - Started process (PID=2798582) to work on /root/Documents/airflow/venv/lib64/python3.9/site-packages/airflow/example_dags/example_external_task_marker_dag.py
[2025-08-25 13:16:32,070] {processor.py:641} INFO - Processing file /root/Documents/airflow/venv/lib64/python3.9/site-packages/airflow/example_dags/example_external_task_marker_dag.py for tasks to queue
[2025-08-25 13:16:32,071] {logging_mixin.py:115} INFO - [2025-08-25 13:16:32,071] {dagbag.py:507} INFO - Filling up the DagBag from /root/Documents/airflow/venv/lib64/python3.9/site-packages/airflow/example_dags/example_external_task_marker_dag.py
[2025-08-25 13:16:32,076] {processor.py:651} INFO - DAG(s) dict_keys(['example_external_task_marker_parent', 'example_external_task_marker_child']) retrieved from /root/Documents/airflow/venv/lib64/python3.9/site-packages/airflow/example_dags/example_external_task_marker_dag.py
[2025-08-25 13:16:32,141] {logging_mixin.py:115} INFO - [2025-08-25 13:16:32,141] {dag.py:2379} INFO - Sync 2 DAGs
[2025-08-25 13:16:32,338] {logging_mixin.py:115} INFO - [2025-08-25 13:16:32,338] {dag.py:2927} INFO - Setting next_dagrun for example_external_task_marker_child to None, run_after=None
[2025-08-25 13:16:32,338] {logging_mixin.py:115} INFO - [2025-08-25 13:16:32,338] {dag.py:2927} INFO - Setting next_dagrun for example_external_task_marker_parent to None, run_after=None
[2025-08-25 13:16:32,382] {processor.py:161} INFO - Processing /root/Documents/airflow/venv/lib64/python3.9/site-packages/airflow/example_dags/example_external_task_marker_dag.py took 0.336 seconds
[2025-08-25 13:17:23,677] {processor.py:153} INFO - Started process (PID=2798733) to work on /root/Documents/airflow/venv/lib64/python3.9/site-packages/airflow/example_dags/example_external_task_marker_dag.py
[2025-08-25 13:17:23,688] {processor.py:641} INFO - Processing file /root/Documents/airflow/venv/lib64/python3.9/site-packages/airflow/example_dags/example_external_task_marker_dag.py for tasks to queue
[2025-08-25 13:17:23,689] {logging_mixin.py:115} INFO - [2025-08-25 13:17:23,689] {dagbag.py:507} INFO - Filling up the DagBag from /root/Documents/airflow/venv/lib64/python3.9/site-packages/airflow/example_dags/example_external_task_marker_dag.py
[2025-08-25 13:17:23,694] {processor.py:651} INFO - DAG(s) dict_keys(['example_external_task_marker_parent', 'example_external_task_marker_child']) retrieved from /root/Documents/airflow/venv/lib64/python3.9/site-packages/airflow/example_dags/example_external_task_marker_dag.py
[2025-08-25 13:17:23,783] {logging_mixin.py:115} INFO - [2025-08-25 13:17:23,783] {dag.py:2379} INFO - Sync 2 DAGs
[2025-08-25 13:17:23,814] {logging_mixin.py:115} INFO - [2025-08-25 13:17:23,814] {dag.py:2927} INFO - Setting next_dagrun for example_external_task_marker_child to None, run_after=None
[2025-08-25 13:17:23,814] {logging_mixin.py:115} INFO - [2025-08-25 13:17:23,814] {dag.py:2927} INFO - Setting next_dagrun for example_external_task_marker_parent to None, run_after=None
[2025-08-25 13:17:23,929] {processor.py:161} INFO - Processing /root/Documents/airflow/venv/lib64/python3.9/site-packages/airflow/example_dags/example_external_task_marker_dag.py took 0.255 seconds
[2025-08-25 13:18:10,726] {processor.py:153} INFO - Started process (PID=2798880) to work on /root/Documents/airflow/venv/lib64/python3.9/site-packages/airflow/example_dags/example_external_task_marker_dag.py
[2025-08-25 13:18:10,736] {processor.py:641} INFO - Processing file /root/Documents/airflow/venv/lib64/python3.9/site-packages/airflow/example_dags/example_external_task_marker_dag.py for tasks to queue
[2025-08-25 13:18:10,737] {logging_mixin.py:115} INFO - [2025-08-25 13:18:10,737] {dagbag.py:507} INFO - Filling up the DagBag from /root/Documents/airflow/venv/lib64/python3.9/site-packages/airflow/example_dags/example_external_task_marker_dag.py
[2025-08-25 13:18:10,742] {processor.py:651} INFO - DAG(s) dict_keys(['example_external_task_marker_parent', 'example_external_task_marker_child']) retrieved from /root/Documents/airflow/venv/lib64/python3.9/site-packages/airflow/example_dags/example_external_task_marker_dag.py
[2025-08-25 13:18:10,784] {logging_mixin.py:115} INFO - [2025-08-25 13:18:10,784] {dag.py:2379} INFO - Sync 2 DAGs
[2025-08-25 13:18:10,802] {logging_mixin.py:115} INFO - [2025-08-25 13:18:10,802] {dag.py:2927} INFO - Setting next_dagrun for example_external_task_marker_child to None, run_after=None
[2025-08-25 13:18:10,803] {logging_mixin.py:115} INFO - [2025-08-25 13:18:10,803] {dag.py:2927} INFO - Setting next_dagrun for example_external_task_marker_parent to None, run_after=None
[2025-08-25 13:18:10,815] {processor.py:161} INFO - Processing /root/Documents/airflow/venv/lib64/python3.9/site-packages/airflow/example_dags/example_external_task_marker_dag.py took 0.093 seconds
[2025-08-25 13:18:52,154] {processor.py:153} INFO - Started process (PID=2798983) to work on /root/Documents/airflow/venv/lib64/python3.9/site-packages/airflow/example_dags/example_external_task_marker_dag.py
[2025-08-25 13:18:52,165] {processor.py:641} INFO - Processing file /root/Documents/airflow/venv/lib64/python3.9/site-packages/airflow/example_dags/example_external_task_marker_dag.py for tasks to queue
[2025-08-25 13:18:52,166] {logging_mixin.py:115} INFO - [2025-08-25 13:18:52,166] {dagbag.py:507} INFO - Filling up the DagBag from /root/Documents/airflow/venv/lib64/python3.9/site-packages/airflow/example_dags/example_external_task_marker_dag.py
[2025-08-25 13:18:52,171] {processor.py:651} INFO - DAG(s) dict_keys(['example_external_task_marker_parent', 'example_external_task_marker_child']) retrieved from /root/Documents/airflow/venv/lib64/python3.9/site-packages/airflow/example_dags/example_external_task_marker_dag.py
[2025-08-25 13:18:52,251] {logging_mixin.py:115} INFO - [2025-08-25 13:18:52,251] {dag.py:2379} INFO - Sync 2 DAGs
[2025-08-25 13:18:52,269] {logging_mixin.py:115} INFO - [2025-08-25 13:18:52,269] {dag.py:2927} INFO - Setting next_dagrun for example_external_task_marker_child to None, run_after=None
[2025-08-25 13:18:52,269] {logging_mixin.py:115} INFO - [2025-08-25 13:18:52,269] {dag.py:2927} INFO - Setting next_dagrun for example_external_task_marker_parent to None, run_after=None
[2025-08-25 13:18:52,314] {processor.py:161} INFO - Processing /root/Documents/airflow/venv/lib64/python3.9/site-packages/airflow/example_dags/example_external_task_marker_dag.py took 0.163 seconds
[2025-08-25 13:19:44,128] {processor.py:153} INFO - Started process (PID=2799164) to work on /root/Documents/airflow/venv/lib64/python3.9/site-packages/airflow/example_dags/example_external_task_marker_dag.py
[2025-08-25 13:19:44,140] {processor.py:641} INFO - Processing file /root/Documents/airflow/venv/lib64/python3.9/site-packages/airflow/example_dags/example_external_task_marker_dag.py for tasks to queue
[2025-08-25 13:19:44,140] {logging_mixin.py:115} INFO - [2025-08-25 13:19:44,140] {dagbag.py:507} INFO - Filling up the DagBag from /root/Documents/airflow/venv/lib64/python3.9/site-packages/airflow/example_dags/example_external_task_marker_dag.py
[2025-08-25 13:19:44,146] {processor.py:651} INFO - DAG(s) dict_keys(['example_external_task_marker_parent', 'example_external_task_marker_child']) retrieved from /root/Documents/airflow/venv/lib64/python3.9/site-packages/airflow/example_dags/example_external_task_marker_dag.py
[2025-08-25 13:19:44,250] {logging_mixin.py:115} INFO - [2025-08-25 13:19:44,250] {dag.py:2379} INFO - Sync 2 DAGs
[2025-08-25 13:19:44,292] {logging_mixin.py:115} INFO - [2025-08-25 13:19:44,292] {dag.py:2927} INFO - Setting next_dagrun for example_external_task_marker_child to None, run_after=None
[2025-08-25 13:19:44,293] {logging_mixin.py:115} INFO - [2025-08-25 13:19:44,293] {dag.py:2927} INFO - Setting next_dagrun for example_external_task_marker_parent to None, run_after=None
[2025-08-25 13:19:44,384] {processor.py:161} INFO - Processing /root/Documents/airflow/venv/lib64/python3.9/site-packages/airflow/example_dags/example_external_task_marker_dag.py took 0.259 seconds
[2025-08-25 13:20:33,540] {processor.py:153} INFO - Started process (PID=2799343) to work on /root/Documents/airflow/venv/lib64/python3.9/site-packages/airflow/example_dags/example_external_task_marker_dag.py
[2025-08-25 13:20:33,560] {processor.py:641} INFO - Processing file /root/Documents/airflow/venv/lib64/python3.9/site-packages/airflow/example_dags/example_external_task_marker_dag.py for tasks to queue
[2025-08-25 13:20:33,560] {logging_mixin.py:115} INFO - [2025-08-25 13:20:33,560] {dagbag.py:507} INFO - Filling up the DagBag from /root/Documents/airflow/venv/lib64/python3.9/site-packages/airflow/example_dags/example_external_task_marker_dag.py
[2025-08-25 13:20:33,565] {processor.py:651} INFO - DAG(s) dict_keys(['example_external_task_marker_parent', 'example_external_task_marker_child']) retrieved from /root/Documents/airflow/venv/lib64/python3.9/site-packages/airflow/example_dags/example_external_task_marker_dag.py
[2025-08-25 13:20:33,648] {logging_mixin.py:115} INFO - [2025-08-25 13:20:33,648] {dag.py:2379} INFO - Sync 2 DAGs
[2025-08-25 13:20:33,712] {logging_mixin.py:115} INFO - [2025-08-25 13:20:33,712] {dag.py:2927} INFO - Setting next_dagrun for example_external_task_marker_child to None, run_after=None
[2025-08-25 13:20:33,712] {logging_mixin.py:115} INFO - [2025-08-25 13:20:33,712] {dag.py:2927} INFO - Setting next_dagrun for example_external_task_marker_parent to None, run_after=None
[2025-08-25 13:20:33,754] {processor.py:161} INFO - Processing /root/Documents/airflow/venv/lib64/python3.9/site-packages/airflow/example_dags/example_external_task_marker_dag.py took 0.217 seconds
[2025-08-25 13:21:20,413] {processor.py:153} INFO - Started process (PID=2799487) to work on /root/Documents/airflow/venv/lib64/python3.9/site-packages/airflow/example_dags/example_external_task_marker_dag.py
[2025-08-25 13:21:20,425] {processor.py:641} INFO - Processing file /root/Documents/airflow/venv/lib64/python3.9/site-packages/airflow/example_dags/example_external_task_marker_dag.py for tasks to queue
[2025-08-25 13:21:20,425] {logging_mixin.py:115} INFO - [2025-08-25 13:21:20,425] {dagbag.py:507} INFO - Filling up the DagBag from /root/Documents/airflow/venv/lib64/python3.9/site-packages/airflow/example_dags/example_external_task_marker_dag.py
[2025-08-25 13:21:20,430] {processor.py:651} INFO - DAG(s) dict_keys(['example_external_task_marker_parent', 'example_external_task_marker_child']) retrieved from /root/Documents/airflow/venv/lib64/python3.9/site-packages/airflow/example_dags/example_external_task_marker_dag.py
[2025-08-25 13:21:20,524] {logging_mixin.py:115} INFO - [2025-08-25 13:21:20,523] {dag.py:2379} INFO - Sync 2 DAGs
[2025-08-25 13:21:20,564] {logging_mixin.py:115} INFO - [2025-08-25 13:21:20,564] {dag.py:2927} INFO - Setting next_dagrun for example_external_task_marker_child to None, run_after=None
[2025-08-25 13:21:20,564] {logging_mixin.py:115} INFO - [2025-08-25 13:21:20,564] {dag.py:2927} INFO - Setting next_dagrun for example_external_task_marker_parent to None, run_after=None
[2025-08-25 13:21:20,609] {processor.py:161} INFO - Processing /root/Documents/airflow/venv/lib64/python3.9/site-packages/airflow/example_dags/example_external_task_marker_dag.py took 0.199 seconds
[2025-08-25 13:22:08,130] {processor.py:153} INFO - Started process (PID=2799614) to work on /root/Documents/airflow/venv/lib64/python3.9/site-packages/airflow/example_dags/example_external_task_marker_dag.py
[2025-08-25 13:22:08,133] {processor.py:641} INFO - Processing file /root/Documents/airflow/venv/lib64/python3.9/site-packages/airflow/example_dags/example_external_task_marker_dag.py for tasks to queue
[2025-08-25 13:22:08,133] {logging_mixin.py:115} INFO - [2025-08-25 13:22:08,133] {dagbag.py:507} INFO - Filling up the DagBag from /root/Documents/airflow/venv/lib64/python3.9/site-packages/airflow/example_dags/example_external_task_marker_dag.py
[2025-08-25 13:22:08,138] {processor.py:651} INFO - DAG(s) dict_keys(['example_external_task_marker_parent', 'example_external_task_marker_child']) retrieved from /root/Documents/airflow/venv/lib64/python3.9/site-packages/airflow/example_dags/example_external_task_marker_dag.py
[2025-08-25 13:22:08,208] {logging_mixin.py:115} INFO - [2025-08-25 13:22:08,207] {dag.py:2379} INFO - Sync 2 DAGs
[2025-08-25 13:22:08,271] {logging_mixin.py:115} INFO - [2025-08-25 13:22:08,270] {dag.py:2927} INFO - Setting next_dagrun for example_external_task_marker_child to None, run_after=None
[2025-08-25 13:22:08,271] {logging_mixin.py:115} INFO - [2025-08-25 13:22:08,271] {dag.py:2927} INFO - Setting next_dagrun for example_external_task_marker_parent to None, run_after=None
[2025-08-25 13:22:08,337] {processor.py:161} INFO - Processing /root/Documents/airflow/venv/lib64/python3.9/site-packages/airflow/example_dags/example_external_task_marker_dag.py took 0.211 seconds
[2025-08-25 13:22:58,728] {processor.py:153} INFO - Started process (PID=2799749) to work on /root/Documents/airflow/venv/lib64/python3.9/site-packages/airflow/example_dags/example_external_task_marker_dag.py
[2025-08-25 13:22:58,762] {processor.py:641} INFO - Processing file /root/Documents/airflow/venv/lib64/python3.9/site-packages/airflow/example_dags/example_external_task_marker_dag.py for tasks to queue
[2025-08-25 13:22:58,762] {logging_mixin.py:115} INFO - [2025-08-25 13:22:58,762] {dagbag.py:507} INFO - Filling up the DagBag from /root/Documents/airflow/venv/lib64/python3.9/site-packages/airflow/example_dags/example_external_task_marker_dag.py
[2025-08-25 13:22:58,767] {processor.py:651} INFO - DAG(s) dict_keys(['example_external_task_marker_parent', 'example_external_task_marker_child']) retrieved from /root/Documents/airflow/venv/lib64/python3.9/site-packages/airflow/example_dags/example_external_task_marker_dag.py
[2025-08-25 13:22:58,880] {logging_mixin.py:115} INFO - [2025-08-25 13:22:58,880] {dag.py:2379} INFO - Sync 2 DAGs
[2025-08-25 13:22:58,941] {logging_mixin.py:115} INFO - [2025-08-25 13:22:58,941] {dag.py:2927} INFO - Setting next_dagrun for example_external_task_marker_child to None, run_after=None
[2025-08-25 13:22:58,941] {logging_mixin.py:115} INFO - [2025-08-25 13:22:58,941] {dag.py:2927} INFO - Setting next_dagrun for example_external_task_marker_parent to None, run_after=None
[2025-08-25 13:22:58,956] {processor.py:161} INFO - Processing /root/Documents/airflow/venv/lib64/python3.9/site-packages/airflow/example_dags/example_external_task_marker_dag.py took 0.232 seconds
[2025-08-25 13:23:48,701] {processor.py:153} INFO - Started process (PID=2799927) to work on /root/Documents/airflow/venv/lib64/python3.9/site-packages/airflow/example_dags/example_external_task_marker_dag.py
[2025-08-25 13:23:48,724] {processor.py:641} INFO - Processing file /root/Documents/airflow/venv/lib64/python3.9/site-packages/airflow/example_dags/example_external_task_marker_dag.py for tasks to queue
[2025-08-25 13:23:48,724] {logging_mixin.py:115} INFO - [2025-08-25 13:23:48,724] {dagbag.py:507} INFO - Filling up the DagBag from /root/Documents/airflow/venv/lib64/python3.9/site-packages/airflow/example_dags/example_external_task_marker_dag.py
[2025-08-25 13:23:48,729] {processor.py:651} INFO - DAG(s) dict_keys(['example_external_task_marker_parent', 'example_external_task_marker_child']) retrieved from /root/Documents/airflow/venv/lib64/python3.9/site-packages/airflow/example_dags/example_external_task_marker_dag.py
[2025-08-25 13:23:48,836] {logging_mixin.py:115} INFO - [2025-08-25 13:23:48,836] {dag.py:2379} INFO - Sync 2 DAGs
[2025-08-25 13:23:48,883] {logging_mixin.py:115} INFO - [2025-08-25 13:23:48,883] {dag.py:2927} INFO - Setting next_dagrun for example_external_task_marker_child to None, run_after=None
[2025-08-25 13:23:48,883] {logging_mixin.py:115} INFO - [2025-08-25 13:23:48,883] {dag.py:2927} INFO - Setting next_dagrun for example_external_task_marker_parent to None, run_after=None
[2025-08-25 13:23:48,933] {processor.py:161} INFO - Processing /root/Documents/airflow/venv/lib64/python3.9/site-packages/airflow/example_dags/example_external_task_marker_dag.py took 0.235 seconds
[2025-08-25 13:24:50,466] {processor.py:153} INFO - Started process (PID=2800124) to work on /root/Documents/airflow/venv/lib64/python3.9/site-packages/airflow/example_dags/example_external_task_marker_dag.py
[2025-08-25 13:24:50,477] {processor.py:641} INFO - Processing file /root/Documents/airflow/venv/lib64/python3.9/site-packages/airflow/example_dags/example_external_task_marker_dag.py for tasks to queue
[2025-08-25 13:24:50,478] {logging_mixin.py:115} INFO - [2025-08-25 13:24:50,478] {dagbag.py:507} INFO - Filling up the DagBag from /root/Documents/airflow/venv/lib64/python3.9/site-packages/airflow/example_dags/example_external_task_marker_dag.py
[2025-08-25 13:24:50,483] {processor.py:651} INFO - DAG(s) dict_keys(['example_external_task_marker_parent', 'example_external_task_marker_child']) retrieved from /root/Documents/airflow/venv/lib64/python3.9/site-packages/airflow/example_dags/example_external_task_marker_dag.py
[2025-08-25 13:24:50,583] {logging_mixin.py:115} INFO - [2025-08-25 13:24:50,583] {dag.py:2379} INFO - Sync 2 DAGs
[2025-08-25 13:24:50,656] {logging_mixin.py:115} INFO - [2025-08-25 13:24:50,656] {dag.py:2927} INFO - Setting next_dagrun for example_external_task_marker_child to None, run_after=None
[2025-08-25 13:24:50,656] {logging_mixin.py:115} INFO - [2025-08-25 13:24:50,656] {dag.py:2927} INFO - Setting next_dagrun for example_external_task_marker_parent to None, run_after=None
[2025-08-25 13:24:50,729] {processor.py:161} INFO - Processing /root/Documents/airflow/venv/lib64/python3.9/site-packages/airflow/example_dags/example_external_task_marker_dag.py took 0.266 seconds
[2025-08-25 13:25:48,152] {processor.py:153} INFO - Started process (PID=2800317) to work on /root/Documents/airflow/venv/lib64/python3.9/site-packages/airflow/example_dags/example_external_task_marker_dag.py
[2025-08-25 13:25:48,174] {processor.py:641} INFO - Processing file /root/Documents/airflow/venv/lib64/python3.9/site-packages/airflow/example_dags/example_external_task_marker_dag.py for tasks to queue
[2025-08-25 13:25:48,175] {logging_mixin.py:115} INFO - [2025-08-25 13:25:48,175] {dagbag.py:507} INFO - Filling up the DagBag from /root/Documents/airflow/venv/lib64/python3.9/site-packages/airflow/example_dags/example_external_task_marker_dag.py
[2025-08-25 13:25:48,180] {processor.py:651} INFO - DAG(s) dict_keys(['example_external_task_marker_parent', 'example_external_task_marker_child']) retrieved from /root/Documents/airflow/venv/lib64/python3.9/site-packages/airflow/example_dags/example_external_task_marker_dag.py
[2025-08-25 13:25:48,312] {logging_mixin.py:115} INFO - [2025-08-25 13:25:48,312] {dag.py:2379} INFO - Sync 2 DAGs
[2025-08-25 13:25:48,376] {logging_mixin.py:115} INFO - [2025-08-25 13:25:48,376] {dag.py:2927} INFO - Setting next_dagrun for example_external_task_marker_child to None, run_after=None
[2025-08-25 13:25:48,376] {logging_mixin.py:115} INFO - [2025-08-25 13:25:48,376] {dag.py:2927} INFO - Setting next_dagrun for example_external_task_marker_parent to None, run_after=None
[2025-08-25 13:25:48,451] {processor.py:161} INFO - Processing /root/Documents/airflow/venv/lib64/python3.9/site-packages/airflow/example_dags/example_external_task_marker_dag.py took 0.303 seconds
