[2025-08-25 13:00:41,045] {processor.py:153} INFO - Started process (PID=2795392) to work on /root/Documents/airflow/venv/lib64/python3.9/site-packages/airflow/example_dags/example_python_operator.py
[2025-08-25 13:00:41,046] {processor.py:641} INFO - Processing file /root/Documents/airflow/venv/lib64/python3.9/site-packages/airflow/example_dags/example_python_operator.py for tasks to queue
[2025-08-25 13:00:41,046] {logging_mixin.py:115} INFO - [2025-08-25 13:00:41,046] {dagbag.py:507} INFO - Filling up the DagBag from /root/Documents/airflow/venv/lib64/python3.9/site-packages/airflow/example_dags/example_python_operator.py
[2025-08-25 13:00:41,104] {logging_mixin.py:115} INFO - [2025-08-25 13:00:41,104] {example_python_operator.py:68} WARNING - The virtalenv_python example task requires virtualenv, please install it.
[2025-08-25 13:00:41,104] {processor.py:651} INFO - DAG(s) dict_keys(['example_python_operator']) retrieved from /root/Documents/airflow/venv/lib64/python3.9/site-packages/airflow/example_dags/example_python_operator.py
[2025-08-25 13:00:41,211] {logging_mixin.py:115} INFO - [2025-08-25 13:00:41,211] {dag.py:2379} INFO - Sync 1 DAGs
[2025-08-25 13:00:41,230] {logging_mixin.py:115} INFO - [2025-08-25 13:00:41,230] {dag.py:2927} INFO - Setting next_dagrun for example_python_operator to None, run_after=None
[2025-08-25 13:00:41,548] {processor.py:161} INFO - Processing /root/Documents/airflow/venv/lib64/python3.9/site-packages/airflow/example_dags/example_python_operator.py took 0.506 seconds
[2025-08-25 13:01:28,285] {processor.py:153} INFO - Started process (PID=2795577) to work on /root/Documents/airflow/venv/lib64/python3.9/site-packages/airflow/example_dags/example_python_operator.py
[2025-08-25 13:01:28,297] {processor.py:641} INFO - Processing file /root/Documents/airflow/venv/lib64/python3.9/site-packages/airflow/example_dags/example_python_operator.py for tasks to queue
[2025-08-25 13:01:28,298] {logging_mixin.py:115} INFO - [2025-08-25 13:01:28,298] {dagbag.py:507} INFO - Filling up the DagBag from /root/Documents/airflow/venv/lib64/python3.9/site-packages/airflow/example_dags/example_python_operator.py
[2025-08-25 13:01:28,385] {logging_mixin.py:115} INFO - [2025-08-25 13:01:28,385] {example_python_operator.py:68} WARNING - The virtalenv_python example task requires virtualenv, please install it.
[2025-08-25 13:01:28,386] {processor.py:651} INFO - DAG(s) dict_keys(['example_python_operator']) retrieved from /root/Documents/airflow/venv/lib64/python3.9/site-packages/airflow/example_dags/example_python_operator.py
[2025-08-25 13:01:28,414] {logging_mixin.py:115} INFO - [2025-08-25 13:01:28,413] {dag.py:2379} INFO - Sync 1 DAGs
[2025-08-25 13:01:28,477] {logging_mixin.py:115} INFO - [2025-08-25 13:01:28,477] {dag.py:2927} INFO - Setting next_dagrun for example_python_operator to None, run_after=None
[2025-08-25 13:01:28,554] {processor.py:161} INFO - Processing /root/Documents/airflow/venv/lib64/python3.9/site-packages/airflow/example_dags/example_python_operator.py took 0.272 seconds
[2025-08-25 13:02:16,771] {processor.py:153} INFO - Started process (PID=2795754) to work on /root/Documents/airflow/venv/lib64/python3.9/site-packages/airflow/example_dags/example_python_operator.py
[2025-08-25 13:02:16,794] {processor.py:641} INFO - Processing file /root/Documents/airflow/venv/lib64/python3.9/site-packages/airflow/example_dags/example_python_operator.py for tasks to queue
[2025-08-25 13:02:16,794] {logging_mixin.py:115} INFO - [2025-08-25 13:02:16,794] {dagbag.py:507} INFO - Filling up the DagBag from /root/Documents/airflow/venv/lib64/python3.9/site-packages/airflow/example_dags/example_python_operator.py
[2025-08-25 13:02:16,883] {logging_mixin.py:115} INFO - [2025-08-25 13:02:16,883] {example_python_operator.py:68} WARNING - The virtalenv_python example task requires virtualenv, please install it.
[2025-08-25 13:02:16,884] {processor.py:651} INFO - DAG(s) dict_keys(['example_python_operator']) retrieved from /root/Documents/airflow/venv/lib64/python3.9/site-packages/airflow/example_dags/example_python_operator.py
[2025-08-25 13:02:16,933] {logging_mixin.py:115} INFO - [2025-08-25 13:02:16,933] {dag.py:2379} INFO - Sync 1 DAGs
[2025-08-25 13:02:17,007] {logging_mixin.py:115} INFO - [2025-08-25 13:02:17,006] {dag.py:2927} INFO - Setting next_dagrun for example_python_operator to None, run_after=None
[2025-08-25 13:02:17,098] {processor.py:161} INFO - Processing /root/Documents/airflow/venv/lib64/python3.9/site-packages/airflow/example_dags/example_python_operator.py took 0.330 seconds
[2025-08-25 13:03:11,575] {processor.py:153} INFO - Started process (PID=2795914) to work on /root/Documents/airflow/venv/lib64/python3.9/site-packages/airflow/example_dags/example_python_operator.py
[2025-08-25 13:03:11,597] {processor.py:641} INFO - Processing file /root/Documents/airflow/venv/lib64/python3.9/site-packages/airflow/example_dags/example_python_operator.py for tasks to queue
[2025-08-25 13:03:11,598] {logging_mixin.py:115} INFO - [2025-08-25 13:03:11,598] {dagbag.py:507} INFO - Filling up the DagBag from /root/Documents/airflow/venv/lib64/python3.9/site-packages/airflow/example_dags/example_python_operator.py
[2025-08-25 13:03:11,669] {logging_mixin.py:115} INFO - [2025-08-25 13:03:11,669] {example_python_operator.py:68} WARNING - The virtalenv_python example task requires virtualenv, please install it.
[2025-08-25 13:03:11,670] {processor.py:651} INFO - DAG(s) dict_keys(['example_python_operator']) retrieved from /root/Documents/airflow/venv/lib64/python3.9/site-packages/airflow/example_dags/example_python_operator.py
[2025-08-25 13:03:11,697] {logging_mixin.py:115} INFO - [2025-08-25 13:03:11,697] {dag.py:2379} INFO - Sync 1 DAGs
[2025-08-25 13:03:11,771] {logging_mixin.py:115} INFO - [2025-08-25 13:03:11,771] {dag.py:2927} INFO - Setting next_dagrun for example_python_operator to None, run_after=None
[2025-08-25 13:03:11,873] {processor.py:161} INFO - Processing /root/Documents/airflow/venv/lib64/python3.9/site-packages/airflow/example_dags/example_python_operator.py took 0.301 seconds
[2025-08-25 13:05:38,414] {processor.py:153} INFO - Started process (PID=2796501) to work on /root/Documents/airflow/venv/lib64/python3.9/site-packages/airflow/example_dags/example_python_operator.py
[2025-08-25 13:05:38,426] {processor.py:641} INFO - Processing file /root/Documents/airflow/venv/lib64/python3.9/site-packages/airflow/example_dags/example_python_operator.py for tasks to queue
[2025-08-25 13:05:38,426] {logging_mixin.py:115} INFO - [2025-08-25 13:05:38,426] {dagbag.py:507} INFO - Filling up the DagBag from /root/Documents/airflow/venv/lib64/python3.9/site-packages/airflow/example_dags/example_python_operator.py
[2025-08-25 13:05:38,501] {logging_mixin.py:115} INFO - [2025-08-25 13:05:38,501] {example_python_operator.py:68} WARNING - The virtalenv_python example task requires virtualenv, please install it.
[2025-08-25 13:05:38,501] {processor.py:651} INFO - DAG(s) dict_keys(['example_python_operator']) retrieved from /root/Documents/airflow/venv/lib64/python3.9/site-packages/airflow/example_dags/example_python_operator.py
[2025-08-25 13:05:38,541] {logging_mixin.py:115} INFO - [2025-08-25 13:05:38,540] {dag.py:2379} INFO - Sync 1 DAGs
[2025-08-25 13:05:38,604] {logging_mixin.py:115} INFO - [2025-08-25 13:05:38,604] {dag.py:2927} INFO - Setting next_dagrun for example_python_operator to None, run_after=None
[2025-08-25 13:05:38,679] {processor.py:161} INFO - Processing /root/Documents/airflow/venv/lib64/python3.9/site-packages/airflow/example_dags/example_python_operator.py took 0.269 seconds
[2025-08-25 13:06:24,828] {processor.py:153} INFO - Started process (PID=2796644) to work on /root/Documents/airflow/venv/lib64/python3.9/site-packages/airflow/example_dags/example_python_operator.py
[2025-08-25 13:06:24,856] {processor.py:641} INFO - Processing file /root/Documents/airflow/venv/lib64/python3.9/site-packages/airflow/example_dags/example_python_operator.py for tasks to queue
[2025-08-25 13:06:24,857] {logging_mixin.py:115} INFO - [2025-08-25 13:06:24,857] {dagbag.py:507} INFO - Filling up the DagBag from /root/Documents/airflow/venv/lib64/python3.9/site-packages/airflow/example_dags/example_python_operator.py
[2025-08-25 13:06:24,897] {logging_mixin.py:115} INFO - [2025-08-25 13:06:24,897] {example_python_operator.py:68} WARNING - The virtalenv_python example task requires virtualenv, please install it.
[2025-08-25 13:06:24,898] {processor.py:651} INFO - DAG(s) dict_keys(['example_python_operator']) retrieved from /root/Documents/airflow/venv/lib64/python3.9/site-packages/airflow/example_dags/example_python_operator.py
[2025-08-25 13:06:24,926] {logging_mixin.py:115} INFO - [2025-08-25 13:06:24,925] {dag.py:2379} INFO - Sync 1 DAGs
[2025-08-25 13:06:24,965] {logging_mixin.py:115} INFO - [2025-08-25 13:06:24,964] {dag.py:2927} INFO - Setting next_dagrun for example_python_operator to None, run_after=None
[2025-08-25 13:06:25,025] {processor.py:161} INFO - Processing /root/Documents/airflow/venv/lib64/python3.9/site-packages/airflow/example_dags/example_python_operator.py took 0.200 seconds
[2025-08-25 13:08:33,360] {processor.py:153} INFO - Started process (PID=2797151) to work on /root/Documents/airflow/venv/lib64/python3.9/site-packages/airflow/example_dags/example_python_operator.py
[2025-08-25 13:08:33,383] {processor.py:641} INFO - Processing file /root/Documents/airflow/venv/lib64/python3.9/site-packages/airflow/example_dags/example_python_operator.py for tasks to queue
[2025-08-25 13:08:33,383] {logging_mixin.py:115} INFO - [2025-08-25 13:08:33,383] {dagbag.py:507} INFO - Filling up the DagBag from /root/Documents/airflow/venv/lib64/python3.9/site-packages/airflow/example_dags/example_python_operator.py
[2025-08-25 13:08:33,420] {logging_mixin.py:115} INFO - [2025-08-25 13:08:33,420] {example_python_operator.py:68} WARNING - The virtalenv_python example task requires virtualenv, please install it.
[2025-08-25 13:08:33,420] {processor.py:651} INFO - DAG(s) dict_keys(['example_python_operator']) retrieved from /root/Documents/airflow/venv/lib64/python3.9/site-packages/airflow/example_dags/example_python_operator.py
[2025-08-25 13:08:33,451] {logging_mixin.py:115} INFO - [2025-08-25 13:08:33,451] {dag.py:2379} INFO - Sync 1 DAGs
[2025-08-25 13:08:33,491] {logging_mixin.py:115} INFO - [2025-08-25 13:08:33,491] {dag.py:2927} INFO - Setting next_dagrun for example_python_operator to None, run_after=None
[2025-08-25 13:08:33,557] {processor.py:161} INFO - Processing /root/Documents/airflow/venv/lib64/python3.9/site-packages/airflow/example_dags/example_python_operator.py took 0.199 seconds
[2025-08-25 13:13:57,541] {processor.py:153} INFO - Started process (PID=2798125) to work on /root/Documents/airflow/venv/lib64/python3.9/site-packages/airflow/example_dags/example_python_operator.py
[2025-08-25 13:13:57,563] {processor.py:641} INFO - Processing file /root/Documents/airflow/venv/lib64/python3.9/site-packages/airflow/example_dags/example_python_operator.py for tasks to queue
[2025-08-25 13:13:57,564] {logging_mixin.py:115} INFO - [2025-08-25 13:13:57,564] {dagbag.py:507} INFO - Filling up the DagBag from /root/Documents/airflow/venv/lib64/python3.9/site-packages/airflow/example_dags/example_python_operator.py
[2025-08-25 13:13:57,607] {processor.py:651} INFO - DAG(s) dict_keys(['example_python_operator']) retrieved from /root/Documents/airflow/venv/lib64/python3.9/site-packages/airflow/example_dags/example_python_operator.py
[2025-08-25 13:13:57,810] {logging_mixin.py:115} INFO - [2025-08-25 13:13:57,809] {dag.py:2379} INFO - Sync 1 DAGs
[2025-08-25 13:13:57,861] {logging_mixin.py:115} INFO - [2025-08-25 13:13:57,861] {dag.py:2927} INFO - Setting next_dagrun for example_python_operator to None, run_after=None
[2025-08-25 13:13:57,963] {processor.py:161} INFO - Processing /root/Documents/airflow/venv/lib64/python3.9/site-packages/airflow/example_dags/example_python_operator.py took 0.425 seconds
[2025-08-25 13:14:46,279] {processor.py:153} INFO - Started process (PID=2798270) to work on /root/Documents/airflow/venv/lib64/python3.9/site-packages/airflow/example_dags/example_python_operator.py
[2025-08-25 13:14:46,290] {processor.py:641} INFO - Processing file /root/Documents/airflow/venv/lib64/python3.9/site-packages/airflow/example_dags/example_python_operator.py for tasks to queue
[2025-08-25 13:14:46,291] {logging_mixin.py:115} INFO - [2025-08-25 13:14:46,291] {dagbag.py:507} INFO - Filling up the DagBag from /root/Documents/airflow/venv/lib64/python3.9/site-packages/airflow/example_dags/example_python_operator.py
[2025-08-25 13:14:46,322] {processor.py:651} INFO - DAG(s) dict_keys(['example_python_operator']) retrieved from /root/Documents/airflow/venv/lib64/python3.9/site-packages/airflow/example_dags/example_python_operator.py
[2025-08-25 13:14:46,384] {logging_mixin.py:115} INFO - [2025-08-25 13:14:46,384] {dag.py:2379} INFO - Sync 1 DAGs
[2025-08-25 13:14:46,426] {logging_mixin.py:115} INFO - [2025-08-25 13:14:46,425] {dag.py:2927} INFO - Setting next_dagrun for example_python_operator to None, run_after=None
[2025-08-25 13:14:46,495] {processor.py:161} INFO - Processing /root/Documents/airflow/venv/lib64/python3.9/site-packages/airflow/example_dags/example_python_operator.py took 0.219 seconds
[2025-08-25 13:15:32,318] {processor.py:153} INFO - Started process (PID=2798413) to work on /root/Documents/airflow/venv/lib64/python3.9/site-packages/airflow/example_dags/example_python_operator.py
[2025-08-25 13:15:32,330] {processor.py:641} INFO - Processing file /root/Documents/airflow/venv/lib64/python3.9/site-packages/airflow/example_dags/example_python_operator.py for tasks to queue
[2025-08-25 13:15:32,330] {logging_mixin.py:115} INFO - [2025-08-25 13:15:32,330] {dagbag.py:507} INFO - Filling up the DagBag from /root/Documents/airflow/venv/lib64/python3.9/site-packages/airflow/example_dags/example_python_operator.py
[2025-08-25 13:15:32,352] {processor.py:651} INFO - DAG(s) dict_keys(['example_python_operator']) retrieved from /root/Documents/airflow/venv/lib64/python3.9/site-packages/airflow/example_dags/example_python_operator.py
[2025-08-25 13:15:32,381] {logging_mixin.py:115} INFO - [2025-08-25 13:15:32,381] {dag.py:2379} INFO - Sync 1 DAGs
[2025-08-25 13:15:32,423] {logging_mixin.py:115} INFO - [2025-08-25 13:15:32,422] {dag.py:2927} INFO - Setting next_dagrun for example_python_operator to None, run_after=None
[2025-08-25 13:15:32,509] {processor.py:161} INFO - Processing /root/Documents/airflow/venv/lib64/python3.9/site-packages/airflow/example_dags/example_python_operator.py took 0.194 seconds
[2025-08-25 13:16:22,879] {processor.py:153} INFO - Started process (PID=2798566) to work on /root/Documents/airflow/venv/lib64/python3.9/site-packages/airflow/example_dags/example_python_operator.py
[2025-08-25 13:16:22,890] {processor.py:641} INFO - Processing file /root/Documents/airflow/venv/lib64/python3.9/site-packages/airflow/example_dags/example_python_operator.py for tasks to queue
[2025-08-25 13:16:22,891] {logging_mixin.py:115} INFO - [2025-08-25 13:16:22,891] {dagbag.py:507} INFO - Filling up the DagBag from /root/Documents/airflow/venv/lib64/python3.9/site-packages/airflow/example_dags/example_python_operator.py
[2025-08-25 13:16:22,912] {processor.py:651} INFO - DAG(s) dict_keys(['example_python_operator']) retrieved from /root/Documents/airflow/venv/lib64/python3.9/site-packages/airflow/example_dags/example_python_operator.py
[2025-08-25 13:16:22,973] {logging_mixin.py:115} INFO - [2025-08-25 13:16:22,962] {dag.py:2379} INFO - Sync 1 DAGs
[2025-08-25 13:16:23,003] {logging_mixin.py:115} INFO - [2025-08-25 13:16:23,003] {dag.py:2927} INFO - Setting next_dagrun for example_python_operator to None, run_after=None
[2025-08-25 13:16:23,055] {processor.py:161} INFO - Processing /root/Documents/airflow/venv/lib64/python3.9/site-packages/airflow/example_dags/example_python_operator.py took 0.179 seconds
[2025-08-25 13:17:14,166] {processor.py:153} INFO - Started process (PID=2798718) to work on /root/Documents/airflow/venv/lib64/python3.9/site-packages/airflow/example_dags/example_python_operator.py
[2025-08-25 13:17:14,177] {processor.py:641} INFO - Processing file /root/Documents/airflow/venv/lib64/python3.9/site-packages/airflow/example_dags/example_python_operator.py for tasks to queue
[2025-08-25 13:17:14,178] {logging_mixin.py:115} INFO - [2025-08-25 13:17:14,178] {dagbag.py:507} INFO - Filling up the DagBag from /root/Documents/airflow/venv/lib64/python3.9/site-packages/airflow/example_dags/example_python_operator.py
[2025-08-25 13:17:14,221] {processor.py:651} INFO - DAG(s) dict_keys(['example_python_operator']) retrieved from /root/Documents/airflow/venv/lib64/python3.9/site-packages/airflow/example_dags/example_python_operator.py
[2025-08-25 13:17:14,283] {logging_mixin.py:115} INFO - [2025-08-25 13:17:14,283] {dag.py:2379} INFO - Sync 1 DAGs
[2025-08-25 13:17:14,348] {logging_mixin.py:115} INFO - [2025-08-25 13:17:14,348] {dag.py:2927} INFO - Setting next_dagrun for example_python_operator to None, run_after=None
[2025-08-25 13:17:14,438] {processor.py:161} INFO - Processing /root/Documents/airflow/venv/lib64/python3.9/site-packages/airflow/example_dags/example_python_operator.py took 0.275 seconds
[2025-08-25 13:17:57,954] {processor.py:153} INFO - Started process (PID=2798792) to work on /root/Documents/airflow/venv/lib64/python3.9/site-packages/airflow/example_dags/example_python_operator.py
[2025-08-25 13:17:57,955] {processor.py:641} INFO - Processing file /root/Documents/airflow/venv/lib64/python3.9/site-packages/airflow/example_dags/example_python_operator.py for tasks to queue
[2025-08-25 13:17:57,956] {logging_mixin.py:115} INFO - [2025-08-25 13:17:57,956] {dagbag.py:507} INFO - Filling up the DagBag from /root/Documents/airflow/venv/lib64/python3.9/site-packages/airflow/example_dags/example_python_operator.py
[2025-08-25 13:17:57,990] {processor.py:651} INFO - DAG(s) dict_keys(['example_python_operator']) retrieved from /root/Documents/airflow/venv/lib64/python3.9/site-packages/airflow/example_dags/example_python_operator.py
[2025-08-25 13:17:58,054] {logging_mixin.py:115} INFO - [2025-08-25 13:17:58,053] {dag.py:2379} INFO - Sync 1 DAGs
[2025-08-25 13:17:58,081] {logging_mixin.py:115} INFO - [2025-08-25 13:17:58,081] {dag.py:2927} INFO - Setting next_dagrun for example_python_operator to None, run_after=None
[2025-08-25 13:17:58,105] {processor.py:161} INFO - Processing /root/Documents/airflow/venv/lib64/python3.9/site-packages/airflow/example_dags/example_python_operator.py took 0.154 seconds
[2025-08-25 13:18:42,551] {processor.py:153} INFO - Started process (PID=2798966) to work on /root/Documents/airflow/venv/lib64/python3.9/site-packages/airflow/example_dags/example_python_operator.py
[2025-08-25 13:18:42,562] {processor.py:641} INFO - Processing file /root/Documents/airflow/venv/lib64/python3.9/site-packages/airflow/example_dags/example_python_operator.py for tasks to queue
[2025-08-25 13:18:42,563] {logging_mixin.py:115} INFO - [2025-08-25 13:18:42,563] {dagbag.py:507} INFO - Filling up the DagBag from /root/Documents/airflow/venv/lib64/python3.9/site-packages/airflow/example_dags/example_python_operator.py
[2025-08-25 13:18:42,606] {processor.py:651} INFO - DAG(s) dict_keys(['example_python_operator']) retrieved from /root/Documents/airflow/venv/lib64/python3.9/site-packages/airflow/example_dags/example_python_operator.py
[2025-08-25 13:18:42,668] {logging_mixin.py:115} INFO - [2025-08-25 13:18:42,667] {dag.py:2379} INFO - Sync 1 DAGs
[2025-08-25 13:18:42,730] {logging_mixin.py:115} INFO - [2025-08-25 13:18:42,730] {dag.py:2927} INFO - Setting next_dagrun for example_python_operator to None, run_after=None
[2025-08-25 13:18:42,797] {processor.py:161} INFO - Processing /root/Documents/airflow/venv/lib64/python3.9/site-packages/airflow/example_dags/example_python_operator.py took 0.249 seconds
[2025-08-25 13:19:33,412] {processor.py:153} INFO - Started process (PID=2799147) to work on /root/Documents/airflow/venv/lib64/python3.9/site-packages/airflow/example_dags/example_python_operator.py
[2025-08-25 13:19:33,413] {processor.py:641} INFO - Processing file /root/Documents/airflow/venv/lib64/python3.9/site-packages/airflow/example_dags/example_python_operator.py for tasks to queue
[2025-08-25 13:19:33,413] {logging_mixin.py:115} INFO - [2025-08-25 13:19:33,413] {dagbag.py:507} INFO - Filling up the DagBag from /root/Documents/airflow/venv/lib64/python3.9/site-packages/airflow/example_dags/example_python_operator.py
[2025-08-25 13:19:33,433] {processor.py:651} INFO - DAG(s) dict_keys(['example_python_operator']) retrieved from /root/Documents/airflow/venv/lib64/python3.9/site-packages/airflow/example_dags/example_python_operator.py
[2025-08-25 13:19:33,504] {logging_mixin.py:115} INFO - [2025-08-25 13:19:33,504] {dag.py:2379} INFO - Sync 1 DAGs
[2025-08-25 13:19:33,533] {logging_mixin.py:115} INFO - [2025-08-25 13:19:33,533] {dag.py:2927} INFO - Setting next_dagrun for example_python_operator to None, run_after=None
[2025-08-25 13:19:33,558] {processor.py:161} INFO - Processing /root/Documents/airflow/venv/lib64/python3.9/site-packages/airflow/example_dags/example_python_operator.py took 0.149 seconds
[2025-08-25 13:20:24,066] {processor.py:153} INFO - Started process (PID=2799325) to work on /root/Documents/airflow/venv/lib64/python3.9/site-packages/airflow/example_dags/example_python_operator.py
[2025-08-25 13:20:24,077] {processor.py:641} INFO - Processing file /root/Documents/airflow/venv/lib64/python3.9/site-packages/airflow/example_dags/example_python_operator.py for tasks to queue
[2025-08-25 13:20:24,078] {logging_mixin.py:115} INFO - [2025-08-25 13:20:24,078] {dagbag.py:507} INFO - Filling up the DagBag from /root/Documents/airflow/venv/lib64/python3.9/site-packages/airflow/example_dags/example_python_operator.py
[2025-08-25 13:20:24,108] {processor.py:651} INFO - DAG(s) dict_keys(['example_python_operator']) retrieved from /root/Documents/airflow/venv/lib64/python3.9/site-packages/airflow/example_dags/example_python_operator.py
[2025-08-25 13:20:24,228] {logging_mixin.py:115} INFO - [2025-08-25 13:20:24,228] {dag.py:2379} INFO - Sync 1 DAGs
[2025-08-25 13:20:24,246] {logging_mixin.py:115} INFO - [2025-08-25 13:20:24,246] {dag.py:2927} INFO - Setting next_dagrun for example_python_operator to None, run_after=None
[2025-08-25 13:20:24,342] {processor.py:161} INFO - Processing /root/Documents/airflow/venv/lib64/python3.9/site-packages/airflow/example_dags/example_python_operator.py took 0.279 seconds
[2025-08-25 13:21:10,122] {processor.py:153} INFO - Started process (PID=2799470) to work on /root/Documents/airflow/venv/lib64/python3.9/site-packages/airflow/example_dags/example_python_operator.py
[2025-08-25 13:21:10,133] {processor.py:641} INFO - Processing file /root/Documents/airflow/venv/lib64/python3.9/site-packages/airflow/example_dags/example_python_operator.py for tasks to queue
[2025-08-25 13:21:10,134] {logging_mixin.py:115} INFO - [2025-08-25 13:21:10,134] {dagbag.py:507} INFO - Filling up the DagBag from /root/Documents/airflow/venv/lib64/python3.9/site-packages/airflow/example_dags/example_python_operator.py
[2025-08-25 13:21:10,176] {processor.py:651} INFO - DAG(s) dict_keys(['example_python_operator']) retrieved from /root/Documents/airflow/venv/lib64/python3.9/site-packages/airflow/example_dags/example_python_operator.py
[2025-08-25 13:21:10,236] {logging_mixin.py:115} INFO - [2025-08-25 13:21:10,236] {dag.py:2379} INFO - Sync 1 DAGs
[2025-08-25 13:21:10,315] {logging_mixin.py:115} INFO - [2025-08-25 13:21:10,315] {dag.py:2927} INFO - Setting next_dagrun for example_python_operator to None, run_after=None
[2025-08-25 13:21:10,328] {processor.py:161} INFO - Processing /root/Documents/airflow/venv/lib64/python3.9/site-packages/airflow/example_dags/example_python_operator.py took 0.209 seconds
[2025-08-25 13:21:53,483] {processor.py:153} INFO - Started process (PID=2799543) to work on /root/Documents/airflow/venv/lib64/python3.9/site-packages/airflow/example_dags/example_python_operator.py
[2025-08-25 13:21:53,494] {processor.py:641} INFO - Processing file /root/Documents/airflow/venv/lib64/python3.9/site-packages/airflow/example_dags/example_python_operator.py for tasks to queue
[2025-08-25 13:21:53,495] {logging_mixin.py:115} INFO - [2025-08-25 13:21:53,495] {dagbag.py:507} INFO - Filling up the DagBag from /root/Documents/airflow/venv/lib64/python3.9/site-packages/airflow/example_dags/example_python_operator.py
[2025-08-25 13:21:53,552] {processor.py:651} INFO - DAG(s) dict_keys(['example_python_operator']) retrieved from /root/Documents/airflow/venv/lib64/python3.9/site-packages/airflow/example_dags/example_python_operator.py
[2025-08-25 13:21:53,612] {logging_mixin.py:115} INFO - [2025-08-25 13:21:53,612] {dag.py:2379} INFO - Sync 1 DAGs
[2025-08-25 13:21:53,663] {logging_mixin.py:115} INFO - [2025-08-25 13:21:53,663] {dag.py:2927} INFO - Setting next_dagrun for example_python_operator to None, run_after=None
[2025-08-25 13:21:53,726] {processor.py:161} INFO - Processing /root/Documents/airflow/venv/lib64/python3.9/site-packages/airflow/example_dags/example_python_operator.py took 0.246 seconds
[2025-08-25 13:22:37,925] {processor.py:153} INFO - Started process (PID=2799712) to work on /root/Documents/airflow/venv/lib64/python3.9/site-packages/airflow/example_dags/example_python_operator.py
[2025-08-25 13:22:37,936] {processor.py:641} INFO - Processing file /root/Documents/airflow/venv/lib64/python3.9/site-packages/airflow/example_dags/example_python_operator.py for tasks to queue
[2025-08-25 13:22:37,937] {logging_mixin.py:115} INFO - [2025-08-25 13:22:37,937] {dagbag.py:507} INFO - Filling up the DagBag from /root/Documents/airflow/venv/lib64/python3.9/site-packages/airflow/example_dags/example_python_operator.py
[2025-08-25 13:22:37,979] {processor.py:651} INFO - DAG(s) dict_keys(['example_python_operator']) retrieved from /root/Documents/airflow/venv/lib64/python3.9/site-packages/airflow/example_dags/example_python_operator.py
[2025-08-25 13:22:38,041] {logging_mixin.py:115} INFO - [2025-08-25 13:22:38,041] {dag.py:2379} INFO - Sync 1 DAGs
[2025-08-25 13:22:38,104] {logging_mixin.py:115} INFO - [2025-08-25 13:22:38,104] {dag.py:2927} INFO - Setting next_dagrun for example_python_operator to None, run_after=None
[2025-08-25 13:22:38,169] {processor.py:161} INFO - Processing /root/Documents/airflow/venv/lib64/python3.9/site-packages/airflow/example_dags/example_python_operator.py took 0.247 seconds
[2025-08-25 13:23:25,303] {processor.py:153} INFO - Started process (PID=2799869) to work on /root/Documents/airflow/venv/lib64/python3.9/site-packages/airflow/example_dags/example_python_operator.py
[2025-08-25 13:23:25,325] {processor.py:641} INFO - Processing file /root/Documents/airflow/venv/lib64/python3.9/site-packages/airflow/example_dags/example_python_operator.py for tasks to queue
[2025-08-25 13:23:25,325] {logging_mixin.py:115} INFO - [2025-08-25 13:23:25,325] {dagbag.py:507} INFO - Filling up the DagBag from /root/Documents/airflow/venv/lib64/python3.9/site-packages/airflow/example_dags/example_python_operator.py
[2025-08-25 13:23:25,379] {processor.py:651} INFO - DAG(s) dict_keys(['example_python_operator']) retrieved from /root/Documents/airflow/venv/lib64/python3.9/site-packages/airflow/example_dags/example_python_operator.py
[2025-08-25 13:23:25,462] {logging_mixin.py:115} INFO - [2025-08-25 13:23:25,462] {dag.py:2379} INFO - Sync 1 DAGs
[2025-08-25 13:23:25,535] {logging_mixin.py:115} INFO - [2025-08-25 13:23:25,535] {dag.py:2927} INFO - Setting next_dagrun for example_python_operator to None, run_after=None
[2025-08-25 13:23:25,559] {processor.py:161} INFO - Processing /root/Documents/airflow/venv/lib64/python3.9/site-packages/airflow/example_dags/example_python_operator.py took 0.260 seconds
[2025-08-25 13:24:22,139] {processor.py:153} INFO - Started process (PID=2800077) to work on /root/Documents/airflow/venv/lib64/python3.9/site-packages/airflow/example_dags/example_python_operator.py
[2025-08-25 13:24:22,150] {processor.py:641} INFO - Processing file /root/Documents/airflow/venv/lib64/python3.9/site-packages/airflow/example_dags/example_python_operator.py for tasks to queue
[2025-08-25 13:24:22,151] {logging_mixin.py:115} INFO - [2025-08-25 13:24:22,151] {dagbag.py:507} INFO - Filling up the DagBag from /root/Documents/airflow/venv/lib64/python3.9/site-packages/airflow/example_dags/example_python_operator.py
[2025-08-25 13:24:22,172] {processor.py:651} INFO - DAG(s) dict_keys(['example_python_operator']) retrieved from /root/Documents/airflow/venv/lib64/python3.9/site-packages/airflow/example_dags/example_python_operator.py
[2025-08-25 13:24:22,201] {logging_mixin.py:115} INFO - [2025-08-25 13:24:22,201] {dag.py:2379} INFO - Sync 1 DAGs
[2025-08-25 13:24:22,241] {logging_mixin.py:115} INFO - [2025-08-25 13:24:22,241] {dag.py:2927} INFO - Setting next_dagrun for example_python_operator to None, run_after=None
[2025-08-25 13:24:22,330] {processor.py:161} INFO - Processing /root/Documents/airflow/venv/lib64/python3.9/site-packages/airflow/example_dags/example_python_operator.py took 0.195 seconds
[2025-08-25 13:25:06,041] {processor.py:153} INFO - Started process (PID=2800187) to work on /root/Documents/airflow/venv/lib64/python3.9/site-packages/airflow/example_dags/example_python_operator.py
[2025-08-25 13:25:06,053] {processor.py:641} INFO - Processing file /root/Documents/airflow/venv/lib64/python3.9/site-packages/airflow/example_dags/example_python_operator.py for tasks to queue
[2025-08-25 13:25:06,053] {logging_mixin.py:115} INFO - [2025-08-25 13:25:06,053] {dagbag.py:507} INFO - Filling up the DagBag from /root/Documents/airflow/venv/lib64/python3.9/site-packages/airflow/example_dags/example_python_operator.py
[2025-08-25 13:25:06,095] {processor.py:651} INFO - DAG(s) dict_keys(['example_python_operator']) retrieved from /root/Documents/airflow/venv/lib64/python3.9/site-packages/airflow/example_dags/example_python_operator.py
[2025-08-25 13:25:06,203] {logging_mixin.py:115} INFO - [2025-08-25 13:25:06,203] {dag.py:2379} INFO - Sync 1 DAGs
[2025-08-25 13:25:06,260] {logging_mixin.py:115} INFO - [2025-08-25 13:25:06,260] {dag.py:2927} INFO - Setting next_dagrun for example_python_operator to None, run_after=None
[2025-08-25 13:25:06,271] {processor.py:161} INFO - Processing /root/Documents/airflow/venv/lib64/python3.9/site-packages/airflow/example_dags/example_python_operator.py took 0.233 seconds
