[2025-08-25 13:00:46,797] {processor.py:153} INFO - Started process (PID=2795400) to work on /root/Documents/airflow/venv/lib64/python3.9/site-packages/airflow/example_dags/example_latest_only_with_trigger.py
[2025-08-25 13:00:46,797] {processor.py:641} INFO - Processing file /root/Documents/airflow/venv/lib64/python3.9/site-packages/airflow/example_dags/example_latest_only_with_trigger.py for tasks to queue
[2025-08-25 13:00:46,798] {logging_mixin.py:115} INFO - [2025-08-25 13:00:46,798] {dagbag.py:507} INFO - Filling up the DagBag from /root/Documents/airflow/venv/lib64/python3.9/site-packages/airflow/example_dags/example_latest_only_with_trigger.py
[2025-08-25 13:00:46,826] {processor.py:651} INFO - DAG(s) dict_keys(['latest_only_with_trigger']) retrieved from /root/Documents/airflow/venv/lib64/python3.9/site-packages/airflow/example_dags/example_latest_only_with_trigger.py
[2025-08-25 13:00:46,905] {logging_mixin.py:115} INFO - [2025-08-25 13:00:46,904] {dag.py:2379} INFO - Sync 1 DAGs
[2025-08-25 13:00:46,923] {logging_mixin.py:115} INFO - [2025-08-25 13:00:46,923] {dag.py:2927} INFO - Setting next_dagrun for latest_only_with_trigger to 2025-08-25T12:00:46.923358+00:00, run_after=2025-08-25T16:00:46.923358+00:00
[2025-08-25 13:00:47,024] {processor.py:161} INFO - Processing /root/Documents/airflow/venv/lib64/python3.9/site-packages/airflow/example_dags/example_latest_only_with_trigger.py took 0.231 seconds
[2025-08-25 13:01:33,119] {processor.py:153} INFO - Started process (PID=2795587) to work on /root/Documents/airflow/venv/lib64/python3.9/site-packages/airflow/example_dags/example_latest_only_with_trigger.py
[2025-08-25 13:01:33,120] {processor.py:641} INFO - Processing file /root/Documents/airflow/venv/lib64/python3.9/site-packages/airflow/example_dags/example_latest_only_with_trigger.py for tasks to queue
[2025-08-25 13:01:33,121] {logging_mixin.py:115} INFO - [2025-08-25 13:01:33,121] {dagbag.py:507} INFO - Filling up the DagBag from /root/Documents/airflow/venv/lib64/python3.9/site-packages/airflow/example_dags/example_latest_only_with_trigger.py
[2025-08-25 13:01:33,127] {processor.py:651} INFO - DAG(s) dict_keys(['latest_only_with_trigger']) retrieved from /root/Documents/airflow/venv/lib64/python3.9/site-packages/airflow/example_dags/example_latest_only_with_trigger.py
[2025-08-25 13:01:33,160] {logging_mixin.py:115} INFO - [2025-08-25 13:01:33,160] {dag.py:2379} INFO - Sync 1 DAGs
[2025-08-25 13:01:33,221] {logging_mixin.py:115} INFO - [2025-08-25 13:01:33,221] {dag.py:2927} INFO - Setting next_dagrun for latest_only_with_trigger to 2025-08-25T12:01:33.220873+00:00, run_after=2025-08-25T16:01:33.220873+00:00
[2025-08-25 13:01:33,282] {processor.py:161} INFO - Processing /root/Documents/airflow/venv/lib64/python3.9/site-packages/airflow/example_dags/example_latest_only_with_trigger.py took 0.166 seconds
[2025-08-25 13:02:21,589] {processor.py:153} INFO - Started process (PID=2795764) to work on /root/Documents/airflow/venv/lib64/python3.9/site-packages/airflow/example_dags/example_latest_only_with_trigger.py
[2025-08-25 13:02:21,600] {processor.py:641} INFO - Processing file /root/Documents/airflow/venv/lib64/python3.9/site-packages/airflow/example_dags/example_latest_only_with_trigger.py for tasks to queue
[2025-08-25 13:02:21,601] {logging_mixin.py:115} INFO - [2025-08-25 13:02:21,601] {dagbag.py:507} INFO - Filling up the DagBag from /root/Documents/airflow/venv/lib64/python3.9/site-packages/airflow/example_dags/example_latest_only_with_trigger.py
[2025-08-25 13:02:21,607] {processor.py:651} INFO - DAG(s) dict_keys(['latest_only_with_trigger']) retrieved from /root/Documents/airflow/venv/lib64/python3.9/site-packages/airflow/example_dags/example_latest_only_with_trigger.py
[2025-08-25 13:02:21,683] {logging_mixin.py:115} INFO - [2025-08-25 13:02:21,683] {dag.py:2379} INFO - Sync 1 DAGs
[2025-08-25 13:02:21,737] {logging_mixin.py:115} INFO - [2025-08-25 13:02:21,737] {dag.py:2927} INFO - Setting next_dagrun for latest_only_with_trigger to 2025-08-25T12:02:21.737150+00:00, run_after=2025-08-25T16:02:21.737150+00:00
[2025-08-25 13:02:21,819] {processor.py:161} INFO - Processing /root/Documents/airflow/venv/lib64/python3.9/site-packages/airflow/example_dags/example_latest_only_with_trigger.py took 0.234 seconds
[2025-08-25 13:03:16,973] {processor.py:153} INFO - Started process (PID=2795951) to work on /root/Documents/airflow/venv/lib64/python3.9/site-packages/airflow/example_dags/example_latest_only_with_trigger.py
[2025-08-25 13:03:16,988] {processor.py:641} INFO - Processing file /root/Documents/airflow/venv/lib64/python3.9/site-packages/airflow/example_dags/example_latest_only_with_trigger.py for tasks to queue
[2025-08-25 13:03:16,989] {logging_mixin.py:115} INFO - [2025-08-25 13:03:16,989] {dagbag.py:507} INFO - Filling up the DagBag from /root/Documents/airflow/venv/lib64/python3.9/site-packages/airflow/example_dags/example_latest_only_with_trigger.py
[2025-08-25 13:03:16,996] {processor.py:651} INFO - DAG(s) dict_keys(['latest_only_with_trigger']) retrieved from /root/Documents/airflow/venv/lib64/python3.9/site-packages/airflow/example_dags/example_latest_only_with_trigger.py
[2025-08-25 13:03:17,039] {logging_mixin.py:115} INFO - [2025-08-25 13:03:17,039] {dag.py:2379} INFO - Sync 1 DAGs
[2025-08-25 13:03:17,070] {logging_mixin.py:115} INFO - [2025-08-25 13:03:17,070] {dag.py:2927} INFO - Setting next_dagrun for latest_only_with_trigger to 2025-08-25T12:03:17.069699+00:00, run_after=2025-08-25T16:03:17.069699+00:00
[2025-08-25 13:03:17,123] {processor.py:161} INFO - Processing /root/Documents/airflow/venv/lib64/python3.9/site-packages/airflow/example_dags/example_latest_only_with_trigger.py took 0.154 seconds
[2025-08-25 13:05:42,305] {processor.py:153} INFO - Started process (PID=2796507) to work on /root/Documents/airflow/venv/lib64/python3.9/site-packages/airflow/example_dags/example_latest_only_with_trigger.py
[2025-08-25 13:05:42,327] {processor.py:641} INFO - Processing file /root/Documents/airflow/venv/lib64/python3.9/site-packages/airflow/example_dags/example_latest_only_with_trigger.py for tasks to queue
[2025-08-25 13:05:42,328] {logging_mixin.py:115} INFO - [2025-08-25 13:05:42,328] {dagbag.py:507} INFO - Filling up the DagBag from /root/Documents/airflow/venv/lib64/python3.9/site-packages/airflow/example_dags/example_latest_only_with_trigger.py
[2025-08-25 13:05:42,335] {processor.py:651} INFO - DAG(s) dict_keys(['latest_only_with_trigger']) retrieved from /root/Documents/airflow/venv/lib64/python3.9/site-packages/airflow/example_dags/example_latest_only_with_trigger.py
[2025-08-25 13:05:42,410] {logging_mixin.py:115} INFO - [2025-08-25 13:05:42,409] {dag.py:2379} INFO - Sync 1 DAGs
[2025-08-25 13:05:42,450] {logging_mixin.py:115} INFO - [2025-08-25 13:05:42,450] {dag.py:2927} INFO - Setting next_dagrun for latest_only_with_trigger to 2025-08-25T12:05:42.450461+00:00, run_after=2025-08-25T16:05:42.450461+00:00
[2025-08-25 13:05:42,514] {processor.py:161} INFO - Processing /root/Documents/airflow/venv/lib64/python3.9/site-packages/airflow/example_dags/example_latest_only_with_trigger.py took 0.212 seconds
[2025-08-25 13:06:30,290] {processor.py:153} INFO - Started process (PID=2796653) to work on /root/Documents/airflow/venv/lib64/python3.9/site-packages/airflow/example_dags/example_latest_only_with_trigger.py
[2025-08-25 13:06:30,301] {processor.py:641} INFO - Processing file /root/Documents/airflow/venv/lib64/python3.9/site-packages/airflow/example_dags/example_latest_only_with_trigger.py for tasks to queue
[2025-08-25 13:06:30,302] {logging_mixin.py:115} INFO - [2025-08-25 13:06:30,302] {dagbag.py:507} INFO - Filling up the DagBag from /root/Documents/airflow/venv/lib64/python3.9/site-packages/airflow/example_dags/example_latest_only_with_trigger.py
[2025-08-25 13:06:30,309] {processor.py:651} INFO - DAG(s) dict_keys(['latest_only_with_trigger']) retrieved from /root/Documents/airflow/venv/lib64/python3.9/site-packages/airflow/example_dags/example_latest_only_with_trigger.py
[2025-08-25 13:06:30,341] {logging_mixin.py:115} INFO - [2025-08-25 13:06:30,340] {dag.py:2379} INFO - Sync 1 DAGs
[2025-08-25 13:06:30,381] {logging_mixin.py:115} INFO - [2025-08-25 13:06:30,381] {dag.py:2927} INFO - Setting next_dagrun for latest_only_with_trigger to 2025-08-25T12:06:30.381558+00:00, run_after=2025-08-25T16:06:30.381558+00:00
[2025-08-25 13:06:30,446] {processor.py:161} INFO - Processing /root/Documents/airflow/venv/lib64/python3.9/site-packages/airflow/example_dags/example_latest_only_with_trigger.py took 0.160 seconds
[2025-08-25 13:08:38,085] {processor.py:153} INFO - Started process (PID=2797159) to work on /root/Documents/airflow/venv/lib64/python3.9/site-packages/airflow/example_dags/example_latest_only_with_trigger.py
[2025-08-25 13:08:38,098] {processor.py:641} INFO - Processing file /root/Documents/airflow/venv/lib64/python3.9/site-packages/airflow/example_dags/example_latest_only_with_trigger.py for tasks to queue
[2025-08-25 13:08:38,099] {logging_mixin.py:115} INFO - [2025-08-25 13:08:38,099] {dagbag.py:507} INFO - Filling up the DagBag from /root/Documents/airflow/venv/lib64/python3.9/site-packages/airflow/example_dags/example_latest_only_with_trigger.py
[2025-08-25 13:08:38,105] {processor.py:651} INFO - DAG(s) dict_keys(['latest_only_with_trigger']) retrieved from /root/Documents/airflow/venv/lib64/python3.9/site-packages/airflow/example_dags/example_latest_only_with_trigger.py
[2025-08-25 13:08:38,180] {logging_mixin.py:115} INFO - [2025-08-25 13:08:38,180] {dag.py:2379} INFO - Sync 1 DAGs
[2025-08-25 13:08:38,239] {logging_mixin.py:115} INFO - [2025-08-25 13:08:38,239] {dag.py:2927} INFO - Setting next_dagrun for latest_only_with_trigger to 2025-08-25T12:08:38.239289+00:00, run_after=2025-08-25T16:08:38.239289+00:00
[2025-08-25 13:08:38,302] {processor.py:161} INFO - Processing /root/Documents/airflow/venv/lib64/python3.9/site-packages/airflow/example_dags/example_latest_only_with_trigger.py took 0.219 seconds
[2025-08-25 13:14:06,195] {processor.py:153} INFO - Started process (PID=2798176) to work on /root/Documents/airflow/venv/lib64/python3.9/site-packages/airflow/example_dags/example_latest_only_with_trigger.py
[2025-08-25 13:14:06,206] {processor.py:641} INFO - Processing file /root/Documents/airflow/venv/lib64/python3.9/site-packages/airflow/example_dags/example_latest_only_with_trigger.py for tasks to queue
[2025-08-25 13:14:06,207] {logging_mixin.py:115} INFO - [2025-08-25 13:14:06,207] {dagbag.py:507} INFO - Filling up the DagBag from /root/Documents/airflow/venv/lib64/python3.9/site-packages/airflow/example_dags/example_latest_only_with_trigger.py
[2025-08-25 13:14:06,213] {processor.py:651} INFO - DAG(s) dict_keys(['latest_only_with_trigger']) retrieved from /root/Documents/airflow/venv/lib64/python3.9/site-packages/airflow/example_dags/example_latest_only_with_trigger.py
[2025-08-25 13:14:06,298] {logging_mixin.py:115} INFO - [2025-08-25 13:14:06,298] {dag.py:2379} INFO - Sync 1 DAGs
[2025-08-25 13:14:06,328] {logging_mixin.py:115} INFO - [2025-08-25 13:14:06,328] {dag.py:2927} INFO - Setting next_dagrun for latest_only_with_trigger to 2025-08-25T12:14:06.328191+00:00, run_after=2025-08-25T16:14:06.328191+00:00
[2025-08-25 13:14:06,458] {processor.py:161} INFO - Processing /root/Documents/airflow/venv/lib64/python3.9/site-packages/airflow/example_dags/example_latest_only_with_trigger.py took 0.266 seconds
[2025-08-25 13:14:51,356] {processor.py:153} INFO - Started process (PID=2798278) to work on /root/Documents/airflow/venv/lib64/python3.9/site-packages/airflow/example_dags/example_latest_only_with_trigger.py
[2025-08-25 13:14:51,367] {processor.py:641} INFO - Processing file /root/Documents/airflow/venv/lib64/python3.9/site-packages/airflow/example_dags/example_latest_only_with_trigger.py for tasks to queue
[2025-08-25 13:14:51,368] {logging_mixin.py:115} INFO - [2025-08-25 13:14:51,368] {dagbag.py:507} INFO - Filling up the DagBag from /root/Documents/airflow/venv/lib64/python3.9/site-packages/airflow/example_dags/example_latest_only_with_trigger.py
[2025-08-25 13:14:51,375] {processor.py:651} INFO - DAG(s) dict_keys(['latest_only_with_trigger']) retrieved from /root/Documents/airflow/venv/lib64/python3.9/site-packages/airflow/example_dags/example_latest_only_with_trigger.py
[2025-08-25 13:14:51,427] {logging_mixin.py:115} INFO - [2025-08-25 13:14:51,427] {dag.py:2379} INFO - Sync 1 DAGs
[2025-08-25 13:14:51,534] {logging_mixin.py:115} INFO - [2025-08-25 13:14:51,534] {dag.py:2927} INFO - Setting next_dagrun for latest_only_with_trigger to 2025-08-25T12:14:51.534434+00:00, run_after=2025-08-25T16:14:51.534434+00:00
[2025-08-25 13:14:51,586] {processor.py:161} INFO - Processing /root/Documents/airflow/venv/lib64/python3.9/site-packages/airflow/example_dags/example_latest_only_with_trigger.py took 0.234 seconds
[2025-08-25 13:15:37,676] {processor.py:153} INFO - Started process (PID=2798422) to work on /root/Documents/airflow/venv/lib64/python3.9/site-packages/airflow/example_dags/example_latest_only_with_trigger.py
[2025-08-25 13:15:37,687] {processor.py:641} INFO - Processing file /root/Documents/airflow/venv/lib64/python3.9/site-packages/airflow/example_dags/example_latest_only_with_trigger.py for tasks to queue
[2025-08-25 13:15:37,687] {logging_mixin.py:115} INFO - [2025-08-25 13:15:37,687] {dagbag.py:507} INFO - Filling up the DagBag from /root/Documents/airflow/venv/lib64/python3.9/site-packages/airflow/example_dags/example_latest_only_with_trigger.py
[2025-08-25 13:15:37,694] {processor.py:651} INFO - DAG(s) dict_keys(['latest_only_with_trigger']) retrieved from /root/Documents/airflow/venv/lib64/python3.9/site-packages/airflow/example_dags/example_latest_only_with_trigger.py
[2025-08-25 13:15:37,755] {logging_mixin.py:115} INFO - [2025-08-25 13:15:37,755] {dag.py:2379} INFO - Sync 1 DAGs
[2025-08-25 13:15:37,775] {logging_mixin.py:115} INFO - [2025-08-25 13:15:37,775] {dag.py:2927} INFO - Setting next_dagrun for latest_only_with_trigger to 2025-08-25T12:15:37.775374+00:00, run_after=2025-08-25T16:15:37.775374+00:00
[2025-08-25 13:15:37,872] {processor.py:161} INFO - Processing /root/Documents/airflow/venv/lib64/python3.9/site-packages/airflow/example_dags/example_latest_only_with_trigger.py took 0.199 seconds
[2025-08-25 13:16:27,108] {processor.py:153} INFO - Started process (PID=2798572) to work on /root/Documents/airflow/venv/lib64/python3.9/site-packages/airflow/example_dags/example_latest_only_with_trigger.py
[2025-08-25 13:16:27,119] {processor.py:641} INFO - Processing file /root/Documents/airflow/venv/lib64/python3.9/site-packages/airflow/example_dags/example_latest_only_with_trigger.py for tasks to queue
[2025-08-25 13:16:27,120] {logging_mixin.py:115} INFO - [2025-08-25 13:16:27,120] {dagbag.py:507} INFO - Filling up the DagBag from /root/Documents/airflow/venv/lib64/python3.9/site-packages/airflow/example_dags/example_latest_only_with_trigger.py
[2025-08-25 13:16:27,127] {processor.py:651} INFO - DAG(s) dict_keys(['latest_only_with_trigger']) retrieved from /root/Documents/airflow/venv/lib64/python3.9/site-packages/airflow/example_dags/example_latest_only_with_trigger.py
[2025-08-25 13:16:27,168] {logging_mixin.py:115} INFO - [2025-08-25 13:16:27,168] {dag.py:2379} INFO - Sync 1 DAGs
[2025-08-25 13:16:27,219] {logging_mixin.py:115} INFO - [2025-08-25 13:16:27,219] {dag.py:2927} INFO - Setting next_dagrun for latest_only_with_trigger to 2025-08-25T12:16:27.218851+00:00, run_after=2025-08-25T16:16:27.218851+00:00
[2025-08-25 13:16:27,244] {processor.py:161} INFO - Processing /root/Documents/airflow/venv/lib64/python3.9/site-packages/airflow/example_dags/example_latest_only_with_trigger.py took 0.139 seconds
[2025-08-25 13:17:18,291] {processor.py:153} INFO - Started process (PID=2798724) to work on /root/Documents/airflow/venv/lib64/python3.9/site-packages/airflow/example_dags/example_latest_only_with_trigger.py
[2025-08-25 13:17:18,302] {processor.py:641} INFO - Processing file /root/Documents/airflow/venv/lib64/python3.9/site-packages/airflow/example_dags/example_latest_only_with_trigger.py for tasks to queue
[2025-08-25 13:17:18,303] {logging_mixin.py:115} INFO - [2025-08-25 13:17:18,303] {dagbag.py:507} INFO - Filling up the DagBag from /root/Documents/airflow/venv/lib64/python3.9/site-packages/airflow/example_dags/example_latest_only_with_trigger.py
[2025-08-25 13:17:18,309] {processor.py:651} INFO - DAG(s) dict_keys(['latest_only_with_trigger']) retrieved from /root/Documents/airflow/venv/lib64/python3.9/site-packages/airflow/example_dags/example_latest_only_with_trigger.py
[2025-08-25 13:17:18,369] {logging_mixin.py:115} INFO - [2025-08-25 13:17:18,368] {dag.py:2379} INFO - Sync 1 DAGs
[2025-08-25 13:17:18,550] {logging_mixin.py:115} INFO - [2025-08-25 13:17:18,550] {dag.py:2927} INFO - Setting next_dagrun for latest_only_with_trigger to 2025-08-25T12:17:18.549879+00:00, run_after=2025-08-25T16:17:18.549879+00:00
[2025-08-25 13:17:18,602] {processor.py:161} INFO - Processing /root/Documents/airflow/venv/lib64/python3.9/site-packages/airflow/example_dags/example_latest_only_with_trigger.py took 0.313 seconds
[2025-08-25 13:18:05,746] {processor.py:153} INFO - Started process (PID=2798842) to work on /root/Documents/airflow/venv/lib64/python3.9/site-packages/airflow/example_dags/example_latest_only_with_trigger.py
[2025-08-25 13:18:05,771] {processor.py:641} INFO - Processing file /root/Documents/airflow/venv/lib64/python3.9/site-packages/airflow/example_dags/example_latest_only_with_trigger.py for tasks to queue
[2025-08-25 13:18:05,772] {logging_mixin.py:115} INFO - [2025-08-25 13:18:05,772] {dagbag.py:507} INFO - Filling up the DagBag from /root/Documents/airflow/venv/lib64/python3.9/site-packages/airflow/example_dags/example_latest_only_with_trigger.py
[2025-08-25 13:18:05,778] {processor.py:651} INFO - DAG(s) dict_keys(['latest_only_with_trigger']) retrieved from /root/Documents/airflow/venv/lib64/python3.9/site-packages/airflow/example_dags/example_latest_only_with_trigger.py
[2025-08-25 13:18:05,841] {logging_mixin.py:115} INFO - [2025-08-25 13:18:05,841] {dag.py:2379} INFO - Sync 1 DAGs
[2025-08-25 13:18:05,881] {logging_mixin.py:115} INFO - [2025-08-25 13:18:05,881] {dag.py:2927} INFO - Setting next_dagrun for latest_only_with_trigger to 2025-08-25T12:18:05.870354+00:00, run_after=2025-08-25T16:18:05.870354+00:00
[2025-08-25 13:18:05,936] {processor.py:161} INFO - Processing /root/Documents/airflow/venv/lib64/python3.9/site-packages/airflow/example_dags/example_latest_only_with_trigger.py took 0.194 seconds
[2025-08-25 13:18:47,933] {processor.py:153} INFO - Started process (PID=2798974) to work on /root/Documents/airflow/venv/lib64/python3.9/site-packages/airflow/example_dags/example_latest_only_with_trigger.py
[2025-08-25 13:18:47,946] {processor.py:641} INFO - Processing file /root/Documents/airflow/venv/lib64/python3.9/site-packages/airflow/example_dags/example_latest_only_with_trigger.py for tasks to queue
[2025-08-25 13:18:47,946] {logging_mixin.py:115} INFO - [2025-08-25 13:18:47,946] {dagbag.py:507} INFO - Filling up the DagBag from /root/Documents/airflow/venv/lib64/python3.9/site-packages/airflow/example_dags/example_latest_only_with_trigger.py
[2025-08-25 13:18:47,953] {processor.py:651} INFO - DAG(s) dict_keys(['latest_only_with_trigger']) retrieved from /root/Documents/airflow/venv/lib64/python3.9/site-packages/airflow/example_dags/example_latest_only_with_trigger.py
[2025-08-25 13:18:47,994] {logging_mixin.py:115} INFO - [2025-08-25 13:18:47,993] {dag.py:2379} INFO - Sync 1 DAGs
[2025-08-25 13:18:48,013] {logging_mixin.py:115} INFO - [2025-08-25 13:18:48,012] {dag.py:2927} INFO - Setting next_dagrun for latest_only_with_trigger to 2025-08-25T12:18:48.012617+00:00, run_after=2025-08-25T16:18:48.012617+00:00
[2025-08-25 13:18:48,080] {processor.py:161} INFO - Processing /root/Documents/airflow/venv/lib64/python3.9/site-packages/airflow/example_dags/example_latest_only_with_trigger.py took 0.150 seconds
[2025-08-25 13:19:38,702] {processor.py:153} INFO - Started process (PID=2799155) to work on /root/Documents/airflow/venv/lib64/python3.9/site-packages/airflow/example_dags/example_latest_only_with_trigger.py
[2025-08-25 13:19:38,713] {processor.py:641} INFO - Processing file /root/Documents/airflow/venv/lib64/python3.9/site-packages/airflow/example_dags/example_latest_only_with_trigger.py for tasks to queue
[2025-08-25 13:19:38,714] {logging_mixin.py:115} INFO - [2025-08-25 13:19:38,714] {dagbag.py:507} INFO - Filling up the DagBag from /root/Documents/airflow/venv/lib64/python3.9/site-packages/airflow/example_dags/example_latest_only_with_trigger.py
[2025-08-25 13:19:38,720] {processor.py:651} INFO - DAG(s) dict_keys(['latest_only_with_trigger']) retrieved from /root/Documents/airflow/venv/lib64/python3.9/site-packages/airflow/example_dags/example_latest_only_with_trigger.py
[2025-08-25 13:19:38,779] {logging_mixin.py:115} INFO - [2025-08-25 13:19:38,779] {dag.py:2379} INFO - Sync 1 DAGs
[2025-08-25 13:19:38,842] {logging_mixin.py:115} INFO - [2025-08-25 13:19:38,842] {dag.py:2927} INFO - Setting next_dagrun for latest_only_with_trigger to 2025-08-25T12:19:38.842246+00:00, run_after=2025-08-25T16:19:38.842246+00:00
[2025-08-25 13:19:38,910] {processor.py:161} INFO - Processing /root/Documents/airflow/venv/lib64/python3.9/site-packages/airflow/example_dags/example_latest_only_with_trigger.py took 0.211 seconds
[2025-08-25 13:20:28,080] {processor.py:153} INFO - Started process (PID=2799332) to work on /root/Documents/airflow/venv/lib64/python3.9/site-packages/airflow/example_dags/example_latest_only_with_trigger.py
[2025-08-25 13:20:28,102] {processor.py:641} INFO - Processing file /root/Documents/airflow/venv/lib64/python3.9/site-packages/airflow/example_dags/example_latest_only_with_trigger.py for tasks to queue
[2025-08-25 13:20:28,103] {logging_mixin.py:115} INFO - [2025-08-25 13:20:28,103] {dagbag.py:507} INFO - Filling up the DagBag from /root/Documents/airflow/venv/lib64/python3.9/site-packages/airflow/example_dags/example_latest_only_with_trigger.py
[2025-08-25 13:20:28,110] {processor.py:651} INFO - DAG(s) dict_keys(['latest_only_with_trigger']) retrieved from /root/Documents/airflow/venv/lib64/python3.9/site-packages/airflow/example_dags/example_latest_only_with_trigger.py
[2025-08-25 13:20:28,161] {logging_mixin.py:115} INFO - [2025-08-25 13:20:28,161] {dag.py:2379} INFO - Sync 1 DAGs
[2025-08-25 13:20:28,225] {logging_mixin.py:115} INFO - [2025-08-25 13:20:28,225] {dag.py:2927} INFO - Setting next_dagrun for latest_only_with_trigger to 2025-08-25T12:20:28.225365+00:00, run_after=2025-08-25T16:20:28.225365+00:00
[2025-08-25 13:20:28,292] {processor.py:161} INFO - Processing /root/Documents/airflow/venv/lib64/python3.9/site-packages/airflow/example_dags/example_latest_only_with_trigger.py took 0.215 seconds
[2025-08-25 13:21:14,864] {processor.py:153} INFO - Started process (PID=2799478) to work on /root/Documents/airflow/venv/lib64/python3.9/site-packages/airflow/example_dags/example_latest_only_with_trigger.py
[2025-08-25 13:21:14,875] {processor.py:641} INFO - Processing file /root/Documents/airflow/venv/lib64/python3.9/site-packages/airflow/example_dags/example_latest_only_with_trigger.py for tasks to queue
[2025-08-25 13:21:14,876] {logging_mixin.py:115} INFO - [2025-08-25 13:21:14,876] {dagbag.py:507} INFO - Filling up the DagBag from /root/Documents/airflow/venv/lib64/python3.9/site-packages/airflow/example_dags/example_latest_only_with_trigger.py
[2025-08-25 13:21:14,883] {processor.py:651} INFO - DAG(s) dict_keys(['latest_only_with_trigger']) retrieved from /root/Documents/airflow/venv/lib64/python3.9/site-packages/airflow/example_dags/example_latest_only_with_trigger.py
[2025-08-25 13:21:14,922] {logging_mixin.py:115} INFO - [2025-08-25 13:21:14,922] {dag.py:2379} INFO - Sync 1 DAGs
[2025-08-25 13:21:14,974] {logging_mixin.py:115} INFO - [2025-08-25 13:21:14,974] {dag.py:2927} INFO - Setting next_dagrun for latest_only_with_trigger to 2025-08-25T12:21:14.974315+00:00, run_after=2025-08-25T16:21:14.974315+00:00
[2025-08-25 13:21:14,989] {processor.py:161} INFO - Processing /root/Documents/airflow/venv/lib64/python3.9/site-packages/airflow/example_dags/example_latest_only_with_trigger.py took 0.128 seconds
[2025-08-25 13:21:58,873] {processor.py:153} INFO - Started process (PID=2799551) to work on /root/Documents/airflow/venv/lib64/python3.9/site-packages/airflow/example_dags/example_latest_only_with_trigger.py
[2025-08-25 13:21:58,876] {processor.py:641} INFO - Processing file /root/Documents/airflow/venv/lib64/python3.9/site-packages/airflow/example_dags/example_latest_only_with_trigger.py for tasks to queue
[2025-08-25 13:21:58,876] {logging_mixin.py:115} INFO - [2025-08-25 13:21:58,876] {dagbag.py:507} INFO - Filling up the DagBag from /root/Documents/airflow/venv/lib64/python3.9/site-packages/airflow/example_dags/example_latest_only_with_trigger.py
[2025-08-25 13:21:58,883] {processor.py:651} INFO - DAG(s) dict_keys(['latest_only_with_trigger']) retrieved from /root/Documents/airflow/venv/lib64/python3.9/site-packages/airflow/example_dags/example_latest_only_with_trigger.py
[2025-08-25 13:21:58,994] {logging_mixin.py:115} INFO - [2025-08-25 13:21:58,994] {dag.py:2379} INFO - Sync 1 DAGs
[2025-08-25 13:21:59,024] {logging_mixin.py:115} INFO - [2025-08-25 13:21:59,024] {dag.py:2927} INFO - Setting next_dagrun for latest_only_with_trigger to 2025-08-25T12:21:59.024163+00:00, run_after=2025-08-25T16:21:59.024163+00:00
[2025-08-25 13:21:59,102] {processor.py:161} INFO - Processing /root/Documents/airflow/venv/lib64/python3.9/site-packages/airflow/example_dags/example_latest_only_with_trigger.py took 0.233 seconds
[2025-08-25 13:22:54,101] {processor.py:153} INFO - Started process (PID=2799740) to work on /root/Documents/airflow/venv/lib64/python3.9/site-packages/airflow/example_dags/example_latest_only_with_trigger.py
[2025-08-25 13:22:54,112] {processor.py:641} INFO - Processing file /root/Documents/airflow/venv/lib64/python3.9/site-packages/airflow/example_dags/example_latest_only_with_trigger.py for tasks to queue
[2025-08-25 13:22:54,113] {logging_mixin.py:115} INFO - [2025-08-25 13:22:54,113] {dagbag.py:507} INFO - Filling up the DagBag from /root/Documents/airflow/venv/lib64/python3.9/site-packages/airflow/example_dags/example_latest_only_with_trigger.py
[2025-08-25 13:22:54,119] {processor.py:651} INFO - DAG(s) dict_keys(['latest_only_with_trigger']) retrieved from /root/Documents/airflow/venv/lib64/python3.9/site-packages/airflow/example_dags/example_latest_only_with_trigger.py
[2025-08-25 13:22:54,186] {logging_mixin.py:115} INFO - [2025-08-25 13:22:54,186] {dag.py:2379} INFO - Sync 1 DAGs
[2025-08-25 13:22:54,249] {logging_mixin.py:115} INFO - [2025-08-25 13:22:54,249] {dag.py:2927} INFO - Setting next_dagrun for latest_only_with_trigger to 2025-08-25T12:22:54.248972+00:00, run_after=2025-08-25T16:22:54.248972+00:00
[2025-08-25 13:22:54,314] {processor.py:161} INFO - Processing /root/Documents/airflow/venv/lib64/python3.9/site-packages/airflow/example_dags/example_latest_only_with_trigger.py took 0.216 seconds
[2025-08-25 13:23:43,226] {processor.py:153} INFO - Started process (PID=2799918) to work on /root/Documents/airflow/venv/lib64/python3.9/site-packages/airflow/example_dags/example_latest_only_with_trigger.py
[2025-08-25 13:23:43,249] {processor.py:641} INFO - Processing file /root/Documents/airflow/venv/lib64/python3.9/site-packages/airflow/example_dags/example_latest_only_with_trigger.py for tasks to queue
[2025-08-25 13:23:43,249] {logging_mixin.py:115} INFO - [2025-08-25 13:23:43,249] {dagbag.py:507} INFO - Filling up the DagBag from /root/Documents/airflow/venv/lib64/python3.9/site-packages/airflow/example_dags/example_latest_only_with_trigger.py
[2025-08-25 13:23:43,256] {processor.py:651} INFO - DAG(s) dict_keys(['latest_only_with_trigger']) retrieved from /root/Documents/airflow/venv/lib64/python3.9/site-packages/airflow/example_dags/example_latest_only_with_trigger.py
[2025-08-25 13:23:43,319] {logging_mixin.py:115} INFO - [2025-08-25 13:23:43,319] {dag.py:2379} INFO - Sync 1 DAGs
[2025-08-25 13:23:43,383] {logging_mixin.py:115} INFO - [2025-08-25 13:23:43,383] {dag.py:2927} INFO - Setting next_dagrun for latest_only_with_trigger to 2025-08-25T12:23:43.383066+00:00, run_after=2025-08-25T16:23:43.383066+00:00
[2025-08-25 13:23:43,458] {processor.py:161} INFO - Processing /root/Documents/airflow/venv/lib64/python3.9/site-packages/airflow/example_dags/example_latest_only_with_trigger.py took 0.235 seconds
[2025-08-25 13:24:45,261] {processor.py:153} INFO - Started process (PID=2800115) to work on /root/Documents/airflow/venv/lib64/python3.9/site-packages/airflow/example_dags/example_latest_only_with_trigger.py
[2025-08-25 13:24:45,272] {processor.py:641} INFO - Processing file /root/Documents/airflow/venv/lib64/python3.9/site-packages/airflow/example_dags/example_latest_only_with_trigger.py for tasks to queue
[2025-08-25 13:24:45,273] {logging_mixin.py:115} INFO - [2025-08-25 13:24:45,273] {dagbag.py:507} INFO - Filling up the DagBag from /root/Documents/airflow/venv/lib64/python3.9/site-packages/airflow/example_dags/example_latest_only_with_trigger.py
[2025-08-25 13:24:45,280] {processor.py:651} INFO - DAG(s) dict_keys(['latest_only_with_trigger']) retrieved from /root/Documents/airflow/venv/lib64/python3.9/site-packages/airflow/example_dags/example_latest_only_with_trigger.py
[2025-08-25 13:24:45,343] {logging_mixin.py:115} INFO - [2025-08-25 13:24:45,343] {dag.py:2379} INFO - Sync 1 DAGs
[2025-08-25 13:24:45,407] {logging_mixin.py:115} INFO - [2025-08-25 13:24:45,406] {dag.py:2927} INFO - Setting next_dagrun for latest_only_with_trigger to 2025-08-25T12:24:45.406588+00:00, run_after=2025-08-25T16:24:45.406588+00:00
[2025-08-25 13:24:45,476] {processor.py:161} INFO - Processing /root/Documents/airflow/venv/lib64/python3.9/site-packages/airflow/example_dags/example_latest_only_with_trigger.py took 0.218 seconds
[2025-08-25 13:25:42,727] {processor.py:153} INFO - Started process (PID=2800308) to work on /root/Documents/airflow/venv/lib64/python3.9/site-packages/airflow/example_dags/example_latest_only_with_trigger.py
[2025-08-25 13:25:42,738] {processor.py:641} INFO - Processing file /root/Documents/airflow/venv/lib64/python3.9/site-packages/airflow/example_dags/example_latest_only_with_trigger.py for tasks to queue
[2025-08-25 13:25:42,739] {logging_mixin.py:115} INFO - [2025-08-25 13:25:42,739] {dagbag.py:507} INFO - Filling up the DagBag from /root/Documents/airflow/venv/lib64/python3.9/site-packages/airflow/example_dags/example_latest_only_with_trigger.py
[2025-08-25 13:25:42,746] {processor.py:651} INFO - DAG(s) dict_keys(['latest_only_with_trigger']) retrieved from /root/Documents/airflow/venv/lib64/python3.9/site-packages/airflow/example_dags/example_latest_only_with_trigger.py
[2025-08-25 13:25:42,808] {logging_mixin.py:115} INFO - [2025-08-25 13:25:42,808] {dag.py:2379} INFO - Sync 1 DAGs
[2025-08-25 13:25:42,872] {logging_mixin.py:115} INFO - [2025-08-25 13:25:42,872] {dag.py:2927} INFO - Setting next_dagrun for latest_only_with_trigger to 2025-08-25T12:25:42.871897+00:00, run_after=2025-08-25T16:25:42.871897+00:00
[2025-08-25 13:25:42,930] {processor.py:161} INFO - Processing /root/Documents/airflow/venv/lib64/python3.9/site-packages/airflow/example_dags/example_latest_only_with_trigger.py took 0.207 seconds
