[2025-08-25 13:00:27,665] {processor.py:153} INFO - Started process (PID=2795341) to work on /root/Documents/airflow/venv/lib64/python3.9/site-packages/airflow/example_dags/tutorial_taskflow_api_etl_virtualenv.py
[2025-08-25 13:00:27,666] {processor.py:641} INFO - Processing file /root/Documents/airflow/venv/lib64/python3.9/site-packages/airflow/example_dags/tutorial_taskflow_api_etl_virtualenv.py for tasks to queue
[2025-08-25 13:00:27,667] {logging_mixin.py:115} INFO - [2025-08-25 13:00:27,666] {dagbag.py:507} INFO - Filling up the DagBag from /root/Documents/airflow/venv/lib64/python3.9/site-packages/airflow/example_dags/tutorial_taskflow_api_etl_virtualenv.py
[2025-08-25 13:00:27,707] {logging_mixin.py:115} INFO - [2025-08-25 13:00:27,707] {tutorial_taskflow_api_etl_virtualenv.py:29} WARNING - The tutorial_taskflow_api_etl_virtualenv example DAG requires virtualenv, please install it.
[2025-08-25 13:00:27,707] {processor.py:653} WARNING - No viable dags retrieved from /root/Documents/airflow/venv/lib64/python3.9/site-packages/airflow/example_dags/tutorial_taskflow_api_etl_virtualenv.py
[2025-08-25 13:00:27,725] {processor.py:161} INFO - Processing /root/Documents/airflow/venv/lib64/python3.9/site-packages/airflow/example_dags/tutorial_taskflow_api_etl_virtualenv.py took 0.063 seconds
[2025-08-25 13:01:15,101] {processor.py:153} INFO - Started process (PID=2795552) to work on /root/Documents/airflow/venv/lib64/python3.9/site-packages/airflow/example_dags/tutorial_taskflow_api_etl_virtualenv.py
[2025-08-25 13:01:15,113] {processor.py:641} INFO - Processing file /root/Documents/airflow/venv/lib64/python3.9/site-packages/airflow/example_dags/tutorial_taskflow_api_etl_virtualenv.py for tasks to queue
[2025-08-25 13:01:15,113] {logging_mixin.py:115} INFO - [2025-08-25 13:01:15,113] {dagbag.py:507} INFO - Filling up the DagBag from /root/Documents/airflow/venv/lib64/python3.9/site-packages/airflow/example_dags/tutorial_taskflow_api_etl_virtualenv.py
[2025-08-25 13:01:15,162] {logging_mixin.py:115} INFO - [2025-08-25 13:01:15,162] {tutorial_taskflow_api_etl_virtualenv.py:29} WARNING - The tutorial_taskflow_api_etl_virtualenv example DAG requires virtualenv, please install it.
[2025-08-25 13:01:15,162] {processor.py:653} WARNING - No viable dags retrieved from /root/Documents/airflow/venv/lib64/python3.9/site-packages/airflow/example_dags/tutorial_taskflow_api_etl_virtualenv.py
[2025-08-25 13:01:15,195] {processor.py:161} INFO - Processing /root/Documents/airflow/venv/lib64/python3.9/site-packages/airflow/example_dags/tutorial_taskflow_api_etl_virtualenv.py took 0.097 seconds
[2025-08-25 13:01:57,642] {processor.py:153} INFO - Started process (PID=2795629) to work on /root/Documents/airflow/venv/lib64/python3.9/site-packages/airflow/example_dags/tutorial_taskflow_api_etl_virtualenv.py
[2025-08-25 13:01:57,653] {processor.py:641} INFO - Processing file /root/Documents/airflow/venv/lib64/python3.9/site-packages/airflow/example_dags/tutorial_taskflow_api_etl_virtualenv.py for tasks to queue
[2025-08-25 13:01:57,654] {logging_mixin.py:115} INFO - [2025-08-25 13:01:57,654] {dagbag.py:507} INFO - Filling up the DagBag from /root/Documents/airflow/venv/lib64/python3.9/site-packages/airflow/example_dags/tutorial_taskflow_api_etl_virtualenv.py
[2025-08-25 13:01:57,694] {logging_mixin.py:115} INFO - [2025-08-25 13:01:57,694] {tutorial_taskflow_api_etl_virtualenv.py:29} WARNING - The tutorial_taskflow_api_etl_virtualenv example DAG requires virtualenv, please install it.
[2025-08-25 13:01:57,694] {processor.py:653} WARNING - No viable dags retrieved from /root/Documents/airflow/venv/lib64/python3.9/site-packages/airflow/example_dags/tutorial_taskflow_api_etl_virtualenv.py
[2025-08-25 13:01:57,725] {processor.py:161} INFO - Processing /root/Documents/airflow/venv/lib64/python3.9/site-packages/airflow/example_dags/tutorial_taskflow_api_etl_virtualenv.py took 0.087 seconds
[2025-08-25 13:02:47,739] {processor.py:153} INFO - Started process (PID=2795806) to work on /root/Documents/airflow/venv/lib64/python3.9/site-packages/airflow/example_dags/tutorial_taskflow_api_etl_virtualenv.py
[2025-08-25 13:02:47,754] {processor.py:641} INFO - Processing file /root/Documents/airflow/venv/lib64/python3.9/site-packages/airflow/example_dags/tutorial_taskflow_api_etl_virtualenv.py for tasks to queue
[2025-08-25 13:02:47,755] {logging_mixin.py:115} INFO - [2025-08-25 13:02:47,755] {dagbag.py:507} INFO - Filling up the DagBag from /root/Documents/airflow/venv/lib64/python3.9/site-packages/airflow/example_dags/tutorial_taskflow_api_etl_virtualenv.py
[2025-08-25 13:02:47,811] {logging_mixin.py:115} INFO - [2025-08-25 13:02:47,810] {tutorial_taskflow_api_etl_virtualenv.py:29} WARNING - The tutorial_taskflow_api_etl_virtualenv example DAG requires virtualenv, please install it.
[2025-08-25 13:02:47,811] {processor.py:653} WARNING - No viable dags retrieved from /root/Documents/airflow/venv/lib64/python3.9/site-packages/airflow/example_dags/tutorial_taskflow_api_etl_virtualenv.py
[2025-08-25 13:02:47,849] {processor.py:161} INFO - Processing /root/Documents/airflow/venv/lib64/python3.9/site-packages/airflow/example_dags/tutorial_taskflow_api_etl_virtualenv.py took 0.114 seconds
[2025-08-25 13:03:23,652] {processor.py:153} INFO - Started process (PID=2795963) to work on /root/Documents/airflow/venv/lib64/python3.9/site-packages/airflow/example_dags/tutorial_taskflow_api_etl_virtualenv.py
[2025-08-25 13:03:23,663] {processor.py:641} INFO - Processing file /root/Documents/airflow/venv/lib64/python3.9/site-packages/airflow/example_dags/tutorial_taskflow_api_etl_virtualenv.py for tasks to queue
[2025-08-25 13:03:23,664] {logging_mixin.py:115} INFO - [2025-08-25 13:03:23,664] {dagbag.py:507} INFO - Filling up the DagBag from /root/Documents/airflow/venv/lib64/python3.9/site-packages/airflow/example_dags/tutorial_taskflow_api_etl_virtualenv.py
[2025-08-25 13:03:23,709] {logging_mixin.py:115} INFO - [2025-08-25 13:03:23,709] {tutorial_taskflow_api_etl_virtualenv.py:29} WARNING - The tutorial_taskflow_api_etl_virtualenv example DAG requires virtualenv, please install it.
[2025-08-25 13:03:23,709] {processor.py:653} WARNING - No viable dags retrieved from /root/Documents/airflow/venv/lib64/python3.9/site-packages/airflow/example_dags/tutorial_taskflow_api_etl_virtualenv.py
[2025-08-25 13:03:23,816] {processor.py:161} INFO - Processing /root/Documents/airflow/venv/lib64/python3.9/site-packages/airflow/example_dags/tutorial_taskflow_api_etl_virtualenv.py took 0.167 seconds
[2025-08-25 13:05:23,659] {processor.py:153} INFO - Started process (PID=2796450) to work on /root/Documents/airflow/venv/lib64/python3.9/site-packages/airflow/example_dags/tutorial_taskflow_api_etl_virtualenv.py
[2025-08-25 13:05:23,692] {processor.py:641} INFO - Processing file /root/Documents/airflow/venv/lib64/python3.9/site-packages/airflow/example_dags/tutorial_taskflow_api_etl_virtualenv.py for tasks to queue
[2025-08-25 13:05:23,693] {logging_mixin.py:115} INFO - [2025-08-25 13:05:23,693] {dagbag.py:507} INFO - Filling up the DagBag from /root/Documents/airflow/venv/lib64/python3.9/site-packages/airflow/example_dags/tutorial_taskflow_api_etl_virtualenv.py
[2025-08-25 13:05:23,738] {logging_mixin.py:115} INFO - [2025-08-25 13:05:23,738] {tutorial_taskflow_api_etl_virtualenv.py:29} WARNING - The tutorial_taskflow_api_etl_virtualenv example DAG requires virtualenv, please install it.
[2025-08-25 13:05:23,738] {processor.py:653} WARNING - No viable dags retrieved from /root/Documents/airflow/venv/lib64/python3.9/site-packages/airflow/example_dags/tutorial_taskflow_api_etl_virtualenv.py
[2025-08-25 13:05:23,780] {processor.py:161} INFO - Processing /root/Documents/airflow/venv/lib64/python3.9/site-packages/airflow/example_dags/tutorial_taskflow_api_etl_virtualenv.py took 0.124 seconds
[2025-08-25 13:06:11,274] {processor.py:153} INFO - Started process (PID=2796622) to work on /root/Documents/airflow/venv/lib64/python3.9/site-packages/airflow/example_dags/tutorial_taskflow_api_etl_virtualenv.py
[2025-08-25 13:06:11,296] {processor.py:641} INFO - Processing file /root/Documents/airflow/venv/lib64/python3.9/site-packages/airflow/example_dags/tutorial_taskflow_api_etl_virtualenv.py for tasks to queue
[2025-08-25 13:06:11,297] {logging_mixin.py:115} INFO - [2025-08-25 13:06:11,297] {dagbag.py:507} INFO - Filling up the DagBag from /root/Documents/airflow/venv/lib64/python3.9/site-packages/airflow/example_dags/tutorial_taskflow_api_etl_virtualenv.py
[2025-08-25 13:06:11,341] {logging_mixin.py:115} INFO - [2025-08-25 13:06:11,341] {tutorial_taskflow_api_etl_virtualenv.py:29} WARNING - The tutorial_taskflow_api_etl_virtualenv example DAG requires virtualenv, please install it.
[2025-08-25 13:06:11,341] {processor.py:653} WARNING - No viable dags retrieved from /root/Documents/airflow/venv/lib64/python3.9/site-packages/airflow/example_dags/tutorial_taskflow_api_etl_virtualenv.py
[2025-08-25 13:06:11,385] {processor.py:161} INFO - Processing /root/Documents/airflow/venv/lib64/python3.9/site-packages/airflow/example_dags/tutorial_taskflow_api_etl_virtualenv.py took 0.115 seconds
[2025-08-25 13:06:55,294] {processor.py:153} INFO - Started process (PID=2796694) to work on /root/Documents/airflow/venv/lib64/python3.9/site-packages/airflow/example_dags/tutorial_taskflow_api_etl_virtualenv.py
[2025-08-25 13:06:55,316] {processor.py:641} INFO - Processing file /root/Documents/airflow/venv/lib64/python3.9/site-packages/airflow/example_dags/tutorial_taskflow_api_etl_virtualenv.py for tasks to queue
[2025-08-25 13:06:55,316] {logging_mixin.py:115} INFO - [2025-08-25 13:06:55,316] {dagbag.py:507} INFO - Filling up the DagBag from /root/Documents/airflow/venv/lib64/python3.9/site-packages/airflow/example_dags/tutorial_taskflow_api_etl_virtualenv.py
[2025-08-25 13:06:55,368] {logging_mixin.py:115} INFO - [2025-08-25 13:06:55,368] {tutorial_taskflow_api_etl_virtualenv.py:29} WARNING - The tutorial_taskflow_api_etl_virtualenv example DAG requires virtualenv, please install it.
[2025-08-25 13:06:55,369] {processor.py:653} WARNING - No viable dags retrieved from /root/Documents/airflow/venv/lib64/python3.9/site-packages/airflow/example_dags/tutorial_taskflow_api_etl_virtualenv.py
[2025-08-25 13:06:55,412] {processor.py:161} INFO - Processing /root/Documents/airflow/venv/lib64/python3.9/site-packages/airflow/example_dags/tutorial_taskflow_api_etl_virtualenv.py took 0.122 seconds
[2025-08-25 13:08:19,350] {processor.py:153} INFO - Started process (PID=2797114) to work on /root/Documents/airflow/venv/lib64/python3.9/site-packages/airflow/example_dags/tutorial_taskflow_api_etl_virtualenv.py
[2025-08-25 13:08:19,351] {processor.py:641} INFO - Processing file /root/Documents/airflow/venv/lib64/python3.9/site-packages/airflow/example_dags/tutorial_taskflow_api_etl_virtualenv.py for tasks to queue
[2025-08-25 13:08:19,352] {logging_mixin.py:115} INFO - [2025-08-25 13:08:19,352] {dagbag.py:507} INFO - Filling up the DagBag from /root/Documents/airflow/venv/lib64/python3.9/site-packages/airflow/example_dags/tutorial_taskflow_api_etl_virtualenv.py
[2025-08-25 13:08:19,371] {logging_mixin.py:115} INFO - [2025-08-25 13:08:19,370] {tutorial_taskflow_api_etl_virtualenv.py:29} WARNING - The tutorial_taskflow_api_etl_virtualenv example DAG requires virtualenv, please install it.
[2025-08-25 13:08:19,371] {processor.py:653} WARNING - No viable dags retrieved from /root/Documents/airflow/venv/lib64/python3.9/site-packages/airflow/example_dags/tutorial_taskflow_api_etl_virtualenv.py
[2025-08-25 13:08:19,392] {processor.py:161} INFO - Processing /root/Documents/airflow/venv/lib64/python3.9/site-packages/airflow/example_dags/tutorial_taskflow_api_etl_virtualenv.py took 0.045 seconds
[2025-08-25 13:13:43,595] {processor.py:153} INFO - Started process (PID=2798072) to work on /root/Documents/airflow/venv/lib64/python3.9/site-packages/airflow/example_dags/tutorial_taskflow_api_etl_virtualenv.py
[2025-08-25 13:13:43,605] {processor.py:641} INFO - Processing file /root/Documents/airflow/venv/lib64/python3.9/site-packages/airflow/example_dags/tutorial_taskflow_api_etl_virtualenv.py for tasks to queue
[2025-08-25 13:13:43,606] {logging_mixin.py:115} INFO - [2025-08-25 13:13:43,606] {dagbag.py:507} INFO - Filling up the DagBag from /root/Documents/airflow/venv/lib64/python3.9/site-packages/airflow/example_dags/tutorial_taskflow_api_etl_virtualenv.py
[2025-08-25 13:13:43,636] {processor.py:651} INFO - DAG(s) dict_keys(['tutorial_taskflow_api_etl_virtualenv']) retrieved from /root/Documents/airflow/venv/lib64/python3.9/site-packages/airflow/example_dags/tutorial_taskflow_api_etl_virtualenv.py
[2025-08-25 13:13:43,865] {logging_mixin.py:115} INFO - [2025-08-25 13:13:43,865] {manager.py:508} INFO - Created Permission View: can edit on DAG:tutorial_taskflow_api_etl_virtualenv
[2025-08-25 13:13:43,913] {logging_mixin.py:115} INFO - [2025-08-25 13:13:43,913] {manager.py:508} INFO - Created Permission View: can delete on DAG:tutorial_taskflow_api_etl_virtualenv
[2025-08-25 13:13:43,962] {logging_mixin.py:115} INFO - [2025-08-25 13:13:43,962] {manager.py:508} INFO - Created Permission View: can read on DAG:tutorial_taskflow_api_etl_virtualenv
[2025-08-25 13:13:43,962] {logging_mixin.py:115} INFO - [2025-08-25 13:13:43,962] {dag.py:2379} INFO - Sync 1 DAGs
[2025-08-25 13:13:43,970] {logging_mixin.py:115} INFO - [2025-08-25 13:13:43,970] {dag.py:2398} INFO - Creating ORM DAG for tutorial_taskflow_api_etl_virtualenv
[2025-08-25 13:13:43,991] {logging_mixin.py:115} INFO - [2025-08-25 13:13:43,991] {dag.py:2927} INFO - Setting next_dagrun for tutorial_taskflow_api_etl_virtualenv to None, run_after=None
[2025-08-25 13:13:44,073] {processor.py:161} INFO - Processing /root/Documents/airflow/venv/lib64/python3.9/site-packages/airflow/example_dags/tutorial_taskflow_api_etl_virtualenv.py took 0.481 seconds
[2025-08-25 13:14:31,565] {processor.py:153} INFO - Started process (PID=2798247) to work on /root/Documents/airflow/venv/lib64/python3.9/site-packages/airflow/example_dags/tutorial_taskflow_api_etl_virtualenv.py
[2025-08-25 13:14:31,576] {processor.py:641} INFO - Processing file /root/Documents/airflow/venv/lib64/python3.9/site-packages/airflow/example_dags/tutorial_taskflow_api_etl_virtualenv.py for tasks to queue
[2025-08-25 13:14:31,577] {logging_mixin.py:115} INFO - [2025-08-25 13:14:31,577] {dagbag.py:507} INFO - Filling up the DagBag from /root/Documents/airflow/venv/lib64/python3.9/site-packages/airflow/example_dags/tutorial_taskflow_api_etl_virtualenv.py
[2025-08-25 13:14:31,637] {processor.py:651} INFO - DAG(s) dict_keys(['tutorial_taskflow_api_etl_virtualenv']) retrieved from /root/Documents/airflow/venv/lib64/python3.9/site-packages/airflow/example_dags/tutorial_taskflow_api_etl_virtualenv.py
[2025-08-25 13:14:31,786] {logging_mixin.py:115} INFO - [2025-08-25 13:14:31,786] {dag.py:2379} INFO - Sync 1 DAGs
[2025-08-25 13:14:31,805] {logging_mixin.py:115} INFO - [2025-08-25 13:14:31,805] {dag.py:2927} INFO - Setting next_dagrun for tutorial_taskflow_api_etl_virtualenv to None, run_after=None
[2025-08-25 13:14:31,842] {processor.py:161} INFO - Processing /root/Documents/airflow/venv/lib64/python3.9/site-packages/airflow/example_dags/tutorial_taskflow_api_etl_virtualenv.py took 0.280 seconds
[2025-08-25 13:15:17,847] {processor.py:153} INFO - Started process (PID=2798388) to work on /root/Documents/airflow/venv/lib64/python3.9/site-packages/airflow/example_dags/tutorial_taskflow_api_etl_virtualenv.py
[2025-08-25 13:15:17,868] {processor.py:641} INFO - Processing file /root/Documents/airflow/venv/lib64/python3.9/site-packages/airflow/example_dags/tutorial_taskflow_api_etl_virtualenv.py for tasks to queue
[2025-08-25 13:15:17,869] {logging_mixin.py:115} INFO - [2025-08-25 13:15:17,869] {dagbag.py:507} INFO - Filling up the DagBag from /root/Documents/airflow/venv/lib64/python3.9/site-packages/airflow/example_dags/tutorial_taskflow_api_etl_virtualenv.py
[2025-08-25 13:15:17,888] {processor.py:651} INFO - DAG(s) dict_keys(['tutorial_taskflow_api_etl_virtualenv']) retrieved from /root/Documents/airflow/venv/lib64/python3.9/site-packages/airflow/example_dags/tutorial_taskflow_api_etl_virtualenv.py
[2025-08-25 13:15:17,940] {logging_mixin.py:115} INFO - [2025-08-25 13:15:17,940] {dag.py:2379} INFO - Sync 1 DAGs
[2025-08-25 13:15:18,006] {logging_mixin.py:115} INFO - [2025-08-25 13:15:18,006] {dag.py:2927} INFO - Setting next_dagrun for tutorial_taskflow_api_etl_virtualenv to None, run_after=None
[2025-08-25 13:15:18,073] {processor.py:161} INFO - Processing /root/Documents/airflow/venv/lib64/python3.9/site-packages/airflow/example_dags/tutorial_taskflow_api_etl_virtualenv.py took 0.229 seconds
[2025-08-25 13:16:01,084] {processor.py:153} INFO - Started process (PID=2798467) to work on /root/Documents/airflow/venv/lib64/python3.9/site-packages/airflow/example_dags/tutorial_taskflow_api_etl_virtualenv.py
[2025-08-25 13:16:01,095] {processor.py:641} INFO - Processing file /root/Documents/airflow/venv/lib64/python3.9/site-packages/airflow/example_dags/tutorial_taskflow_api_etl_virtualenv.py for tasks to queue
[2025-08-25 13:16:01,096] {logging_mixin.py:115} INFO - [2025-08-25 13:16:01,096] {dagbag.py:507} INFO - Filling up the DagBag from /root/Documents/airflow/venv/lib64/python3.9/site-packages/airflow/example_dags/tutorial_taskflow_api_etl_virtualenv.py
[2025-08-25 13:16:01,115] {processor.py:651} INFO - DAG(s) dict_keys(['tutorial_taskflow_api_etl_virtualenv']) retrieved from /root/Documents/airflow/venv/lib64/python3.9/site-packages/airflow/example_dags/tutorial_taskflow_api_etl_virtualenv.py
[2025-08-25 13:16:01,217] {logging_mixin.py:115} INFO - [2025-08-25 13:16:01,216] {dag.py:2379} INFO - Sync 1 DAGs
[2025-08-25 13:16:01,246] {logging_mixin.py:115} INFO - [2025-08-25 13:16:01,246] {dag.py:2927} INFO - Setting next_dagrun for tutorial_taskflow_api_etl_virtualenv to None, run_after=None
[2025-08-25 13:16:01,312] {processor.py:161} INFO - Processing /root/Documents/airflow/venv/lib64/python3.9/site-packages/airflow/example_dags/tutorial_taskflow_api_etl_virtualenv.py took 0.232 seconds
[2025-08-25 13:16:38,963] {processor.py:153} INFO - Started process (PID=2798593) to work on /root/Documents/airflow/venv/lib64/python3.9/site-packages/airflow/example_dags/tutorial_taskflow_api_etl_virtualenv.py
[2025-08-25 13:16:38,974] {processor.py:641} INFO - Processing file /root/Documents/airflow/venv/lib64/python3.9/site-packages/airflow/example_dags/tutorial_taskflow_api_etl_virtualenv.py for tasks to queue
[2025-08-25 13:16:38,975] {logging_mixin.py:115} INFO - [2025-08-25 13:16:38,975] {dagbag.py:507} INFO - Filling up the DagBag from /root/Documents/airflow/venv/lib64/python3.9/site-packages/airflow/example_dags/tutorial_taskflow_api_etl_virtualenv.py
[2025-08-25 13:16:39,010] {processor.py:651} INFO - DAG(s) dict_keys(['tutorial_taskflow_api_etl_virtualenv']) retrieved from /root/Documents/airflow/venv/lib64/python3.9/site-packages/airflow/example_dags/tutorial_taskflow_api_etl_virtualenv.py
[2025-08-25 13:16:39,151] {logging_mixin.py:115} INFO - [2025-08-25 13:16:39,151] {dag.py:2379} INFO - Sync 1 DAGs
[2025-08-25 13:16:39,213] {logging_mixin.py:115} INFO - [2025-08-25 13:16:39,213] {dag.py:2927} INFO - Setting next_dagrun for tutorial_taskflow_api_etl_virtualenv to None, run_after=None
[2025-08-25 13:16:39,260] {processor.py:161} INFO - Processing /root/Documents/airflow/venv/lib64/python3.9/site-packages/airflow/example_dags/tutorial_taskflow_api_etl_virtualenv.py took 0.301 seconds
[2025-08-25 13:17:28,194] {processor.py:153} INFO - Started process (PID=2798743) to work on /root/Documents/airflow/venv/lib64/python3.9/site-packages/airflow/example_dags/tutorial_taskflow_api_etl_virtualenv.py
[2025-08-25 13:17:28,205] {processor.py:641} INFO - Processing file /root/Documents/airflow/venv/lib64/python3.9/site-packages/airflow/example_dags/tutorial_taskflow_api_etl_virtualenv.py for tasks to queue
[2025-08-25 13:17:28,206] {logging_mixin.py:115} INFO - [2025-08-25 13:17:28,206] {dagbag.py:507} INFO - Filling up the DagBag from /root/Documents/airflow/venv/lib64/python3.9/site-packages/airflow/example_dags/tutorial_taskflow_api_etl_virtualenv.py
[2025-08-25 13:17:28,227] {processor.py:651} INFO - DAG(s) dict_keys(['tutorial_taskflow_api_etl_virtualenv']) retrieved from /root/Documents/airflow/venv/lib64/python3.9/site-packages/airflow/example_dags/tutorial_taskflow_api_etl_virtualenv.py
[2025-08-25 13:17:28,348] {logging_mixin.py:115} INFO - [2025-08-25 13:17:28,348] {dag.py:2379} INFO - Sync 1 DAGs
[2025-08-25 13:17:28,383] {logging_mixin.py:115} INFO - [2025-08-25 13:17:28,383] {dag.py:2927} INFO - Setting next_dagrun for tutorial_taskflow_api_etl_virtualenv to None, run_after=None
[2025-08-25 13:17:28,417] {processor.py:161} INFO - Processing /root/Documents/airflow/venv/lib64/python3.9/site-packages/airflow/example_dags/tutorial_taskflow_api_etl_virtualenv.py took 0.226 seconds
[2025-08-25 13:18:15,490] {processor.py:153} INFO - Started process (PID=2798889) to work on /root/Documents/airflow/venv/lib64/python3.9/site-packages/airflow/example_dags/tutorial_taskflow_api_etl_virtualenv.py
[2025-08-25 13:18:15,501] {processor.py:641} INFO - Processing file /root/Documents/airflow/venv/lib64/python3.9/site-packages/airflow/example_dags/tutorial_taskflow_api_etl_virtualenv.py for tasks to queue
[2025-08-25 13:18:15,501] {logging_mixin.py:115} INFO - [2025-08-25 13:18:15,501] {dagbag.py:507} INFO - Filling up the DagBag from /root/Documents/airflow/venv/lib64/python3.9/site-packages/airflow/example_dags/tutorial_taskflow_api_etl_virtualenv.py
[2025-08-25 13:18:15,530] {processor.py:651} INFO - DAG(s) dict_keys(['tutorial_taskflow_api_etl_virtualenv']) retrieved from /root/Documents/airflow/venv/lib64/python3.9/site-packages/airflow/example_dags/tutorial_taskflow_api_etl_virtualenv.py
[2025-08-25 13:18:15,569] {logging_mixin.py:115} INFO - [2025-08-25 13:18:15,569] {dag.py:2379} INFO - Sync 1 DAGs
[2025-08-25 13:18:15,598] {logging_mixin.py:115} INFO - [2025-08-25 13:18:15,598] {dag.py:2927} INFO - Setting next_dagrun for tutorial_taskflow_api_etl_virtualenv to None, run_after=None
[2025-08-25 13:18:15,659] {processor.py:161} INFO - Processing /root/Documents/airflow/venv/lib64/python3.9/site-packages/airflow/example_dags/tutorial_taskflow_api_etl_virtualenv.py took 0.173 seconds
[2025-08-25 13:18:55,728] {processor.py:153} INFO - Started process (PID=2798987) to work on /root/Documents/airflow/venv/lib64/python3.9/site-packages/airflow/example_dags/tutorial_taskflow_api_etl_virtualenv.py
[2025-08-25 13:18:55,750] {processor.py:641} INFO - Processing file /root/Documents/airflow/venv/lib64/python3.9/site-packages/airflow/example_dags/tutorial_taskflow_api_etl_virtualenv.py for tasks to queue
[2025-08-25 13:18:55,751] {logging_mixin.py:115} INFO - [2025-08-25 13:18:55,751] {dagbag.py:507} INFO - Filling up the DagBag from /root/Documents/airflow/venv/lib64/python3.9/site-packages/airflow/example_dags/tutorial_taskflow_api_etl_virtualenv.py
[2025-08-25 13:18:55,803] {processor.py:651} INFO - DAG(s) dict_keys(['tutorial_taskflow_api_etl_virtualenv']) retrieved from /root/Documents/airflow/venv/lib64/python3.9/site-packages/airflow/example_dags/tutorial_taskflow_api_etl_virtualenv.py
[2025-08-25 13:18:55,959] {logging_mixin.py:115} INFO - [2025-08-25 13:18:55,958] {dag.py:2379} INFO - Sync 1 DAGs
[2025-08-25 13:18:55,999] {logging_mixin.py:115} INFO - [2025-08-25 13:18:55,999] {dag.py:2927} INFO - Setting next_dagrun for tutorial_taskflow_api_etl_virtualenv to None, run_after=None
[2025-08-25 13:18:56,076] {processor.py:161} INFO - Processing /root/Documents/airflow/venv/lib64/python3.9/site-packages/airflow/example_dags/tutorial_taskflow_api_etl_virtualenv.py took 0.351 seconds
[2025-08-25 13:19:30,588] {processor.py:153} INFO - Started process (PID=2799141) to work on /root/Documents/airflow/venv/lib64/python3.9/site-packages/airflow/example_dags/tutorial_taskflow_api_etl_virtualenv.py
[2025-08-25 13:19:30,608] {processor.py:641} INFO - Processing file /root/Documents/airflow/venv/lib64/python3.9/site-packages/airflow/example_dags/tutorial_taskflow_api_etl_virtualenv.py for tasks to queue
[2025-08-25 13:19:30,609] {logging_mixin.py:115} INFO - [2025-08-25 13:19:30,609] {dagbag.py:507} INFO - Filling up the DagBag from /root/Documents/airflow/venv/lib64/python3.9/site-packages/airflow/example_dags/tutorial_taskflow_api_etl_virtualenv.py
[2025-08-25 13:19:30,628] {processor.py:651} INFO - DAG(s) dict_keys(['tutorial_taskflow_api_etl_virtualenv']) retrieved from /root/Documents/airflow/venv/lib64/python3.9/site-packages/airflow/example_dags/tutorial_taskflow_api_etl_virtualenv.py
[2025-08-25 13:19:30,718] {logging_mixin.py:115} INFO - [2025-08-25 13:19:30,718] {dag.py:2379} INFO - Sync 1 DAGs
[2025-08-25 13:19:30,746] {logging_mixin.py:115} INFO - [2025-08-25 13:19:30,746] {dag.py:2927} INFO - Setting next_dagrun for tutorial_taskflow_api_etl_virtualenv to None, run_after=None
[2025-08-25 13:19:30,784] {processor.py:161} INFO - Processing /root/Documents/airflow/venv/lib64/python3.9/site-packages/airflow/example_dags/tutorial_taskflow_api_etl_virtualenv.py took 0.199 seconds
[2025-08-25 13:20:21,221] {processor.py:153} INFO - Started process (PID=2799320) to work on /root/Documents/airflow/venv/lib64/python3.9/site-packages/airflow/example_dags/tutorial_taskflow_api_etl_virtualenv.py
[2025-08-25 13:20:21,231] {processor.py:641} INFO - Processing file /root/Documents/airflow/venv/lib64/python3.9/site-packages/airflow/example_dags/tutorial_taskflow_api_etl_virtualenv.py for tasks to queue
[2025-08-25 13:20:21,232] {logging_mixin.py:115} INFO - [2025-08-25 13:20:21,232] {dagbag.py:507} INFO - Filling up the DagBag from /root/Documents/airflow/venv/lib64/python3.9/site-packages/airflow/example_dags/tutorial_taskflow_api_etl_virtualenv.py
[2025-08-25 13:20:21,273] {processor.py:651} INFO - DAG(s) dict_keys(['tutorial_taskflow_api_etl_virtualenv']) retrieved from /root/Documents/airflow/venv/lib64/python3.9/site-packages/airflow/example_dags/tutorial_taskflow_api_etl_virtualenv.py
[2025-08-25 13:20:21,334] {logging_mixin.py:115} INFO - [2025-08-25 13:20:21,334] {dag.py:2379} INFO - Sync 1 DAGs
[2025-08-25 13:20:21,398] {logging_mixin.py:115} INFO - [2025-08-25 13:20:21,398] {dag.py:2927} INFO - Setting next_dagrun for tutorial_taskflow_api_etl_virtualenv to None, run_after=None
[2025-08-25 13:20:21,427] {processor.py:161} INFO - Processing /root/Documents/airflow/venv/lib64/python3.9/site-packages/airflow/example_dags/tutorial_taskflow_api_etl_virtualenv.py took 0.210 seconds
[2025-08-25 13:21:07,010] {processor.py:153} INFO - Started process (PID=2799436) to work on /root/Documents/airflow/venv/lib64/python3.9/site-packages/airflow/example_dags/tutorial_taskflow_api_etl_virtualenv.py
[2025-08-25 13:21:07,021] {processor.py:641} INFO - Processing file /root/Documents/airflow/venv/lib64/python3.9/site-packages/airflow/example_dags/tutorial_taskflow_api_etl_virtualenv.py for tasks to queue
[2025-08-25 13:21:07,021] {logging_mixin.py:115} INFO - [2025-08-25 13:21:07,021] {dagbag.py:507} INFO - Filling up the DagBag from /root/Documents/airflow/venv/lib64/python3.9/site-packages/airflow/example_dags/tutorial_taskflow_api_etl_virtualenv.py
[2025-08-25 13:21:07,051] {processor.py:651} INFO - DAG(s) dict_keys(['tutorial_taskflow_api_etl_virtualenv']) retrieved from /root/Documents/airflow/venv/lib64/python3.9/site-packages/airflow/example_dags/tutorial_taskflow_api_etl_virtualenv.py
[2025-08-25 13:21:07,108] {logging_mixin.py:115} INFO - [2025-08-25 13:21:07,108] {dag.py:2379} INFO - Sync 1 DAGs
[2025-08-25 13:21:07,126] {logging_mixin.py:115} INFO - [2025-08-25 13:21:07,125] {dag.py:2927} INFO - Setting next_dagrun for tutorial_taskflow_api_etl_virtualenv to None, run_after=None
[2025-08-25 13:21:07,141] {processor.py:161} INFO - Processing /root/Documents/airflow/venv/lib64/python3.9/site-packages/airflow/example_dags/tutorial_taskflow_api_etl_virtualenv.py took 0.134 seconds
[2025-08-25 13:21:39,546] {processor.py:153} INFO - Started process (PID=2799518) to work on /root/Documents/airflow/venv/lib64/python3.9/site-packages/airflow/example_dags/tutorial_taskflow_api_etl_virtualenv.py
[2025-08-25 13:21:39,546] {processor.py:641} INFO - Processing file /root/Documents/airflow/venv/lib64/python3.9/site-packages/airflow/example_dags/tutorial_taskflow_api_etl_virtualenv.py for tasks to queue
[2025-08-25 13:21:39,547] {logging_mixin.py:115} INFO - [2025-08-25 13:21:39,547] {dagbag.py:507} INFO - Filling up the DagBag from /root/Documents/airflow/venv/lib64/python3.9/site-packages/airflow/example_dags/tutorial_taskflow_api_etl_virtualenv.py
[2025-08-25 13:21:39,620] {processor.py:651} INFO - DAG(s) dict_keys(['tutorial_taskflow_api_etl_virtualenv']) retrieved from /root/Documents/airflow/venv/lib64/python3.9/site-packages/airflow/example_dags/tutorial_taskflow_api_etl_virtualenv.py
[2025-08-25 13:21:39,745] {logging_mixin.py:115} INFO - [2025-08-25 13:21:39,745] {dag.py:2379} INFO - Sync 1 DAGs
[2025-08-25 13:21:39,807] {logging_mixin.py:115} INFO - [2025-08-25 13:21:39,807] {dag.py:2927} INFO - Setting next_dagrun for tutorial_taskflow_api_etl_virtualenv to None, run_after=None
[2025-08-25 13:21:39,884] {processor.py:161} INFO - Processing /root/Documents/airflow/venv/lib64/python3.9/site-packages/airflow/example_dags/tutorial_taskflow_api_etl_virtualenv.py took 0.342 seconds
[2025-08-25 13:22:19,689] {processor.py:153} INFO - Started process (PID=2799681) to work on /root/Documents/airflow/venv/lib64/python3.9/site-packages/airflow/example_dags/tutorial_taskflow_api_etl_virtualenv.py
[2025-08-25 13:22:19,718] {processor.py:641} INFO - Processing file /root/Documents/airflow/venv/lib64/python3.9/site-packages/airflow/example_dags/tutorial_taskflow_api_etl_virtualenv.py for tasks to queue
[2025-08-25 13:22:19,718] {logging_mixin.py:115} INFO - [2025-08-25 13:22:19,718] {dagbag.py:507} INFO - Filling up the DagBag from /root/Documents/airflow/venv/lib64/python3.9/site-packages/airflow/example_dags/tutorial_taskflow_api_etl_virtualenv.py
[2025-08-25 13:22:19,759] {processor.py:651} INFO - DAG(s) dict_keys(['tutorial_taskflow_api_etl_virtualenv']) retrieved from /root/Documents/airflow/venv/lib64/python3.9/site-packages/airflow/example_dags/tutorial_taskflow_api_etl_virtualenv.py
[2025-08-25 13:22:19,834] {logging_mixin.py:115} INFO - [2025-08-25 13:22:19,834] {dag.py:2379} INFO - Sync 1 DAGs
[2025-08-25 13:22:19,890] {logging_mixin.py:115} INFO - [2025-08-25 13:22:19,890] {dag.py:2927} INFO - Setting next_dagrun for tutorial_taskflow_api_etl_virtualenv to None, run_after=None
[2025-08-25 13:22:19,943] {processor.py:161} INFO - Processing /root/Documents/airflow/venv/lib64/python3.9/site-packages/airflow/example_dags/tutorial_taskflow_api_etl_virtualenv.py took 0.257 seconds
[2025-08-25 13:23:05,178] {processor.py:153} INFO - Started process (PID=2799797) to work on /root/Documents/airflow/venv/lib64/python3.9/site-packages/airflow/example_dags/tutorial_taskflow_api_etl_virtualenv.py
[2025-08-25 13:23:05,189] {processor.py:641} INFO - Processing file /root/Documents/airflow/venv/lib64/python3.9/site-packages/airflow/example_dags/tutorial_taskflow_api_etl_virtualenv.py for tasks to queue
[2025-08-25 13:23:05,190] {logging_mixin.py:115} INFO - [2025-08-25 13:23:05,190] {dagbag.py:507} INFO - Filling up the DagBag from /root/Documents/airflow/venv/lib64/python3.9/site-packages/airflow/example_dags/tutorial_taskflow_api_etl_virtualenv.py
[2025-08-25 13:23:05,238] {processor.py:651} INFO - DAG(s) dict_keys(['tutorial_taskflow_api_etl_virtualenv']) retrieved from /root/Documents/airflow/venv/lib64/python3.9/site-packages/airflow/example_dags/tutorial_taskflow_api_etl_virtualenv.py
[2025-08-25 13:23:05,362] {logging_mixin.py:115} INFO - [2025-08-25 13:23:05,361] {dag.py:2379} INFO - Sync 1 DAGs
[2025-08-25 13:23:05,432] {logging_mixin.py:115} INFO - [2025-08-25 13:23:05,432] {dag.py:2927} INFO - Setting next_dagrun for tutorial_taskflow_api_etl_virtualenv to None, run_after=None
[2025-08-25 13:23:05,504] {processor.py:161} INFO - Processing /root/Documents/airflow/venv/lib64/python3.9/site-packages/airflow/example_dags/tutorial_taskflow_api_etl_virtualenv.py took 0.329 seconds
[2025-08-25 13:23:52,589] {processor.py:153} INFO - Started process (PID=2799935) to work on /root/Documents/airflow/venv/lib64/python3.9/site-packages/airflow/example_dags/tutorial_taskflow_api_etl_virtualenv.py
[2025-08-25 13:23:52,600] {processor.py:641} INFO - Processing file /root/Documents/airflow/venv/lib64/python3.9/site-packages/airflow/example_dags/tutorial_taskflow_api_etl_virtualenv.py for tasks to queue
[2025-08-25 13:23:52,601] {logging_mixin.py:115} INFO - [2025-08-25 13:23:52,601] {dagbag.py:507} INFO - Filling up the DagBag from /root/Documents/airflow/venv/lib64/python3.9/site-packages/airflow/example_dags/tutorial_taskflow_api_etl_virtualenv.py
[2025-08-25 13:23:52,620] {processor.py:651} INFO - DAG(s) dict_keys(['tutorial_taskflow_api_etl_virtualenv']) retrieved from /root/Documents/airflow/venv/lib64/python3.9/site-packages/airflow/example_dags/tutorial_taskflow_api_etl_virtualenv.py
[2025-08-25 13:23:52,733] {logging_mixin.py:115} INFO - [2025-08-25 13:23:52,733] {dag.py:2379} INFO - Sync 1 DAGs
[2025-08-25 13:23:52,782] {logging_mixin.py:115} INFO - [2025-08-25 13:23:52,782] {dag.py:2927} INFO - Setting next_dagrun for tutorial_taskflow_api_etl_virtualenv to None, run_after=None
[2025-08-25 13:23:52,814] {processor.py:161} INFO - Processing /root/Documents/airflow/venv/lib64/python3.9/site-packages/airflow/example_dags/tutorial_taskflow_api_etl_virtualenv.py took 0.229 seconds
[2025-08-25 13:24:34,245] {processor.py:153} INFO - Started process (PID=2800097) to work on /root/Documents/airflow/venv/lib64/python3.9/site-packages/airflow/example_dags/tutorial_taskflow_api_etl_virtualenv.py
[2025-08-25 13:24:34,255] {processor.py:641} INFO - Processing file /root/Documents/airflow/venv/lib64/python3.9/site-packages/airflow/example_dags/tutorial_taskflow_api_etl_virtualenv.py for tasks to queue
[2025-08-25 13:24:34,256] {logging_mixin.py:115} INFO - [2025-08-25 13:24:34,256] {dagbag.py:507} INFO - Filling up the DagBag from /root/Documents/airflow/venv/lib64/python3.9/site-packages/airflow/example_dags/tutorial_taskflow_api_etl_virtualenv.py
[2025-08-25 13:24:34,287] {processor.py:651} INFO - DAG(s) dict_keys(['tutorial_taskflow_api_etl_virtualenv']) retrieved from /root/Documents/airflow/venv/lib64/python3.9/site-packages/airflow/example_dags/tutorial_taskflow_api_etl_virtualenv.py
[2025-08-25 13:24:34,463] {logging_mixin.py:115} INFO - [2025-08-25 13:24:34,463] {dag.py:2379} INFO - Sync 1 DAGs
[2025-08-25 13:24:34,492] {logging_mixin.py:115} INFO - [2025-08-25 13:24:34,492] {dag.py:2927} INFO - Setting next_dagrun for tutorial_taskflow_api_etl_virtualenv to None, run_after=None
[2025-08-25 13:24:34,587] {processor.py:161} INFO - Processing /root/Documents/airflow/venv/lib64/python3.9/site-packages/airflow/example_dags/tutorial_taskflow_api_etl_virtualenv.py took 0.345 seconds
[2025-08-25 13:25:15,143] {processor.py:153} INFO - Started process (PID=2800260) to work on /root/Documents/airflow/venv/lib64/python3.9/site-packages/airflow/example_dags/tutorial_taskflow_api_etl_virtualenv.py
[2025-08-25 13:25:15,155] {processor.py:641} INFO - Processing file /root/Documents/airflow/venv/lib64/python3.9/site-packages/airflow/example_dags/tutorial_taskflow_api_etl_virtualenv.py for tasks to queue
[2025-08-25 13:25:15,155] {logging_mixin.py:115} INFO - [2025-08-25 13:25:15,155] {dagbag.py:507} INFO - Filling up the DagBag from /root/Documents/airflow/venv/lib64/python3.9/site-packages/airflow/example_dags/tutorial_taskflow_api_etl_virtualenv.py
[2025-08-25 13:25:15,206] {processor.py:651} INFO - DAG(s) dict_keys(['tutorial_taskflow_api_etl_virtualenv']) retrieved from /root/Documents/airflow/venv/lib64/python3.9/site-packages/airflow/example_dags/tutorial_taskflow_api_etl_virtualenv.py
[2025-08-25 13:25:15,234] {logging_mixin.py:115} INFO - [2025-08-25 13:25:15,234] {dag.py:2379} INFO - Sync 1 DAGs
[2025-08-25 13:25:15,274] {logging_mixin.py:115} INFO - [2025-08-25 13:25:15,274] {dag.py:2927} INFO - Setting next_dagrun for tutorial_taskflow_api_etl_virtualenv to None, run_after=None
[2025-08-25 13:25:15,379] {processor.py:161} INFO - Processing /root/Documents/airflow/venv/lib64/python3.9/site-packages/airflow/example_dags/tutorial_taskflow_api_etl_virtualenv.py took 0.240 seconds
[2025-08-25 13:25:53,544] {processor.py:153} INFO - Started process (PID=2800325) to work on /root/Documents/airflow/venv/lib64/python3.9/site-packages/airflow/example_dags/tutorial_taskflow_api_etl_virtualenv.py
[2025-08-25 13:25:53,555] {processor.py:641} INFO - Processing file /root/Documents/airflow/venv/lib64/python3.9/site-packages/airflow/example_dags/tutorial_taskflow_api_etl_virtualenv.py for tasks to queue
[2025-08-25 13:25:53,556] {logging_mixin.py:115} INFO - [2025-08-25 13:25:53,556] {dagbag.py:507} INFO - Filling up the DagBag from /root/Documents/airflow/venv/lib64/python3.9/site-packages/airflow/example_dags/tutorial_taskflow_api_etl_virtualenv.py
[2025-08-25 13:25:53,575] {processor.py:651} INFO - DAG(s) dict_keys(['tutorial_taskflow_api_etl_virtualenv']) retrieved from /root/Documents/airflow/venv/lib64/python3.9/site-packages/airflow/example_dags/tutorial_taskflow_api_etl_virtualenv.py
[2025-08-25 13:25:53,603] {logging_mixin.py:115} INFO - [2025-08-25 13:25:53,603] {dag.py:2379} INFO - Sync 1 DAGs
[2025-08-25 13:25:53,644] {logging_mixin.py:115} INFO - [2025-08-25 13:25:53,644] {dag.py:2927} INFO - Setting next_dagrun for tutorial_taskflow_api_etl_virtualenv to None, run_after=None
[2025-08-25 13:25:53,708] {processor.py:161} INFO - Processing /root/Documents/airflow/venv/lib64/python3.9/site-packages/airflow/example_dags/tutorial_taskflow_api_etl_virtualenv.py took 0.167 seconds
