[2025-08-25 13:00:26,280] {processor.py:153} INFO - Started process (PID=2795340) to work on /root/Documents/airflow/venv/lib64/python3.9/site-packages/airflow/example_dags/tutorial_taskflow_api_etl.py
[2025-08-25 13:00:26,281] {processor.py:641} INFO - Processing file /root/Documents/airflow/venv/lib64/python3.9/site-packages/airflow/example_dags/tutorial_taskflow_api_etl.py for tasks to queue
[2025-08-25 13:00:26,281] {logging_mixin.py:115} INFO - [2025-08-25 13:00:26,281] {dagbag.py:507} INFO - Filling up the DagBag from /root/Documents/airflow/venv/lib64/python3.9/site-packages/airflow/example_dags/tutorial_taskflow_api_etl.py
[2025-08-25 13:00:26,315] {processor.py:651} INFO - DAG(s) dict_keys(['tutorial_taskflow_api_etl']) retrieved from /root/Documents/airflow/venv/lib64/python3.9/site-packages/airflow/example_dags/tutorial_taskflow_api_etl.py
[2025-08-25 13:00:26,425] {logging_mixin.py:115} INFO - [2025-08-25 13:00:26,425] {dag.py:2379} INFO - Sync 1 DAGs
[2025-08-25 13:00:26,477] {logging_mixin.py:115} INFO - [2025-08-25 13:00:26,477] {dag.py:2927} INFO - Setting next_dagrun for tutorial_taskflow_api_etl to None, run_after=None
[2025-08-25 13:00:26,503] {processor.py:161} INFO - Processing /root/Documents/airflow/venv/lib64/python3.9/site-packages/airflow/example_dags/tutorial_taskflow_api_etl.py took 0.226 seconds
[2025-08-25 13:01:13,723] {processor.py:153} INFO - Started process (PID=2795537) to work on /root/Documents/airflow/venv/lib64/python3.9/site-packages/airflow/example_dags/tutorial_taskflow_api_etl.py
[2025-08-25 13:01:13,743] {processor.py:641} INFO - Processing file /root/Documents/airflow/venv/lib64/python3.9/site-packages/airflow/example_dags/tutorial_taskflow_api_etl.py for tasks to queue
[2025-08-25 13:01:13,744] {logging_mixin.py:115} INFO - [2025-08-25 13:01:13,744] {dagbag.py:507} INFO - Filling up the DagBag from /root/Documents/airflow/venv/lib64/python3.9/site-packages/airflow/example_dags/tutorial_taskflow_api_etl.py
[2025-08-25 13:01:13,797] {processor.py:651} INFO - DAG(s) dict_keys(['tutorial_taskflow_api_etl']) retrieved from /root/Documents/airflow/venv/lib64/python3.9/site-packages/airflow/example_dags/tutorial_taskflow_api_etl.py
[2025-08-25 13:01:13,892] {logging_mixin.py:115} INFO - [2025-08-25 13:01:13,892] {dag.py:2379} INFO - Sync 1 DAGs
[2025-08-25 13:01:13,919] {logging_mixin.py:115} INFO - [2025-08-25 13:01:13,919] {dag.py:2927} INFO - Setting next_dagrun for tutorial_taskflow_api_etl to None, run_after=None
[2025-08-25 13:01:13,992] {processor.py:161} INFO - Processing /root/Documents/airflow/venv/lib64/python3.9/site-packages/airflow/example_dags/tutorial_taskflow_api_etl.py took 0.273 seconds
[2025-08-25 13:01:56,222] {processor.py:153} INFO - Started process (PID=2795628) to work on /root/Documents/airflow/venv/lib64/python3.9/site-packages/airflow/example_dags/tutorial_taskflow_api_etl.py
[2025-08-25 13:01:56,233] {processor.py:641} INFO - Processing file /root/Documents/airflow/venv/lib64/python3.9/site-packages/airflow/example_dags/tutorial_taskflow_api_etl.py for tasks to queue
[2025-08-25 13:01:56,234] {logging_mixin.py:115} INFO - [2025-08-25 13:01:56,234] {dagbag.py:507} INFO - Filling up the DagBag from /root/Documents/airflow/venv/lib64/python3.9/site-packages/airflow/example_dags/tutorial_taskflow_api_etl.py
[2025-08-25 13:01:56,267] {processor.py:651} INFO - DAG(s) dict_keys(['tutorial_taskflow_api_etl']) retrieved from /root/Documents/airflow/venv/lib64/python3.9/site-packages/airflow/example_dags/tutorial_taskflow_api_etl.py
[2025-08-25 13:01:56,353] {logging_mixin.py:115} INFO - [2025-08-25 13:01:56,353] {dag.py:2379} INFO - Sync 1 DAGs
[2025-08-25 13:01:56,383] {logging_mixin.py:115} INFO - [2025-08-25 13:01:56,383] {dag.py:2927} INFO - Setting next_dagrun for tutorial_taskflow_api_etl to None, run_after=None
[2025-08-25 13:01:56,402] {processor.py:161} INFO - Processing /root/Documents/airflow/venv/lib64/python3.9/site-packages/airflow/example_dags/tutorial_taskflow_api_etl.py took 0.183 seconds
[2025-08-25 13:02:46,207] {processor.py:153} INFO - Started process (PID=2795805) to work on /root/Documents/airflow/venv/lib64/python3.9/site-packages/airflow/example_dags/tutorial_taskflow_api_etl.py
[2025-08-25 13:02:46,218] {processor.py:641} INFO - Processing file /root/Documents/airflow/venv/lib64/python3.9/site-packages/airflow/example_dags/tutorial_taskflow_api_etl.py for tasks to queue
[2025-08-25 13:02:46,219] {logging_mixin.py:115} INFO - [2025-08-25 13:02:46,219] {dagbag.py:507} INFO - Filling up the DagBag from /root/Documents/airflow/venv/lib64/python3.9/site-packages/airflow/example_dags/tutorial_taskflow_api_etl.py
[2025-08-25 13:02:46,252] {processor.py:651} INFO - DAG(s) dict_keys(['tutorial_taskflow_api_etl']) retrieved from /root/Documents/airflow/venv/lib64/python3.9/site-packages/airflow/example_dags/tutorial_taskflow_api_etl.py
[2025-08-25 13:02:46,416] {logging_mixin.py:115} INFO - [2025-08-25 13:02:46,416] {dag.py:2379} INFO - Sync 1 DAGs
[2025-08-25 13:02:46,475] {logging_mixin.py:115} INFO - [2025-08-25 13:02:46,475] {dag.py:2927} INFO - Setting next_dagrun for tutorial_taskflow_api_etl to None, run_after=None
[2025-08-25 13:02:46,534] {processor.py:161} INFO - Processing /root/Documents/airflow/venv/lib64/python3.9/site-packages/airflow/example_dags/tutorial_taskflow_api_etl.py took 0.330 seconds
[2025-08-25 13:03:22,172] {processor.py:153} INFO - Started process (PID=2795960) to work on /root/Documents/airflow/venv/lib64/python3.9/site-packages/airflow/example_dags/tutorial_taskflow_api_etl.py
[2025-08-25 13:03:22,183] {processor.py:641} INFO - Processing file /root/Documents/airflow/venv/lib64/python3.9/site-packages/airflow/example_dags/tutorial_taskflow_api_etl.py for tasks to queue
[2025-08-25 13:03:22,184] {logging_mixin.py:115} INFO - [2025-08-25 13:03:22,184] {dagbag.py:507} INFO - Filling up the DagBag from /root/Documents/airflow/venv/lib64/python3.9/site-packages/airflow/example_dags/tutorial_taskflow_api_etl.py
[2025-08-25 13:03:22,217] {processor.py:651} INFO - DAG(s) dict_keys(['tutorial_taskflow_api_etl']) retrieved from /root/Documents/airflow/venv/lib64/python3.9/site-packages/airflow/example_dags/tutorial_taskflow_api_etl.py
[2025-08-25 13:03:22,387] {logging_mixin.py:115} INFO - [2025-08-25 13:03:22,387] {dag.py:2379} INFO - Sync 1 DAGs
[2025-08-25 13:03:22,449] {logging_mixin.py:115} INFO - [2025-08-25 13:03:22,449] {dag.py:2927} INFO - Setting next_dagrun for tutorial_taskflow_api_etl to None, run_after=None
[2025-08-25 13:03:22,511] {processor.py:161} INFO - Processing /root/Documents/airflow/venv/lib64/python3.9/site-packages/airflow/example_dags/tutorial_taskflow_api_etl.py took 0.343 seconds
[2025-08-25 13:05:22,398] {processor.py:153} INFO - Started process (PID=2796446) to work on /root/Documents/airflow/venv/lib64/python3.9/site-packages/airflow/example_dags/tutorial_taskflow_api_etl.py
[2025-08-25 13:05:22,420] {processor.py:641} INFO - Processing file /root/Documents/airflow/venv/lib64/python3.9/site-packages/airflow/example_dags/tutorial_taskflow_api_etl.py for tasks to queue
[2025-08-25 13:05:22,421] {logging_mixin.py:115} INFO - [2025-08-25 13:05:22,421] {dagbag.py:507} INFO - Filling up the DagBag from /root/Documents/airflow/venv/lib64/python3.9/site-packages/airflow/example_dags/tutorial_taskflow_api_etl.py
[2025-08-25 13:05:22,500] {processor.py:651} INFO - DAG(s) dict_keys(['tutorial_taskflow_api_etl']) retrieved from /root/Documents/airflow/venv/lib64/python3.9/site-packages/airflow/example_dags/tutorial_taskflow_api_etl.py
[2025-08-25 13:05:22,619] {logging_mixin.py:115} INFO - [2025-08-25 13:05:22,619] {dag.py:2379} INFO - Sync 1 DAGs
[2025-08-25 13:05:22,657] {logging_mixin.py:115} INFO - [2025-08-25 13:05:22,657] {dag.py:2927} INFO - Setting next_dagrun for tutorial_taskflow_api_etl to None, run_after=None
[2025-08-25 13:05:22,695] {processor.py:161} INFO - Processing /root/Documents/airflow/venv/lib64/python3.9/site-packages/airflow/example_dags/tutorial_taskflow_api_etl.py took 0.301 seconds
[2025-08-25 13:06:10,668] {processor.py:153} INFO - Started process (PID=2796621) to work on /root/Documents/airflow/venv/lib64/python3.9/site-packages/airflow/example_dags/tutorial_taskflow_api_etl.py
[2025-08-25 13:06:10,681] {processor.py:641} INFO - Processing file /root/Documents/airflow/venv/lib64/python3.9/site-packages/airflow/example_dags/tutorial_taskflow_api_etl.py for tasks to queue
[2025-08-25 13:06:10,682] {logging_mixin.py:115} INFO - [2025-08-25 13:06:10,682] {dagbag.py:507} INFO - Filling up the DagBag from /root/Documents/airflow/venv/lib64/python3.9/site-packages/airflow/example_dags/tutorial_taskflow_api_etl.py
[2025-08-25 13:06:10,760] {processor.py:651} INFO - DAG(s) dict_keys(['tutorial_taskflow_api_etl']) retrieved from /root/Documents/airflow/venv/lib64/python3.9/site-packages/airflow/example_dags/tutorial_taskflow_api_etl.py
[2025-08-25 13:06:10,917] {logging_mixin.py:115} INFO - [2025-08-25 13:06:10,917] {dag.py:2379} INFO - Sync 1 DAGs
[2025-08-25 13:06:10,996] {logging_mixin.py:115} INFO - [2025-08-25 13:06:10,996] {dag.py:2927} INFO - Setting next_dagrun for tutorial_taskflow_api_etl to None, run_after=None
[2025-08-25 13:06:11,056] {processor.py:161} INFO - Processing /root/Documents/airflow/venv/lib64/python3.9/site-packages/airflow/example_dags/tutorial_taskflow_api_etl.py took 0.391 seconds
[2025-08-25 13:06:54,489] {processor.py:153} INFO - Started process (PID=2796693) to work on /root/Documents/airflow/venv/lib64/python3.9/site-packages/airflow/example_dags/tutorial_taskflow_api_etl.py
[2025-08-25 13:06:54,500] {processor.py:641} INFO - Processing file /root/Documents/airflow/venv/lib64/python3.9/site-packages/airflow/example_dags/tutorial_taskflow_api_etl.py for tasks to queue
[2025-08-25 13:06:54,501] {logging_mixin.py:115} INFO - [2025-08-25 13:06:54,501] {dagbag.py:507} INFO - Filling up the DagBag from /root/Documents/airflow/venv/lib64/python3.9/site-packages/airflow/example_dags/tutorial_taskflow_api_etl.py
[2025-08-25 13:06:54,534] {processor.py:651} INFO - DAG(s) dict_keys(['tutorial_taskflow_api_etl']) retrieved from /root/Documents/airflow/venv/lib64/python3.9/site-packages/airflow/example_dags/tutorial_taskflow_api_etl.py
[2025-08-25 13:06:54,572] {logging_mixin.py:115} INFO - [2025-08-25 13:06:54,572] {dag.py:2379} INFO - Sync 1 DAGs
[2025-08-25 13:06:54,644] {logging_mixin.py:115} INFO - [2025-08-25 13:06:54,644] {dag.py:2927} INFO - Setting next_dagrun for tutorial_taskflow_api_etl to None, run_after=None
[2025-08-25 13:06:54,738] {processor.py:161} INFO - Processing /root/Documents/airflow/venv/lib64/python3.9/site-packages/airflow/example_dags/tutorial_taskflow_api_etl.py took 0.252 seconds
[2025-08-25 13:08:17,888] {processor.py:153} INFO - Started process (PID=2797098) to work on /root/Documents/airflow/venv/lib64/python3.9/site-packages/airflow/example_dags/tutorial_taskflow_api_etl.py
[2025-08-25 13:08:17,899] {processor.py:641} INFO - Processing file /root/Documents/airflow/venv/lib64/python3.9/site-packages/airflow/example_dags/tutorial_taskflow_api_etl.py for tasks to queue
[2025-08-25 13:08:17,900] {logging_mixin.py:115} INFO - [2025-08-25 13:08:17,900] {dagbag.py:507} INFO - Filling up the DagBag from /root/Documents/airflow/venv/lib64/python3.9/site-packages/airflow/example_dags/tutorial_taskflow_api_etl.py
[2025-08-25 13:08:17,956] {processor.py:651} INFO - DAG(s) dict_keys(['tutorial_taskflow_api_etl']) retrieved from /root/Documents/airflow/venv/lib64/python3.9/site-packages/airflow/example_dags/tutorial_taskflow_api_etl.py
[2025-08-25 13:08:18,094] {logging_mixin.py:115} INFO - [2025-08-25 13:08:18,094] {dag.py:2379} INFO - Sync 1 DAGs
[2025-08-25 13:08:18,161] {logging_mixin.py:115} INFO - [2025-08-25 13:08:18,161] {dag.py:2927} INFO - Setting next_dagrun for tutorial_taskflow_api_etl to None, run_after=None
[2025-08-25 13:08:18,227] {processor.py:161} INFO - Processing /root/Documents/airflow/venv/lib64/python3.9/site-packages/airflow/example_dags/tutorial_taskflow_api_etl.py took 0.343 seconds
[2025-08-25 13:13:42,540] {processor.py:153} INFO - Started process (PID=2798071) to work on /root/Documents/airflow/venv/lib64/python3.9/site-packages/airflow/example_dags/tutorial_taskflow_api_etl.py
[2025-08-25 13:13:42,565] {processor.py:641} INFO - Processing file /root/Documents/airflow/venv/lib64/python3.9/site-packages/airflow/example_dags/tutorial_taskflow_api_etl.py for tasks to queue
[2025-08-25 13:13:42,566] {logging_mixin.py:115} INFO - [2025-08-25 13:13:42,566] {dagbag.py:507} INFO - Filling up the DagBag from /root/Documents/airflow/venv/lib64/python3.9/site-packages/airflow/example_dags/tutorial_taskflow_api_etl.py
[2025-08-25 13:13:42,606] {processor.py:651} INFO - DAG(s) dict_keys(['tutorial_taskflow_api_etl']) retrieved from /root/Documents/airflow/venv/lib64/python3.9/site-packages/airflow/example_dags/tutorial_taskflow_api_etl.py
[2025-08-25 13:13:42,725] {logging_mixin.py:115} INFO - [2025-08-25 13:13:42,725] {dag.py:2379} INFO - Sync 1 DAGs
[2025-08-25 13:13:42,791] {logging_mixin.py:115} INFO - [2025-08-25 13:13:42,791] {dag.py:2927} INFO - Setting next_dagrun for tutorial_taskflow_api_etl to None, run_after=None
[2025-08-25 13:13:42,861] {processor.py:161} INFO - Processing /root/Documents/airflow/venv/lib64/python3.9/site-packages/airflow/example_dags/tutorial_taskflow_api_etl.py took 0.324 seconds
[2025-08-25 13:14:30,105] {processor.py:153} INFO - Started process (PID=2798246) to work on /root/Documents/airflow/venv/lib64/python3.9/site-packages/airflow/example_dags/tutorial_taskflow_api_etl.py
[2025-08-25 13:14:30,116] {processor.py:641} INFO - Processing file /root/Documents/airflow/venv/lib64/python3.9/site-packages/airflow/example_dags/tutorial_taskflow_api_etl.py for tasks to queue
[2025-08-25 13:14:30,117] {logging_mixin.py:115} INFO - [2025-08-25 13:14:30,117] {dagbag.py:507} INFO - Filling up the DagBag from /root/Documents/airflow/venv/lib64/python3.9/site-packages/airflow/example_dags/tutorial_taskflow_api_etl.py
[2025-08-25 13:14:30,158] {processor.py:651} INFO - DAG(s) dict_keys(['tutorial_taskflow_api_etl']) retrieved from /root/Documents/airflow/venv/lib64/python3.9/site-packages/airflow/example_dags/tutorial_taskflow_api_etl.py
[2025-08-25 13:14:30,315] {logging_mixin.py:115} INFO - [2025-08-25 13:14:30,315] {dag.py:2379} INFO - Sync 1 DAGs
[2025-08-25 13:14:30,355] {logging_mixin.py:115} INFO - [2025-08-25 13:14:30,355] {dag.py:2927} INFO - Setting next_dagrun for tutorial_taskflow_api_etl to None, run_after=None
[2025-08-25 13:14:30,421] {processor.py:161} INFO - Processing /root/Documents/airflow/venv/lib64/python3.9/site-packages/airflow/example_dags/tutorial_taskflow_api_etl.py took 0.319 seconds
[2025-08-25 13:15:16,523] {processor.py:153} INFO - Started process (PID=2798386) to work on /root/Documents/airflow/venv/lib64/python3.9/site-packages/airflow/example_dags/tutorial_taskflow_api_etl.py
[2025-08-25 13:15:16,536] {processor.py:641} INFO - Processing file /root/Documents/airflow/venv/lib64/python3.9/site-packages/airflow/example_dags/tutorial_taskflow_api_etl.py for tasks to queue
[2025-08-25 13:15:16,537] {logging_mixin.py:115} INFO - [2025-08-25 13:15:16,537] {dagbag.py:507} INFO - Filling up the DagBag from /root/Documents/airflow/venv/lib64/python3.9/site-packages/airflow/example_dags/tutorial_taskflow_api_etl.py
[2025-08-25 13:15:16,568] {processor.py:651} INFO - DAG(s) dict_keys(['tutorial_taskflow_api_etl']) retrieved from /root/Documents/airflow/venv/lib64/python3.9/site-packages/airflow/example_dags/tutorial_taskflow_api_etl.py
[2025-08-25 13:15:16,611] {logging_mixin.py:115} INFO - [2025-08-25 13:15:16,611] {dag.py:2379} INFO - Sync 1 DAGs
[2025-08-25 13:15:16,641] {logging_mixin.py:115} INFO - [2025-08-25 13:15:16,641] {dag.py:2927} INFO - Setting next_dagrun for tutorial_taskflow_api_etl to None, run_after=None
[2025-08-25 13:15:16,699] {processor.py:161} INFO - Processing /root/Documents/airflow/venv/lib64/python3.9/site-packages/airflow/example_dags/tutorial_taskflow_api_etl.py took 0.179 seconds
[2025-08-25 13:15:59,605] {processor.py:153} INFO - Started process (PID=2798460) to work on /root/Documents/airflow/venv/lib64/python3.9/site-packages/airflow/example_dags/tutorial_taskflow_api_etl.py
[2025-08-25 13:15:59,616] {processor.py:641} INFO - Processing file /root/Documents/airflow/venv/lib64/python3.9/site-packages/airflow/example_dags/tutorial_taskflow_api_etl.py for tasks to queue
[2025-08-25 13:15:59,617] {logging_mixin.py:115} INFO - [2025-08-25 13:15:59,617] {dagbag.py:507} INFO - Filling up the DagBag from /root/Documents/airflow/venv/lib64/python3.9/site-packages/airflow/example_dags/tutorial_taskflow_api_etl.py
[2025-08-25 13:15:59,658] {processor.py:651} INFO - DAG(s) dict_keys(['tutorial_taskflow_api_etl']) retrieved from /root/Documents/airflow/venv/lib64/python3.9/site-packages/airflow/example_dags/tutorial_taskflow_api_etl.py
[2025-08-25 13:15:59,774] {logging_mixin.py:115} INFO - [2025-08-25 13:15:59,774] {dag.py:2379} INFO - Sync 1 DAGs
[2025-08-25 13:15:59,868] {logging_mixin.py:115} INFO - [2025-08-25 13:15:59,868] {dag.py:2927} INFO - Setting next_dagrun for tutorial_taskflow_api_etl to None, run_after=None
[2025-08-25 13:15:59,922] {processor.py:161} INFO - Processing /root/Documents/airflow/venv/lib64/python3.9/site-packages/airflow/example_dags/tutorial_taskflow_api_etl.py took 0.321 seconds
[2025-08-25 13:16:37,564] {processor.py:153} INFO - Started process (PID=2798590) to work on /root/Documents/airflow/venv/lib64/python3.9/site-packages/airflow/example_dags/tutorial_taskflow_api_etl.py
[2025-08-25 13:16:37,575] {processor.py:641} INFO - Processing file /root/Documents/airflow/venv/lib64/python3.9/site-packages/airflow/example_dags/tutorial_taskflow_api_etl.py for tasks to queue
[2025-08-25 13:16:37,576] {logging_mixin.py:115} INFO - [2025-08-25 13:16:37,576] {dagbag.py:507} INFO - Filling up the DagBag from /root/Documents/airflow/venv/lib64/python3.9/site-packages/airflow/example_dags/tutorial_taskflow_api_etl.py
[2025-08-25 13:16:37,606] {processor.py:651} INFO - DAG(s) dict_keys(['tutorial_taskflow_api_etl']) retrieved from /root/Documents/airflow/venv/lib64/python3.9/site-packages/airflow/example_dags/tutorial_taskflow_api_etl.py
[2025-08-25 13:16:37,735] {logging_mixin.py:115} INFO - [2025-08-25 13:16:37,735] {dag.py:2379} INFO - Sync 1 DAGs
[2025-08-25 13:16:37,752] {logging_mixin.py:115} INFO - [2025-08-25 13:16:37,752] {dag.py:2927} INFO - Setting next_dagrun for tutorial_taskflow_api_etl to None, run_after=None
[2025-08-25 13:16:37,799] {processor.py:161} INFO - Processing /root/Documents/airflow/venv/lib64/python3.9/site-packages/airflow/example_dags/tutorial_taskflow_api_etl.py took 0.238 seconds
[2025-08-25 13:17:11,587] {processor.py:153} INFO - Started process (PID=2798714) to work on /root/Documents/airflow/venv/lib64/python3.9/site-packages/airflow/example_dags/tutorial_taskflow_api_etl.py
[2025-08-25 13:17:11,610] {processor.py:641} INFO - Processing file /root/Documents/airflow/venv/lib64/python3.9/site-packages/airflow/example_dags/tutorial_taskflow_api_etl.py for tasks to queue
[2025-08-25 13:17:11,610] {logging_mixin.py:115} INFO - [2025-08-25 13:17:11,610] {dagbag.py:507} INFO - Filling up the DagBag from /root/Documents/airflow/venv/lib64/python3.9/site-packages/airflow/example_dags/tutorial_taskflow_api_etl.py
[2025-08-25 13:17:11,651] {processor.py:651} INFO - DAG(s) dict_keys(['tutorial_taskflow_api_etl']) retrieved from /root/Documents/airflow/venv/lib64/python3.9/site-packages/airflow/example_dags/tutorial_taskflow_api_etl.py
[2025-08-25 13:17:11,690] {logging_mixin.py:115} INFO - [2025-08-25 13:17:11,690] {dag.py:2379} INFO - Sync 1 DAGs
[2025-08-25 13:17:11,741] {logging_mixin.py:115} INFO - [2025-08-25 13:17:11,741] {dag.py:2927} INFO - Setting next_dagrun for tutorial_taskflow_api_etl to None, run_after=None
[2025-08-25 13:17:11,806] {processor.py:161} INFO - Processing /root/Documents/airflow/venv/lib64/python3.9/site-packages/airflow/example_dags/tutorial_taskflow_api_etl.py took 0.222 seconds
[2025-08-25 13:17:46,311] {processor.py:153} INFO - Started process (PID=2798773) to work on /root/Documents/airflow/venv/lib64/python3.9/site-packages/airflow/example_dags/tutorial_taskflow_api_etl.py
[2025-08-25 13:17:46,322] {processor.py:641} INFO - Processing file /root/Documents/airflow/venv/lib64/python3.9/site-packages/airflow/example_dags/tutorial_taskflow_api_etl.py for tasks to queue
[2025-08-25 13:17:46,323] {logging_mixin.py:115} INFO - [2025-08-25 13:17:46,323] {dagbag.py:507} INFO - Filling up the DagBag from /root/Documents/airflow/venv/lib64/python3.9/site-packages/airflow/example_dags/tutorial_taskflow_api_etl.py
[2025-08-25 13:17:46,365] {processor.py:651} INFO - DAG(s) dict_keys(['tutorial_taskflow_api_etl']) retrieved from /root/Documents/airflow/venv/lib64/python3.9/site-packages/airflow/example_dags/tutorial_taskflow_api_etl.py
[2025-08-25 13:17:46,404] {logging_mixin.py:115} INFO - [2025-08-25 13:17:46,404] {dag.py:2379} INFO - Sync 1 DAGs
[2025-08-25 13:17:46,445] {logging_mixin.py:115} INFO - [2025-08-25 13:17:46,445] {dag.py:2927} INFO - Setting next_dagrun for tutorial_taskflow_api_etl to None, run_after=None
[2025-08-25 13:17:46,496] {processor.py:161} INFO - Processing /root/Documents/airflow/venv/lib64/python3.9/site-packages/airflow/example_dags/tutorial_taskflow_api_etl.py took 0.188 seconds
[2025-08-25 13:18:33,152] {processor.py:153} INFO - Started process (PID=2798950) to work on /root/Documents/airflow/venv/lib64/python3.9/site-packages/airflow/example_dags/tutorial_taskflow_api_etl.py
[2025-08-25 13:18:33,163] {processor.py:641} INFO - Processing file /root/Documents/airflow/venv/lib64/python3.9/site-packages/airflow/example_dags/tutorial_taskflow_api_etl.py for tasks to queue
[2025-08-25 13:18:33,164] {logging_mixin.py:115} INFO - [2025-08-25 13:18:33,164] {dagbag.py:507} INFO - Filling up the DagBag from /root/Documents/airflow/venv/lib64/python3.9/site-packages/airflow/example_dags/tutorial_taskflow_api_etl.py
[2025-08-25 13:18:33,183] {processor.py:651} INFO - DAG(s) dict_keys(['tutorial_taskflow_api_etl']) retrieved from /root/Documents/airflow/venv/lib64/python3.9/site-packages/airflow/example_dags/tutorial_taskflow_api_etl.py
[2025-08-25 13:18:33,272] {logging_mixin.py:115} INFO - [2025-08-25 13:18:33,272] {dag.py:2379} INFO - Sync 1 DAGs
[2025-08-25 13:18:33,312] {logging_mixin.py:115} INFO - [2025-08-25 13:18:33,312] {dag.py:2927} INFO - Setting next_dagrun for tutorial_taskflow_api_etl to None, run_after=None
[2025-08-25 13:18:33,382] {processor.py:161} INFO - Processing /root/Documents/airflow/venv/lib64/python3.9/site-packages/airflow/example_dags/tutorial_taskflow_api_etl.py took 0.233 seconds
[2025-08-25 13:19:15,194] {processor.py:153} INFO - Started process (PID=2799114) to work on /root/Documents/airflow/venv/lib64/python3.9/site-packages/airflow/example_dags/tutorial_taskflow_api_etl.py
[2025-08-25 13:19:15,205] {processor.py:641} INFO - Processing file /root/Documents/airflow/venv/lib64/python3.9/site-packages/airflow/example_dags/tutorial_taskflow_api_etl.py for tasks to queue
[2025-08-25 13:19:15,206] {logging_mixin.py:115} INFO - [2025-08-25 13:19:15,206] {dagbag.py:507} INFO - Filling up the DagBag from /root/Documents/airflow/venv/lib64/python3.9/site-packages/airflow/example_dags/tutorial_taskflow_api_etl.py
[2025-08-25 13:19:15,246] {processor.py:651} INFO - DAG(s) dict_keys(['tutorial_taskflow_api_etl']) retrieved from /root/Documents/airflow/venv/lib64/python3.9/site-packages/airflow/example_dags/tutorial_taskflow_api_etl.py
[2025-08-25 13:19:15,306] {logging_mixin.py:115} INFO - [2025-08-25 13:19:15,306] {dag.py:2379} INFO - Sync 1 DAGs
[2025-08-25 13:19:15,346] {logging_mixin.py:115} INFO - [2025-08-25 13:19:15,346] {dag.py:2927} INFO - Setting next_dagrun for tutorial_taskflow_api_etl to None, run_after=None
[2025-08-25 13:19:15,414] {processor.py:161} INFO - Processing /root/Documents/airflow/venv/lib64/python3.9/site-packages/airflow/example_dags/tutorial_taskflow_api_etl.py took 0.223 seconds
[2025-08-25 13:19:50,866] {processor.py:153} INFO - Started process (PID=2799176) to work on /root/Documents/airflow/venv/lib64/python3.9/site-packages/airflow/example_dags/tutorial_taskflow_api_etl.py
[2025-08-25 13:19:50,888] {processor.py:641} INFO - Processing file /root/Documents/airflow/venv/lib64/python3.9/site-packages/airflow/example_dags/tutorial_taskflow_api_etl.py for tasks to queue
[2025-08-25 13:19:50,889] {logging_mixin.py:115} INFO - [2025-08-25 13:19:50,889] {dagbag.py:507} INFO - Filling up the DagBag from /root/Documents/airflow/venv/lib64/python3.9/site-packages/airflow/example_dags/tutorial_taskflow_api_etl.py
[2025-08-25 13:19:50,930] {processor.py:651} INFO - DAG(s) dict_keys(['tutorial_taskflow_api_etl']) retrieved from /root/Documents/airflow/venv/lib64/python3.9/site-packages/airflow/example_dags/tutorial_taskflow_api_etl.py
[2025-08-25 13:19:51,119] {logging_mixin.py:115} INFO - [2025-08-25 13:19:51,119] {dag.py:2379} INFO - Sync 1 DAGs
[2025-08-25 13:19:51,170] {logging_mixin.py:115} INFO - [2025-08-25 13:19:51,170] {dag.py:2927} INFO - Setting next_dagrun for tutorial_taskflow_api_etl to None, run_after=None
[2025-08-25 13:19:51,255] {processor.py:161} INFO - Processing /root/Documents/airflow/venv/lib64/python3.9/site-packages/airflow/example_dags/tutorial_taskflow_api_etl.py took 0.392 seconds
[2025-08-25 13:20:40,192] {processor.py:153} INFO - Started process (PID=2799354) to work on /root/Documents/airflow/venv/lib64/python3.9/site-packages/airflow/example_dags/tutorial_taskflow_api_etl.py
[2025-08-25 13:20:40,214] {processor.py:641} INFO - Processing file /root/Documents/airflow/venv/lib64/python3.9/site-packages/airflow/example_dags/tutorial_taskflow_api_etl.py for tasks to queue
[2025-08-25 13:20:40,215] {logging_mixin.py:115} INFO - [2025-08-25 13:20:40,215] {dagbag.py:507} INFO - Filling up the DagBag from /root/Documents/airflow/venv/lib64/python3.9/site-packages/airflow/example_dags/tutorial_taskflow_api_etl.py
[2025-08-25 13:20:40,255] {processor.py:651} INFO - DAG(s) dict_keys(['tutorial_taskflow_api_etl']) retrieved from /root/Documents/airflow/venv/lib64/python3.9/site-packages/airflow/example_dags/tutorial_taskflow_api_etl.py
[2025-08-25 13:20:40,379] {logging_mixin.py:115} INFO - [2025-08-25 13:20:40,379] {dag.py:2379} INFO - Sync 1 DAGs
[2025-08-25 13:20:40,440] {logging_mixin.py:115} INFO - [2025-08-25 13:20:40,440] {dag.py:2927} INFO - Setting next_dagrun for tutorial_taskflow_api_etl to None, run_after=None
[2025-08-25 13:20:40,492] {processor.py:161} INFO - Processing /root/Documents/airflow/venv/lib64/python3.9/site-packages/airflow/example_dags/tutorial_taskflow_api_etl.py took 0.303 seconds
[2025-08-25 13:21:27,900] {processor.py:153} INFO - Started process (PID=2799499) to work on /root/Documents/airflow/venv/lib64/python3.9/site-packages/airflow/example_dags/tutorial_taskflow_api_etl.py
[2025-08-25 13:21:27,922] {processor.py:641} INFO - Processing file /root/Documents/airflow/venv/lib64/python3.9/site-packages/airflow/example_dags/tutorial_taskflow_api_etl.py for tasks to queue
[2025-08-25 13:21:27,923] {logging_mixin.py:115} INFO - [2025-08-25 13:21:27,923] {dagbag.py:507} INFO - Filling up the DagBag from /root/Documents/airflow/venv/lib64/python3.9/site-packages/airflow/example_dags/tutorial_taskflow_api_etl.py
[2025-08-25 13:21:27,963] {processor.py:651} INFO - DAG(s) dict_keys(['tutorial_taskflow_api_etl']) retrieved from /root/Documents/airflow/venv/lib64/python3.9/site-packages/airflow/example_dags/tutorial_taskflow_api_etl.py
[2025-08-25 13:21:28,023] {logging_mixin.py:115} INFO - [2025-08-25 13:21:28,022] {dag.py:2379} INFO - Sync 1 DAGs
[2025-08-25 13:21:28,063] {logging_mixin.py:115} INFO - [2025-08-25 13:21:28,063] {dag.py:2927} INFO - Setting next_dagrun for tutorial_taskflow_api_etl to None, run_after=None
[2025-08-25 13:21:28,149] {processor.py:161} INFO - Processing /root/Documents/airflow/venv/lib64/python3.9/site-packages/airflow/example_dags/tutorial_taskflow_api_etl.py took 0.252 seconds
[2025-08-25 13:22:18,111] {processor.py:153} INFO - Started process (PID=2799678) to work on /root/Documents/airflow/venv/lib64/python3.9/site-packages/airflow/example_dags/tutorial_taskflow_api_etl.py
[2025-08-25 13:22:18,122] {processor.py:641} INFO - Processing file /root/Documents/airflow/venv/lib64/python3.9/site-packages/airflow/example_dags/tutorial_taskflow_api_etl.py for tasks to queue
[2025-08-25 13:22:18,123] {logging_mixin.py:115} INFO - [2025-08-25 13:22:18,123] {dagbag.py:507} INFO - Filling up the DagBag from /root/Documents/airflow/venv/lib64/python3.9/site-packages/airflow/example_dags/tutorial_taskflow_api_etl.py
[2025-08-25 13:22:18,164] {processor.py:651} INFO - DAG(s) dict_keys(['tutorial_taskflow_api_etl']) retrieved from /root/Documents/airflow/venv/lib64/python3.9/site-packages/airflow/example_dags/tutorial_taskflow_api_etl.py
[2025-08-25 13:22:18,386] {logging_mixin.py:115} INFO - [2025-08-25 13:22:18,386] {dag.py:2379} INFO - Sync 1 DAGs
[2025-08-25 13:22:18,426] {logging_mixin.py:115} INFO - [2025-08-25 13:22:18,426] {dag.py:2927} INFO - Setting next_dagrun for tutorial_taskflow_api_etl to None, run_after=None
[2025-08-25 13:22:18,517] {processor.py:161} INFO - Processing /root/Documents/airflow/venv/lib64/python3.9/site-packages/airflow/example_dags/tutorial_taskflow_api_etl.py took 0.409 seconds
[2025-08-25 13:23:00,902] {processor.py:153} INFO - Started process (PID=2799759) to work on /root/Documents/airflow/venv/lib64/python3.9/site-packages/airflow/example_dags/tutorial_taskflow_api_etl.py
[2025-08-25 13:23:00,948] {processor.py:641} INFO - Processing file /root/Documents/airflow/venv/lib64/python3.9/site-packages/airflow/example_dags/tutorial_taskflow_api_etl.py for tasks to queue
[2025-08-25 13:23:00,948] {logging_mixin.py:115} INFO - [2025-08-25 13:23:00,948] {dagbag.py:507} INFO - Filling up the DagBag from /root/Documents/airflow/venv/lib64/python3.9/site-packages/airflow/example_dags/tutorial_taskflow_api_etl.py
[2025-08-25 13:23:01,000] {processor.py:651} INFO - DAG(s) dict_keys(['tutorial_taskflow_api_etl']) retrieved from /root/Documents/airflow/venv/lib64/python3.9/site-packages/airflow/example_dags/tutorial_taskflow_api_etl.py
[2025-08-25 13:23:01,191] {logging_mixin.py:115} INFO - [2025-08-25 13:23:01,191] {dag.py:2379} INFO - Sync 1 DAGs
[2025-08-25 13:23:01,242] {logging_mixin.py:115} INFO - [2025-08-25 13:23:01,242] {dag.py:2927} INFO - Setting next_dagrun for tutorial_taskflow_api_etl to None, run_after=None
[2025-08-25 13:23:01,340] {processor.py:161} INFO - Processing /root/Documents/airflow/venv/lib64/python3.9/site-packages/airflow/example_dags/tutorial_taskflow_api_etl.py took 0.441 seconds
[2025-08-25 13:23:41,730] {processor.py:153} INFO - Started process (PID=2799917) to work on /root/Documents/airflow/venv/lib64/python3.9/site-packages/airflow/example_dags/tutorial_taskflow_api_etl.py
[2025-08-25 13:23:41,743] {processor.py:641} INFO - Processing file /root/Documents/airflow/venv/lib64/python3.9/site-packages/airflow/example_dags/tutorial_taskflow_api_etl.py for tasks to queue
[2025-08-25 13:23:41,743] {logging_mixin.py:115} INFO - [2025-08-25 13:23:41,743] {dagbag.py:507} INFO - Filling up the DagBag from /root/Documents/airflow/venv/lib64/python3.9/site-packages/airflow/example_dags/tutorial_taskflow_api_etl.py
[2025-08-25 13:23:41,791] {processor.py:651} INFO - DAG(s) dict_keys(['tutorial_taskflow_api_etl']) retrieved from /root/Documents/airflow/venv/lib64/python3.9/site-packages/airflow/example_dags/tutorial_taskflow_api_etl.py
[2025-08-25 13:23:41,939] {logging_mixin.py:115} INFO - [2025-08-25 13:23:41,939] {dag.py:2379} INFO - Sync 1 DAGs
[2025-08-25 13:23:42,000] {logging_mixin.py:115} INFO - [2025-08-25 13:23:42,000] {dag.py:2927} INFO - Setting next_dagrun for tutorial_taskflow_api_etl to None, run_after=None
[2025-08-25 13:23:42,024] {processor.py:161} INFO - Processing /root/Documents/airflow/venv/lib64/python3.9/site-packages/airflow/example_dags/tutorial_taskflow_api_etl.py took 0.297 seconds
[2025-08-25 13:24:33,008] {processor.py:153} INFO - Started process (PID=2800096) to work on /root/Documents/airflow/venv/lib64/python3.9/site-packages/airflow/example_dags/tutorial_taskflow_api_etl.py
[2025-08-25 13:24:33,018] {processor.py:641} INFO - Processing file /root/Documents/airflow/venv/lib64/python3.9/site-packages/airflow/example_dags/tutorial_taskflow_api_etl.py for tasks to queue
[2025-08-25 13:24:33,019] {logging_mixin.py:115} INFO - [2025-08-25 13:24:33,019] {dagbag.py:507} INFO - Filling up the DagBag from /root/Documents/airflow/venv/lib64/python3.9/site-packages/airflow/example_dags/tutorial_taskflow_api_etl.py
[2025-08-25 13:24:33,060] {processor.py:651} INFO - DAG(s) dict_keys(['tutorial_taskflow_api_etl']) retrieved from /root/Documents/airflow/venv/lib64/python3.9/site-packages/airflow/example_dags/tutorial_taskflow_api_etl.py
[2025-08-25 13:24:33,099] {logging_mixin.py:115} INFO - [2025-08-25 13:24:33,099] {dag.py:2379} INFO - Sync 1 DAGs
[2025-08-25 13:24:33,172] {logging_mixin.py:115} INFO - [2025-08-25 13:24:33,172] {dag.py:2927} INFO - Setting next_dagrun for tutorial_taskflow_api_etl to None, run_after=None
[2025-08-25 13:24:33,245] {processor.py:161} INFO - Processing /root/Documents/airflow/venv/lib64/python3.9/site-packages/airflow/example_dags/tutorial_taskflow_api_etl.py took 0.241 seconds
[2025-08-25 13:25:13,662] {processor.py:153} INFO - Started process (PID=2800243) to work on /root/Documents/airflow/venv/lib64/python3.9/site-packages/airflow/example_dags/tutorial_taskflow_api_etl.py
[2025-08-25 13:25:13,683] {processor.py:641} INFO - Processing file /root/Documents/airflow/venv/lib64/python3.9/site-packages/airflow/example_dags/tutorial_taskflow_api_etl.py for tasks to queue
[2025-08-25 13:25:13,684] {logging_mixin.py:115} INFO - [2025-08-25 13:25:13,683] {dagbag.py:507} INFO - Filling up the DagBag from /root/Documents/airflow/venv/lib64/python3.9/site-packages/airflow/example_dags/tutorial_taskflow_api_etl.py
[2025-08-25 13:25:13,716] {processor.py:651} INFO - DAG(s) dict_keys(['tutorial_taskflow_api_etl']) retrieved from /root/Documents/airflow/venv/lib64/python3.9/site-packages/airflow/example_dags/tutorial_taskflow_api_etl.py
[2025-08-25 13:25:13,813] {logging_mixin.py:115} INFO - [2025-08-25 13:25:13,813] {dag.py:2379} INFO - Sync 1 DAGs
[2025-08-25 13:25:13,844] {logging_mixin.py:115} INFO - [2025-08-25 13:25:13,844] {dag.py:2927} INFO - Setting next_dagrun for tutorial_taskflow_api_etl to None, run_after=None
[2025-08-25 13:25:13,927] {processor.py:161} INFO - Processing /root/Documents/airflow/venv/lib64/python3.9/site-packages/airflow/example_dags/tutorial_taskflow_api_etl.py took 0.268 seconds
[2025-08-25 13:25:52,284] {processor.py:153} INFO - Started process (PID=2800323) to work on /root/Documents/airflow/venv/lib64/python3.9/site-packages/airflow/example_dags/tutorial_taskflow_api_etl.py
[2025-08-25 13:25:52,296] {processor.py:641} INFO - Processing file /root/Documents/airflow/venv/lib64/python3.9/site-packages/airflow/example_dags/tutorial_taskflow_api_etl.py for tasks to queue
[2025-08-25 13:25:52,296] {logging_mixin.py:115} INFO - [2025-08-25 13:25:52,296] {dagbag.py:507} INFO - Filling up the DagBag from /root/Documents/airflow/venv/lib64/python3.9/site-packages/airflow/example_dags/tutorial_taskflow_api_etl.py
[2025-08-25 13:25:52,315] {processor.py:651} INFO - DAG(s) dict_keys(['tutorial_taskflow_api_etl']) retrieved from /root/Documents/airflow/venv/lib64/python3.9/site-packages/airflow/example_dags/tutorial_taskflow_api_etl.py
[2025-08-25 13:25:52,344] {logging_mixin.py:115} INFO - [2025-08-25 13:25:52,344] {dag.py:2379} INFO - Sync 1 DAGs
[2025-08-25 13:25:52,373] {logging_mixin.py:115} INFO - [2025-08-25 13:25:52,373] {dag.py:2927} INFO - Setting next_dagrun for tutorial_taskflow_api_etl to None, run_after=None
[2025-08-25 13:25:52,448] {processor.py:161} INFO - Processing /root/Documents/airflow/venv/lib64/python3.9/site-packages/airflow/example_dags/tutorial_taskflow_api_etl.py took 0.168 seconds
