[2025-08-25 12:59:56,455] {processor.py:153} INFO - Started process (PID=2795104) to work on /root/Documents/airflow/dags/dag_Python.py
[2025-08-25 12:59:56,456] {processor.py:641} INFO - Processing file /root/Documents/airflow/dags/dag_Python.py for tasks to queue
[2025-08-25 12:59:56,456] {logging_mixin.py:115} INFO - [2025-08-25 12:59:56,456] {dagbag.py:507} INFO - Filling up the DagBag from /root/Documents/airflow/dags/dag_Python.py
[2025-08-25 12:59:56,489] {processor.py:651} INFO - DAG(s) dict_keys(['dag_python']) retrieved from /root/Documents/airflow/dags/dag_Python.py
[2025-08-25 12:59:56,651] {logging_mixin.py:115} INFO - [2025-08-25 12:59:56,651] {dag.py:2379} INFO - Sync 1 DAGs
[2025-08-25 12:59:56,718] {logging_mixin.py:115} INFO - [2025-08-25 12:59:56,718] {dag.py:2927} INFO - Setting next_dagrun for dag_python to 2025-08-24T00:00:00+00:00, run_after=2025-08-25T00:00:00+00:00
[2025-08-25 12:59:56,753] {processor.py:161} INFO - Processing /root/Documents/airflow/dags/dag_Python.py took 0.301 seconds
[2025-08-25 13:01:02,082] {processor.py:153} INFO - Started process (PID=2795446) to work on /root/Documents/airflow/dags/dag_Python.py
[2025-08-25 13:01:02,093] {processor.py:641} INFO - Processing file /root/Documents/airflow/dags/dag_Python.py for tasks to queue
[2025-08-25 13:01:02,094] {logging_mixin.py:115} INFO - [2025-08-25 13:01:02,094] {dagbag.py:507} INFO - Filling up the DagBag from /root/Documents/airflow/dags/dag_Python.py
[2025-08-25 13:01:02,137] {processor.py:651} INFO - DAG(s) dict_keys(['dag_python']) retrieved from /root/Documents/airflow/dags/dag_Python.py
[2025-08-25 13:01:02,190] {logging_mixin.py:115} INFO - [2025-08-25 13:01:02,190] {dag.py:2379} INFO - Sync 1 DAGs
[2025-08-25 13:01:02,254] {logging_mixin.py:115} INFO - [2025-08-25 13:01:02,254] {dag.py:2927} INFO - Setting next_dagrun for dag_python to 2025-08-25T00:00:00+00:00, run_after=2025-08-26T00:00:00+00:00
[2025-08-25 13:01:02,330] {processor.py:161} INFO - Processing /root/Documents/airflow/dags/dag_Python.py took 0.251 seconds
[2025-08-25 13:01:36,411] {processor.py:153} INFO - Started process (PID=2795593) to work on /root/Documents/airflow/dags/dag_Python.py
[2025-08-25 13:01:36,412] {processor.py:641} INFO - Processing file /root/Documents/airflow/dags/dag_Python.py for tasks to queue
[2025-08-25 13:01:36,412] {logging_mixin.py:115} INFO - [2025-08-25 13:01:36,412] {dagbag.py:507} INFO - Filling up the DagBag from /root/Documents/airflow/dags/dag_Python.py
[2025-08-25 13:01:36,424] {processor.py:651} INFO - DAG(s) dict_keys(['dag_python']) retrieved from /root/Documents/airflow/dags/dag_Python.py
[2025-08-25 13:01:36,468] {logging_mixin.py:115} INFO - [2025-08-25 13:01:36,468] {dag.py:2379} INFO - Sync 1 DAGs
[2025-08-25 13:01:36,512] {logging_mixin.py:115} INFO - [2025-08-25 13:01:36,511] {dag.py:2927} INFO - Setting next_dagrun for dag_python to 2025-08-25T00:00:00+00:00, run_after=2025-08-26T00:00:00+00:00
[2025-08-25 13:01:36,578] {processor.py:161} INFO - Processing /root/Documents/airflow/dags/dag_Python.py took 0.171 seconds
[2025-08-25 13:02:06,933] {processor.py:153} INFO - Started process (PID=2795682) to work on /root/Documents/airflow/dags/dag_Python.py
[2025-08-25 13:02:06,943] {processor.py:641} INFO - Processing file /root/Documents/airflow/dags/dag_Python.py for tasks to queue
[2025-08-25 13:02:06,944] {logging_mixin.py:115} INFO - [2025-08-25 13:02:06,944] {dagbag.py:507} INFO - Filling up the DagBag from /root/Documents/airflow/dags/dag_Python.py
[2025-08-25 13:02:06,976] {processor.py:651} INFO - DAG(s) dict_keys(['dag_python']) retrieved from /root/Documents/airflow/dags/dag_Python.py
[2025-08-25 13:02:07,045] {logging_mixin.py:115} INFO - [2025-08-25 13:02:07,044] {dag.py:2379} INFO - Sync 1 DAGs
[2025-08-25 13:02:07,065] {logging_mixin.py:115} INFO - [2025-08-25 13:02:07,064] {dag.py:2927} INFO - Setting next_dagrun for dag_python to 2025-08-25T00:00:00+00:00, run_after=2025-08-26T00:00:00+00:00
[2025-08-25 13:02:07,123] {processor.py:161} INFO - Processing /root/Documents/airflow/dags/dag_Python.py took 0.193 seconds
[2025-08-25 13:02:44,733] {processor.py:153} INFO - Started process (PID=2795802) to work on /root/Documents/airflow/dags/dag_Python.py
[2025-08-25 13:02:44,756] {processor.py:641} INFO - Processing file /root/Documents/airflow/dags/dag_Python.py for tasks to queue
[2025-08-25 13:02:44,757] {logging_mixin.py:115} INFO - [2025-08-25 13:02:44,756] {dagbag.py:507} INFO - Filling up the DagBag from /root/Documents/airflow/dags/dag_Python.py
[2025-08-25 13:02:44,789] {processor.py:651} INFO - DAG(s) dict_keys(['dag_python']) retrieved from /root/Documents/airflow/dags/dag_Python.py
[2025-08-25 13:02:44,821] {logging_mixin.py:115} INFO - [2025-08-25 13:02:44,821] {dag.py:2379} INFO - Sync 1 DAGs
[2025-08-25 13:02:44,984] {logging_mixin.py:115} INFO - [2025-08-25 13:02:44,984] {dag.py:2927} INFO - Setting next_dagrun for dag_python to 2025-08-25T00:00:00+00:00, run_after=2025-08-26T00:00:00+00:00
[2025-08-25 13:02:45,056] {processor.py:161} INFO - Processing /root/Documents/airflow/dags/dag_Python.py took 0.327 seconds
[2025-08-25 13:03:20,799] {processor.py:153} INFO - Started process (PID=2795957) to work on /root/Documents/airflow/dags/dag_Python.py
[2025-08-25 13:03:20,810] {processor.py:641} INFO - Processing file /root/Documents/airflow/dags/dag_Python.py for tasks to queue
[2025-08-25 13:03:20,811] {logging_mixin.py:115} INFO - [2025-08-25 13:03:20,811] {dagbag.py:507} INFO - Filling up the DagBag from /root/Documents/airflow/dags/dag_Python.py
[2025-08-25 13:03:20,832] {processor.py:651} INFO - DAG(s) dict_keys(['dag_python']) retrieved from /root/Documents/airflow/dags/dag_Python.py
[2025-08-25 13:03:20,852] {logging_mixin.py:115} INFO - [2025-08-25 13:03:20,852] {dag.py:2379} INFO - Sync 1 DAGs
[2025-08-25 13:03:20,920] {logging_mixin.py:115} INFO - [2025-08-25 13:03:20,920] {dag.py:2927} INFO - Setting next_dagrun for dag_python to 2025-08-25T00:00:00+00:00, run_after=2025-08-26T00:00:00+00:00
[2025-08-25 13:03:21,028] {processor.py:161} INFO - Processing /root/Documents/airflow/dags/dag_Python.py took 0.232 seconds
[2025-08-25 13:05:08,784] {processor.py:153} INFO - Started process (PID=2796340) to work on /root/Documents/airflow/dags/dag_Python.py
[2025-08-25 13:05:08,786] {processor.py:641} INFO - Processing file /root/Documents/airflow/dags/dag_Python.py for tasks to queue
[2025-08-25 13:05:08,787] {logging_mixin.py:115} INFO - [2025-08-25 13:05:08,787] {dagbag.py:507} INFO - Filling up the DagBag from /root/Documents/airflow/dags/dag_Python.py
[2025-08-25 13:05:08,821] {processor.py:651} INFO - DAG(s) dict_keys(['dag_python']) retrieved from /root/Documents/airflow/dags/dag_Python.py
[2025-08-25 13:05:08,859] {logging_mixin.py:115} INFO - [2025-08-25 13:05:08,859] {dag.py:2379} INFO - Sync 1 DAGs
[2025-08-25 13:05:08,951] {logging_mixin.py:115} INFO - [2025-08-25 13:05:08,951] {dag.py:2927} INFO - Setting next_dagrun for dag_python to 2025-08-25T00:00:00+00:00, run_after=2025-08-26T00:00:00+00:00
[2025-08-25 13:05:09,032] {processor.py:161} INFO - Processing /root/Documents/airflow/dags/dag_Python.py took 0.251 seconds
[2025-08-25 13:06:00,269] {processor.py:153} INFO - Started process (PID=2796543) to work on /root/Documents/airflow/dags/dag_Python.py
[2025-08-25 13:06:00,291] {processor.py:641} INFO - Processing file /root/Documents/airflow/dags/dag_Python.py for tasks to queue
[2025-08-25 13:06:00,292] {logging_mixin.py:115} INFO - [2025-08-25 13:06:00,292] {dagbag.py:507} INFO - Filling up the DagBag from /root/Documents/airflow/dags/dag_Python.py
[2025-08-25 13:06:00,314] {processor.py:651} INFO - DAG(s) dict_keys(['dag_python']) retrieved from /root/Documents/airflow/dags/dag_Python.py
[2025-08-25 13:06:00,398] {logging_mixin.py:115} INFO - [2025-08-25 13:06:00,398] {dag.py:2379} INFO - Sync 1 DAGs
[2025-08-25 13:06:00,441] {logging_mixin.py:115} INFO - [2025-08-25 13:06:00,441] {dag.py:2927} INFO - Setting next_dagrun for dag_python to 2025-08-25T00:00:00+00:00, run_after=2025-08-26T00:00:00+00:00
[2025-08-25 13:06:00,528] {processor.py:161} INFO - Processing /root/Documents/airflow/dags/dag_Python.py took 0.262 seconds
[2025-08-25 13:06:35,632] {processor.py:153} INFO - Started process (PID=2796661) to work on /root/Documents/airflow/dags/dag_Python.py
[2025-08-25 13:06:35,643] {processor.py:641} INFO - Processing file /root/Documents/airflow/dags/dag_Python.py for tasks to queue
[2025-08-25 13:06:35,644] {logging_mixin.py:115} INFO - [2025-08-25 13:06:35,644] {dagbag.py:507} INFO - Filling up the DagBag from /root/Documents/airflow/dags/dag_Python.py
[2025-08-25 13:06:35,655] {processor.py:651} INFO - DAG(s) dict_keys(['dag_python']) retrieved from /root/Documents/airflow/dags/dag_Python.py
[2025-08-25 13:06:35,675] {logging_mixin.py:115} INFO - [2025-08-25 13:06:35,675] {dag.py:2379} INFO - Sync 1 DAGs
[2025-08-25 13:06:35,741] {logging_mixin.py:115} INFO - [2025-08-25 13:06:35,741] {dag.py:2927} INFO - Setting next_dagrun for dag_python to 2025-08-25T00:00:00+00:00, run_after=2025-08-26T00:00:00+00:00
[2025-08-25 13:06:35,820] {processor.py:161} INFO - Processing /root/Documents/airflow/dags/dag_Python.py took 0.192 seconds
[2025-08-25 13:08:02,948] {processor.py:153} INFO - Started process (PID=2796982) to work on /root/Documents/airflow/dags/dag_Python.py
[2025-08-25 13:08:02,959] {processor.py:641} INFO - Processing file /root/Documents/airflow/dags/dag_Python.py for tasks to queue
[2025-08-25 13:08:02,960] {logging_mixin.py:115} INFO - [2025-08-25 13:08:02,960] {dagbag.py:507} INFO - Filling up the DagBag from /root/Documents/airflow/dags/dag_Python.py
[2025-08-25 13:08:02,982] {processor.py:651} INFO - DAG(s) dict_keys(['dag_python']) retrieved from /root/Documents/airflow/dags/dag_Python.py
[2025-08-25 13:08:03,000] {logging_mixin.py:115} INFO - [2025-08-25 13:08:03,000] {dag.py:2379} INFO - Sync 1 DAGs
[2025-08-25 13:08:03,044] {logging_mixin.py:115} INFO - [2025-08-25 13:08:03,043] {dag.py:2927} INFO - Setting next_dagrun for dag_python to 2025-08-25T00:00:00+00:00, run_after=2025-08-26T00:00:00+00:00
[2025-08-25 13:08:03,082] {processor.py:161} INFO - Processing /root/Documents/airflow/dags/dag_Python.py took 0.137 seconds
[2025-08-25 13:08:56,604] {processor.py:153} INFO - Started process (PID=2797189) to work on /root/Documents/airflow/dags/dag_Python.py
[2025-08-25 13:08:56,608] {processor.py:641} INFO - Processing file /root/Documents/airflow/dags/dag_Python.py for tasks to queue
[2025-08-25 13:08:56,609] {logging_mixin.py:115} INFO - [2025-08-25 13:08:56,609] {dagbag.py:507} INFO - Filling up the DagBag from /root/Documents/airflow/dags/dag_Python.py
[2025-08-25 13:08:56,631] {processor.py:651} INFO - DAG(s) dict_keys(['dag_python']) retrieved from /root/Documents/airflow/dags/dag_Python.py
[2025-08-25 13:08:56,746] {logging_mixin.py:115} INFO - [2025-08-25 13:08:56,746] {dag.py:2379} INFO - Sync 1 DAGs
[2025-08-25 13:08:56,766] {logging_mixin.py:115} INFO - [2025-08-25 13:08:56,766] {dag.py:2927} INFO - Setting next_dagrun for dag_python to 2025-08-25T00:00:00+00:00, run_after=2025-08-26T00:00:00+00:00
[2025-08-25 13:08:56,837] {processor.py:161} INFO - Processing /root/Documents/airflow/dags/dag_Python.py took 0.236 seconds
[2025-08-25 13:13:23,135] {processor.py:153} INFO - Started process (PID=2797922) to work on /root/Documents/airflow/dags/dag_Python.py
[2025-08-25 13:13:23,168] {processor.py:641} INFO - Processing file /root/Documents/airflow/dags/dag_Python.py for tasks to queue
[2025-08-25 13:13:23,169] {logging_mixin.py:115} INFO - [2025-08-25 13:13:23,169] {dagbag.py:507} INFO - Filling up the DagBag from /root/Documents/airflow/dags/dag_Python.py
[2025-08-25 13:13:23,213] {processor.py:651} INFO - DAG(s) dict_keys(['dag_python']) retrieved from /root/Documents/airflow/dags/dag_Python.py
[2025-08-25 13:13:23,260] {logging_mixin.py:115} INFO - [2025-08-25 13:13:23,260] {dag.py:2379} INFO - Sync 1 DAGs
[2025-08-25 13:13:23,345] {logging_mixin.py:115} INFO - [2025-08-25 13:13:23,345] {dag.py:2927} INFO - Setting next_dagrun for dag_python to 2025-08-25T00:00:00+00:00, run_after=2025-08-26T00:00:00+00:00
[2025-08-25 13:13:23,410] {processor.py:161} INFO - Processing /root/Documents/airflow/dags/dag_Python.py took 0.278 seconds
[2025-08-25 13:14:23,316] {processor.py:153} INFO - Started process (PID=2798233) to work on /root/Documents/airflow/dags/dag_Python.py
[2025-08-25 13:14:23,326] {processor.py:641} INFO - Processing file /root/Documents/airflow/dags/dag_Python.py for tasks to queue
[2025-08-25 13:14:23,327] {logging_mixin.py:115} INFO - [2025-08-25 13:14:23,327] {dagbag.py:507} INFO - Filling up the DagBag from /root/Documents/airflow/dags/dag_Python.py
[2025-08-25 13:14:23,348] {processor.py:651} INFO - DAG(s) dict_keys(['dag_python']) retrieved from /root/Documents/airflow/dags/dag_Python.py
[2025-08-25 13:14:23,376] {logging_mixin.py:115} INFO - [2025-08-25 13:14:23,376] {dag.py:2379} INFO - Sync 1 DAGs
[2025-08-25 13:14:23,417] {logging_mixin.py:115} INFO - [2025-08-25 13:14:23,417] {dag.py:2927} INFO - Setting next_dagrun for dag_python to 2025-08-25T00:00:00+00:00, run_after=2025-08-26T00:00:00+00:00
[2025-08-25 13:14:23,481] {processor.py:161} INFO - Processing /root/Documents/airflow/dags/dag_Python.py took 0.168 seconds
[2025-08-25 13:14:57,382] {processor.py:153} INFO - Started process (PID=2798287) to work on /root/Documents/airflow/dags/dag_Python.py
[2025-08-25 13:14:57,393] {processor.py:641} INFO - Processing file /root/Documents/airflow/dags/dag_Python.py for tasks to queue
[2025-08-25 13:14:57,394] {logging_mixin.py:115} INFO - [2025-08-25 13:14:57,394] {dagbag.py:507} INFO - Filling up the DagBag from /root/Documents/airflow/dags/dag_Python.py
[2025-08-25 13:14:57,426] {processor.py:651} INFO - DAG(s) dict_keys(['dag_python']) retrieved from /root/Documents/airflow/dags/dag_Python.py
[2025-08-25 13:14:57,465] {logging_mixin.py:115} INFO - [2025-08-25 13:14:57,465] {dag.py:2379} INFO - Sync 1 DAGs
[2025-08-25 13:14:57,529] {logging_mixin.py:115} INFO - [2025-08-25 13:14:57,529] {dag.py:2927} INFO - Setting next_dagrun for dag_python to 2025-08-25T00:00:00+00:00, run_after=2025-08-26T00:00:00+00:00
[2025-08-25 13:14:57,583] {processor.py:161} INFO - Processing /root/Documents/airflow/dags/dag_Python.py took 0.204 seconds
[2025-08-25 13:15:28,572] {processor.py:153} INFO - Started process (PID=2798407) to work on /root/Documents/airflow/dags/dag_Python.py
[2025-08-25 13:15:28,573] {processor.py:641} INFO - Processing file /root/Documents/airflow/dags/dag_Python.py for tasks to queue
[2025-08-25 13:15:28,573] {logging_mixin.py:115} INFO - [2025-08-25 13:15:28,573] {dagbag.py:507} INFO - Filling up the DagBag from /root/Documents/airflow/dags/dag_Python.py
[2025-08-25 13:15:28,597] {processor.py:651} INFO - DAG(s) dict_keys(['dag_python']) retrieved from /root/Documents/airflow/dags/dag_Python.py
[2025-08-25 13:15:28,623] {logging_mixin.py:115} INFO - [2025-08-25 13:15:28,623] {dag.py:2379} INFO - Sync 1 DAGs
[2025-08-25 13:15:28,662] {logging_mixin.py:115} INFO - [2025-08-25 13:15:28,662] {dag.py:2927} INFO - Setting next_dagrun for dag_python to 2025-08-25T00:00:00+00:00, run_after=2025-08-26T00:00:00+00:00
[2025-08-25 13:15:28,717] {processor.py:161} INFO - Processing /root/Documents/airflow/dags/dag_Python.py took 0.148 seconds
[2025-08-25 13:16:16,441] {processor.py:153} INFO - Started process (PID=2798555) to work on /root/Documents/airflow/dags/dag_Python.py
[2025-08-25 13:16:16,463] {processor.py:641} INFO - Processing file /root/Documents/airflow/dags/dag_Python.py for tasks to queue
[2025-08-25 13:16:16,464] {logging_mixin.py:115} INFO - [2025-08-25 13:16:16,464] {dagbag.py:507} INFO - Filling up the DagBag from /root/Documents/airflow/dags/dag_Python.py
[2025-08-25 13:16:16,497] {processor.py:651} INFO - DAG(s) dict_keys(['dag_python']) retrieved from /root/Documents/airflow/dags/dag_Python.py
[2025-08-25 13:16:16,515] {logging_mixin.py:115} INFO - [2025-08-25 13:16:16,515] {dag.py:2379} INFO - Sync 1 DAGs
[2025-08-25 13:16:16,556] {logging_mixin.py:115} INFO - [2025-08-25 13:16:16,556] {dag.py:2927} INFO - Setting next_dagrun for dag_python to 2025-08-25T00:00:00+00:00, run_after=2025-08-26T00:00:00+00:00
[2025-08-25 13:16:16,634] {processor.py:161} INFO - Processing /root/Documents/airflow/dags/dag_Python.py took 0.196 seconds
[2025-08-25 13:16:49,860] {processor.py:153} INFO - Started process (PID=2798611) to work on /root/Documents/airflow/dags/dag_Python.py
[2025-08-25 13:16:49,872] {processor.py:641} INFO - Processing file /root/Documents/airflow/dags/dag_Python.py for tasks to queue
[2025-08-25 13:16:49,872] {logging_mixin.py:115} INFO - [2025-08-25 13:16:49,872] {dagbag.py:507} INFO - Filling up the DagBag from /root/Documents/airflow/dags/dag_Python.py
[2025-08-25 13:16:49,883] {processor.py:651} INFO - DAG(s) dict_keys(['dag_python']) retrieved from /root/Documents/airflow/dags/dag_Python.py
[2025-08-25 13:16:49,912] {logging_mixin.py:115} INFO - [2025-08-25 13:16:49,911] {dag.py:2379} INFO - Sync 1 DAGs
[2025-08-25 13:16:49,943] {logging_mixin.py:115} INFO - [2025-08-25 13:16:49,943] {dag.py:2927} INFO - Setting next_dagrun for dag_python to 2025-08-25T00:00:00+00:00, run_after=2025-08-26T00:00:00+00:00
[2025-08-25 13:16:50,018] {processor.py:161} INFO - Processing /root/Documents/airflow/dags/dag_Python.py took 0.161 seconds
[2025-08-25 13:17:26,298] {processor.py:153} INFO - Started process (PID=2798738) to work on /root/Documents/airflow/dags/dag_Python.py
[2025-08-25 13:17:26,310] {processor.py:641} INFO - Processing file /root/Documents/airflow/dags/dag_Python.py for tasks to queue
[2025-08-25 13:17:26,310] {logging_mixin.py:115} INFO - [2025-08-25 13:17:26,310] {dagbag.py:507} INFO - Filling up the DagBag from /root/Documents/airflow/dags/dag_Python.py
[2025-08-25 13:17:26,321] {processor.py:651} INFO - DAG(s) dict_keys(['dag_python']) retrieved from /root/Documents/airflow/dags/dag_Python.py
[2025-08-25 13:17:26,370] {logging_mixin.py:115} INFO - [2025-08-25 13:17:26,360] {dag.py:2379} INFO - Sync 1 DAGs
[2025-08-25 13:17:26,479] {logging_mixin.py:115} INFO - [2025-08-25 13:17:26,479] {dag.py:2927} INFO - Setting next_dagrun for dag_python to 2025-08-25T00:00:00+00:00, run_after=2025-08-26T00:00:00+00:00
[2025-08-25 13:17:26,544] {processor.py:161} INFO - Processing /root/Documents/airflow/dags/dag_Python.py took 0.248 seconds
[2025-08-25 13:17:56,920] {processor.py:153} INFO - Started process (PID=2798790) to work on /root/Documents/airflow/dags/dag_Python.py
[2025-08-25 13:17:56,920] {processor.py:641} INFO - Processing file /root/Documents/airflow/dags/dag_Python.py for tasks to queue
[2025-08-25 13:17:56,921] {logging_mixin.py:115} INFO - [2025-08-25 13:17:56,921] {dagbag.py:507} INFO - Filling up the DagBag from /root/Documents/airflow/dags/dag_Python.py
[2025-08-25 13:17:56,931] {processor.py:651} INFO - DAG(s) dict_keys(['dag_python']) retrieved from /root/Documents/airflow/dags/dag_Python.py
[2025-08-25 13:17:56,970] {logging_mixin.py:115} INFO - [2025-08-25 13:17:56,970] {dag.py:2379} INFO - Sync 1 DAGs
[2025-08-25 13:17:57,034] {logging_mixin.py:115} INFO - [2025-08-25 13:17:57,034] {dag.py:2927} INFO - Setting next_dagrun for dag_python to 2025-08-25T00:00:00+00:00, run_after=2025-08-26T00:00:00+00:00
[2025-08-25 13:17:57,092] {processor.py:161} INFO - Processing /root/Documents/airflow/dags/dag_Python.py took 0.175 seconds
[2025-08-25 13:18:28,854] {processor.py:153} INFO - Started process (PID=2798941) to work on /root/Documents/airflow/dags/dag_Python.py
[2025-08-25 13:18:28,865] {processor.py:641} INFO - Processing file /root/Documents/airflow/dags/dag_Python.py for tasks to queue
[2025-08-25 13:18:28,866] {logging_mixin.py:115} INFO - [2025-08-25 13:18:28,866] {dagbag.py:507} INFO - Filling up the DagBag from /root/Documents/airflow/dags/dag_Python.py
[2025-08-25 13:18:28,877] {processor.py:651} INFO - DAG(s) dict_keys(['dag_python']) retrieved from /root/Documents/airflow/dags/dag_Python.py
[2025-08-25 13:18:28,904] {logging_mixin.py:115} INFO - [2025-08-25 13:18:28,904] {dag.py:2379} INFO - Sync 1 DAGs
[2025-08-25 13:18:28,988] {logging_mixin.py:115} INFO - [2025-08-25 13:18:28,988] {dag.py:2927} INFO - Setting next_dagrun for dag_python to 2025-08-25T00:00:00+00:00, run_after=2025-08-26T00:00:00+00:00
[2025-08-25 13:18:28,999] {processor.py:161} INFO - Processing /root/Documents/airflow/dags/dag_Python.py took 0.148 seconds
[2025-08-25 13:19:11,630] {processor.py:153} INFO - Started process (PID=2799079) to work on /root/Documents/airflow/dags/dag_Python.py
[2025-08-25 13:19:11,632] {processor.py:641} INFO - Processing file /root/Documents/airflow/dags/dag_Python.py for tasks to queue
[2025-08-25 13:19:11,633] {logging_mixin.py:115} INFO - [2025-08-25 13:19:11,633] {dagbag.py:507} INFO - Filling up the DagBag from /root/Documents/airflow/dags/dag_Python.py
[2025-08-25 13:19:11,644] {processor.py:651} INFO - DAG(s) dict_keys(['dag_python']) retrieved from /root/Documents/airflow/dags/dag_Python.py
[2025-08-25 13:19:11,693] {logging_mixin.py:115} INFO - [2025-08-25 13:19:11,693] {dag.py:2379} INFO - Sync 1 DAGs
[2025-08-25 13:19:11,742] {logging_mixin.py:115} INFO - [2025-08-25 13:19:11,741] {dag.py:2927} INFO - Setting next_dagrun for dag_python to 2025-08-25T00:00:00+00:00, run_after=2025-08-26T00:00:00+00:00
[2025-08-25 13:19:11,763] {processor.py:161} INFO - Processing /root/Documents/airflow/dags/dag_Python.py took 0.136 seconds
[2025-08-25 13:19:45,949] {processor.py:153} INFO - Started process (PID=2799168) to work on /root/Documents/airflow/dags/dag_Python.py
[2025-08-25 13:19:45,961] {processor.py:641} INFO - Processing file /root/Documents/airflow/dags/dag_Python.py for tasks to queue
[2025-08-25 13:19:45,961] {logging_mixin.py:115} INFO - [2025-08-25 13:19:45,961] {dagbag.py:507} INFO - Filling up the DagBag from /root/Documents/airflow/dags/dag_Python.py
[2025-08-25 13:19:45,994] {processor.py:651} INFO - DAG(s) dict_keys(['dag_python']) retrieved from /root/Documents/airflow/dags/dag_Python.py
[2025-08-25 13:19:46,034] {logging_mixin.py:115} INFO - [2025-08-25 13:19:46,033] {dag.py:2379} INFO - Sync 1 DAGs
[2025-08-25 13:19:46,114] {logging_mixin.py:115} INFO - [2025-08-25 13:19:46,114] {dag.py:2927} INFO - Setting next_dagrun for dag_python to 2025-08-25T00:00:00+00:00, run_after=2025-08-26T00:00:00+00:00
[2025-08-25 13:19:46,179] {processor.py:161} INFO - Processing /root/Documents/airflow/dags/dag_Python.py took 0.233 seconds
[2025-08-25 13:20:18,693] {processor.py:153} INFO - Started process (PID=2799315) to work on /root/Documents/airflow/dags/dag_Python.py
[2025-08-25 13:20:18,721] {processor.py:641} INFO - Processing file /root/Documents/airflow/dags/dag_Python.py for tasks to queue
[2025-08-25 13:20:18,722] {logging_mixin.py:115} INFO - [2025-08-25 13:20:18,722] {dagbag.py:507} INFO - Filling up the DagBag from /root/Documents/airflow/dags/dag_Python.py
[2025-08-25 13:20:18,758] {processor.py:651} INFO - DAG(s) dict_keys(['dag_python']) retrieved from /root/Documents/airflow/dags/dag_Python.py
[2025-08-25 13:20:18,776] {logging_mixin.py:115} INFO - [2025-08-25 13:20:18,775] {dag.py:2379} INFO - Sync 1 DAGs
[2025-08-25 13:20:18,867] {logging_mixin.py:115} INFO - [2025-08-25 13:20:18,867] {dag.py:2927} INFO - Setting next_dagrun for dag_python to 2025-08-25T00:00:00+00:00, run_after=2025-08-26T00:00:00+00:00
[2025-08-25 13:20:18,918] {processor.py:161} INFO - Processing /root/Documents/airflow/dags/dag_Python.py took 0.229 seconds
[2025-08-25 13:20:49,388] {processor.py:153} INFO - Started process (PID=2799370) to work on /root/Documents/airflow/dags/dag_Python.py
[2025-08-25 13:20:49,422] {processor.py:641} INFO - Processing file /root/Documents/airflow/dags/dag_Python.py for tasks to queue
[2025-08-25 13:20:49,422] {logging_mixin.py:115} INFO - [2025-08-25 13:20:49,422] {dagbag.py:507} INFO - Filling up the DagBag from /root/Documents/airflow/dags/dag_Python.py
[2025-08-25 13:20:49,433] {processor.py:651} INFO - DAG(s) dict_keys(['dag_python']) retrieved from /root/Documents/airflow/dags/dag_Python.py
[2025-08-25 13:20:49,530] {logging_mixin.py:115} INFO - [2025-08-25 13:20:49,530] {dag.py:2379} INFO - Sync 1 DAGs
[2025-08-25 13:20:49,572] {logging_mixin.py:115} INFO - [2025-08-25 13:20:49,572] {dag.py:2927} INFO - Setting next_dagrun for dag_python to 2025-08-25T00:00:00+00:00, run_after=2025-08-26T00:00:00+00:00
[2025-08-25 13:20:49,626] {processor.py:161} INFO - Processing /root/Documents/airflow/dags/dag_Python.py took 0.241 seconds
[2025-08-25 13:21:22,625] {processor.py:153} INFO - Started process (PID=2799489) to work on /root/Documents/airflow/dags/dag_Python.py
[2025-08-25 13:21:22,647] {processor.py:641} INFO - Processing file /root/Documents/airflow/dags/dag_Python.py for tasks to queue
[2025-08-25 13:21:22,648] {logging_mixin.py:115} INFO - [2025-08-25 13:21:22,648] {dagbag.py:507} INFO - Filling up the DagBag from /root/Documents/airflow/dags/dag_Python.py
[2025-08-25 13:21:22,681] {processor.py:651} INFO - DAG(s) dict_keys(['dag_python']) retrieved from /root/Documents/airflow/dags/dag_Python.py
[2025-08-25 13:21:22,741] {logging_mixin.py:115} INFO - [2025-08-25 13:21:22,740] {dag.py:2379} INFO - Sync 1 DAGs
[2025-08-25 13:21:22,783] {logging_mixin.py:115} INFO - [2025-08-25 13:21:22,783] {dag.py:2927} INFO - Setting next_dagrun for dag_python to 2025-08-25T00:00:00+00:00, run_after=2025-08-26T00:00:00+00:00
[2025-08-25 13:21:22,859] {processor.py:161} INFO - Processing /root/Documents/airflow/dags/dag_Python.py took 0.237 seconds
[2025-08-25 13:22:10,157] {processor.py:153} INFO - Started process (PID=2799636) to work on /root/Documents/airflow/dags/dag_Python.py
[2025-08-25 13:22:10,189] {processor.py:641} INFO - Processing file /root/Documents/airflow/dags/dag_Python.py for tasks to queue
[2025-08-25 13:22:10,190] {logging_mixin.py:115} INFO - [2025-08-25 13:22:10,190] {dagbag.py:507} INFO - Filling up the DagBag from /root/Documents/airflow/dags/dag_Python.py
[2025-08-25 13:22:10,211] {processor.py:651} INFO - DAG(s) dict_keys(['dag_python']) retrieved from /root/Documents/airflow/dags/dag_Python.py
[2025-08-25 13:22:10,250] {logging_mixin.py:115} INFO - [2025-08-25 13:22:10,250] {dag.py:2379} INFO - Sync 1 DAGs
[2025-08-25 13:22:10,322] {logging_mixin.py:115} INFO - [2025-08-25 13:22:10,322] {dag.py:2927} INFO - Setting next_dagrun for dag_python to 2025-08-25T00:00:00+00:00, run_after=2025-08-26T00:00:00+00:00
[2025-08-25 13:22:10,376] {processor.py:161} INFO - Processing /root/Documents/airflow/dags/dag_Python.py took 0.222 seconds
[2025-08-25 13:22:47,535] {processor.py:153} INFO - Started process (PID=2799729) to work on /root/Documents/airflow/dags/dag_Python.py
[2025-08-25 13:22:47,546] {processor.py:641} INFO - Processing file /root/Documents/airflow/dags/dag_Python.py for tasks to queue
[2025-08-25 13:22:47,547] {logging_mixin.py:115} INFO - [2025-08-25 13:22:47,547] {dagbag.py:507} INFO - Filling up the DagBag from /root/Documents/airflow/dags/dag_Python.py
[2025-08-25 13:22:47,603] {processor.py:651} INFO - DAG(s) dict_keys(['dag_python']) retrieved from /root/Documents/airflow/dags/dag_Python.py
[2025-08-25 13:22:47,696] {logging_mixin.py:115} INFO - [2025-08-25 13:22:47,696] {dag.py:2379} INFO - Sync 1 DAGs
[2025-08-25 13:22:47,737] {logging_mixin.py:115} INFO - [2025-08-25 13:22:47,737] {dag.py:2927} INFO - Setting next_dagrun for dag_python to 2025-08-25T00:00:00+00:00, run_after=2025-08-26T00:00:00+00:00
[2025-08-25 13:22:47,789] {processor.py:161} INFO - Processing /root/Documents/airflow/dags/dag_Python.py took 0.257 seconds
[2025-08-25 13:23:18,065] {processor.py:153} INFO - Started process (PID=2799847) to work on /root/Documents/airflow/dags/dag_Python.py
[2025-08-25 13:23:18,065] {processor.py:641} INFO - Processing file /root/Documents/airflow/dags/dag_Python.py for tasks to queue
[2025-08-25 13:23:18,066] {logging_mixin.py:115} INFO - [2025-08-25 13:23:18,066] {dagbag.py:507} INFO - Filling up the DagBag from /root/Documents/airflow/dags/dag_Python.py
[2025-08-25 13:23:18,076] {processor.py:651} INFO - DAG(s) dict_keys(['dag_python']) retrieved from /root/Documents/airflow/dags/dag_Python.py
[2025-08-25 13:23:18,093] {logging_mixin.py:115} INFO - [2025-08-25 13:23:18,093] {dag.py:2379} INFO - Sync 1 DAGs
[2025-08-25 13:23:18,135] {logging_mixin.py:115} INFO - [2025-08-25 13:23:18,135] {dag.py:2927} INFO - Setting next_dagrun for dag_python to 2025-08-25T00:00:00+00:00, run_after=2025-08-26T00:00:00+00:00
[2025-08-25 13:23:18,190] {processor.py:161} INFO - Processing /root/Documents/airflow/dags/dag_Python.py took 0.129 seconds
[2025-08-25 13:23:51,242] {processor.py:153} INFO - Started process (PID=2799931) to work on /root/Documents/airflow/dags/dag_Python.py
[2025-08-25 13:23:51,242] {processor.py:641} INFO - Processing file /root/Documents/airflow/dags/dag_Python.py for tasks to queue
[2025-08-25 13:23:51,243] {logging_mixin.py:115} INFO - [2025-08-25 13:23:51,243] {dagbag.py:507} INFO - Filling up the DagBag from /root/Documents/airflow/dags/dag_Python.py
[2025-08-25 13:23:51,254] {processor.py:651} INFO - DAG(s) dict_keys(['dag_python']) retrieved from /root/Documents/airflow/dags/dag_Python.py
[2025-08-25 13:23:51,330] {logging_mixin.py:115} INFO - [2025-08-25 13:23:51,330] {dag.py:2379} INFO - Sync 1 DAGs
[2025-08-25 13:23:51,389] {logging_mixin.py:115} INFO - [2025-08-25 13:23:51,389] {dag.py:2927} INFO - Setting next_dagrun for dag_python to 2025-08-25T00:00:00+00:00, run_after=2025-08-26T00:00:00+00:00
[2025-08-25 13:23:51,423] {processor.py:161} INFO - Processing /root/Documents/airflow/dags/dag_Python.py took 0.184 seconds
[2025-08-25 13:24:31,618] {processor.py:153} INFO - Started process (PID=2800094) to work on /root/Documents/airflow/dags/dag_Python.py
[2025-08-25 13:24:31,622] {processor.py:641} INFO - Processing file /root/Documents/airflow/dags/dag_Python.py for tasks to queue
[2025-08-25 13:24:31,622] {logging_mixin.py:115} INFO - [2025-08-25 13:24:31,622] {dagbag.py:507} INFO - Filling up the DagBag from /root/Documents/airflow/dags/dag_Python.py
[2025-08-25 13:24:31,633] {processor.py:651} INFO - DAG(s) dict_keys(['dag_python']) retrieved from /root/Documents/airflow/dags/dag_Python.py
[2025-08-25 13:24:31,711] {logging_mixin.py:115} INFO - [2025-08-25 13:24:31,711] {dag.py:2379} INFO - Sync 1 DAGs
[2025-08-25 13:24:31,775] {logging_mixin.py:115} INFO - [2025-08-25 13:24:31,775] {dag.py:2927} INFO - Setting next_dagrun for dag_python to 2025-08-25T00:00:00+00:00, run_after=2025-08-26T00:00:00+00:00
[2025-08-25 13:24:31,832] {processor.py:161} INFO - Processing /root/Documents/airflow/dags/dag_Python.py took 0.217 seconds
[2025-08-25 13:25:12,025] {processor.py:153} INFO - Started process (PID=2800226) to work on /root/Documents/airflow/dags/dag_Python.py
[2025-08-25 13:25:12,036] {processor.py:641} INFO - Processing file /root/Documents/airflow/dags/dag_Python.py for tasks to queue
[2025-08-25 13:25:12,037] {logging_mixin.py:115} INFO - [2025-08-25 13:25:12,037] {dagbag.py:507} INFO - Filling up the DagBag from /root/Documents/airflow/dags/dag_Python.py
[2025-08-25 13:25:12,081] {processor.py:651} INFO - DAG(s) dict_keys(['dag_python']) retrieved from /root/Documents/airflow/dags/dag_Python.py
[2025-08-25 13:25:12,142] {logging_mixin.py:115} INFO - [2025-08-25 13:25:12,142] {dag.py:2379} INFO - Sync 1 DAGs
[2025-08-25 13:25:12,218] {logging_mixin.py:115} INFO - [2025-08-25 13:25:12,218] {dag.py:2927} INFO - Setting next_dagrun for dag_python to 2025-08-25T00:00:00+00:00, run_after=2025-08-26T00:00:00+00:00
[2025-08-25 13:25:12,303] {processor.py:161} INFO - Processing /root/Documents/airflow/dags/dag_Python.py took 0.281 seconds
[2025-08-25 13:25:50,940] {processor.py:153} INFO - Started process (PID=2800322) to work on /root/Documents/airflow/dags/dag_Python.py
[2025-08-25 13:25:50,962] {processor.py:641} INFO - Processing file /root/Documents/airflow/dags/dag_Python.py for tasks to queue
[2025-08-25 13:25:50,963] {logging_mixin.py:115} INFO - [2025-08-25 13:25:50,963] {dagbag.py:507} INFO - Filling up the DagBag from /root/Documents/airflow/dags/dag_Python.py
[2025-08-25 13:25:50,996] {processor.py:651} INFO - DAG(s) dict_keys(['dag_python']) retrieved from /root/Documents/airflow/dags/dag_Python.py
[2025-08-25 13:25:51,035] {logging_mixin.py:115} INFO - [2025-08-25 13:25:51,035] {dag.py:2379} INFO - Sync 1 DAGs
[2025-08-25 13:25:51,104] {logging_mixin.py:115} INFO - [2025-08-25 13:25:51,104] {dag.py:2927} INFO - Setting next_dagrun for dag_python to 2025-08-25T00:00:00+00:00, run_after=2025-08-26T00:00:00+00:00
[2025-08-25 13:25:51,160] {processor.py:161} INFO - Processing /root/Documents/airflow/dags/dag_Python.py took 0.223 seconds
