[2025-08-25 13:00:06,793] {processor.py:153} INFO - Started process (PID=2795187) to work on /root/Documents/airflow/dags/meu_primeiro_dag.py
[2025-08-25 13:00:06,794] {processor.py:641} INFO - Processing file /root/Documents/airflow/dags/meu_primeiro_dag.py for tasks to queue
[2025-08-25 13:00:06,794] {logging_mixin.py:115} INFO - [2025-08-25 13:00:06,794] {dagbag.py:507} INFO - Filling up the DagBag from /root/Documents/airflow/dags/meu_primeiro_dag.py
[2025-08-25 13:00:06,812] {processor.py:651} INFO - DAG(s) dict_keys(['meu_primeiro_dag']) retrieved from /root/Documents/airflow/dags/meu_primeiro_dag.py
[2025-08-25 13:00:06,907] {logging_mixin.py:115} INFO - [2025-08-25 13:00:06,907] {dag.py:2379} INFO - Sync 1 DAGs
[2025-08-25 13:00:06,925] {logging_mixin.py:115} INFO - [2025-08-25 13:00:06,925] {dag.py:2927} INFO - Setting next_dagrun for meu_primeiro_dag to 2025-08-24T00:00:00+00:00, run_after=2025-08-25T00:00:00+00:00
[2025-08-25 13:00:06,971] {processor.py:161} INFO - Processing /root/Documents/airflow/dags/meu_primeiro_dag.py took 0.181 seconds
[2025-08-25 13:01:07,303] {processor.py:153} INFO - Started process (PID=2795485) to work on /root/Documents/airflow/dags/meu_primeiro_dag.py
[2025-08-25 13:01:07,350] {processor.py:641} INFO - Processing file /root/Documents/airflow/dags/meu_primeiro_dag.py for tasks to queue
[2025-08-25 13:01:07,351] {logging_mixin.py:115} INFO - [2025-08-25 13:01:07,351] {dagbag.py:507} INFO - Filling up the DagBag from /root/Documents/airflow/dags/meu_primeiro_dag.py
[2025-08-25 13:01:07,360] {processor.py:651} INFO - DAG(s) dict_keys(['meu_primeiro_dag']) retrieved from /root/Documents/airflow/dags/meu_primeiro_dag.py
[2025-08-25 13:01:07,440] {logging_mixin.py:115} INFO - [2025-08-25 13:01:07,440] {dag.py:2379} INFO - Sync 1 DAGs
[2025-08-25 13:01:07,504] {logging_mixin.py:115} INFO - [2025-08-25 13:01:07,504] {dag.py:2927} INFO - Setting next_dagrun for meu_primeiro_dag to 2025-08-25T00:00:00+00:00, run_after=2025-08-26T00:00:00+00:00
[2025-08-25 13:01:07,520] {processor.py:161} INFO - Processing /root/Documents/airflow/dags/meu_primeiro_dag.py took 0.221 seconds
[2025-08-25 13:01:50,906] {processor.py:153} INFO - Started process (PID=2795619) to work on /root/Documents/airflow/dags/meu_primeiro_dag.py
[2025-08-25 13:01:50,921] {processor.py:641} INFO - Processing file /root/Documents/airflow/dags/meu_primeiro_dag.py for tasks to queue
[2025-08-25 13:01:50,922] {logging_mixin.py:115} INFO - [2025-08-25 13:01:50,922] {dagbag.py:507} INFO - Filling up the DagBag from /root/Documents/airflow/dags/meu_primeiro_dag.py
[2025-08-25 13:01:50,930] {processor.py:651} INFO - DAG(s) dict_keys(['meu_primeiro_dag']) retrieved from /root/Documents/airflow/dags/meu_primeiro_dag.py
[2025-08-25 13:01:51,038] {logging_mixin.py:115} INFO - [2025-08-25 13:01:51,038] {dag.py:2379} INFO - Sync 1 DAGs
[2025-08-25 13:01:51,084] {logging_mixin.py:115} INFO - [2025-08-25 13:01:51,083] {dag.py:2927} INFO - Setting next_dagrun for meu_primeiro_dag to 2025-08-25T00:00:00+00:00, run_after=2025-08-26T00:00:00+00:00
[2025-08-25 13:01:51,143] {processor.py:161} INFO - Processing /root/Documents/airflow/dags/meu_primeiro_dag.py took 0.241 seconds
[2025-08-25 13:02:25,406] {processor.py:153} INFO - Started process (PID=2795771) to work on /root/Documents/airflow/dags/meu_primeiro_dag.py
[2025-08-25 13:02:25,436] {processor.py:641} INFO - Processing file /root/Documents/airflow/dags/meu_primeiro_dag.py for tasks to queue
[2025-08-25 13:02:25,437] {logging_mixin.py:115} INFO - [2025-08-25 13:02:25,437] {dagbag.py:507} INFO - Filling up the DagBag from /root/Documents/airflow/dags/meu_primeiro_dag.py
[2025-08-25 13:02:25,446] {processor.py:651} INFO - DAG(s) dict_keys(['meu_primeiro_dag']) retrieved from /root/Documents/airflow/dags/meu_primeiro_dag.py
[2025-08-25 13:02:25,540] {logging_mixin.py:115} INFO - [2025-08-25 13:02:25,539] {dag.py:2379} INFO - Sync 1 DAGs
[2025-08-25 13:02:25,580] {logging_mixin.py:115} INFO - [2025-08-25 13:02:25,580] {dag.py:2927} INFO - Setting next_dagrun for meu_primeiro_dag to 2025-08-25T00:00:00+00:00, run_after=2025-08-26T00:00:00+00:00
[2025-08-25 13:02:25,624] {processor.py:161} INFO - Processing /root/Documents/airflow/dags/meu_primeiro_dag.py took 0.222 seconds
[2025-08-25 13:03:00,230] {processor.py:153} INFO - Started process (PID=2795834) to work on /root/Documents/airflow/dags/meu_primeiro_dag.py
[2025-08-25 13:03:00,243] {processor.py:641} INFO - Processing file /root/Documents/airflow/dags/meu_primeiro_dag.py for tasks to queue
[2025-08-25 13:03:00,243] {logging_mixin.py:115} INFO - [2025-08-25 13:03:00,243] {dagbag.py:507} INFO - Filling up the DagBag from /root/Documents/airflow/dags/meu_primeiro_dag.py
[2025-08-25 13:03:00,252] {processor.py:651} INFO - DAG(s) dict_keys(['meu_primeiro_dag']) retrieved from /root/Documents/airflow/dags/meu_primeiro_dag.py
[2025-08-25 13:03:00,317] {logging_mixin.py:115} INFO - [2025-08-25 13:03:00,317] {dag.py:2379} INFO - Sync 1 DAGs
[2025-08-25 13:03:00,392] {logging_mixin.py:115} INFO - [2025-08-25 13:03:00,392] {dag.py:2927} INFO - Setting next_dagrun for meu_primeiro_dag to 2025-08-25T00:00:00+00:00, run_after=2025-08-26T00:00:00+00:00
[2025-08-25 13:03:00,426] {processor.py:161} INFO - Processing /root/Documents/airflow/dags/meu_primeiro_dag.py took 0.199 seconds
[2025-08-25 13:03:41,325] {processor.py:153} INFO - Started process (PID=2795990) to work on /root/Documents/airflow/dags/meu_primeiro_dag.py
[2025-08-25 13:03:41,335] {processor.py:641} INFO - Processing file /root/Documents/airflow/dags/meu_primeiro_dag.py for tasks to queue
[2025-08-25 13:03:41,336] {logging_mixin.py:115} INFO - [2025-08-25 13:03:41,336] {dagbag.py:507} INFO - Filling up the DagBag from /root/Documents/airflow/dags/meu_primeiro_dag.py
[2025-08-25 13:03:41,344] {processor.py:651} INFO - DAG(s) dict_keys(['meu_primeiro_dag']) retrieved from /root/Documents/airflow/dags/meu_primeiro_dag.py
[2025-08-25 13:03:41,365] {logging_mixin.py:115} INFO - [2025-08-25 13:03:41,365] {dag.py:2379} INFO - Sync 1 DAGs
[2025-08-25 13:03:41,384] {logging_mixin.py:115} INFO - [2025-08-25 13:03:41,384] {dag.py:2927} INFO - Setting next_dagrun for meu_primeiro_dag to 2025-08-25T00:00:00+00:00, run_after=2025-08-26T00:00:00+00:00
[2025-08-25 13:03:41,416] {processor.py:161} INFO - Processing /root/Documents/airflow/dags/meu_primeiro_dag.py took 0.095 seconds
[2025-08-25 13:05:13,631] {processor.py:153} INFO - Started process (PID=2796370) to work on /root/Documents/airflow/dags/meu_primeiro_dag.py
[2025-08-25 13:05:13,652] {processor.py:641} INFO - Processing file /root/Documents/airflow/dags/meu_primeiro_dag.py for tasks to queue
[2025-08-25 13:05:13,653] {logging_mixin.py:115} INFO - [2025-08-25 13:05:13,653] {dagbag.py:507} INFO - Filling up the DagBag from /root/Documents/airflow/dags/meu_primeiro_dag.py
[2025-08-25 13:05:13,663] {processor.py:651} INFO - DAG(s) dict_keys(['meu_primeiro_dag']) retrieved from /root/Documents/airflow/dags/meu_primeiro_dag.py
[2025-08-25 13:05:13,697] {logging_mixin.py:115} INFO - [2025-08-25 13:05:13,696] {dag.py:2379} INFO - Sync 1 DAGs
[2025-08-25 13:05:13,846] {logging_mixin.py:115} INFO - [2025-08-25 13:05:13,846] {dag.py:2927} INFO - Setting next_dagrun for meu_primeiro_dag to 2025-08-25T00:00:00+00:00, run_after=2025-08-26T00:00:00+00:00
[2025-08-25 13:05:13,860] {processor.py:161} INFO - Processing /root/Documents/airflow/dags/meu_primeiro_dag.py took 0.233 seconds
[2025-08-25 13:06:01,632] {processor.py:153} INFO - Started process (PID=2796545) to work on /root/Documents/airflow/dags/meu_primeiro_dag.py
[2025-08-25 13:06:01,643] {processor.py:641} INFO - Processing file /root/Documents/airflow/dags/meu_primeiro_dag.py for tasks to queue
[2025-08-25 13:06:01,644] {logging_mixin.py:115} INFO - [2025-08-25 13:06:01,644] {dagbag.py:507} INFO - Filling up the DagBag from /root/Documents/airflow/dags/meu_primeiro_dag.py
[2025-08-25 13:06:01,653] {processor.py:651} INFO - DAG(s) dict_keys(['meu_primeiro_dag']) retrieved from /root/Documents/airflow/dags/meu_primeiro_dag.py
[2025-08-25 13:06:01,697] {logging_mixin.py:115} INFO - [2025-08-25 13:06:01,697] {dag.py:2379} INFO - Sync 1 DAGs
[2025-08-25 13:06:01,729] {logging_mixin.py:115} INFO - [2025-08-25 13:06:01,729] {dag.py:2927} INFO - Setting next_dagrun for meu_primeiro_dag to 2025-08-25T00:00:00+00:00, run_after=2025-08-26T00:00:00+00:00
[2025-08-25 13:06:01,798] {processor.py:161} INFO - Processing /root/Documents/airflow/dags/meu_primeiro_dag.py took 0.169 seconds
[2025-08-25 13:06:36,978] {processor.py:153} INFO - Started process (PID=2796663) to work on /root/Documents/airflow/dags/meu_primeiro_dag.py
[2025-08-25 13:06:37,002] {processor.py:641} INFO - Processing file /root/Documents/airflow/dags/meu_primeiro_dag.py for tasks to queue
[2025-08-25 13:06:37,003] {logging_mixin.py:115} INFO - [2025-08-25 13:06:37,003] {dagbag.py:507} INFO - Filling up the DagBag from /root/Documents/airflow/dags/meu_primeiro_dag.py
[2025-08-25 13:06:37,012] {processor.py:651} INFO - DAG(s) dict_keys(['meu_primeiro_dag']) retrieved from /root/Documents/airflow/dags/meu_primeiro_dag.py
[2025-08-25 13:06:37,043] {logging_mixin.py:115} INFO - [2025-08-25 13:06:37,043] {dag.py:2379} INFO - Sync 1 DAGs
[2025-08-25 13:06:37,096] {logging_mixin.py:115} INFO - [2025-08-25 13:06:37,096] {dag.py:2927} INFO - Setting next_dagrun for meu_primeiro_dag to 2025-08-25T00:00:00+00:00, run_after=2025-08-26T00:00:00+00:00
[2025-08-25 13:06:37,161] {processor.py:161} INFO - Processing /root/Documents/airflow/dags/meu_primeiro_dag.py took 0.186 seconds
[2025-08-25 13:08:08,286] {processor.py:153} INFO - Started process (PID=2797022) to work on /root/Documents/airflow/dags/meu_primeiro_dag.py
[2025-08-25 13:08:08,287] {processor.py:641} INFO - Processing file /root/Documents/airflow/dags/meu_primeiro_dag.py for tasks to queue
[2025-08-25 13:08:08,287] {logging_mixin.py:115} INFO - [2025-08-25 13:08:08,287] {dagbag.py:507} INFO - Filling up the DagBag from /root/Documents/airflow/dags/meu_primeiro_dag.py
[2025-08-25 13:08:08,296] {processor.py:651} INFO - DAG(s) dict_keys(['meu_primeiro_dag']) retrieved from /root/Documents/airflow/dags/meu_primeiro_dag.py
[2025-08-25 13:08:08,394] {logging_mixin.py:115} INFO - [2025-08-25 13:08:08,394] {dag.py:2379} INFO - Sync 1 DAGs
[2025-08-25 13:08:08,458] {logging_mixin.py:115} INFO - [2025-08-25 13:08:08,458] {dag.py:2927} INFO - Setting next_dagrun for meu_primeiro_dag to 2025-08-25T00:00:00+00:00, run_after=2025-08-26T00:00:00+00:00
[2025-08-25 13:08:08,473] {processor.py:161} INFO - Processing /root/Documents/airflow/dags/meu_primeiro_dag.py took 0.191 seconds
[2025-08-25 13:08:57,958] {processor.py:153} INFO - Started process (PID=2797192) to work on /root/Documents/airflow/dags/meu_primeiro_dag.py
[2025-08-25 13:08:57,969] {processor.py:641} INFO - Processing file /root/Documents/airflow/dags/meu_primeiro_dag.py for tasks to queue
[2025-08-25 13:08:57,970] {logging_mixin.py:115} INFO - [2025-08-25 13:08:57,970] {dagbag.py:507} INFO - Filling up the DagBag from /root/Documents/airflow/dags/meu_primeiro_dag.py
[2025-08-25 13:08:57,979] {processor.py:651} INFO - DAG(s) dict_keys(['meu_primeiro_dag']) retrieved from /root/Documents/airflow/dags/meu_primeiro_dag.py
[2025-08-25 13:08:58,031] {logging_mixin.py:115} INFO - [2025-08-25 13:08:58,031] {dag.py:2379} INFO - Sync 1 DAGs
[2025-08-25 13:08:58,051] {logging_mixin.py:115} INFO - [2025-08-25 13:08:58,051] {dag.py:2927} INFO - Setting next_dagrun for meu_primeiro_dag to 2025-08-25T00:00:00+00:00, run_after=2025-08-26T00:00:00+00:00
[2025-08-25 13:08:58,074] {processor.py:161} INFO - Processing /root/Documents/airflow/dags/meu_primeiro_dag.py took 0.120 seconds
[2025-08-25 13:13:29,824] {processor.py:153} INFO - Started process (PID=2797974) to work on /root/Documents/airflow/dags/meu_primeiro_dag.py
[2025-08-25 13:13:29,847] {processor.py:641} INFO - Processing file /root/Documents/airflow/dags/meu_primeiro_dag.py for tasks to queue
[2025-08-25 13:13:29,847] {logging_mixin.py:115} INFO - [2025-08-25 13:13:29,847] {dagbag.py:507} INFO - Filling up the DagBag from /root/Documents/airflow/dags/meu_primeiro_dag.py
[2025-08-25 13:13:29,856] {processor.py:651} INFO - DAG(s) dict_keys(['meu_primeiro_dag']) retrieved from /root/Documents/airflow/dags/meu_primeiro_dag.py
[2025-08-25 13:13:29,917] {logging_mixin.py:115} INFO - [2025-08-25 13:13:29,917] {dag.py:2379} INFO - Sync 1 DAGs
[2025-08-25 13:13:29,982] {logging_mixin.py:115} INFO - [2025-08-25 13:13:29,982] {dag.py:2927} INFO - Setting next_dagrun for meu_primeiro_dag to 2025-08-25T00:00:00+00:00, run_after=2025-08-26T00:00:00+00:00
[2025-08-25 13:13:30,033] {processor.py:161} INFO - Processing /root/Documents/airflow/dags/meu_primeiro_dag.py took 0.212 seconds
[2025-08-25 13:14:24,105] {processor.py:153} INFO - Started process (PID=2798234) to work on /root/Documents/airflow/dags/meu_primeiro_dag.py
[2025-08-25 13:14:24,117] {processor.py:641} INFO - Processing file /root/Documents/airflow/dags/meu_primeiro_dag.py for tasks to queue
[2025-08-25 13:14:24,117] {logging_mixin.py:115} INFO - [2025-08-25 13:14:24,117] {dagbag.py:507} INFO - Filling up the DagBag from /root/Documents/airflow/dags/meu_primeiro_dag.py
[2025-08-25 13:14:24,126] {processor.py:651} INFO - DAG(s) dict_keys(['meu_primeiro_dag']) retrieved from /root/Documents/airflow/dags/meu_primeiro_dag.py
[2025-08-25 13:14:24,144] {logging_mixin.py:115} INFO - [2025-08-25 13:14:24,144] {dag.py:2379} INFO - Sync 1 DAGs
[2025-08-25 13:14:24,198] {logging_mixin.py:115} INFO - [2025-08-25 13:14:24,198] {dag.py:2927} INFO - Setting next_dagrun for meu_primeiro_dag to 2025-08-25T00:00:00+00:00, run_after=2025-08-26T00:00:00+00:00
[2025-08-25 13:14:24,262] {processor.py:161} INFO - Processing /root/Documents/airflow/dags/meu_primeiro_dag.py took 0.160 seconds
[2025-08-25 13:14:57,767] {processor.py:153} INFO - Started process (PID=2798288) to work on /root/Documents/airflow/dags/meu_primeiro_dag.py
[2025-08-25 13:14:57,778] {processor.py:641} INFO - Processing file /root/Documents/airflow/dags/meu_primeiro_dag.py for tasks to queue
[2025-08-25 13:14:57,779] {logging_mixin.py:115} INFO - [2025-08-25 13:14:57,779] {dagbag.py:507} INFO - Filling up the DagBag from /root/Documents/airflow/dags/meu_primeiro_dag.py
[2025-08-25 13:14:57,787] {processor.py:651} INFO - DAG(s) dict_keys(['meu_primeiro_dag']) retrieved from /root/Documents/airflow/dags/meu_primeiro_dag.py
[2025-08-25 13:14:57,838] {logging_mixin.py:115} INFO - [2025-08-25 13:14:57,838] {dag.py:2379} INFO - Sync 1 DAGs
[2025-08-25 13:14:57,914] {logging_mixin.py:115} INFO - [2025-08-25 13:14:57,914] {dag.py:2927} INFO - Setting next_dagrun for meu_primeiro_dag to 2025-08-25T00:00:00+00:00, run_after=2025-08-26T00:00:00+00:00
[2025-08-25 13:14:57,933] {processor.py:161} INFO - Processing /root/Documents/airflow/dags/meu_primeiro_dag.py took 0.169 seconds
[2025-08-25 13:15:29,826] {processor.py:153} INFO - Started process (PID=2798411) to work on /root/Documents/airflow/dags/meu_primeiro_dag.py
[2025-08-25 13:15:29,826] {processor.py:641} INFO - Processing file /root/Documents/airflow/dags/meu_primeiro_dag.py for tasks to queue
[2025-08-25 13:15:29,827] {logging_mixin.py:115} INFO - [2025-08-25 13:15:29,827] {dagbag.py:507} INFO - Filling up the DagBag from /root/Documents/airflow/dags/meu_primeiro_dag.py
[2025-08-25 13:15:29,835] {processor.py:651} INFO - DAG(s) dict_keys(['meu_primeiro_dag']) retrieved from /root/Documents/airflow/dags/meu_primeiro_dag.py
[2025-08-25 13:15:29,852] {logging_mixin.py:115} INFO - [2025-08-25 13:15:29,852] {dag.py:2379} INFO - Sync 1 DAGs
[2025-08-25 13:15:29,872] {logging_mixin.py:115} INFO - [2025-08-25 13:15:29,872] {dag.py:2927} INFO - Setting next_dagrun for meu_primeiro_dag to 2025-08-25T00:00:00+00:00, run_after=2025-08-26T00:00:00+00:00
[2025-08-25 13:15:29,883] {processor.py:161} INFO - Processing /root/Documents/airflow/dags/meu_primeiro_dag.py took 0.061 seconds
[2025-08-25 13:16:17,792] {processor.py:153} INFO - Started process (PID=2798557) to work on /root/Documents/airflow/dags/meu_primeiro_dag.py
[2025-08-25 13:16:17,814] {processor.py:641} INFO - Processing file /root/Documents/airflow/dags/meu_primeiro_dag.py for tasks to queue
[2025-08-25 13:16:17,815] {logging_mixin.py:115} INFO - [2025-08-25 13:16:17,815] {dagbag.py:507} INFO - Filling up the DagBag from /root/Documents/airflow/dags/meu_primeiro_dag.py
[2025-08-25 13:16:17,824] {processor.py:651} INFO - DAG(s) dict_keys(['meu_primeiro_dag']) retrieved from /root/Documents/airflow/dags/meu_primeiro_dag.py
[2025-08-25 13:16:17,886] {logging_mixin.py:115} INFO - [2025-08-25 13:16:17,886] {dag.py:2379} INFO - Sync 1 DAGs
[2025-08-25 13:16:17,997] {logging_mixin.py:115} INFO - [2025-08-25 13:16:17,997] {dag.py:2927} INFO - Setting next_dagrun for meu_primeiro_dag to 2025-08-25T00:00:00+00:00, run_after=2025-08-26T00:00:00+00:00
[2025-08-25 13:16:18,013] {processor.py:161} INFO - Processing /root/Documents/airflow/dags/meu_primeiro_dag.py took 0.224 seconds
[2025-08-25 13:16:51,122] {processor.py:153} INFO - Started process (PID=2798614) to work on /root/Documents/airflow/dags/meu_primeiro_dag.py
[2025-08-25 13:16:51,124] {processor.py:641} INFO - Processing file /root/Documents/airflow/dags/meu_primeiro_dag.py for tasks to queue
[2025-08-25 13:16:51,125] {logging_mixin.py:115} INFO - [2025-08-25 13:16:51,124] {dagbag.py:507} INFO - Filling up the DagBag from /root/Documents/airflow/dags/meu_primeiro_dag.py
[2025-08-25 13:16:51,133] {processor.py:651} INFO - DAG(s) dict_keys(['meu_primeiro_dag']) retrieved from /root/Documents/airflow/dags/meu_primeiro_dag.py
[2025-08-25 13:16:51,173] {logging_mixin.py:115} INFO - [2025-08-25 13:16:51,173] {dag.py:2379} INFO - Sync 1 DAGs
[2025-08-25 13:16:51,233] {logging_mixin.py:115} INFO - [2025-08-25 13:16:51,233] {dag.py:2927} INFO - Setting next_dagrun for meu_primeiro_dag to 2025-08-25T00:00:00+00:00, run_after=2025-08-26T00:00:00+00:00
[2025-08-25 13:16:51,260] {processor.py:161} INFO - Processing /root/Documents/airflow/dags/meu_primeiro_dag.py took 0.141 seconds
[2025-08-25 13:17:26,948] {processor.py:153} INFO - Started process (PID=2798740) to work on /root/Documents/airflow/dags/meu_primeiro_dag.py
[2025-08-25 13:17:26,959] {processor.py:641} INFO - Processing file /root/Documents/airflow/dags/meu_primeiro_dag.py for tasks to queue
[2025-08-25 13:17:26,960] {logging_mixin.py:115} INFO - [2025-08-25 13:17:26,960] {dagbag.py:507} INFO - Filling up the DagBag from /root/Documents/airflow/dags/meu_primeiro_dag.py
[2025-08-25 13:17:26,968] {processor.py:651} INFO - DAG(s) dict_keys(['meu_primeiro_dag']) retrieved from /root/Documents/airflow/dags/meu_primeiro_dag.py
[2025-08-25 13:17:27,077] {logging_mixin.py:115} INFO - [2025-08-25 13:17:27,077] {dag.py:2379} INFO - Sync 1 DAGs
[2025-08-25 13:17:27,119] {logging_mixin.py:115} INFO - [2025-08-25 13:17:27,118] {dag.py:2927} INFO - Setting next_dagrun for meu_primeiro_dag to 2025-08-25T00:00:00+00:00, run_after=2025-08-26T00:00:00+00:00
[2025-08-25 13:17:27,143] {processor.py:161} INFO - Processing /root/Documents/airflow/dags/meu_primeiro_dag.py took 0.198 seconds
[2025-08-25 13:18:13,250] {processor.py:153} INFO - Started process (PID=2798885) to work on /root/Documents/airflow/dags/meu_primeiro_dag.py
[2025-08-25 13:18:13,261] {processor.py:641} INFO - Processing file /root/Documents/airflow/dags/meu_primeiro_dag.py for tasks to queue
[2025-08-25 13:18:13,262] {logging_mixin.py:115} INFO - [2025-08-25 13:18:13,262] {dagbag.py:507} INFO - Filling up the DagBag from /root/Documents/airflow/dags/meu_primeiro_dag.py
[2025-08-25 13:18:13,270] {processor.py:651} INFO - DAG(s) dict_keys(['meu_primeiro_dag']) retrieved from /root/Documents/airflow/dags/meu_primeiro_dag.py
[2025-08-25 13:18:13,298] {logging_mixin.py:115} INFO - [2025-08-25 13:18:13,298] {dag.py:2379} INFO - Sync 1 DAGs
[2025-08-25 13:18:13,330] {logging_mixin.py:115} INFO - [2025-08-25 13:18:13,330] {dag.py:2927} INFO - Setting next_dagrun for meu_primeiro_dag to 2025-08-25T00:00:00+00:00, run_after=2025-08-26T00:00:00+00:00
[2025-08-25 13:18:13,402] {processor.py:161} INFO - Processing /root/Documents/airflow/dags/meu_primeiro_dag.py took 0.155 seconds
[2025-08-25 13:18:43,964] {processor.py:153} INFO - Started process (PID=2798968) to work on /root/Documents/airflow/dags/meu_primeiro_dag.py
[2025-08-25 13:18:43,964] {processor.py:641} INFO - Processing file /root/Documents/airflow/dags/meu_primeiro_dag.py for tasks to queue
[2025-08-25 13:18:43,965] {logging_mixin.py:115} INFO - [2025-08-25 13:18:43,965] {dagbag.py:507} INFO - Filling up the DagBag from /root/Documents/airflow/dags/meu_primeiro_dag.py
[2025-08-25 13:18:43,995] {processor.py:651} INFO - DAG(s) dict_keys(['meu_primeiro_dag']) retrieved from /root/Documents/airflow/dags/meu_primeiro_dag.py
[2025-08-25 13:18:44,012] {logging_mixin.py:115} INFO - [2025-08-25 13:18:44,012] {dag.py:2379} INFO - Sync 1 DAGs
[2025-08-25 13:18:44,160] {logging_mixin.py:115} INFO - [2025-08-25 13:18:44,160] {dag.py:2927} INFO - Setting next_dagrun for meu_primeiro_dag to 2025-08-25T00:00:00+00:00, run_after=2025-08-26T00:00:00+00:00
[2025-08-25 13:18:44,213] {processor.py:161} INFO - Processing /root/Documents/airflow/dags/meu_primeiro_dag.py took 0.252 seconds
[2025-08-25 13:19:28,154] {processor.py:153} INFO - Started process (PID=2799137) to work on /root/Documents/airflow/dags/meu_primeiro_dag.py
[2025-08-25 13:19:28,165] {processor.py:641} INFO - Processing file /root/Documents/airflow/dags/meu_primeiro_dag.py for tasks to queue
[2025-08-25 13:19:28,166] {logging_mixin.py:115} INFO - [2025-08-25 13:19:28,166] {dagbag.py:507} INFO - Filling up the DagBag from /root/Documents/airflow/dags/meu_primeiro_dag.py
[2025-08-25 13:19:28,174] {processor.py:651} INFO - DAG(s) dict_keys(['meu_primeiro_dag']) retrieved from /root/Documents/airflow/dags/meu_primeiro_dag.py
[2025-08-25 13:19:28,191] {logging_mixin.py:115} INFO - [2025-08-25 13:19:28,191] {dag.py:2379} INFO - Sync 1 DAGs
[2025-08-25 13:19:28,233] {logging_mixin.py:115} INFO - [2025-08-25 13:19:28,232] {dag.py:2927} INFO - Setting next_dagrun for meu_primeiro_dag to 2025-08-25T00:00:00+00:00, run_after=2025-08-26T00:00:00+00:00
[2025-08-25 13:19:28,309] {processor.py:161} INFO - Processing /root/Documents/airflow/dags/meu_primeiro_dag.py took 0.158 seconds
[2025-08-25 13:19:59,873] {processor.py:153} INFO - Started process (PID=2799192) to work on /root/Documents/airflow/dags/meu_primeiro_dag.py
[2025-08-25 13:19:59,873] {processor.py:641} INFO - Processing file /root/Documents/airflow/dags/meu_primeiro_dag.py for tasks to queue
[2025-08-25 13:19:59,874] {logging_mixin.py:115} INFO - [2025-08-25 13:19:59,874] {dagbag.py:507} INFO - Filling up the DagBag from /root/Documents/airflow/dags/meu_primeiro_dag.py
[2025-08-25 13:19:59,892] {processor.py:651} INFO - DAG(s) dict_keys(['meu_primeiro_dag']) retrieved from /root/Documents/airflow/dags/meu_primeiro_dag.py
[2025-08-25 13:19:59,933] {logging_mixin.py:115} INFO - [2025-08-25 13:19:59,933] {dag.py:2379} INFO - Sync 1 DAGs
[2025-08-25 13:19:59,999] {logging_mixin.py:115} INFO - [2025-08-25 13:19:59,999] {dag.py:2927} INFO - Setting next_dagrun for meu_primeiro_dag to 2025-08-25T00:00:00+00:00, run_after=2025-08-26T00:00:00+00:00
[2025-08-25 13:20:00,091] {processor.py:161} INFO - Processing /root/Documents/airflow/dags/meu_primeiro_dag.py took 0.222 seconds
[2025-08-25 13:20:36,177] {processor.py:153} INFO - Started process (PID=2799346) to work on /root/Documents/airflow/dags/meu_primeiro_dag.py
[2025-08-25 13:20:36,197] {processor.py:641} INFO - Processing file /root/Documents/airflow/dags/meu_primeiro_dag.py for tasks to queue
[2025-08-25 13:20:36,197] {logging_mixin.py:115} INFO - [2025-08-25 13:20:36,197] {dagbag.py:507} INFO - Filling up the DagBag from /root/Documents/airflow/dags/meu_primeiro_dag.py
[2025-08-25 13:20:36,205] {processor.py:651} INFO - DAG(s) dict_keys(['meu_primeiro_dag']) retrieved from /root/Documents/airflow/dags/meu_primeiro_dag.py
[2025-08-25 13:20:36,223] {logging_mixin.py:115} INFO - [2025-08-25 13:20:36,223] {dag.py:2379} INFO - Sync 1 DAGs
[2025-08-25 13:20:36,339] {logging_mixin.py:115} INFO - [2025-08-25 13:20:36,339] {dag.py:2927} INFO - Setting next_dagrun for meu_primeiro_dag to 2025-08-25T00:00:00+00:00, run_after=2025-08-26T00:00:00+00:00
[2025-08-25 13:20:36,383] {processor.py:161} INFO - Processing /root/Documents/airflow/dags/meu_primeiro_dag.py took 0.210 seconds
[2025-08-25 13:21:23,019] {processor.py:153} INFO - Started process (PID=2799492) to work on /root/Documents/airflow/dags/meu_primeiro_dag.py
[2025-08-25 13:21:23,030] {processor.py:641} INFO - Processing file /root/Documents/airflow/dags/meu_primeiro_dag.py for tasks to queue
[2025-08-25 13:21:23,031] {logging_mixin.py:115} INFO - [2025-08-25 13:21:23,031] {dagbag.py:507} INFO - Filling up the DagBag from /root/Documents/airflow/dags/meu_primeiro_dag.py
[2025-08-25 13:21:23,039] {processor.py:651} INFO - DAG(s) dict_keys(['meu_primeiro_dag']) retrieved from /root/Documents/airflow/dags/meu_primeiro_dag.py
[2025-08-25 13:21:23,100] {logging_mixin.py:115} INFO - [2025-08-25 13:21:23,100] {dag.py:2379} INFO - Sync 1 DAGs
[2025-08-25 13:21:23,173] {logging_mixin.py:115} INFO - [2025-08-25 13:21:23,173] {dag.py:2927} INFO - Setting next_dagrun for meu_primeiro_dag to 2025-08-25T00:00:00+00:00, run_after=2025-08-26T00:00:00+00:00
[2025-08-25 13:21:23,246] {processor.py:161} INFO - Processing /root/Documents/airflow/dags/meu_primeiro_dag.py took 0.231 seconds
[2025-08-25 13:22:11,566] {processor.py:153} INFO - Started process (PID=2799638) to work on /root/Documents/airflow/dags/meu_primeiro_dag.py
[2025-08-25 13:22:11,577] {processor.py:641} INFO - Processing file /root/Documents/airflow/dags/meu_primeiro_dag.py for tasks to queue
[2025-08-25 13:22:11,578] {logging_mixin.py:115} INFO - [2025-08-25 13:22:11,578] {dagbag.py:507} INFO - Filling up the DagBag from /root/Documents/airflow/dags/meu_primeiro_dag.py
[2025-08-25 13:22:11,586] {processor.py:651} INFO - DAG(s) dict_keys(['meu_primeiro_dag']) retrieved from /root/Documents/airflow/dags/meu_primeiro_dag.py
[2025-08-25 13:22:11,627] {logging_mixin.py:115} INFO - [2025-08-25 13:22:11,627] {dag.py:2379} INFO - Sync 1 DAGs
[2025-08-25 13:22:11,670] {logging_mixin.py:115} INFO - [2025-08-25 13:22:11,669] {dag.py:2927} INFO - Setting next_dagrun for meu_primeiro_dag to 2025-08-25T00:00:00+00:00, run_after=2025-08-26T00:00:00+00:00
[2025-08-25 13:22:11,735] {processor.py:161} INFO - Processing /root/Documents/airflow/dags/meu_primeiro_dag.py took 0.172 seconds
[2025-08-25 13:22:48,711] {processor.py:153} INFO - Started process (PID=2799730) to work on /root/Documents/airflow/dags/meu_primeiro_dag.py
[2025-08-25 13:22:48,753] {processor.py:641} INFO - Processing file /root/Documents/airflow/dags/meu_primeiro_dag.py for tasks to queue
[2025-08-25 13:22:48,753] {logging_mixin.py:115} INFO - [2025-08-25 13:22:48,753] {dagbag.py:507} INFO - Filling up the DagBag from /root/Documents/airflow/dags/meu_primeiro_dag.py
[2025-08-25 13:22:48,762] {processor.py:651} INFO - DAG(s) dict_keys(['meu_primeiro_dag']) retrieved from /root/Documents/airflow/dags/meu_primeiro_dag.py
[2025-08-25 13:22:48,825] {logging_mixin.py:115} INFO - [2025-08-25 13:22:48,825] {dag.py:2379} INFO - Sync 1 DAGs
[2025-08-25 13:22:48,884] {logging_mixin.py:115} INFO - [2025-08-25 13:22:48,884] {dag.py:2927} INFO - Setting next_dagrun for meu_primeiro_dag to 2025-08-25T00:00:00+00:00, run_after=2025-08-26T00:00:00+00:00
[2025-08-25 13:22:48,927] {processor.py:161} INFO - Processing /root/Documents/airflow/dags/meu_primeiro_dag.py took 0.220 seconds
[2025-08-25 13:23:35,554] {processor.py:153} INFO - Started process (PID=2799907) to work on /root/Documents/airflow/dags/meu_primeiro_dag.py
[2025-08-25 13:23:35,555] {processor.py:641} INFO - Processing file /root/Documents/airflow/dags/meu_primeiro_dag.py for tasks to queue
[2025-08-25 13:23:35,556] {logging_mixin.py:115} INFO - [2025-08-25 13:23:35,556] {dagbag.py:507} INFO - Filling up the DagBag from /root/Documents/airflow/dags/meu_primeiro_dag.py
[2025-08-25 13:23:35,565] {processor.py:651} INFO - DAG(s) dict_keys(['meu_primeiro_dag']) retrieved from /root/Documents/airflow/dags/meu_primeiro_dag.py
[2025-08-25 13:23:35,612] {logging_mixin.py:115} INFO - [2025-08-25 13:23:35,612] {dag.py:2379} INFO - Sync 1 DAGs
[2025-08-25 13:23:35,691] {logging_mixin.py:115} INFO - [2025-08-25 13:23:35,691] {dag.py:2927} INFO - Setting next_dagrun for meu_primeiro_dag to 2025-08-25T00:00:00+00:00, run_after=2025-08-26T00:00:00+00:00
[2025-08-25 13:23:35,705] {processor.py:161} INFO - Processing /root/Documents/airflow/dags/meu_primeiro_dag.py took 0.154 seconds
[2025-08-25 13:24:12,003] {processor.py:153} INFO - Started process (PID=2800032) to work on /root/Documents/airflow/dags/meu_primeiro_dag.py
[2025-08-25 13:24:12,015] {processor.py:641} INFO - Processing file /root/Documents/airflow/dags/meu_primeiro_dag.py for tasks to queue
[2025-08-25 13:24:12,015] {logging_mixin.py:115} INFO - [2025-08-25 13:24:12,015] {dagbag.py:507} INFO - Filling up the DagBag from /root/Documents/airflow/dags/meu_primeiro_dag.py
[2025-08-25 13:24:12,025] {processor.py:651} INFO - DAG(s) dict_keys(['meu_primeiro_dag']) retrieved from /root/Documents/airflow/dags/meu_primeiro_dag.py
[2025-08-25 13:24:12,102] {logging_mixin.py:115} INFO - [2025-08-25 13:24:12,102] {dag.py:2379} INFO - Sync 1 DAGs
[2025-08-25 13:24:12,174] {logging_mixin.py:115} INFO - [2025-08-25 13:24:12,173] {dag.py:2927} INFO - Setting next_dagrun for meu_primeiro_dag to 2025-08-25T00:00:00+00:00, run_after=2025-08-26T00:00:00+00:00
[2025-08-25 13:24:12,242] {processor.py:161} INFO - Processing /root/Documents/airflow/dags/meu_primeiro_dag.py took 0.243 seconds
[2025-08-25 13:24:53,082] {processor.py:153} INFO - Started process (PID=2800129) to work on /root/Documents/airflow/dags/meu_primeiro_dag.py
[2025-08-25 13:24:53,104] {processor.py:641} INFO - Processing file /root/Documents/airflow/dags/meu_primeiro_dag.py for tasks to queue
[2025-08-25 13:24:53,105] {logging_mixin.py:115} INFO - [2025-08-25 13:24:53,105] {dagbag.py:507} INFO - Filling up the DagBag from /root/Documents/airflow/dags/meu_primeiro_dag.py
[2025-08-25 13:24:53,114] {processor.py:651} INFO - DAG(s) dict_keys(['meu_primeiro_dag']) retrieved from /root/Documents/airflow/dags/meu_primeiro_dag.py
[2025-08-25 13:24:53,161] {logging_mixin.py:115} INFO - [2025-08-25 13:24:53,161] {dag.py:2379} INFO - Sync 1 DAGs
[2025-08-25 13:24:53,245] {logging_mixin.py:115} INFO - [2025-08-25 13:24:53,244] {dag.py:2927} INFO - Setting next_dagrun for meu_primeiro_dag to 2025-08-25T00:00:00+00:00, run_after=2025-08-26T00:00:00+00:00
[2025-08-25 13:24:53,267] {processor.py:161} INFO - Processing /root/Documents/airflow/dags/meu_primeiro_dag.py took 0.189 seconds
[2025-08-25 13:25:31,585] {processor.py:153} INFO - Started process (PID=2800287) to work on /root/Documents/airflow/dags/meu_primeiro_dag.py
[2025-08-25 13:25:31,597] {processor.py:641} INFO - Processing file /root/Documents/airflow/dags/meu_primeiro_dag.py for tasks to queue
[2025-08-25 13:25:31,597] {logging_mixin.py:115} INFO - [2025-08-25 13:25:31,597] {dagbag.py:507} INFO - Filling up the DagBag from /root/Documents/airflow/dags/meu_primeiro_dag.py
[2025-08-25 13:25:31,607] {processor.py:651} INFO - DAG(s) dict_keys(['meu_primeiro_dag']) retrieved from /root/Documents/airflow/dags/meu_primeiro_dag.py
[2025-08-25 13:25:31,684] {logging_mixin.py:115} INFO - [2025-08-25 13:25:31,684] {dag.py:2379} INFO - Sync 1 DAGs
[2025-08-25 13:25:31,753] {logging_mixin.py:115} INFO - [2025-08-25 13:25:31,752] {dag.py:2927} INFO - Setting next_dagrun for meu_primeiro_dag to 2025-08-25T00:00:00+00:00, run_after=2025-08-26T00:00:00+00:00
[2025-08-25 13:25:31,822] {processor.py:161} INFO - Processing /root/Documents/airflow/dags/meu_primeiro_dag.py took 0.241 seconds
