[2025-08-18 19:36:02,905] {taskinstance.py:1159} INFO - Dependencies all met for <TaskInstance: example_branch_dop_operator_v3.condition scheduled__2025-08-18T22:35:00+00:00 [queued]>
[2025-08-18 19:36:02,912] {taskinstance.py:1159} INFO - Dependencies all met for <TaskInstance: example_branch_dop_operator_v3.condition scheduled__2025-08-18T22:35:00+00:00 [queued]>
[2025-08-18 19:36:02,913] {taskinstance.py:1356} INFO - 
--------------------------------------------------------------------------------
[2025-08-18 19:36:02,913] {taskinstance.py:1357} INFO - Starting attempt 1 of 1
[2025-08-18 19:36:02,913] {taskinstance.py:1358} INFO - 
--------------------------------------------------------------------------------
[2025-08-18 19:36:02,929] {taskinstance.py:1377} INFO - Executing <Task(BranchPythonOperator): condition> on 2025-08-18 22:35:00+00:00
[2025-08-18 19:36:02,931] {standard_task_runner.py:52} INFO - Started process 2200900 to run task
[2025-08-18 19:36:02,936] {standard_task_runner.py:79} INFO - Running: ['airflow', 'tasks', 'run', 'example_branch_dop_operator_v3', 'condition', 'scheduled__2025-08-18T22:35:00+00:00', '--job-id', '99', '--raw', '--subdir', '/root/Documents/airflow/venv/lib64/python3.9/site-packages/airflow/example_dags/example_branch_python_dop_operator_3.py', '--cfg-path', '/tmp/tmplubv3zgd', '--error-file', '/tmp/tmp7fjdxoep']
[2025-08-18 19:36:02,937] {standard_task_runner.py:80} INFO - Job 99: Subtask condition
[2025-08-18 19:36:02,977] {task_command.py:370} INFO - Running <TaskInstance: example_branch_dop_operator_v3.condition scheduled__2025-08-18T22:35:00+00:00 [running]> on host itoneptl
[2025-08-18 19:36:03,029] {taskinstance.py:1569} INFO - Exporting the following env vars:
AIRFLOW_CTX_DAG_OWNER=airflow
AIRFLOW_CTX_DAG_ID=example_branch_dop_operator_v3
AIRFLOW_CTX_TASK_ID=condition
AIRFLOW_CTX_EXECUTION_DATE=2025-08-18T22:35:00+00:00
AIRFLOW_CTX_TRY_NUMBER=1
AIRFLOW_CTX_DAG_RUN_ID=scheduled__2025-08-18T22:35:00+00:00
[2025-08-18 19:36:03,036] {logging_mixin.py:115} WARNING - /root/Documents/airflow/venv/lib64/python3.9/site-packages/airflow/utils/context.py:290 AirflowContextDeprecationWarning: Accessing 'execution_date' from the template is deprecated and will be removed in a future version. Please use 'data_interval_start' or 'logical_date' instead.
[2025-08-18 19:36:03,036] {logging_mixin.py:115} INFO - ------------- exec dttm = 2025-08-18T22:35:00+00:00 and minute = 35
[2025-08-18 19:36:03,036] {python.py:173} INFO - Done. Returned value was: empty_task_2
[2025-08-18 19:36:03,036] {skipmixin.py:140} INFO - Following branch empty_task_2
[2025-08-18 19:36:03,036] {skipmixin.py:175} INFO - Skipping tasks ['empty_task_1']
[2025-08-18 19:36:03,067] {taskinstance.py:1395} INFO - Marking task as SUCCESS. dag_id=example_branch_dop_operator_v3, task_id=condition, execution_date=20250818T223500, start_date=20250818T223602, end_date=20250818T223603
[2025-08-18 19:36:03,109] {local_task_job.py:156} INFO - Task exited with return code 0
[2025-08-18 19:36:03,138] {local_task_job.py:273} INFO - 1 downstream tasks scheduled from follow-on schedule check
