[2025-08-18 23:22:02,427] {taskinstance.py:1159} INFO - Dependencies all met for <TaskInstance: example_branch_dop_operator_v3.condition scheduled__2025-08-19T02:21:00+00:00 [queued]>
[2025-08-18 23:22:02,436] {taskinstance.py:1159} INFO - Dependencies all met for <TaskInstance: example_branch_dop_operator_v3.condition scheduled__2025-08-19T02:21:00+00:00 [queued]>
[2025-08-18 23:22:02,436] {taskinstance.py:1356} INFO - 
--------------------------------------------------------------------------------
[2025-08-18 23:22:02,436] {taskinstance.py:1357} INFO - Starting attempt 1 of 1
[2025-08-18 23:22:02,436] {taskinstance.py:1358} INFO - 
--------------------------------------------------------------------------------
[2025-08-18 23:22:02,447] {taskinstance.py:1377} INFO - Executing <Task(BranchPythonOperator): condition> on 2025-08-19 02:21:00+00:00
[2025-08-18 23:22:02,450] {standard_task_runner.py:52} INFO - Started process 2229256 to run task
[2025-08-18 23:22:02,454] {standard_task_runner.py:79} INFO - Running: ['airflow', 'tasks', 'run', 'example_branch_dop_operator_v3', 'condition', 'scheduled__2025-08-19T02:21:00+00:00', '--job-id', '327', '--raw', '--subdir', '/root/Documents/airflow/venv/lib64/python3.9/site-packages/airflow/example_dags/example_branch_python_dop_operator_3.py', '--cfg-path', '/tmp/tmp9j1q9w_8', '--error-file', '/tmp/tmphzl3njp8']
[2025-08-18 23:22:02,454] {standard_task_runner.py:80} INFO - Job 327: Subtask condition
[2025-08-18 23:22:02,493] {task_command.py:370} INFO - Running <TaskInstance: example_branch_dop_operator_v3.condition scheduled__2025-08-19T02:21:00+00:00 [running]> on host itoneptl
[2025-08-18 23:22:02,545] {taskinstance.py:1569} INFO - Exporting the following env vars:
AIRFLOW_CTX_DAG_OWNER=airflow
AIRFLOW_CTX_DAG_ID=example_branch_dop_operator_v3
AIRFLOW_CTX_TASK_ID=condition
AIRFLOW_CTX_EXECUTION_DATE=2025-08-19T02:21:00+00:00
AIRFLOW_CTX_TRY_NUMBER=1
AIRFLOW_CTX_DAG_RUN_ID=scheduled__2025-08-19T02:21:00+00:00
[2025-08-18 23:22:02,552] {logging_mixin.py:115} WARNING - /root/Documents/airflow/venv/lib64/python3.9/site-packages/airflow/utils/context.py:290 AirflowContextDeprecationWarning: Accessing 'execution_date' from the template is deprecated and will be removed in a future version. Please use 'data_interval_start' or 'logical_date' instead.
[2025-08-18 23:22:02,552] {logging_mixin.py:115} INFO - ------------- exec dttm = 2025-08-19T02:21:00+00:00 and minute = 21
[2025-08-18 23:22:02,552] {python.py:173} INFO - Done. Returned value was: empty_task_2
[2025-08-18 23:22:02,552] {skipmixin.py:140} INFO - Following branch empty_task_2
[2025-08-18 23:22:02,553] {skipmixin.py:175} INFO - Skipping tasks ['empty_task_1']
[2025-08-18 23:22:02,580] {taskinstance.py:1395} INFO - Marking task as SUCCESS. dag_id=example_branch_dop_operator_v3, task_id=condition, execution_date=20250819T022100, start_date=20250819T022202, end_date=20250819T022202
[2025-08-18 23:22:02,626] {local_task_job.py:156} INFO - Task exited with return code 0
[2025-08-18 23:22:02,655] {local_task_job.py:273} INFO - 1 downstream tasks scheduled from follow-on schedule check
