[2025-08-18 18:49:42,601] {taskinstance.py:1159} INFO - Dependencies all met for <TaskInstance: dag_python.Python_start manual__2025-08-18T21:49:40.529669+00:00 [queued]>
[2025-08-18 18:49:42,607] {taskinstance.py:1159} INFO - Dependencies all met for <TaskInstance: dag_python.Python_start manual__2025-08-18T21:49:40.529669+00:00 [queued]>
[2025-08-18 18:49:42,607] {taskinstance.py:1356} INFO - 
--------------------------------------------------------------------------------
[2025-08-18 18:49:42,607] {taskinstance.py:1357} INFO - Starting attempt 1 of 1
[2025-08-18 18:49:42,607] {taskinstance.py:1358} INFO - 
--------------------------------------------------------------------------------
[2025-08-18 18:49:42,622] {taskinstance.py:1377} INFO - Executing <Task(PythonOperator): Python_start> on 2025-08-18 21:49:40.529669+00:00
[2025-08-18 18:49:42,625] {standard_task_runner.py:52} INFO - Started process 2191706 to run task
[2025-08-18 18:49:42,628] {standard_task_runner.py:79} INFO - Running: ['airflow', 'tasks', 'run', 'dag_python', 'Python_start', 'manual__2025-08-18T21:49:40.529669+00:00', '--job-id', '52', '--raw', '--subdir', 'DAGS_FOLDER/dag_Python.py', '--cfg-path', '/tmp/tmpuzxo74bj', '--error-file', '/tmp/tmpt2v8e50k']
[2025-08-18 18:49:42,629] {standard_task_runner.py:80} INFO - Job 52: Subtask Python_start
[2025-08-18 18:49:42,671] {task_command.py:370} INFO - Running <TaskInstance: dag_python.Python_start manual__2025-08-18T21:49:40.529669+00:00 [running]> on host itoneptl
[2025-08-18 18:49:42,719] {taskinstance.py:1569} INFO - Exporting the following env vars:
AIRFLOW_CTX_DAG_OWNER=airflow
AIRFLOW_CTX_DAG_ID=dag_python
AIRFLOW_CTX_TASK_ID=Python_start
AIRFLOW_CTX_EXECUTION_DATE=2025-08-18T21:49:40.529669+00:00
AIRFLOW_CTX_TRY_NUMBER=1
AIRFLOW_CTX_DAG_RUN_ID=manual__2025-08-18T21:49:40.529669+00:00
[2025-08-18 18:49:42,720] {logging_mixin.py:115} INFO - Hello!!!
[2025-08-18 18:49:42,721] {python.py:173} INFO - Done. Returned value was: None
[2025-08-18 18:49:42,727] {taskinstance.py:1395} INFO - Marking task as SUCCESS. dag_id=dag_python, task_id=Python_start, execution_date=20250818T214940, start_date=20250818T214942, end_date=20250818T214942
[2025-08-18 18:49:42,762] {local_task_job.py:156} INFO - Task exited with return code 0
[2025-08-18 18:49:42,779] {local_task_job.py:273} INFO - 0 downstream tasks scheduled from follow-on schedule check
