[2025-08-19 00:08:02,453] {taskinstance.py:1159} INFO - Dependencies all met for <TaskInstance: example_branch_dop_operator_v3.condition scheduled__2025-08-19T03:07:00+00:00 [queued]>
[2025-08-19 00:08:02,461] {taskinstance.py:1159} INFO - Dependencies all met for <TaskInstance: example_branch_dop_operator_v3.condition scheduled__2025-08-19T03:07:00+00:00 [queued]>
[2025-08-19 00:08:02,461] {taskinstance.py:1356} INFO - 
--------------------------------------------------------------------------------
[2025-08-19 00:08:02,461] {taskinstance.py:1357} INFO - Starting attempt 1 of 1
[2025-08-19 00:08:02,461] {taskinstance.py:1358} INFO - 
--------------------------------------------------------------------------------
[2025-08-19 00:08:02,474] {taskinstance.py:1377} INFO - Executing <Task(BranchPythonOperator): condition> on 2025-08-19 03:07:00+00:00
[2025-08-19 00:08:02,477] {standard_task_runner.py:52} INFO - Started process 2233040 to run task
[2025-08-19 00:08:02,481] {standard_task_runner.py:79} INFO - Running: ['airflow', 'tasks', 'run', 'example_branch_dop_operator_v3', 'condition', 'scheduled__2025-08-19T03:07:00+00:00', '--job-id', '373', '--raw', '--subdir', '/root/Documents/airflow/venv/lib64/python3.9/site-packages/airflow/example_dags/example_branch_python_dop_operator_3.py', '--cfg-path', '/tmp/tmprrr2903w', '--error-file', '/tmp/tmpq2vl1agt']
[2025-08-19 00:08:02,481] {standard_task_runner.py:80} INFO - Job 373: Subtask condition
[2025-08-19 00:08:02,519] {task_command.py:370} INFO - Running <TaskInstance: example_branch_dop_operator_v3.condition scheduled__2025-08-19T03:07:00+00:00 [running]> on host itoneptl
[2025-08-19 00:08:02,570] {taskinstance.py:1569} INFO - Exporting the following env vars:
AIRFLOW_CTX_DAG_OWNER=airflow
AIRFLOW_CTX_DAG_ID=example_branch_dop_operator_v3
AIRFLOW_CTX_TASK_ID=condition
AIRFLOW_CTX_EXECUTION_DATE=2025-08-19T03:07:00+00:00
AIRFLOW_CTX_TRY_NUMBER=1
AIRFLOW_CTX_DAG_RUN_ID=scheduled__2025-08-19T03:07:00+00:00
[2025-08-19 00:08:02,577] {logging_mixin.py:115} WARNING - /root/Documents/airflow/venv/lib64/python3.9/site-packages/airflow/utils/context.py:290 AirflowContextDeprecationWarning: Accessing 'execution_date' from the template is deprecated and will be removed in a future version. Please use 'data_interval_start' or 'logical_date' instead.
[2025-08-19 00:08:02,577] {logging_mixin.py:115} INFO - ------------- exec dttm = 2025-08-19T03:07:00+00:00 and minute = 7
[2025-08-19 00:08:02,577] {python.py:173} INFO - Done. Returned value was: empty_task_2
[2025-08-19 00:08:02,577] {skipmixin.py:140} INFO - Following branch empty_task_2
[2025-08-19 00:08:02,578] {skipmixin.py:175} INFO - Skipping tasks ['empty_task_1']
[2025-08-19 00:08:02,604] {taskinstance.py:1395} INFO - Marking task as SUCCESS. dag_id=example_branch_dop_operator_v3, task_id=condition, execution_date=20250819T030700, start_date=20250819T030802, end_date=20250819T030802
[2025-08-19 00:08:02,652] {local_task_job.py:156} INFO - Task exited with return code 0
[2025-08-19 00:08:02,682] {local_task_job.py:273} INFO - 1 downstream tasks scheduled from follow-on schedule check
