[2025-08-18 21:30:02,509] {taskinstance.py:1159} INFO - Dependencies all met for <TaskInstance: example_branch_dop_operator_v3.condition scheduled__2025-08-19T00:29:00+00:00 [queued]>
[2025-08-18 21:30:02,517] {taskinstance.py:1159} INFO - Dependencies all met for <TaskInstance: example_branch_dop_operator_v3.condition scheduled__2025-08-19T00:29:00+00:00 [queued]>
[2025-08-18 21:30:02,517] {taskinstance.py:1356} INFO - 
--------------------------------------------------------------------------------
[2025-08-18 21:30:02,517] {taskinstance.py:1357} INFO - Starting attempt 1 of 1
[2025-08-18 21:30:02,517] {taskinstance.py:1358} INFO - 
--------------------------------------------------------------------------------
[2025-08-18 21:30:02,531] {taskinstance.py:1377} INFO - Executing <Task(BranchPythonOperator): condition> on 2025-08-19 00:29:00+00:00
[2025-08-18 21:30:02,534] {standard_task_runner.py:52} INFO - Started process 2218170 to run task
[2025-08-18 21:30:02,538] {standard_task_runner.py:79} INFO - Running: ['airflow', 'tasks', 'run', 'example_branch_dop_operator_v3', 'condition', 'scheduled__2025-08-19T00:29:00+00:00', '--job-id', '215', '--raw', '--subdir', '/root/Documents/airflow/venv/lib64/python3.9/site-packages/airflow/example_dags/example_branch_python_dop_operator_3.py', '--cfg-path', '/tmp/tmphb2uotjg', '--error-file', '/tmp/tmp8tq9bj1v']
[2025-08-18 21:30:02,539] {standard_task_runner.py:80} INFO - Job 215: Subtask condition
[2025-08-18 21:30:02,580] {task_command.py:370} INFO - Running <TaskInstance: example_branch_dop_operator_v3.condition scheduled__2025-08-19T00:29:00+00:00 [running]> on host itoneptl
[2025-08-18 21:30:02,632] {taskinstance.py:1569} INFO - Exporting the following env vars:
AIRFLOW_CTX_DAG_OWNER=airflow
AIRFLOW_CTX_DAG_ID=example_branch_dop_operator_v3
AIRFLOW_CTX_TASK_ID=condition
AIRFLOW_CTX_EXECUTION_DATE=2025-08-19T00:29:00+00:00
AIRFLOW_CTX_TRY_NUMBER=1
AIRFLOW_CTX_DAG_RUN_ID=scheduled__2025-08-19T00:29:00+00:00
[2025-08-18 21:30:02,639] {logging_mixin.py:115} WARNING - /root/Documents/airflow/venv/lib64/python3.9/site-packages/airflow/utils/context.py:290 AirflowContextDeprecationWarning: Accessing 'execution_date' from the template is deprecated and will be removed in a future version. Please use 'data_interval_start' or 'logical_date' instead.
[2025-08-18 21:30:02,639] {logging_mixin.py:115} INFO - ------------- exec dttm = 2025-08-19T00:29:00+00:00 and minute = 29
[2025-08-18 21:30:02,639] {python.py:173} INFO - Done. Returned value was: empty_task_2
[2025-08-18 21:30:02,639] {skipmixin.py:140} INFO - Following branch empty_task_2
[2025-08-18 21:30:02,639] {skipmixin.py:175} INFO - Skipping tasks ['empty_task_1']
[2025-08-18 21:30:02,669] {taskinstance.py:1395} INFO - Marking task as SUCCESS. dag_id=example_branch_dop_operator_v3, task_id=condition, execution_date=20250819T002900, start_date=20250819T003002, end_date=20250819T003002
[2025-08-18 21:30:02,710] {local_task_job.py:156} INFO - Task exited with return code 0
[2025-08-18 21:30:02,740] {local_task_job.py:273} INFO - 1 downstream tasks scheduled from follow-on schedule check
