[2025-08-19 00:02:02,540] {taskinstance.py:1159} INFO - Dependencies all met for <TaskInstance: example_branch_dop_operator_v3.condition scheduled__2025-08-19T03:01:00+00:00 [queued]>
[2025-08-19 00:02:02,548] {taskinstance.py:1159} INFO - Dependencies all met for <TaskInstance: example_branch_dop_operator_v3.condition scheduled__2025-08-19T03:01:00+00:00 [queued]>
[2025-08-19 00:02:02,548] {taskinstance.py:1356} INFO - 
--------------------------------------------------------------------------------
[2025-08-19 00:02:02,549] {taskinstance.py:1357} INFO - Starting attempt 1 of 1
[2025-08-19 00:02:02,549] {taskinstance.py:1358} INFO - 
--------------------------------------------------------------------------------
[2025-08-19 00:02:02,562] {taskinstance.py:1377} INFO - Executing <Task(BranchPythonOperator): condition> on 2025-08-19 03:01:00+00:00
[2025-08-19 00:02:02,565] {standard_task_runner.py:52} INFO - Started process 2232565 to run task
[2025-08-19 00:02:02,569] {standard_task_runner.py:79} INFO - Running: ['airflow', 'tasks', 'run', 'example_branch_dop_operator_v3', 'condition', 'scheduled__2025-08-19T03:01:00+00:00', '--job-id', '367', '--raw', '--subdir', '/root/Documents/airflow/venv/lib64/python3.9/site-packages/airflow/example_dags/example_branch_python_dop_operator_3.py', '--cfg-path', '/tmp/tmph_fpqq_i', '--error-file', '/tmp/tmpk0jjwwfx']
[2025-08-19 00:02:02,569] {standard_task_runner.py:80} INFO - Job 367: Subtask condition
[2025-08-19 00:02:02,610] {task_command.py:370} INFO - Running <TaskInstance: example_branch_dop_operator_v3.condition scheduled__2025-08-19T03:01:00+00:00 [running]> on host itoneptl
[2025-08-19 00:02:02,664] {taskinstance.py:1569} INFO - Exporting the following env vars:
AIRFLOW_CTX_DAG_OWNER=airflow
AIRFLOW_CTX_DAG_ID=example_branch_dop_operator_v3
AIRFLOW_CTX_TASK_ID=condition
AIRFLOW_CTX_EXECUTION_DATE=2025-08-19T03:01:00+00:00
AIRFLOW_CTX_TRY_NUMBER=1
AIRFLOW_CTX_DAG_RUN_ID=scheduled__2025-08-19T03:01:00+00:00
[2025-08-19 00:02:02,671] {logging_mixin.py:115} WARNING - /root/Documents/airflow/venv/lib64/python3.9/site-packages/airflow/utils/context.py:290 AirflowContextDeprecationWarning: Accessing 'execution_date' from the template is deprecated and will be removed in a future version. Please use 'data_interval_start' or 'logical_date' instead.
[2025-08-19 00:02:02,671] {logging_mixin.py:115} INFO - ------------- exec dttm = 2025-08-19T03:01:00+00:00 and minute = 1
[2025-08-19 00:02:02,671] {python.py:173} INFO - Done. Returned value was: empty_task_2
[2025-08-19 00:02:02,671] {skipmixin.py:140} INFO - Following branch empty_task_2
[2025-08-19 00:02:02,671] {skipmixin.py:175} INFO - Skipping tasks ['empty_task_1']
[2025-08-19 00:02:02,701] {taskinstance.py:1395} INFO - Marking task as SUCCESS. dag_id=example_branch_dop_operator_v3, task_id=condition, execution_date=20250819T030100, start_date=20250819T030202, end_date=20250819T030202
[2025-08-19 00:02:02,741] {local_task_job.py:156} INFO - Task exited with return code 0
[2025-08-19 00:02:02,772] {local_task_job.py:273} INFO - 1 downstream tasks scheduled from follow-on schedule check
